Log file open, 07/17/18 15:25:09
LogWindows: Failed to load 'aqProf.dll' (GetLastError=126)
LogWindows: File 'aqProf.dll' does not exist
LogWindows: Failed to load 'VtuneApi.dll' (GetLastError=126)
LogWindows: File 'VtuneApi.dll' does not exist
LogWindows: Failed to load 'VtuneApi32e.dll' (GetLastError=126)
LogWindows: File 'VtuneApi32e.dll' does not exist
LogInit: Display: Running engine for game: Group_Project
LogPlatformFile: Not using cached read wrapper
LogInit: Display: RandInit(-1406610858) SRandInit(-1406610858).
LogInit: Read version file with build ID '3944462'
LogInit: Overriding engine version to CL 3989454, compatible CL 3944462
LogInit: Registered custom module enumerator with build ID '3944462'
LogTaskGraph: Started task graph with 5 named threads and 23 total threads with 3 sets of task threads.
LogStats: Stats thread started at 0.270438
LogD3D11RHI: Aftermath initialized
LogICUInternationalization: Display: ICU TimeZone Detection - Raw Offset: -6:00, Platform Override: ''
LogModuleManager: Display: Found up-to-date module file ../../../Engine/Plugins/2D/Paper2D/Binaries/Win64/UE4Editor-Paper2D.dll (API version 3944462).
LogModuleManager: Display: Found up-to-date module file ../../../Engine/Plugins/2D/Paper2D/Binaries/Win64/UE4Editor-Paper2DEditor.dll (API version 3944462).
LogModuleManager: Display: Found up-to-date module file ../../../Engine/Plugins/2D/Paper2D/Binaries/Win64/UE4Editor-PaperSpriteSheetImporter.dll (API version 3944462).
LogModuleManager: Display: Found up-to-date module file ../../../Engine/Plugins/2D/Paper2D/Binaries/Win64/UE4Editor-PaperTiledImporter.dll (API version 3944462).
LogModuleManager: Display: Found up-to-date module file ../../../Engine/Plugins/2D/Paper2D/Binaries/Win64/UE4Editor-SmartSnapping.dll (API version 3944462).
LogModuleManager: Display: Found up-to-date module file ../../../Engine/Plugins/Blendables/LightPropagationVolume/Binaries/Win64/UE4Editor-LightPropagationVolumeRuntime.dll (API version 3944462).
LogModuleManager: Display: Found up-to-date module file ../../../Engine/Plugins/Blendables/LightPropagationVolume/Binaries/Win64/UE4Editor-LightPropagationVolumeEditor.dll (API version 3944462).
LogModuleManager: Display: Found up-to-date module file ../../../Engine/Plugins/Developer/CLionSourceCodeAccess/Binaries/Win64/UE4Editor-CLionSourceCodeAccess.dll (API version 3944462).
LogModuleManager: Display: Found up-to-date module file ../../../Engine/Plugins/Developer/GitSourceControl/Binaries/Win64/UE4Editor-GitSourceControl.dll (API version 3944462).
LogModuleManager: Display: Found up-to-date module file ../../../Engine/Plugins/Developer/PerforceSourceControl/Binaries/Win64/UE4Editor-PerforceSourceControl.dll (API version 3944462).
LogModuleManager: Display: Found up-to-date module file ../../../Engine/Plugins/Developer/SubversionSourceControl/Binaries/Win64/UE4Editor-SubversionSourceControl.dll (API version 3944462).
LogModuleManager: Display: Found up-to-date module file ../../../Engine/Plugins/Developer/UObjectPlugin/Binaries/Win64/UE4Editor-UObjectPlugin.dll (API version 3944462).
LogModuleManager: Display: Found up-to-date module file ../../../Engine/Plugins/Developer/VisualStudioCodeSourceCodeAccess/Binaries/Win64/UE4Editor-VisualStudioCodeSourceCodeAccess.dll (API version 3944462).
LogModuleManager: Display: Found up-to-date module file ../../../Engine/Plugins/Developer/VisualStudioSourceCodeAccess/Binaries/Win64/UE4Editor-VisualStudioSourceCodeAccess.dll (API version 3944462).
LogModuleManager: Display: Found up-to-date module file ../../../Engine/Plugins/Editor/AssetManagerEditor/Binaries/Win64/UE4Editor-AssetManagerEditor.dll (API version 3944462).
LogModuleManager: Display: Found up-to-date module file ../../../Engine/Plugins/Editor/CryptoKeys/Binaries/Win64/UE4Editor-CryptoKeys.dll (API version 3944462).
LogModuleManager: Display: Found up-to-date module file ../../../Engine/Plugins/Editor/CryptoKeys/Binaries/Win64/UE4Editor-CryptoKeysOpenSSL.dll (API version 3944462).
LogModuleManager: Display: Found up-to-date module file ../../../Engine/Plugins/Editor/DataValidation/Binaries/Win64/UE4Editor-DataValidation.dll (API version 3944462).
LogModuleManager: Display: Found up-to-date module file ../../../Engine/Plugins/Editor/FacialAnimation/Binaries/Win64/UE4Editor-FacialAnimation.dll (API version 3944462).
LogModuleManager: Display: Found up-to-date module file ../../../Engine/Plugins/Editor/FacialAnimation/Binaries/Win64/UE4Editor-FacialAnimationEditor.dll (API version 3944462).
LogModuleManager: Display: Found up-to-date module file ../../../Engine/Plugins/Editor/GameplayTagsEditor/Binaries/Win64/UE4Editor-GameplayTagsEditor.dll (API version 3944462).
LogModuleManager: Display: Found up-to-date module file ../../../Engine/Plugins/Editor/MobileLauncherProfileWizard/Binaries/Win64/UE4Editor-MobileLauncherProfileWizard.dll (API version 3944462).
LogModuleManager: Display: Found up-to-date module file ../../../Engine/Plugins/Editor/PluginBrowser/Binaries/Win64/UE4Editor-PluginBrowser.dll (API version 3944462).
LogModuleManager: Display: Found up-to-date module file ../../../Engine/Plugins/Editor/SpeedTreeImporter/Binaries/Win64/UE4Editor-SpeedTreeImporter.dll (API version 3944462).
LogModuleManager: Display: Found up-to-date module file ../../../Engine/Plugins/Enterprise/DatasmithContent/Binaries/Win64/UE4Editor-DatasmithContent.dll (API version 3944462).
LogModuleManager: Display: Found up-to-date module file ../../../Engine/Plugins/Experimental/AlembicImporter/Binaries/Win64/UE4Editor-AlembicImporter.dll (API version 3944462).
LogModuleManager: Display: Found up-to-date module file ../../../Engine/Plugins/Experimental/AlembicImporter/Binaries/Win64/UE4Editor-AlembicLibrary.dll (API version 3944462).
LogModuleManager: Display: Found up-to-date module file ../../../Engine/Plugins/Experimental/CharacterAI/Binaries/Win64/UE4Editor-CharacterAI.dll (API version 3944462).
LogModuleManager: Display: Found up-to-date module file ../../../Engine/Plugins/Experimental/HTML5Networking/Binaries/Win64/UE4Editor-HTML5Networking.dll (API version 3944462).
LogModuleManager: Display: Found up-to-date module file ../../../Engine/Plugins/Media/AndroidMedia/Binaries/Win64/UE4Editor-AndroidMediaEditor.dll (API version 3944462).
LogModuleManager: Display: Found up-to-date module file ../../../Engine/Plugins/Media/AndroidMedia/Binaries/Win64/UE4Editor-AndroidMediaFactory.dll (API version 3944462).
LogModuleManager: Display: Found up-to-date module file ../../../Engine/Plugins/Media/AvfMedia/Binaries/Win64/UE4Editor-AvfMediaEditor.dll (API version 3944462).
LogModuleManager: Display: Found up-to-date module file ../../../Engine/Plugins/Media/AvfMedia/Binaries/Win64/UE4Editor-AvfMediaFactory.dll (API version 3944462).
LogModuleManager: Display: Found up-to-date module file ../../../Engine/Plugins/Media/AvfMedia/Binaries/Win64/UE4Editor-AvfMediaFactory.dll (API version 3944462).
LogModuleManager: Display: Found up-to-date module file ../../../Engine/Plugins/Media/ImgMedia/Binaries/Win64/UE4Editor-ImgMedia.dll (API version 3944462).
LogModuleManager: Display: Found up-to-date module file ../../../Engine/Plugins/Media/ImgMedia/Binaries/Win64/UE4Editor-ImgMediaEditor.dll (API version 3944462).
LogModuleManager: Display: Found up-to-date module file ../../../Engine/Plugins/Media/ImgMedia/Binaries/Win64/UE4Editor-ImgMediaFactory.dll (API version 3944462).
LogModuleManager: Display: Found up-to-date module file ../../../Engine/Plugins/Media/ImgMedia/Binaries/Win64/UE4Editor-ImgMediaFactory.dll (API version 3944462).
LogModuleManager: Display: Found up-to-date module file ../../../Engine/Plugins/Media/ImgMedia/Binaries/Win64/UE4Editor-OpenExrWrapper.dll (API version 3944462).
LogModuleManager: Display: Found up-to-date module file ../../../Engine/Plugins/Media/LinearTimecode/Binaries/Win64/UE4Editor-LinearTimecode.dll (API version 3944462).
LogModuleManager: Display: Found up-to-date module file ../../../Engine/Plugins/Media/MediaCompositing/Binaries/Win64/UE4Editor-MediaCompositing.dll (API version 3944462).
LogModuleManager: Display: Found up-to-date module file ../../../Engine/Plugins/Media/MediaCompositing/Binaries/Win64/UE4Editor-MediaCompositingEditor.dll (API version 3944462).
LogModuleManager: Display: Found up-to-date module file ../../../Engine/Plugins/Media/MediaPlayerEditor/Binaries/Win64/UE4Editor-MediaPlayerEditor.dll (API version 3944462).
LogModuleManager: Display: Found up-to-date module file ../../../Engine/Plugins/Media/WmfMedia/Binaries/Win64/UE4Editor-WmfMedia.dll (API version 3944462).
LogModuleManager: Display: Found up-to-date module file ../../../Engine/Plugins/Media/WmfMedia/Binaries/Win64/UE4Editor-WmfMediaEditor.dll (API version 3944462).
LogModuleManager: Display: Found up-to-date module file ../../../Engine/Plugins/Media/WmfMedia/Binaries/Win64/UE4Editor-WmfMediaFactory.dll (API version 3944462).
LogModuleManager: Display: Found up-to-date module file ../../../Engine/Plugins/Media/WmfMedia/Binaries/Win64/UE4Editor-WmfMediaFactory.dll (API version 3944462).
LogModuleManager: Display: Found up-to-date module file ../../../Engine/Plugins/Messaging/TcpMessaging/Binaries/Win64/UE4Editor-TcpMessaging.dll (API version 3944462).
LogModuleManager: Display: Found up-to-date module file ../../../Engine/Plugins/Messaging/UdpMessaging/Binaries/Win64/UE4Editor-UdpMessaging.dll (API version 3944462).
LogModuleManager: Display: Found up-to-date module file ../../../Engine/Plugins/MovieScene/ActorSequence/Binaries/Win64/UE4Editor-ActorSequence.dll (API version 3944462).
LogModuleManager: Display: Found up-to-date module file ../../../Engine/Plugins/MovieScene/LevelSequenceEditor/Binaries/Win64/UE4Editor-LevelSequenceEditor.dll (API version 3944462).
LogModuleManager: Display: Found up-to-date module file ../../../Engine/Plugins/MovieScene/MatineeToLevelSequence/Binaries/Win64/UE4Editor-MatineeToLevelSequence.dll (API version 3944462).
LogModuleManager: Display: Found up-to-date module file ../../../Engine/Plugins/NetcodeUnitTest/NetcodeUnitTest/Binaries/Win64/UE4Editor-NetcodeUnitTest.dll (API version 3944462).
LogModuleManager: Display: Found up-to-date module file ../../../Engine/Plugins/NetcodeUnitTest/NUTUnrealEngine4/Binaries/Win64/UE4Editor-NUTUnrealEngine4.dll (API version 3944462).
LogModuleManager: Display: Found up-to-date module file ../../../Engine/Plugins/Online/OnlineSubsystem/Binaries/Win64/UE4Editor-OnlineSubsystem.dll (API version 3944462).
LogModuleManager: Display: Found up-to-date module file ../../../Engine/Plugins/Runtime/AndroidPermission/Binaries/Win64/UE4Editor-AndroidPermission.dll (API version 3944462).
LogModuleManager: Display: Found up-to-date module file ../../../Engine/Plugins/Online/OnlineSubsystemNull/Binaries/Win64/UE4Editor-OnlineSubsystemNull.dll (API version 3944462).
LogModuleManager: Display: Found up-to-date module file ../../../Engine/Plugins/Online/OnlineSubsystemUtils/Binaries/Win64/UE4Editor-OnlineSubsystemUtils.dll (API version 3944462).
LogModuleManager: Display: Found up-to-date module file ../../../Engine/Plugins/Online/OnlineSubsystemUtils/Binaries/Win64/UE4Editor-OnlineBlueprintSupport.dll (API version 3944462).
LogModuleManager: Display: Found up-to-date module file ../../../Engine/Plugins/Runtime/AndroidDeviceProfileSelector/Binaries/Win64/UE4Editor-AndroidDeviceProfileSelector.dll (API version 3944462).
LogModuleManager: Display: Found up-to-date module file ../../../Engine/Plugins/Runtime/AppleARKit/Binaries/Win64/UE4Editor-AppleARKit.dll (API version 3944462).
LogModuleManager: Display: Found up-to-date module file ../../../Engine/Plugins/Runtime/ProceduralMeshComponent/Binaries/Win64/UE4Editor-ProceduralMeshComponent.dll (API version 3944462).
LogModuleManager: Display: Found up-to-date module file ../../../Engine/Plugins/Runtime/ProceduralMeshComponent/Binaries/Win64/UE4Editor-ProceduralMeshComponentEditor.dll (API version 3944462).
LogModuleManager: Display: Found up-to-date module file ../../../Engine/Plugins/Animation/LiveLink/Binaries/Win64/UE4Editor-LiveLink.dll (API version 3944462).
LogModuleManager: Display: Found up-to-date module file ../../../Engine/Plugins/Animation/LiveLink/Binaries/Win64/UE4Editor-LiveLinkEditor.dll (API version 3944462).
LogModuleManager: Display: Found up-to-date module file ../../../Engine/Plugins/Runtime/ArchVisCharacter/Binaries/Win64/UE4Editor-ArchVisCharacter.dll (API version 3944462).
LogModuleManager: Display: Found up-to-date module file ../../../Engine/Plugins/Runtime/AudioCapture/Binaries/Win64/UE4Editor-AudioCapture.dll (API version 3944462).
LogModuleManager: Display: Found up-to-date module file ../../../Engine/Plugins/Runtime/AudioCapture/Binaries/Win64/UE4Editor-AudioCaptureEditor.dll (API version 3944462).
LogModuleManager: Display: Found up-to-date module file ../../../Engine/Plugins/Runtime/CableComponent/Binaries/Win64/UE4Editor-CableComponent.dll (API version 3944462).
LogModuleManager: Display: Found up-to-date module file ../../../Engine/Plugins/Runtime/CustomMeshComponent/Binaries/Win64/UE4Editor-CustomMeshComponent.dll (API version 3944462).
LogModuleManager: Display: Found up-to-date module file ../../../Engine/Plugins/Runtime/ExampleDeviceProfileSelector/Binaries/Win64/UE4Editor-ExampleDeviceProfileSelector.dll (API version 3944462).
LogModuleManager: Display: Found up-to-date module file ../../../Engine/Plugins/Runtime/ImmediatePhysics/Binaries/Win64/UE4Editor-ImmediatePhysics.dll (API version 3944462).
LogModuleManager: Display: Found up-to-date module file ../../../Engine/Plugins/Runtime/ImmediatePhysics/Binaries/Win64/UE4Editor-ImmediatePhysicsEditor.dll (API version 3944462).
LogModuleManager: Display: Found up-to-date module file ../../../Engine/Plugins/Runtime/LocationServicesBPLibrary/Binaries/Win64/UE4Editor-LocationServicesBPLibrary.dll (API version 3944462).
LogModuleManager: Display: Found up-to-date module file ../../../Engine/Plugins/Runtime/MobilePatchingUtils/Binaries/Win64/UE4Editor-MobilePatchingUtils.dll (API version 3944462).
LogModuleManager: Display: Found up-to-date module file ../../../Engine/Plugins/Runtime/Oculus/OculusVR/Binaries/Win64/UE4Editor-OculusHMD.dll (API version 3944462).
LogModuleManager: Display: Found up-to-date module file ../../../Engine/Plugins/Runtime/Oculus/OculusVR/Binaries/Win64/UE4Editor-OculusInput.dll (API version 3944462).
LogModuleManager: Display: Found up-to-date module file ../../../Engine/Plugins/Runtime/Oculus/OculusVR/Binaries/Win64/UE4Editor-OculusEditor.dll (API version 3944462).
LogModuleManager: Display: Found up-to-date module file ../../../Engine/Plugins/Runtime/PhysXVehicles/Binaries/Win64/UE4Editor-PhysXVehicles.dll (API version 3944462).
LogModuleManager: Display: Found up-to-date module file ../../../Engine/Plugins/Runtime/PhysXVehicles/Binaries/Win64/UE4Editor-PhysXVehiclesEditor.dll (API version 3944462).
LogModuleManager: Display: Found up-to-date module file ../../../Engine/Plugins/Runtime/RuntimePhysXCooking/Binaries/Win64/UE4Editor-RuntimePhysXCooking.dll (API version 3944462).
LogModuleManager: Display: Found up-to-date module file ../../../Engine/Plugins/Runtime/Steam/SteamVR/Binaries/Win64/UE4Editor-SteamVR.dll (API version 3944462).
LogModuleManager: Display: Found up-to-date module file ../../../Engine/Plugins/Runtime/Steam/SteamVR/Binaries/Win64/UE4Editor-SteamVRController.dll (API version 3944462).
LogModuleManager: Display: Found up-to-date module file ../../../Engine/Plugins/Runtime/WindowsMoviePlayer/Binaries/Win64/UE4Editor-WindowsMoviePlayer.dll (API version 3944462).
LogPluginManager: Mounting plugin Paper2D
LogPluginManager: Mounting plugin LiveLink
LogPluginManager: Mounting plugin LightPropagationVolume
LogPluginManager: Mounting plugin CLionSourceCodeAccess
LogPluginManager: Mounting plugin CodeLiteSourceCodeAccess
LogPluginManager: Mounting plugin GitSourceControl
LogPluginManager: Mounting plugin KDevelopSourceCodeAccess
LogPluginManager: Mounting plugin NullSourceCodeAccess
LogPluginManager: Mounting plugin PerforceSourceControl
LogPluginManager: Mounting plugin SubversionSourceControl
LogPluginManager: Mounting plugin UObjectPlugin
LogPluginManager: Mounting plugin VisualStudioCodeSourceCodeAccess
LogPluginManager: Mounting plugin VisualStudioSourceCodeAccess
LogPluginManager: Mounting plugin XCodeSourceCodeAccess
LogPluginManager: Mounting plugin AssetManagerEditor
LogPluginManager: Mounting plugin CryptoKeys
LogPluginManager: Mounting plugin DataValidation
LogPluginManager: Mounting plugin FacialAnimation
LogPluginManager: Mounting plugin GameplayTagsEditor
LogPluginManager: Mounting plugin MobileLauncherProfileWizard
LogPluginManager: Mounting plugin PluginBrowser
LogPluginManager: Mounting plugin SpeedTreeImporter
LogPluginManager: Mounting plugin DatasmithContent
LogPluginManager: Mounting plugin AlembicImporter
LogPluginManager: Mounting plugin CharacterAI
LogPluginManager: Mounting plugin HTML5Networking
LogPluginManager: Mounting plugin AndroidMedia
LogPluginManager: Mounting plugin AvfMedia
LogPluginManager: Mounting plugin ImgMedia
LogPluginManager: Mounting plugin LinearTimecode
LogPluginManager: Mounting plugin MediaCompositing
LogPluginManager: Mounting plugin MediaPlayerEditor
LogPluginManager: Mounting plugin WmfMedia
LogPluginManager: Mounting plugin TcpMessaging
LogPluginManager: Mounting plugin UdpMessaging
LogPluginManager: Mounting plugin ActorSequence
LogPluginManager: Mounting plugin LevelSequenceEditor
LogPluginManager: Mounting plugin MatineeToLevelSequence
LogPluginManager: Mounting plugin NetcodeUnitTest
LogPluginManager: Mounting plugin NUTUnrealEngine4
LogPluginManager: Mounting plugin OnlineSubsystemGooglePlay
LogPluginManager: Mounting plugin OnlineSubsystemIOS
LogPluginManager: Mounting plugin OnlineSubsystem
LogPluginManager: Mounting plugin OnlineSubsystemNull
LogPluginManager: Mounting plugin OnlineSubsystemUtils
LogPluginManager: Mounting plugin AndroidDeviceProfileSelector
LogPluginManager: Mounting plugin AndroidMoviePlayer
LogPluginManager: Mounting plugin AndroidPermission
LogPluginManager: Mounting plugin AppleARKit
LogPluginManager: Mounting plugin AppleMoviePlayer
LogPluginManager: Mounting plugin ArchVisCharacter
LogPluginManager: Mounting plugin AudioCapture
LogPluginManager: Mounting plugin CableComponent
LogPluginManager: Mounting plugin CustomMeshComponent
LogPluginManager: Mounting plugin ExampleDeviceProfileSelector
LogPluginManager: Mounting plugin GoogleCloudMessaging
LogPluginManager: Mounting plugin ImmediatePhysics
LogPluginManager: Mounting plugin IOSDeviceProfileSelector
LogPluginManager: Mounting plugin LinuxDeviceProfileSelector
LogPluginManager: Mounting plugin LocationServicesBPLibrary
LogPluginManager: Mounting plugin MobilePatchingUtils
LogPluginManager: Mounting plugin OculusVR
LogPluginManager: Plugin shader directory ../../../Engine/Plugins/Runtime/Oculus/OculusVR/Shaders found
LogPluginManager: Mapping shader source directory ../../../Engine/Plugins/Runtime/Oculus/OculusVR/Shaders to virtual directory /Plugin/OculusVR
LogPluginManager: Mounting plugin PhysXVehicles
LogPluginManager: Mounting plugin ProceduralMeshComponent
LogPluginManager: Mounting plugin RuntimePhysXCooking
LogPluginManager: Mounting plugin SteamVR
LogPluginManager: Mounting plugin WindowsMoviePlayer
LogStreaming: Display: Took  0.965s to configure plugins.
LogInit: Using libcurl 7.47.1
LogInit:  - built for x86_64-pc-win32
LogInit:  - supports SSL with OpenSSL/1.0.2g
LogInit:  - supports HTTP deflate (compression) using libz 1.2.8
LogInit:  - other features:
LogInit:      CURL_VERSION_SSL
LogInit:      CURL_VERSION_LIBZ
LogInit:      CURL_VERSION_IPV6
LogInit:      CURL_VERSION_ASYNCHDNS
LogInit:      CURL_VERSION_LARGEFILE
LogInit:      CURL_VERSION_IDN
LogInit:  CurlRequestOptions (configurable via config and command line):
LogInit:  - bVerifyPeer = false  - Libcurl will NOT verify peer certificate
LogInit:  - bUseHttpProxy = false  - Libcurl will NOT use HTTP proxy
LogInit:  - bDontReuseConnections = false  - Libcurl will reuse connections
LogInit:  - CertBundlePath = nullptr  - Libcurl will use whatever was configured at build time.
LogInit:  - MaxHostConnections = 16  - Libcurl will limit the number of connections to a host
LogInit:  - LocalHostAddr = Default
LogInit: WinSock: version 1.1 (2.2), MaxSocks=32767, MaxUdp=65467
LogInit: WinSock: I am Camp-D1RC142 (129.59.56.47:0)
LogInit: Build: ++UE4+Release-4.19-CL-3989454
LogInit: Engine Version: 4.19.1-3989454+++UE4+Release-4.19
LogInit: Compatible Engine Version: 4.19.0-3944462+++UE4+Release-4.19
LogInit: Net CL: 3944462
LogDevObjectVersion: Number of dev versions registered: 18
LogDevObjectVersion:   Dev-Blueprints (B0D832E4-1F89-4F0D-ACCF-7EB736FD4AA2): 10
LogDevObjectVersion:   Dev-Build (E1C64328-A22C-4D53-A36C-8E866417BD8C): 0
LogDevObjectVersion:   Dev-Core (375EC13C-06E4-48FB-B500-84F0262A717E): 2
LogDevObjectVersion:   Dev-Editor (E4B068ED-F494-42E9-A231-DA0B2E46BB41): 23
LogDevObjectVersion:   Dev-Framework (CFFC743F-43B0-4480-9391-14DF171D2073): 33
LogDevObjectVersion:   Dev-Mobile (B02B49B5-BB20-44E9-A304-32B752E40360): 2
LogDevObjectVersion:   Dev-Networking (A4E4105C-59A1-49B5-A7C5-40C4547EDFEE): 0
LogDevObjectVersion:   Dev-Online (39C831C9-5AE6-47DC-9A44-9C173E1C8E7C): 0
LogDevObjectVersion:   Dev-Physics (78F01B33-EBEA-4F98-B9B4-84EACCB95AA2): 0
LogDevObjectVersion:   Dev-Platform (6631380F-2D4D-43E0-8009-CF276956A95A): 0
LogDevObjectVersion:   Dev-Rendering (12F88B9F-8875-4AFC-A67C-D90C383ABD29): 25
LogDevObjectVersion:   Dev-Sequencer (7B5AE74C-D270-4C10-A958-57980B212A5A): 6
LogDevObjectVersion:   Dev-VR (D7296918-1DD6-4BDD-9DE2-64A83CC13884): 1
LogDevObjectVersion:   Dev-LoadTimes (C2A15278-BFE7-4AFE-6C17-90FF531DF755): 1
LogDevObjectVersion:   Private-Geometry (6EACA3D4-40EC-4CC1-B786-8BED09428FC5): 2
LogDevObjectVersion:   Dev-AnimPhys (29E575DD-E0A3-4627-9D10-D276232CDCEA): 16
LogDevObjectVersion:   Dev-ReflectionCapture (6B266CEC-1EC7-4B8F-A30B-E4D90942FC07): 1
LogDevObjectVersion:   Dev-Automation (0DF73D61-A23F-47EA-B727-89E90C41499A): 1
LogInit: Compiled (64-bit): Apr  6 2018 12:26:04
LogInit: Compiled with Visual C++: 19.00.24215.01
LogInit: Build Configuration: Development
LogInit: Branch Name: ++UE4+Release-4.19
LogInit: Command Line:  
LogInit: Base Directory: C:/Program Files/Epic Games/UE_4.19/Engine/Binaries/Win64/
LogInit: Installed Engine Build: 1
LogStreaming: Display: Took  0.002s to delete old logs.
LogInit: Presizing for max 8388607 objects, including 0 objects not considered by GC, pre-allocating 0 bytes for permanent pool.
LogInit: Object subsystem initialized
[2018.07.17-20.25.11:002][  0]LogInit: Selected Device Profile: [Windows]
[2018.07.17-20.25.11:002][  0]LogInit: Applying CVar settings loaded from the selected device profile: [Windows]
[2018.07.17-20.25.11:016][  0]LogInit: Computer: CAMP-D1RC142
[2018.07.17-20.25.11:016][  0]LogInit: User: iDStudent
[2018.07.17-20.25.11:016][  0]LogInit: CPU Page size=4096, Cores=4
[2018.07.17-20.25.11:016][  0]LogInit: High frequency timer resolution =2.742189 MHz
[2018.07.17-20.25.11:016][  0]LogMemory: Memory total: Physical=15.9GB (16GB approx)
[2018.07.17-20.25.11:016][  0]LogMemory: Platform Memory Stats for Windows
[2018.07.17-20.25.11:017][  0]LogMemory: Process Physical Memory: 274.85 MB used, 274.85 MB peak
[2018.07.17-20.25.11:017][  0]LogMemory: Process Virtual Memory: 265.02 MB used, 265.02 MB peak
[2018.07.17-20.25.11:017][  0]LogMemory: Physical Memory: 4426.34 MB used,  11823.83 MB free, 16250.17 MB total
[2018.07.17-20.25.11:017][  0]LogMemory: Virtual Memory: 693.31 MB used,  11823.83 MB free, 134217728.00 MB total
[2018.07.17-20.25.11:737][  0]LogInit: Using OS detected language (en-US).
[2018.07.17-20.25.11:737][  0]LogInit: Using OS detected locale (en-US).
[2018.07.17-20.25.11:740][  0]LogTextLocalizationManager: No specific localization for 'en-US' exists, so the 'en' localization will be used.
[2018.07.17-20.25.12:151][  0]LogStreaming: Display: Took  0.414s to EndInitTextLocalization.
[2018.07.17-20.25.12:152][  0]LogInit: Setting process to per monitor DPI aware
[2018.07.17-20.25.12:189][  0]LogSlate: New Slate User Created.  User Index 0, Is Virtual User: 0
[2018.07.17-20.25.12:189][  0]LogSlate: Slate User Registered.  User Index 0, Is Virtual User: 0
[2018.07.17-20.25.12:385][  0]LogD3D11RHI: D3D11 adapters:
[2018.07.17-20.25.12:440][  0]LogD3D11RHI:    0. 'NVIDIA GeForce GTX 1050 Ti' (Feature Level 11_0)
[2018.07.17-20.25.12:440][  0]LogD3D11RHI:       4018/0/8125 MB DedicatedVideo/DedicatedSystem/SharedSystem, Outputs:1, VendorId:0x10de
[2018.07.17-20.25.12:451][  0]LogD3D11RHI:    1. 'Intel(R) HD Graphics 630' (Feature Level 11_0)
[2018.07.17-20.25.12:451][  0]LogD3D11RHI:       128/0/8125 MB DedicatedVideo/DedicatedSystem/SharedSystem, Outputs:0, VendorId:0x8086
[2018.07.17-20.25.12:453][  0]LogD3D11RHI:    2. 'Microsoft Basic Render Driver' (Feature Level 11_0)
[2018.07.17-20.25.12:453][  0]LogD3D11RHI:       0/0/8125 MB DedicatedVideo/DedicatedSystem/SharedSystem, Outputs:0, VendorId:0x1414
[2018.07.17-20.25.12:453][  0]LogD3D11RHI: Chosen D3D11 Adapter: 0
[2018.07.17-20.25.12:459][  0]LogD3D11RHI: Creating new Direct3DDevice
[2018.07.17-20.25.12:459][  0]LogD3D11RHI:     GPU DeviceId: 0x1c8c (for the marketing name, search the web for "GPU Device Id")
[2018.07.17-20.25.12:459][  0]LogWindows: EnumDisplayDevices:
[2018.07.17-20.25.12:459][  0]LogWindows:    0. 'Intel(R) HD Graphics 630' (P:1 D:1)
[2018.07.17-20.25.12:459][  0]LogWindows:    1. 'Intel(R) HD Graphics 630' (P:0 D:0)
[2018.07.17-20.25.12:460][  0]LogWindows:    2. 'Intel(R) HD Graphics 630' (P:0 D:0)
[2018.07.17-20.25.12:460][  0]LogWindows:    3. 'NVIDIA GeForce GTX 1050 Ti' (P:0 D:0)
[2018.07.17-20.25.12:460][  0]LogWindows: DebugString: GetVideoDriverDetailsInvalid PrimaryIsNotTheChoosenAdapter GetVideoDriverDetailsInvalid PrimaryIsNotTheChoosenAdapter GetVideoDriverDetailsInvalid PrimaryIsNotTheChoosenAdapter GetVideoDriverDetailsInvalid PrimaryIsNotTheChoosenAdapter FoundDriverCount:0 
[2018.07.17-20.25.12:460][  0]LogD3D11RHI:     Adapter Name: NVIDIA GeForce GTX 1050 Ti
[2018.07.17-20.25.12:460][  0]LogD3D11RHI:   Driver Version: Unknown (internal:Unknown, unified:Unknown)
[2018.07.17-20.25.12:460][  0]LogD3D11RHI:      Driver Date: Unknown
[2018.07.17-20.25.12:460][  0]LogRHI: Texture pool is 2812 MB (70% of 4018 MB)
[2018.07.17-20.25.12:492][  0]LogD3D11RHI: [Aftermath] Aftermath enabled and primed
[2018.07.17-20.25.12:492][  0]LogD3D11RHI: [Aftermath] Aftermath enabled and primed
[2018.07.17-20.25.12:492][  0]LogD3D11RHI: Async texture creation enabled
[2018.07.17-20.25.12:508][  0]LogD3D11RHI: GPU Timing Frequency: 1000.000000 (Debug: 2 2)
[2018.07.17-20.25.12:508][  0]LogShaderCompilers: Guid format shader working directory is -36 characters bigger than the processId version (../../../../../../Users/iD Student/Desktop/Matthew M/ID-Tech-Group-Project/Group_Project/Intermediate/Shaders/WorkingDirectory/892/).
[2018.07.17-20.25.12:508][  0]LogShaderCompilers: Cleaned the shader compiler working directory 'C:/Users/iD Student/AppData/Local/Temp/UnrealShaderWorkingDir/EE0498B84A330C6E91AFAE978CFC259F/'.
[2018.07.17-20.25.12:720][  0]LogTemp: Display: Loaded TP AllDesktopTargetPlatform
[2018.07.17-20.25.12:733][  0]LogTemp: Display: Loaded TP MacClientTargetPlatform
[2018.07.17-20.25.12:746][  0]LogTemp: Display: Loaded TP MacNoEditorTargetPlatform
[2018.07.17-20.25.12:759][  0]LogTemp: Display: Loaded TP MacServerTargetPlatform
[2018.07.17-20.25.12:771][  0]LogTemp: Display: Loaded TP MacTargetPlatform
[2018.07.17-20.25.12:785][  0]LogTemp: Display: Loaded TP WindowsClientTargetPlatform
[2018.07.17-20.25.12:799][  0]LogTemp: Display: Loaded TP WindowsNoEditorTargetPlatform
[2018.07.17-20.25.12:812][  0]LogTemp: Display: Loaded TP WindowsServerTargetPlatform
[2018.07.17-20.25.12:818][  0]LogTemp: Display: Loaded TP WindowsTargetPlatform
[2018.07.17-20.25.12:829][  0]LogTemp: Display: Loaded TP Android_ASTCTargetPlatform
[2018.07.17-20.25.12:839][  0]LogTemp: Display: Loaded TP Android_ATCTargetPlatform
[2018.07.17-20.25.12:850][  0]LogTemp: Display: Loaded TP Android_DXTTargetPlatform
[2018.07.17-20.25.12:860][  0]LogTemp: Display: Loaded TP Android_ETC1aTargetPlatform
[2018.07.17-20.25.12:871][  0]LogTemp: Display: Loaded TP Android_ETC1TargetPlatform
[2018.07.17-20.25.12:882][  0]LogTemp: Display: Loaded TP Android_ETC2TargetPlatform
[2018.07.17-20.25.12:903][  0]LogTemp: Display: Loaded TP Android_MultiTargetPlatform
[2018.07.17-20.25.12:903][  0]LogTemp: Display: Loaded TP Android_PVRTCTargetPlatform
[2018.07.17-20.25.12:914][  0]LogTemp: Display: Loaded TP AndroidTargetPlatform
[2018.07.17-20.25.12:915][  0]LogTemp: Display: Loaded TP HTML5TargetPlatform
[2018.07.17-20.25.12:952][  0]LogTemp: Display: Loaded TP IOSTargetPlatform
[2018.07.17-20.25.12:962][  0]LogTemp: Display: Loaded TP TVOSTargetPlatform
[2018.07.17-20.25.12:973][  0]LogTemp: Display: Loaded TP LinuxClientTargetPlatform
[2018.07.17-20.25.12:985][  0]LogTemp: Display: Loaded TP LinuxNoEditorTargetPlatform
[2018.07.17-20.25.12:996][  0]LogTemp: Display: Loaded TP LinuxServerTargetPlatform
[2018.07.17-20.25.13:008][  0]LogTemp: Display: Loaded TP LinuxTargetPlatform
[2018.07.17-20.25.13:008][  0]LogTargetPlatformManager: Display: Building Assets For Windows
[2018.07.17-20.25.13:108][  0]LogXGEController: Cleaning working directory: C:/Users/iD Student/AppData/Local/Temp/UnrealXGEWorkingDir/
[2018.07.17-20.25.13:108][  0]LogXGEController: Cannot use XGE Controller as Incredibuild is not installed on this machine.
[2018.07.17-20.25.13:108][  0]LogShaderCompilers: Cannot use XGE Shader Compiler as Incredibuild is not installed on this machine.
[2018.07.17-20.25.13:108][  0]LogShaderCompilers: Display: Using Local Shader Compiler.
[2018.07.17-20.25.13:743][  0]LogDerivedDataCache: Display: Max Cache Size: 512 MB
[2018.07.17-20.25.13:814][  0]LogDerivedDataCache: Loaded boot cache 0.07s 74MB C:/Users/iD Student/AppData/Local/UnrealEngine/4.19/DerivedDataCache/Boot.ddc.
[2018.07.17-20.25.13:814][  0]LogDerivedDataCache: Display: Loaded Boot cache: C:/Users/iD Student/AppData/Local/UnrealEngine/4.19/DerivedDataCache/Boot.ddc
[2018.07.17-20.25.13:814][  0]LogDerivedDataCache: FDerivedDataBackendGraph:  Pak pak cache file ../../../../../../Users/iD Student/Desktop/Matthew M/ID-Tech-Group-Project/Group_Project/DerivedDataCache/DDC.ddp not found, will not use a pak cache.
[2018.07.17-20.25.13:814][  0]LogDerivedDataCache: Unable to find inner node Pak for hierarchical cache Hierarchy.
[2018.07.17-20.25.13:814][  0]LogDerivedDataCache: FDerivedDataBackendGraph:  CompressedPak pak cache file ../../../../../../Users/iD Student/Desktop/Matthew M/ID-Tech-Group-Project/Group_Project/DerivedDataCache/Compressed.ddp not found, will not use a pak cache.
[2018.07.17-20.25.13:814][  0]LogDerivedDataCache: Unable to find inner node CompressedPak for hierarchical cache Hierarchy.
[2018.07.17-20.25.13:829][  0]LogDerivedDataCache: Display: Pak cache opened for reading ../../../Engine/DerivedDataCache/Compressed.ddp.
[2018.07.17-20.25.13:842][  0]LogDerivedDataCache: Using Local data cache path C:/Users/iD Student/AppData/Local/UnrealEngine/Common/DerivedDataCache: Writable
[2018.07.17-20.25.13:852][  0]LogMaterial: Verifying Global Shaders for PCD3D_SM5
[2018.07.17-20.25.13:853][  0]LogSlate: Using Freetype 2.6.0
[2018.07.17-20.25.13:853][  0]LogSlate: SlateFontCache - WITH_FREETYPE: 1, WITH_HARFBUZZ: 1
[2018.07.17-20.25.13:853][  0]LogSlate: SlateFontCache - WITH_FREETYPE: 1, WITH_HARFBUZZ: 1
[2018.07.17-20.25.13:972][  0]LogAssetRegistry: FAssetRegistry took 0.0277 seconds to start up
[2018.07.17-20.25.14:297][  0]LogInit: Selected Device Profile: [Windows]
[2018.07.17-20.25.14:463][  0]LogSimplygon: Simplygon DLL not present - disabling.
[2018.07.17-20.25.14:466][  0]LogMeshReduction: Using SimplygonSwarm for distributed automatic mesh merging
[2018.07.17-20.25.14:466][  0]LogMeshReduction: Using QuadricMeshReduction for automatic static mesh reduction
[2018.07.17-20.25.14:466][  0]LogMeshReduction: No automatic skeletal mesh reduction module available
[2018.07.17-20.25.14:466][  0]LogMeshReduction: No automatic mesh merging module available
[2018.07.17-20.25.14:466][  0]LogMeshMerging: No automatic mesh merging module available
[2018.07.17-20.25.14:497][  0]LogNetVersion: Group_Project , NetCL: 3944462, EngineNetVer: 2, GameNetVer: 0 (Checksum: 541774694)
[2018.07.17-20.25.14:954][  0]LogPackageLocalizationCache: Processed 9 localized package path(s) for 2 prioritized culture(s) in 0.077630 seconds
[2018.07.17-20.25.14:960][  0]LogUObjectArray: 36728 objects as part of root set at end of initial load.
[2018.07.17-20.25.14:960][  0]LogUObjectAllocator: 7314304 out of 0 bytes used by permanent object pool.
[2018.07.17-20.25.14:960][  0]LogUObjectArray: CloseDisregardForGC: 0/0 objects in disregard for GC pool
[2018.07.17-20.25.16:510][  0]LogTcpMessaging: Initializing TcpMessaging bridge
[2018.07.17-20.25.16:537][  0]LogUdpMessaging: Initializing bridge on interface 0.0.0.0:0 to multicast group 230.0.0.1:6666.
[2018.07.17-20.25.16:877][  0]SourceControl: Source control is disabled
[2018.07.17-20.25.16:877][  0]SourceControl: Source control is disabled
[2018.07.17-20.25.16:896][  0]SourceControl: Source control is disabled
[2018.07.17-20.25.16:923][  0]SourceControl: Source control is disabled
[2018.07.17-20.25.17:437][  0]LogAndroidPermission: UAndroidPermissionCallbackProxy::GetInstance
[2018.07.17-20.25.17:571][  0]LogOcInput: OculusInput pre-init called
[2018.07.17-20.25.17:672][  0]LogEngine: Initializing Engine...
[2018.07.17-20.25.17:673][  0]LogHMD: Failed to initialize OpenVR with code 110
[2018.07.17-20.25.17:675][  0]LogStats: UGameplayTagsManager::ConstructGameplayTagTree: Construct from data asset -  0.000 s
[2018.07.17-20.25.17:675][  0]LogStats: UGameplayTagsManager::ConstructGameplayTagTree: GameplayTagTreeChangedEvent.Broadcast -  0.000 s
[2018.07.17-20.25.17:918][  0]LogAIModule: Creating AISystem for world Untitled
[2018.07.17-20.25.17:924][  0]LogInit: XAudio2 using 'Speakers (USB Audio Device)' : 2 channels at 48 kHz using 16 bits per sample (channel mask 0x3)
[2018.07.17-20.25.17:963][  0]LogInit: FAudioDevice initialized.
[2018.07.17-20.25.18:032][  0]LogDerivedDataCache: Saved boot cache 0.07s 74MB C:/Users/iD Student/AppData/Local/UnrealEngine/4.19/DerivedDataCache/Boot.ddc.
[2018.07.17-20.25.18:049][  0]LogInit: Texture streaming: Enabled
[2018.07.17-20.25.18:065][  0]LogEngineSessionManager: EngineSessionManager initialized
[2018.07.17-20.25.18:082][  0]LogInit: Transaction tracking system initialized
[2018.07.17-20.25.18:104][  0]BlueprintLog: New page: Editor Load
[2018.07.17-20.25.18:173][  0]LocalizationService: Localization service is disabled
[2018.07.17-20.25.18:273][  0]LogConsoleResponse: Display: 
[2018.07.17-20.25.18:428][  0]LogCook: Display: Max memory allowance for cook 16384mb min free memory 0mb
[2018.07.17-20.25.18:428][  0]LogCook: Display: Mobile HDR setting 1
[2018.07.17-20.25.18:428][  0]LogGameplayTags: Display: UGameplayTagsManager::DoneAddingNativeTags. DelegateIsBound: 0
[2018.07.17-20.25.18:428][  0]LogStats: UGameplayTagsManager::ConstructGameplayTagTree: Construct from data asset -  0.000 s
[2018.07.17-20.25.18:428][  0]LogStats: UGameplayTagsManager::ConstructGameplayTagTree: GameplayTagTreeChangedEvent.Broadcast -  0.000 s
[2018.07.17-20.25.18:780][  0]LogFileCache: Scanning file cache for directory 'C:/Users/iD Student/Desktop/Matthew M/ID-Tech-Group-Project/Group_Project/Content/' took 0.05s
[2018.07.17-20.25.18:780][  0]SourceControl: Source control is disabled
[2018.07.17-20.25.18:781][  0]Cmd: MAP LOAD FILE="../../../../../../Users/iD Student/Desktop/Matthew M/ID-Tech-Group-Project/Group_Project/Content/FirstPersonBP/Maps/FirstPersonExampleMap.umap" TEMPLATE=0 SHOWPROGRESS=1 FEATURELEVEL=3
[2018.07.17-20.25.18:781][  0]LightingResults: New page: Lighting Build
[2018.07.17-20.25.18:784][  0]MapCheck: New page: Map Check
[2018.07.17-20.25.18:784][  0]LightingResults: New page: Lighting Build
[2018.07.17-20.25.19:107][  0]LogSkeletalMesh: Skeletal Mesh found in DDC [3.601867ms] /Game/FirstPerson/FPWeapon/Mesh/SK_FPGun.SK_FPGun
[2018.07.17-20.25.19:121][  0]LogSkeletalMesh: Skeletal Mesh found in DDC [5.183815ms] /Game/FirstPerson/Character/Mesh/SK_Mannequin_Arms.SK_Mannequin_Arms
[2018.07.17-20.25.19:256][  0]LogAIModule: Creating AISystem for world FirstPersonExampleMap
[2018.07.17-20.25.19:274][  0]LogEditorServer: Finished looking for orphan Actors (0.000 secs)
[2018.07.17-20.25.19:291][  0]Cmd: MAP CHECKDEP NOCLEARLOG
[2018.07.17-20.25.19:346][  0]MapCheck: Map check complete: 0 Error(s), 0 Warning(s), took 54.364ms to complete.
[2018.07.17-20.25.19:346][  0]LogFileHelpers: Loading map 'FirstPersonExampleMap' took 0.565
[2018.07.17-20.25.19:577][  0]LogCollectionManager: Loaded 0 collections in 0.001890 seconds
[2018.07.17-20.25.19:626][  0]LogFileCache: Scanning file cache for directory 'C:/Users/iD Student/Desktop/Matthew M/ID-Tech-Group-Project/Group_Project/Saved/Collections/' took 0.01s
[2018.07.17-20.25.19:626][  0]LogFileCache: Scanning file cache for directory 'C:/Users/iD Student/Desktop/Matthew M/ID-Tech-Group-Project/Group_Project/Content/Developers/iDStudent/Collections/' took 0.01s
[2018.07.17-20.25.19:626][  0]LogFileCache: Scanning file cache for directory 'C:/Users/iD Student/Desktop/Matthew M/ID-Tech-Group-Project/Group_Project/Content/Collections/' took 0.01s
[2018.07.17-20.25.19:626][  0]LogCollectionManager: Rebuilt the GUID cache for 0 collections in 0.000001 seconds
[2018.07.17-20.25.19:642][  0]LogContentBrowser: Native class hierarchy populated in 0.0149 seconds. Added 2452 classes and 558 folders.
[2018.07.17-20.25.19:648][  0]LogContentBrowser: Native class hierarchy updated for 'WidgetCarousel' in 0.0002 seconds. Added 0 classes and 0 folders.
[2018.07.17-20.25.19:688][  0]LogContentBrowser: Native class hierarchy updated for 'AddContentDialog' in 0.0002 seconds. Added 0 classes and 0 folders.
[2018.07.17-20.25.19:693][  0]LogContentBrowser: Native class hierarchy updated for 'SceneOutliner' in 0.0003 seconds. Added 1 classes and 2 folders.
[2018.07.17-20.25.19:711][  0]LogSlate: Took 0.000273 seconds to synchronously load lazily loaded font '../../../Engine/Content/Slate/Fonts/Roboto-Regular.ttf' (155K)
[2018.07.17-20.25.19:713][  0]LogSlate: Took 0.000214 seconds to synchronously load lazily loaded font '../../../Engine/Content/Slate/Fonts/Roboto-Bold.ttf' (160K)
[2018.07.17-20.25.19:718][  0]LogSlate: Took 0.000148 seconds to synchronously load lazily loaded font '../../../Engine/Content/Editor/Slate/Fonts/FontAwesome.ttf' (139K)
[2018.07.17-20.25.19:830][  0]LogRenderer: Reallocating scene render targets to support 880x368 Format 10 NumSamples 1 (Frame:1).
[2018.07.17-20.25.20:068][  0]LogContentBrowser: Native class hierarchy updated for 'HierarchicalLODOutliner' in 0.0002 seconds. Added 0 classes and 0 folders.
[2018.07.17-20.25.20:068][  0]LogLoad: (Engine Initialization) Total time: 11.50 seconds
[2018.07.17-20.25.20:068][  0]LogLoad: (Engine Initialization) Total Blueprint compile time: 0.00 seconds
[2018.07.17-20.25.20:086][  0]LogWindowsTextInputMethodSystem: Display: IME system now deactivated.
[2018.07.17-20.25.20:107][  0]LogContentStreaming: Texture pool size now 1000 MB
[2018.07.17-20.25.20:154][  0]LogSlate: Took 0.000189 seconds to synchronously load lazily loaded font '../../../Engine/Content/Slate/Fonts/Roboto-Light.ttf' (167K)
[2018.07.17-20.25.20:575][  6]LogAssetRegistry: Asset discovery search completed in 6.6255 seconds
[2018.07.17-20.25.20:588][  6]LogCollectionManager: Rebuilt the object cache for 0 collections in 0.000001 seconds (found 0 objects)
[2018.07.17-20.25.20:589][  6]LogCollectionManager: Fixed up redirectors for 0 collections in 0.000144 seconds (updated 0 objects)
[2018.07.17-20.25.35:937][919]LogSlate: FSceneViewport::OnFocusLost() reason 0
[2018.07.17-20.25.45:361][477]LogSlate: Took 0.000870 seconds to synchronously load lazily loaded font '../../../Engine/Content/Slate/Fonts/Roboto-Light.ttf' (167K)
[2018.07.17-20.25.45:859][477]LogRenderer: Reallocating scene render targets to support 1068x708 Format 10 NumSamples 1 (Frame:1).
[2018.07.17-20.25.49:297][680]LogMaterial: Missing cached shader map for material M_Soul_Landscape_SingleLayer_01, compiling. 
[2018.07.17-20.25.49:406][680]LogMaterial: Missing cached shader map for material M_Soul_Landscape_SingleLayer_01, compiling. 
[2018.07.17-20.25.49:418][680]LogMaterial: Missing cached shader map for material M_Soul_Landscape_SingleLayer_01, compiling. 
[2018.07.17-20.25.49:435][680]LogShaderCompilers: Display: Shaders left to compile 18
[2018.07.17-20.25.49:435][680]LogShaderCompilers: Display: Shaders left to compile 17
[2018.07.17-20.25.49:435][680]LogShaderCompilers: Display: Shaders left to compile 16
[2018.07.17-20.25.49:435][680]LogShaderCompilers: Display: Shaders left to compile 15
[2018.07.17-20.25.49:460][680]LogMaterial: Missing cached shader map for material FMatExpressionPreview MaterialExpressionLandscapeLayerCoords_8, compiling. 
[2018.07.17-20.25.49:464][680]LogMaterial: Missing cached shader map for material FMatExpressionPreview MaterialExpressionLandscapeLayerCoords_9, compiling. 
[2018.07.17-20.25.49:468][680]LogMaterial: Missing cached shader map for material FMatExpressionPreview MaterialExpressionLandscapeLayerCoords_5, compiling. 
[2018.07.17-20.25.49:471][680]LogMaterial: Missing cached shader map for material FMatExpressionPreview MaterialExpressionLandscapeLayerCoords_6, compiling. 
[2018.07.17-20.25.49:474][680]LogMaterial: Missing cached shader map for material FMatExpressionPreview MaterialExpressionLandscapeLayerCoords_2, compiling. 
[2018.07.17-20.25.49:478][680]LogMaterial: Missing cached shader map for material FMatExpressionPreview MaterialExpressionTextureSample_4, compiling. 
[2018.07.17-20.25.49:483][680]LogMaterial: Missing cached shader map for material FMatExpressionPreview MaterialExpressionTextureSample_5, compiling. 
[2018.07.17-20.25.49:488][680]LogMaterial: Missing cached shader map for material FMatExpressionPreview MaterialExpressionVectorParameter_4, compiling. 
[2018.07.17-20.25.49:492][680]LogMaterial: Missing cached shader map for material FMatExpressionPreview MaterialExpressionLandscapeLayerCoords_13, compiling. 
[2018.07.17-20.25.49:496][680]LogMaterial: Missing cached shader map for material FMatExpressionPreview MaterialExpressionLandscapeLayerCoords_14, compiling. 
[2018.07.17-20.25.49:500][680]LogMaterial: Missing cached shader map for material FMatExpressionPreview MaterialExpressionLandscapeLayerCoords_3, compiling. 
[2018.07.17-20.25.49:505][680]LogMaterial: Missing cached shader map for material FMatExpressionPreview MaterialExpressionLandscapeLayerCoords_4, compiling. 
[2018.07.17-20.25.49:510][680]LogMaterial: Missing cached shader map for material FMatExpressionPreview MaterialExpressionTextureSample_83, compiling. 
[2018.07.17-20.25.49:514][680]LogMaterial: Missing cached shader map for material FMatExpressionPreview MaterialExpressionAppendVector_38, compiling. 
[2018.07.17-20.25.49:518][680]LogMaterial: Missing cached shader map for material FMatExpressionPreview MaterialExpressionTextureSample_85, compiling. 
[2018.07.17-20.25.49:524][680]LogMaterial: Missing cached shader map for material FMatExpressionPreview MaterialExpressionAppendVector_39, compiling. 
[2018.07.17-20.25.49:528][680]LogMaterial: Missing cached shader map for material FMatExpressionPreview MaterialExpressionLandscapeLayerCoords_15, compiling. 
[2018.07.17-20.25.49:533][680]LogMaterial: Missing cached shader map for material FMatExpressionPreview MaterialExpressionLandscapeLayerCoords_16, compiling. 
[2018.07.17-20.25.49:537][680]LogMaterial: Missing cached shader map for material FMatExpressionPreview MaterialExpressionAppendVector_52, compiling. 
[2018.07.17-20.25.49:540][680]LogMaterial: Missing cached shader map for material FMatExpressionPreview MaterialExpressionTextureSample_99, compiling. 
[2018.07.17-20.25.49:544][680]LogMaterial: Missing cached shader map for material FMatExpressionPreview MaterialExpressionAppendVector_53, compiling. 
[2018.07.17-20.25.49:547][680]LogMaterial: Missing cached shader map for material FMatExpressionPreview MaterialExpressionTextureSample_100, compiling. 
[2018.07.17-20.25.49:550][680]LogMaterial: Missing cached shader map for material FMatExpressionPreview MaterialExpressionLandscapeLayerCoords_17, compiling. 
[2018.07.17-20.25.49:553][680]LogMaterial: Missing cached shader map for material FMatExpressionPreview MaterialExpressionLandscapeLayerCoords_18, compiling. 
[2018.07.17-20.25.49:556][680]LogMaterial: Missing cached shader map for material FMatExpressionPreview MaterialExpressionConstant3Vector_6, compiling. 
[2018.07.17-20.25.49:560][680]LogMaterial: Missing cached shader map for material FMatExpressionPreview MaterialExpressionConstant3Vector_0, compiling. 
[2018.07.17-20.25.49:563][680]LogMaterial: Missing cached shader map for material FMatExpressionPreview MaterialExpressionTextureSample_1, compiling. 
[2018.07.17-20.25.49:566][680]LogMaterial: Missing cached shader map for material FMatExpressionPreview MaterialExpressionTextureSample_6, compiling. 
[2018.07.17-20.25.49:569][680]LogMaterial: Missing cached shader map for material FMatExpressionPreview MaterialExpressionTextureSample_7, compiling. 
[2018.07.17-20.25.49:572][680]LogMaterial: Missing cached shader map for material FMatExpressionPreview MaterialExpressionTextureSample_8, compiling. 
[2018.07.17-20.25.49:575][680]LogMaterial: Missing cached shader map for material FMatExpressionPreview MaterialExpressionTextureSample_9, compiling. 
[2018.07.17-20.25.49:579][680]LogMaterial: Missing cached shader map for material FMatExpressionPreview MaterialExpressionTextureSample_10, compiling. 
[2018.07.17-20.25.49:586][680]LogSlate: Took 0.000224 seconds to synchronously load lazily loaded font '../../../Engine/Content/Slate/Fonts/Roboto-BoldCondensed.ttf' (158K)
[2018.07.17-20.25.49:819][681]LogSlate: Took 0.000256 seconds to synchronously load lazily loaded font '../../../Engine/Content/Slate/Fonts/Roboto-Italic.ttf' (157K)
[2018.07.17-20.25.50:136][695]LogShaderCompilers: Display: Shaders left to compile 78
[2018.07.17-20.25.50:276][702]LogShaderCompilers: Display: Shaders left to compile 77
[2018.07.17-20.25.50:539][713]LogShaderCompilers: Display: Shaders left to compile 76
[2018.07.17-20.25.50:540][713]LogShaderCompilers: Display: Shaders left to compile 75
[2018.07.17-20.25.50:667][720]LogShaderCompilers: Display: Shaders left to compile 74
[2018.07.17-20.25.50:691][721]LogShaderCompilers: Display: Shaders left to compile 73
[2018.07.17-20.25.50:886][731]LogShaderCompilers: Display: Shaders left to compile 72
[2018.07.17-20.25.51:218][750]LogShaderCompilers: Display: Shaders left to compile 71
[2018.07.17-20.25.51:416][760]LogShaderCompilers: Display: Shaders left to compile 70
[2018.07.17-20.25.51:474][763]LogShaderCompilers: Display: Shaders left to compile 69
[2018.07.17-20.25.51:629][771]LogShaderCompilers: Display: Shaders left to compile 68
[2018.07.17-20.25.51:657][771]LogShaderCompilers: Display: Shaders left to compile 67
[2018.07.17-20.25.52:104][793]LogShaderCompilers: Display: Shaders left to compile 66
[2018.07.17-20.25.52:324][805]LogShaderCompilers: Display: Shaders left to compile 65
[2018.07.17-20.25.52:375][808]LogShaderCompilers: Display: Shaders left to compile 64
[2018.07.17-20.25.52:423][810]LogShaderCompilers: Display: Shaders left to compile 63
[2018.07.17-20.25.52:755][827]LogShaderCompilers: Display: Shaders left to compile 62
[2018.07.17-20.25.52:788][829]LogShaderCompilers: Display: Shaders left to compile 61
[2018.07.17-20.25.52:802][830]LogShaderCompilers: Display: Shaders left to compile 60
[2018.07.17-20.25.52:806][830]MaterialEditorStats: Base pass shader: 147 instructions
[2018.07.17-20.25.52:806][830]MaterialEditorStats: Base pass shader with Surface Lightmap: 164 instructions
[2018.07.17-20.25.52:806][830]MaterialEditorStats: Base pass shader with Volumetric Lightmap: 221 instructions
[2018.07.17-20.25.52:806][830]MaterialEditorStats: Vertex shader: 47 instructions
[2018.07.17-20.25.52:806][830]MaterialEditorStats: Texture samplers: 5/16
[2018.07.17-20.25.52:806][830]MaterialEditorStats: User interpolators: 6/8 Scalars (2/4 Vectors) (TexCoords: 6, Custom: 0)
[2018.07.17-20.25.52:826][831]LogShaderCompilers: Display: Shaders left to compile 59
[2018.07.17-20.25.53:203][850]LogShaderCompilers: Display: Shaders left to compile 58
[2018.07.17-20.25.53:225][851]LogShaderCompilers: Display: Shaders left to compile 57
[2018.07.17-20.25.53:256][853]LogShaderCompilers: Display: Shaders left to compile 56
[2018.07.17-20.25.53:290][855]LogShaderCompilers: Display: Shaders left to compile 55
[2018.07.17-20.25.53:607][871]LogShaderCompilers: Display: Shaders left to compile 54
[2018.07.17-20.25.53:670][875]LogShaderCompilers: Display: Shaders left to compile 53
[2018.07.17-20.25.53:694][876]LogShaderCompilers: Display: Shaders left to compile 52
[2018.07.17-20.25.53:706][877]LogShaderCompilers: Display: Shaders left to compile 51
[2018.07.17-20.25.54:072][895]LogShaderCompilers: Display: Shaders left to compile 50
[2018.07.17-20.25.54:092][896]LogShaderCompilers: Display: Shaders left to compile 49
[2018.07.17-20.25.54:092][896]LogShaderCompilers: Display: Shaders left to compile 48
[2018.07.17-20.25.54:204][902]LogShaderCompilers: Display: Shaders left to compile 47
[2018.07.17-20.25.54:444][914]LogShaderCompilers: Display: Shaders left to compile 46
[2018.07.17-20.25.54:552][920]LogShaderCompilers: Display: Shaders left to compile 45
[2018.07.17-20.25.54:572][921]LogShaderCompilers: Display: Shaders left to compile 44
[2018.07.17-20.25.54:583][922]LogShaderCompilers: Display: Shaders left to compile 43
[2018.07.17-20.25.54:936][939]LogShaderCompilers: Display: Shaders left to compile 42
[2018.07.17-20.25.54:958][940]LogShaderCompilers: Display: Shaders left to compile 41
[2018.07.17-20.25.54:971][941]LogShaderCompilers: Display: Shaders left to compile 40
[2018.07.17-20.25.55:036][945]LogShaderCompilers: Display: Shaders left to compile 39
[2018.07.17-20.25.55:343][960]LogShaderCompilers: Display: Shaders left to compile 38
[2018.07.17-20.25.55:405][963]LogShaderCompilers: Display: Shaders left to compile 37
[2018.07.17-20.25.55:440][965]LogShaderCompilers: Display: Shaders left to compile 36
[2018.07.17-20.25.55:440][965]LogShaderCompilers: Display: Shaders left to compile 35
[2018.07.17-20.25.55:773][982]LogShaderCompilers: Display: Shaders left to compile 34
[2018.07.17-20.25.55:843][986]LogShaderCompilers: Display: Shaders left to compile 33
[2018.07.17-20.25.55:843][986]LogShaderCompilers: Display: Shaders left to compile 32
[2018.07.17-20.25.55:875][988]LogShaderCompilers: Display: Shaders left to compile 31
[2018.07.17-20.25.56:206][  5]LogShaderCompilers: Display: Shaders left to compile 30
[2018.07.17-20.25.56:225][  6]LogShaderCompilers: Display: Shaders left to compile 29
[2018.07.17-20.25.56:249][  7]LogShaderCompilers: Display: Shaders left to compile 28
[2018.07.17-20.25.56:317][ 11]LogShaderCompilers: Display: Shaders left to compile 27
[2018.07.17-20.25.56:643][ 27]LogShaderCompilers: Display: Shaders left to compile 26
[2018.07.17-20.25.56:719][ 31]LogShaderCompilers: Display: Shaders left to compile 25
[2018.07.17-20.25.56:740][ 32]LogShaderCompilers: Display: Shaders left to compile 24
[2018.07.17-20.25.56:752][ 33]LogShaderCompilers: Display: Shaders left to compile 23
[2018.07.17-20.25.57:085][ 50]LogShaderCompilers: Display: Shaders left to compile 22
[2018.07.17-20.25.57:118][ 52]LogShaderCompilers: Display: Shaders left to compile 21
[2018.07.17-20.25.57:140][ 53]LogShaderCompilers: Display: Shaders left to compile 20
[2018.07.17-20.25.57:185][ 56]LogShaderCompilers: Display: Shaders left to compile 19
[2018.07.17-20.25.57:476][ 70]LogShaderCompilers: Display: Shaders left to compile 18
[2018.07.17-20.25.57:555][ 75]LogShaderCompilers: Display: Shaders left to compile 17
[2018.07.17-20.25.57:580][ 76]LogShaderCompilers: Display: Shaders left to compile 16
[2018.07.17-20.25.57:581][ 76]LogShaderCompilers: Display: Shaders left to compile 15
[2018.07.17-20.25.57:954][ 95]LogShaderCompilers: Display: Shaders left to compile 14
[2018.07.17-20.25.57:973][ 96]LogShaderCompilers: Display: Shaders left to compile 13
[2018.07.17-20.25.57:988][ 97]LogShaderCompilers: Display: Shaders left to compile 12
[2018.07.17-20.25.58:042][100]LogShaderCompilers: Display: Shaders left to compile 11
[2018.07.17-20.25.58:341][115]LogShaderCompilers: Display: Shaders left to compile 10
[2018.07.17-20.25.58:436][120]LogShaderCompilers: Display: Shaders left to compile 9
[2018.07.17-20.25.58:455][121]LogShaderCompilers: Display: Shaders left to compile 8
[2018.07.17-20.25.58:467][122]LogShaderCompilers: Display: Shaders left to compile 7
[2018.07.17-20.25.58:820][140]LogShaderCompilers: Display: Shaders left to compile 6
[2018.07.17-20.25.58:845][141]LogShaderCompilers: Display: Shaders left to compile 5
[2018.07.17-20.25.58:845][141]LogShaderCompilers: Display: Shaders left to compile 4
[2018.07.17-20.25.58:889][144]LogShaderCompilers: Display: Shaders left to compile 3
[2018.07.17-20.25.59:226][160]LogShaderCompilers: Display: Shaders left to compile 2
[2018.07.17-20.25.59:264][162]LogShaderCompilers: Display: Shaders left to compile 1
[2018.07.17-20.27.01:382][370]LogSlate: Window 'Group_Project - Unreal Editor' being destroyed
[2018.07.17-20.27.01:384][370]LogWindowsTextInputMethodSystem: Display: IME system now deactivated.
[2018.07.17-20.27.01:618][371]Cmd: QUIT_EDITOR
[2018.07.17-20.27.01:667][371]LogSlate: Slate User Destroyed.  User Index 0, Is Virtual User: 0
[2018.07.17-20.27.01:667][371]LogExit: Preparing to exit.
[2018.07.17-20.27.02:629][371]LogDirectoryWatcher: A directory notification for 'C:/Users/iD Student/Desktop/Matthew M/ID-Tech-Group-Project/Group_Project/Content/' was aborted.
[2018.07.17-20.27.02:658][371]LogExit: Editor shut down
[2018.07.17-20.27.02:663][371]LogExit: Transaction tracking system shut down
[2018.07.17-20.27.02:890][371]LogDirectoryWatcher: A directory notification for '../../../Engine/Content/' was aborted.
[2018.07.17-20.27.02:890][371]LogDirectoryWatcher: A directory notification for '../../../../../../Users/iD Student/Desktop/Matthew M/ID-Tech-Group-Project/Group_Project/Content/' was aborted.
[2018.07.17-20.27.02:890][371]LogDirectoryWatcher: A directory notification for '../../Plugins/2D/Paper2D/Content/' was aborted.
[2018.07.17-20.27.02:890][371]LogDirectoryWatcher: A directory notification for '../../Plugins/Enterprise/DatasmithContent/Content/' was aborted.
[2018.07.17-20.27.02:890][371]LogDirectoryWatcher: A directory notification for '../../Plugins/Media/MediaCompositing/Content/' was aborted.
[2018.07.17-20.27.02:890][371]LogDirectoryWatcher: A directory notification for '../../Plugins/Runtime/AppleARKit/Content/' was aborted.
[2018.07.17-20.27.02:890][371]LogDirectoryWatcher: A directory notification for '../../Plugins/Runtime/Oculus/OculusVR/Content/' was aborted.
[2018.07.17-20.27.02:890][371]LogDirectoryWatcher: A directory notification for '../../Plugins/Runtime/Steam/SteamVR/Content/' was aborted.
[2018.07.17-20.27.02:941][371]LogExit: Object subsystem successfully closed.
[2018.07.17-20.27.02:958][371]LogShaderCompilers: Display: Shaders left to compile 0
[2018.07.17-20.27.02:959][371]LogD3D11RHI: Shutdown
[2018.07.17-20.27.02:959][371]LogD3D11RHI: CleanupD3DDevice
[2018.07.17-20.27.02:961][371]LogD3D11RHI: ~FD3D11DynamicRHI
[2018.07.17-20.27.02:975][371]LogModuleManager: Shutting down and abandoning module HierarchicalLODOutliner (574)
[2018.07.17-20.27.02:975][371]LogModuleManager: Shutting down and abandoning module SceneOutliner (572)
[2018.07.17-20.27.02:975][371]LogModuleManager: Shutting down and abandoning module AddContentDialog (570)
[2018.07.17-20.27.02:976][371]LogDirectoryWatcher: A directory notification for 'C:/Program Files/Epic Games/UE_4.19/FeaturePacks/' was aborted.
[2018.07.17-20.27.02:976][371]LogModuleManager: Shutting down and abandoning module WidgetCarousel (569)
[2018.07.17-20.27.02:976][371]LogModuleManager: Shutting down and abandoning module EditorWidgets (566)
[2018.07.17-20.27.02:976][371]LogModuleManager: Shutting down and abandoning module CollectionManager (564)
[2018.07.17-20.27.02:976][371]LogDirectoryWatcher: A directory notification for 'C:/Users/iD Student/Desktop/Matthew M/ID-Tech-Group-Project/Group_Project/Content/Collections/' was aborted.
[2018.07.17-20.27.02:976][371]LogDirectoryWatcher: A directory notification for 'C:/Users/iD Student/Desktop/Matthew M/ID-Tech-Group-Project/Group_Project/Content/Developers/iDStudent/Collections/' was aborted.
[2018.07.17-20.27.02:976][371]LogDirectoryWatcher: A directory notification for 'C:/Users/iD Student/Desktop/Matthew M/ID-Tech-Group-Project/Group_Project/Saved/Collections/' was aborted.
[2018.07.17-20.27.02:976][371]LogModuleManager: Shutting down and abandoning module StatsViewer (562)
[2018.07.17-20.27.02:976][371]LogModuleManager: Shutting down and abandoning module FoliageEdit (560)
[2018.07.17-20.27.02:976][371]LogModuleManager: Shutting down and abandoning module LandscapeEditor (558)
[2018.07.17-20.27.02:977][371]LogModuleManager: Shutting down and abandoning module MeshPaintMode (556)
[2018.07.17-20.27.02:977][371]LogModuleManager: Shutting down and abandoning module SceneDepthPickerMode (554)
[2018.07.17-20.27.02:977][371]LogModuleManager: Shutting down and abandoning module ActorPickerMode (552)
[2018.07.17-20.27.02:977][371]LogModuleManager: Shutting down and abandoning module GeometryMode (550)
[2018.07.17-20.27.02:977][371]LogModuleManager: Shutting down and abandoning module TextureAlignMode (548)
[2018.07.17-20.27.02:977][371]LogModuleManager: Shutting down and abandoning module BspMode (546)
[2018.07.17-20.27.02:977][371]LogModuleManager: Shutting down and abandoning module PIEPreviewDeviceProfileSelector (544)
[2018.07.17-20.27.02:977][371]LogModuleManager: Shutting down and abandoning module HardwareSurvey (542)
[2018.07.17-20.27.02:977][371]LogModuleManager: Shutting down and abandoning module SequenceRecorderSections (540)
[2018.07.17-20.27.02:977][371]LogModuleManager: Shutting down and abandoning module AutomationWorker (538)
[2018.07.17-20.27.02:977][371]LogModuleManager: Shutting down and abandoning module AudioCaptureEditor (536)
[2018.07.17-20.27.02:977][371]LogModuleManager: Shutting down and abandoning module SequenceRecorder (535)
[2018.07.17-20.27.02:977][371]LogModuleManager: Shutting down and abandoning module MatineeToLevelSequence (532)
[2018.07.17-20.27.02:977][371]LogModuleManager: Shutting down and abandoning module LevelSequenceEditor (530)
[2018.07.17-20.27.02:977][371]LogModuleManager: Shutting down and abandoning module PlacementMode (529)
[2018.07.17-20.27.02:977][371]LogModuleManager: Shutting down and abandoning module MaterialEditor (528)
[2018.07.17-20.27.02:977][371]LogModuleManager: Shutting down and abandoning module WmfMediaFactory (524)
[2018.07.17-20.27.02:977][371]LogModuleManager: Shutting down and abandoning module WmfMediaEditor (522)
[2018.07.17-20.27.02:977][371]LogModuleManager: Shutting down and abandoning module MediaPlayerEditor (520)
[2018.07.17-20.27.02:977][371]LogModuleManager: Shutting down and abandoning module OpenExrWrapper (518)
[2018.07.17-20.27.02:977][371]LogModuleManager: Shutting down and abandoning module ImgMediaFactory (516)
[2018.07.17-20.27.02:977][371]LogModuleManager: Shutting down and abandoning module ImgMediaEditor (514)
[2018.07.17-20.27.02:977][371]LogModuleManager: Shutting down and abandoning module AvfMediaFactory (512)
[2018.07.17-20.27.02:977][371]LogModuleManager: Shutting down and abandoning module AvfMediaEditor (510)
[2018.07.17-20.27.02:977][371]LogModuleManager: Shutting down and abandoning module AndroidMediaFactory (508)
[2018.07.17-20.27.02:977][371]LogModuleManager: Shutting down and abandoning module AndroidMediaEditor (506)
[2018.07.17-20.27.02:977][371]LogModuleManager: Shutting down and abandoning module CharacterAI (504)
[2018.07.17-20.27.02:977][371]LogModuleManager: Shutting down and abandoning module SmartSnapping (502)
[2018.07.17-20.27.02:977][371]LogModuleManager: Shutting down and abandoning module SessionServices (500)
[2018.07.17-20.27.02:977][371]LogModuleManager: Shutting down and abandoning module ViewportSnapping (498)
[2018.07.17-20.27.02:977][371]LogModuleManager: Shutting down and abandoning module ViewportInteraction (496)
[2018.07.17-20.27.02:977][371]LogModuleManager: Shutting down and abandoning module ClothPainter (494)
[2018.07.17-20.27.02:977][371]LogModuleManager: Shutting down and abandoning module SkeletalMeshEditor (493)
[2018.07.17-20.27.02:977][371]LogModuleManager: Shutting down and abandoning module LogVisualizer (490)
[2018.07.17-20.27.02:977][371]LogModuleManager: Shutting down and abandoning module IntroTutorials (488)
[2018.07.17-20.27.02:977][371]LogModuleManager: Shutting down and abandoning module GameProjectGeneration (487)
[2018.07.17-20.27.02:977][371]LogModuleManager: Shutting down and abandoning module IOSPlatformEditor (484)
[2018.07.17-20.27.02:978][371]LogModuleManager: Shutting down and abandoning module HTML5PlatformEditor (482)
[2018.07.17-20.27.02:978][371]LogModuleManager: Shutting down and abandoning module AndroidPlatformEditor (480)
[2018.07.17-20.27.02:978][371]LogModuleManager: Shutting down and abandoning module AndroidDeviceDetection (479)
[2018.07.17-20.27.03:260][371]LogModuleManager: Shutting down and abandoning module WindowsPlatformEditor (476)
[2018.07.17-20.27.03:260][371]LogModuleManager: Shutting down and abandoning module IOSRuntimeSettings (474)
[2018.07.17-20.27.03:260][371]LogModuleManager: Shutting down and abandoning module AndroidRuntimeSettings (472)
[2018.07.17-20.27.03:260][371]LogModuleManager: Shutting down and abandoning module InputBindingEditor (470)
[2018.07.17-20.27.03:260][371]LogModuleManager: Shutting down and abandoning module MergeActors (468)
[2018.07.17-20.27.03:260][371]LogModuleManager: Shutting down and abandoning module LocalizationDashboard (466)
[2018.07.17-20.27.03:260][371]LogModuleManager: Shutting down and abandoning module LocalizationService (465)
[2018.07.17-20.27.03:260][371]LogModuleManager: Shutting down and abandoning module HardwareTargeting (462)
[2018.07.17-20.27.03:260][371]LogModuleManager: Shutting down and abandoning module DeviceProfileEditor (460)
[2018.07.17-20.27.03:260][371]LogModuleManager: Shutting down and abandoning module UndoHistory (458)
[2018.07.17-20.27.03:260][371]LogModuleManager: Shutting down and abandoning module XmlParser (456)
[2018.07.17-20.27.03:260][371]LogModuleManager: Shutting down and abandoning module Blutility (454)
[2018.07.17-20.27.03:260][371]LogModuleManager: Shutting down and abandoning module ProjectSettingsViewer (452)
[2018.07.17-20.27.03:260][371]LogModuleManager: Shutting down and abandoning module ProjectTargetPlatformEditor (451)
[2018.07.17-20.27.03:261][371]LogModuleManager: Shutting down and abandoning module EditorSettingsViewer (448)
[2018.07.17-20.27.03:261][371]LogModuleManager: Shutting down and abandoning module SettingsEditor (446)
[2018.07.17-20.27.03:261][371]LogModuleManager: Shutting down and abandoning module ProjectLauncher (444)
[2018.07.17-20.27.03:261][371]LogModuleManager: Shutting down and abandoning module SessionFrontend (442)
[2018.07.17-20.27.03:261][371]LogModuleManager: Shutting down and abandoning module ProfilerClient (440)
[2018.07.17-20.27.03:261][371]LogModuleManager: Shutting down and abandoning module DeviceManager (438)
[2018.07.17-20.27.03:261][371]LogModuleManager: Shutting down and abandoning module TargetDeviceServices (437)
[2018.07.17-20.27.03:324][371]LogModuleManager: Shutting down and abandoning module AutomationController (434)
[2018.07.17-20.27.03:324][371]LogModuleManager: Shutting down and abandoning module AutomationWindow (432)
[2018.07.17-20.27.03:324][371]LogModuleManager: Shutting down and abandoning module Layers (430)
[2018.07.17-20.27.03:324][371]LogModuleManager: Shutting down and abandoning module ComponentVisualizers (428)
[2018.07.17-20.27.03:324][371]LogModuleManager: Shutting down and abandoning module DetailCustomizations (426)
[2018.07.17-20.27.03:324][371]LogModuleManager: Shutting down and abandoning module PackagesDialog (424)
[2018.07.17-20.27.03:324][371]LogModuleManager: Shutting down and abandoning module Persona (422)
[2018.07.17-20.27.03:324][371]LogModuleManager: Shutting down and abandoning module AdvancedPreviewScene (421)
[2018.07.17-20.27.03:324][371]LogModuleManager: Shutting down and abandoning module AnimGraph (419)
[2018.07.17-20.27.03:324][371]LogModuleManager: Shutting down and abandoning module Kismet (416)
[2018.07.17-20.27.03:325][371]LogModuleManager: Shutting down and abandoning module GraphEditor (414)
[2018.07.17-20.27.03:325][371]LogModuleManager: Shutting down and abandoning module ClassViewer (412)
[2018.07.17-20.27.03:325][371]LogModuleManager: Shutting down and abandoning module Toolbox (410)
[2018.07.17-20.27.03:325][371]LogModuleManager: Shutting down and abandoning module ModuleUI (408)
[2018.07.17-20.27.03:326][371]LogModuleManager: Shutting down and abandoning module MovieSceneTools (406)
[2018.07.17-20.27.03:326][371]LogModuleManager: Shutting down and abandoning module OutputLog (404)
[2018.07.17-20.27.03:326][371]LogModuleManager: Shutting down and abandoning module GammaUI (402)
[2018.07.17-20.27.03:326][371]LogModuleManager: Shutting down and abandoning module Documentation (400)
[2018.07.17-20.27.03:326][371]LogModuleManager: Shutting down and abandoning module MovieSceneTracks (398)
[2018.07.17-20.27.03:326][371]LogModuleManager: Shutting down and abandoning module MovieScene (396)
[2018.07.17-20.27.03:326][371]LogModuleManager: Shutting down and abandoning module StreamingPauseRendering (394)
[2018.07.17-20.27.03:326][371]LogModuleManager: Shutting down and abandoning module LauncherPlatform (392)
[2018.07.17-20.27.03:326][371]LogModuleManager: Shutting down and abandoning module AnalyticsET (390)
[2018.07.17-20.27.03:326][371]LogModuleManager: Shutting down and abandoning module PortalServices (388)
[2018.07.17-20.27.03:326][371]LogModuleManager: Shutting down and abandoning module PortalRpc (386)
[2018.07.17-20.27.03:326][371]LogModuleManager: Shutting down and abandoning module MessagingRpc (384)
[2018.07.17-20.27.03:326][371]LogModuleManager: Shutting down and abandoning module AIModule (382)
[2018.07.17-20.27.03:326][371]LogModuleManager: Shutting down and abandoning module GameplayDebugger (381)
[2018.07.17-20.27.03:326][371]LogModuleManager: Shutting down and abandoning module AITestSuite (379)
[2018.07.17-20.27.03:326][371]LogModuleManager: Shutting down and abandoning module DesktopPlatform (376)
[2018.07.17-20.27.03:326][371]LogModuleManager: Shutting down and abandoning module ProfilerService (374)
[2018.07.17-20.27.03:522][371]LogModuleManager: Shutting down and abandoning module TaskGraph (372)
[2018.07.17-20.27.03:522][371]LogModuleManager: Shutting down and abandoning module SteamVRController (370)
[2018.07.17-20.27.03:522][371]LogModuleManager: Shutting down and abandoning module ProceduralMeshComponentEditor (368)
[2018.07.17-20.27.03:522][371]LogModuleManager: Shutting down and abandoning module ProceduralMeshComponent (366)
[2018.07.17-20.27.03:522][371]LogModuleManager: Shutting down and abandoning module OculusInput (364)
[2018.07.17-20.27.03:522][371]LogModuleManager: Shutting down and abandoning module MobilePatchingUtils (362)
[2018.07.17-20.27.03:522][371]LogModuleManager: Shutting down and abandoning module CustomMeshComponent (360)
[2018.07.17-20.27.03:522][371]LogModuleManager: Shutting down and abandoning module CableComponent (358)
[2018.07.17-20.27.03:522][371]LogModuleManager: Shutting down and abandoning module AudioCapture (356)
[2018.07.17-20.27.03:522][371]LogModuleManager: Shutting down and abandoning module ArchVisCharacter (354)
[2018.07.17-20.27.03:522][371]LogModuleManager: Shutting down and abandoning module AndroidPermission (352)
[2018.07.17-20.27.03:522][371]LogModuleManager: Shutting down and abandoning module NUTUnrealEngine4 (348)
[2018.07.17-20.27.03:523][371]LogModuleManager: Shutting down and abandoning module NetcodeUnitTest (346)
[2018.07.17-20.27.03:523][371]LogModuleManager: Shutting down and abandoning module MediaCompositingEditor (344)
[2018.07.17-20.27.03:523][371]LogModuleManager: Shutting down and abandoning module MediaCompositing (342)
[2018.07.17-20.27.03:523][371]LogModuleManager: Shutting down and abandoning module LinearTimecode (340)
[2018.07.17-20.27.03:523][371]LogModuleManager: Shutting down and abandoning module ImgMedia (338)
[2018.07.17-20.27.03:530][371]LogModuleManager: Shutting down and abandoning module HTML5Networking (336)
[2018.07.17-20.27.03:530][371]LogModuleManager: Shutting down and abandoning module AlembicImporter (334)
[2018.07.17-20.27.03:530][371]LogModuleManager: Shutting down and abandoning module AlembicLibrary (333)
[2018.07.17-20.27.03:531][371]LogModuleManager: Shutting down and abandoning module GeometryCache (332)
[2018.07.17-20.27.03:531][371]LogModuleManager: Shutting down and abandoning module GeometryCacheEd (331)
[2018.07.17-20.27.03:531][371]LogModuleManager: Shutting down and abandoning module DatasmithContent (326)
[2018.07.17-20.27.03:531][371]LogModuleManager: Shutting down and abandoning module SpeedTreeImporter (324)
[2018.07.17-20.27.03:531][371]LogModuleManager: Shutting down and abandoning module PluginBrowser (322)
[2018.07.17-20.27.03:531][371]LogModuleManager: Shutting down and abandoning module MobileLauncherProfileWizard (320)
[2018.07.17-20.27.03:531][371]LogModuleManager: Shutting down and abandoning module CryptoKeysOpenSSL (318)
[2018.07.17-20.27.03:531][371]LogModuleManager: Shutting down and abandoning module CryptoKeys (316)
[2018.07.17-20.27.03:531][371]LogModuleManager: Shutting down and abandoning module VisualStudioSourceCodeAccess (314)
[2018.07.17-20.27.03:531][371]LogModuleManager: Shutting down and abandoning module VisualStudioCodeSourceCodeAccess (312)
[2018.07.17-20.27.03:531][371]LogModuleManager: Shutting down and abandoning module UObjectPlugin (310)
[2018.07.17-20.27.03:532][371]LogModuleManager: Shutting down and abandoning module SubversionSourceControl (308)
[2018.07.17-20.27.03:532][371]LogModuleManager: Shutting down and abandoning module PerforceSourceControl (306)
[2018.07.17-20.27.03:532][371]LogModuleManager: Shutting down and abandoning module GitSourceControl (304)
[2018.07.17-20.27.03:532][371]LogModuleManager: Shutting down and abandoning module SourceControl (303)
[2018.07.17-20.27.03:532][371]LogModuleManager: Shutting down and abandoning module CLionSourceCodeAccess (300)
[2018.07.17-20.27.03:532][371]LogModuleManager: Shutting down and abandoning module LightPropagationVolumeEditor (298)
[2018.07.17-20.27.03:532][371]LogModuleManager: Shutting down and abandoning module PaperTiledImporter (296)
[2018.07.17-20.27.03:532][371]LogModuleManager: Shutting down and abandoning module PaperSpriteSheetImporter (294)
[2018.07.17-20.27.03:533][371]LogModuleManager: Shutting down and abandoning module Paper2DEditor (292)
[2018.07.17-20.27.03:533][371]LogModuleManager: Shutting down and abandoning module MeshPaint (291)
[2018.07.17-20.27.03:533][371]LogModuleManager: Shutting down and abandoning module RuntimePhysXCooking (288)
[2018.07.17-20.27.03:533][371]LogModuleManager: Shutting down and abandoning module PhysXVehiclesEditor (286)
[2018.07.17-20.27.03:533][371]LogModuleManager: Shutting down and abandoning module PhysXVehicles (284)
[2018.07.17-20.27.03:533][371]LogModuleManager: Shutting down and abandoning module OculusEditor (282)
[2018.07.17-20.27.03:533][371]LogModuleManager: Shutting down and abandoning module LocationServicesBPLibrary (280)
[2018.07.17-20.27.03:533][371]LogModuleManager: Shutting down and abandoning module ImmediatePhysicsEditor (278)
[2018.07.17-20.27.03:533][371]LogModuleManager: Shutting down and abandoning module ImmediatePhysics (276)
[2018.07.17-20.27.03:533][371]LogModuleManager: Shutting down and abandoning module ActorSequence (274)
[2018.07.17-20.27.03:533][371]LogModuleManager: Shutting down and abandoning module UdpMessaging (272)
[2018.07.17-20.27.03:634][371]LogModuleManager: Shutting down and abandoning module TcpMessaging (270)
[2018.07.17-20.27.03:735][371]LogModuleManager: Shutting down and abandoning module GameplayTagsEditor (268)
[2018.07.17-20.27.03:735][371]LogModuleManager: Shutting down and abandoning module FacialAnimationEditor (266)
[2018.07.17-20.27.03:735][371]LogModuleManager: Shutting down and abandoning module FacialAnimation (264)
[2018.07.17-20.27.03:735][371]LogModuleManager: Shutting down and abandoning module DataValidation (262)
[2018.07.17-20.27.03:735][371]LogModuleManager: Shutting down and abandoning module AssetManagerEditor (260)
[2018.07.17-20.27.03:736][371]LogModuleManager: Shutting down and abandoning module LevelEditor (259)
[2018.07.17-20.27.03:738][371]LogModuleManager: Shutting down and abandoning module PixelInspectorModule (258)
[2018.07.17-20.27.03:738][371]LogModuleManager: Shutting down and abandoning module CommonMenuExtensions (256)
[2018.07.17-20.27.03:738][371]LogModuleManager: Shutting down and abandoning module MainFrame (254)
[2018.07.17-20.27.03:739][371]LogModuleManager: Shutting down and abandoning module HotReload (253)
[2018.07.17-20.27.03:740][371]LogModuleManager: Shutting down and abandoning module ContentBrowser (249)
[2018.07.17-20.27.03:743][371]LogModuleManager: Shutting down and abandoning module TreeMap (247)
[2018.07.17-20.27.03:743][371]LogModuleManager: Shutting down and abandoning module LightPropagationVolumeRuntime (244)
[2018.07.17-20.27.03:743][371]LogModuleManager: Shutting down and abandoning module LiveLinkEditor (242)
[2018.07.17-20.27.03:743][371]LogModuleManager: Shutting down and abandoning module LiveLink (240)
[2018.07.17-20.27.04:257][371]LogModuleManager: Shutting down and abandoning module Paper2D (238)
[2018.07.17-20.27.04:257][371]LogModuleManager: Shutting down and abandoning module WindowsMoviePlayer (236)
[2018.07.17-20.27.04:257][371]LogModuleManager: Shutting down and abandoning module WmfMedia (234)
[2018.07.17-20.27.04:259][371]LogModuleManager: Shutting down and abandoning module Media (233)
[2018.07.17-20.27.04:266][371]LogModuleManager: Shutting down and abandoning module PacketHandler (230)
[2018.07.17-20.27.04:266][371]LogModuleManager: Shutting down and abandoning module ClothingSystemEditor (228)
[2018.07.17-20.27.04:266][371]LogModuleManager: Shutting down and abandoning module ClothingSystemRuntime (226)
[2018.07.17-20.27.04:266][371]LogModuleManager: Shutting down and abandoning module MediaAssets (224)
[2018.07.17-20.27.04:266][371]LogModuleManager: Shutting down and abandoning module Overlay (222)
[2018.07.17-20.27.04:266][371]LogModuleManager: Shutting down and abandoning module OverlayEditor (221)
[2018.07.17-20.27.04:266][371]LogModuleManager: Shutting down and abandoning module VREditor (218)
[2018.07.17-20.27.04:266][371]LogModuleManager: Shutting down and abandoning module StringTableEditor (216)
[2018.07.17-20.27.04:266][371]LogModuleManager: Shutting down and abandoning module GameplayTasksEditor (214)
[2018.07.17-20.27.04:266][371]LogModuleManager: Shutting down and abandoning module BehaviorTreeEditor (212)
[2018.07.17-20.27.04:267][371]LogModuleManager: Shutting down and abandoning module FunctionalTesting (210)
[2018.07.17-20.27.04:267][371]LogModuleManager: Shutting down and abandoning module CollisionAnalyzer (208)
[2018.07.17-20.27.04:267][371]LogModuleManager: Shutting down and abandoning module WorkspaceMenuStructure (207)
[2018.07.17-20.27.04:267][371]LogModuleManager: Shutting down and abandoning module UMG (204)
[2018.07.17-20.27.04:267][371]LogModuleManager: Shutting down and abandoning module UMGEditor (203)
[2018.07.17-20.27.04:267][371]LogModuleManager: Shutting down and abandoning module Sequencer (202)
[2018.07.17-20.27.04:267][371]LogModuleManager: Shutting down and abandoning module MessageLog (199)
[2018.07.17-20.27.04:267][371]LogModuleManager: Shutting down and abandoning module SlateReflector (194)
[2018.07.17-20.27.04:267][371]LogModuleManager: Shutting down and abandoning module Slate (192)
[2018.07.17-20.27.04:267][371]LogModuleManager: Shutting down and abandoning module EditorStyle (190)
[2018.07.17-20.27.04:271][371]LogModuleManager: Shutting down and abandoning module MRMesh (188)
[2018.07.17-20.27.04:271][371]LogModuleManager: Shutting down and abandoning module SourceCodeAccess (186)
[2018.07.17-20.27.04:271][371]LogModuleManager: Shutting down and abandoning module HeadMountedDisplay (184)
[2018.07.17-20.27.04:271][371]LogModuleManager: Shutting down and abandoning module XAudio2 (182)
[2018.07.17-20.27.04:271][371]LogModuleManager: Shutting down and abandoning module Networking (180)
[2018.07.17-20.27.04:271][371]LogModuleManager: Shutting down and abandoning module Core (178)
[2018.07.17-20.27.04:271][371]LogModuleManager: Shutting down and abandoning module LevelSequence (176)
[2018.07.17-20.27.04:271][371]LogModuleManager: Shutting down and abandoning module KismetCompiler (174)
[2018.07.17-20.27.04:271][371]LogModuleManager: Shutting down and abandoning module MeshUtilities (172)
[2018.07.17-20.27.04:271][371]LogModuleManager: Shutting down and abandoning module MeshMergeUtilities (171)
[2018.07.17-20.27.04:271][371]LogModuleManager: Shutting down and abandoning module MeshReductionInterface (170)
[2018.07.17-20.27.04:271][371]LogModuleManager: Shutting down and abandoning module SimplygonSwarm (169)
[2018.07.17-20.27.04:271][371]LogModuleManager: Shutting down and abandoning module SimplygonMeshReduction (167)
[2018.07.17-20.27.04:271][371]LogModuleManager: Shutting down and abandoning module QuadricMeshReduction (165)
[2018.07.17-20.27.04:271][371]LogModuleManager: Shutting down and abandoning module MaterialBaking (161)
[2018.07.17-20.27.04:271][371]LogModuleManager: Shutting down and abandoning module DirectoryWatcher (157)
[2018.07.17-20.27.04:272][371]LogModuleManager: Shutting down and abandoning module DerivedDataCache (154)
[2018.07.17-20.27.04:424][371]LogDerivedDataCache: Shutdown
[2018.07.17-20.27.04:424][371]LogModuleManager: Shutting down and abandoning module XGEController (152)
[2018.07.17-20.27.04:424][371]LogXGEController: Cleaning working directory: C:/Users/iD Student/AppData/Local/Temp/UnrealXGEWorkingDir/
[2018.07.17-20.27.04:425][371]LogModuleManager: Shutting down and abandoning module TargetPlatform (150)
[2018.07.17-20.27.04:425][371]LogModuleManager: Shutting down and abandoning module VulkanShaderFormat (149)
[2018.07.17-20.27.04:425][371]LogModuleManager: Shutting down and abandoning module ShaderFormatVectorVM (147)
[2018.07.17-20.27.04:425][371]LogModuleManager: Shutting down and abandoning module ShaderFormatOpenGL (145)
[2018.07.17-20.27.04:425][371]LogModuleManager: Shutting down and abandoning module ShaderFormatD3D (143)
[2018.07.17-20.27.04:425][371]LogModuleManager: Shutting down and abandoning module MetalShaderFormat (141)
[2018.07.17-20.27.04:425][371]LogModuleManager: Shutting down and abandoning module TextureFormatUncompressed (139)
[2018.07.17-20.27.04:425][371]LogModuleManager: Shutting down and abandoning module TextureFormatPVR (137)
[2018.07.17-20.27.04:425][371]LogModuleManager: Shutting down and abandoning module TextureFormatDXT (135)
[2018.07.17-20.27.04:425][371]LogModuleManager: Shutting down and abandoning module TextureFormatIntelISPCTexComp (133)
[2018.07.17-20.27.04:426][371]LogModuleManager: Shutting down and abandoning module TextureFormatASTC (131)
[2018.07.17-20.27.04:426][371]LogModuleManager: Shutting down and abandoning module ImageWrapper (130)
[2018.07.17-20.27.04:426][371]LogModuleManager: Shutting down and abandoning module TextureFormatAndroid (127)
[2018.07.17-20.27.04:426][371]LogModuleManager: Shutting down and abandoning module AudioFormatOpus (125)
[2018.07.17-20.27.04:426][371]LogModuleManager: Shutting down and abandoning module AudioFormatOgg (123)
[2018.07.17-20.27.04:426][371]LogModuleManager: Shutting down and abandoning module AudioFormatADPCM (121)
[2018.07.17-20.27.04:426][371]LogModuleManager: Shutting down and abandoning module LinuxTargetPlatform (119)
[2018.07.17-20.27.04:426][371]LogModuleManager: Shutting down and abandoning module LinuxServerTargetPlatform (117)
[2018.07.17-20.27.04:426][371]LogModuleManager: Shutting down and abandoning module LinuxNoEditorTargetPlatform (115)
[2018.07.17-20.27.04:426][371]LogModuleManager: Shutting down and abandoning module LinuxClientTargetPlatform (113)
[2018.07.17-20.27.04:426][371]LogModuleManager: Shutting down and abandoning module TVOSTargetPlatform (111)
[2018.07.17-20.27.04:426][371]LogModuleManager: Shutting down and abandoning module Messaging (109)
[2018.07.17-20.27.04:426][371]LogModuleManager: Shutting down and abandoning module IOSTargetPlatform (107)
[2018.07.17-20.27.04:426][371]LogModuleManager: Shutting down and abandoning module HTML5TargetPlatform (105)
[2018.07.17-20.27.04:426][371]LogModuleManager: Shutting down and abandoning module AndroidTargetPlatform (103)
[2018.07.17-20.27.04:427][371]LogModuleManager: Shutting down and abandoning module Android_PVRTCTargetPlatform (101)
[2018.07.17-20.27.04:427][371]LogModuleManager: Shutting down and abandoning module Android_MultiTargetPlatform (99)
[2018.07.17-20.27.04:427][371]LogModuleManager: Shutting down and abandoning module Android_ETC2TargetPlatform (97)
[2018.07.17-20.27.04:427][371]LogModuleManager: Shutting down and abandoning module Android_ETC1TargetPlatform (95)
[2018.07.17-20.27.04:427][371]LogModuleManager: Shutting down and abandoning module Android_ETC1aTargetPlatform (93)
[2018.07.17-20.27.04:427][371]LogModuleManager: Shutting down and abandoning module Android_DXTTargetPlatform (91)
[2018.07.17-20.27.04:427][371]LogModuleManager: Shutting down and abandoning module Android_ATCTargetPlatform (89)
[2018.07.17-20.27.04:427][371]LogModuleManager: Shutting down and abandoning module Android_ASTCTargetPlatform (87)
[2018.07.17-20.27.04:427][371]LogModuleManager: Shutting down and abandoning module WindowsTargetPlatform (85)
[2018.07.17-20.27.04:427][371]LogModuleManager: Shutting down and abandoning module WindowsServerTargetPlatform (83)
[2018.07.17-20.27.04:427][371]LogModuleManager: Shutting down and abandoning module WindowsNoEditorTargetPlatform (81)
[2018.07.17-20.27.04:427][371]LogModuleManager: Shutting down and abandoning module WindowsClientTargetPlatform (79)
[2018.07.17-20.27.04:427][371]LogModuleManager: Shutting down and abandoning module MacTargetPlatform (77)
[2018.07.17-20.27.04:427][371]LogModuleManager: Shutting down and abandoning module MacServerTargetPlatform (75)
[2018.07.17-20.27.04:427][371]LogModuleManager: Shutting down and abandoning module MacNoEditorTargetPlatform (73)
[2018.07.17-20.27.04:427][371]LogModuleManager: Shutting down and abandoning module MacClientTargetPlatform (71)
[2018.07.17-20.27.04:427][371]LogModuleManager: Shutting down and abandoning module AllDesktopTargetPlatform (69)
[2018.07.17-20.27.04:428][371]LogModuleManager: Shutting down and abandoning module InputCore (66)
[2018.07.17-20.27.04:428][371]LogModuleManager: Shutting down and abandoning module Settings (64)
[2018.07.17-20.27.04:428][371]LogModuleManager: Shutting down and abandoning module PhysXCooking (62)
[2018.07.17-20.27.04:428][371]LogModuleManager: Shutting down and abandoning module SteamVR (60)
[2018.07.17-20.27.04:428][371]LogModuleManager: Shutting down and abandoning module OculusHMD (58)
[2018.07.17-20.27.04:428][371]LogModuleManager: Shutting down and abandoning module ExampleDeviceProfileSelector (56)
[2018.07.17-20.27.04:428][371]LogModuleManager: Shutting down and abandoning module AppleARKit (54)
[2018.07.17-20.27.04:428][371]LogModuleManager: Shutting down and abandoning module AugmentedReality (51)
[2018.07.17-20.27.04:428][371]LogModuleManager: Shutting down and abandoning module OnlineBlueprintSupport (48)
[2018.07.17-20.27.04:428][371]LogModuleManager: Shutting down and abandoning module OnlineSubsystem (44)
[2018.07.17-20.27.04:428][371]LogModuleManager: Shutting down and abandoning module XMPP (43)
[2018.07.17-20.27.04:429][371]LogModuleManager: Shutting down and abandoning module HTTP (41)
[2018.07.17-20.27.04:429][371]LogHttp: Display: Http module shutting down, but needs to wait on 1 outstanding Http requests:
[2018.07.17-20.27.04:429][371]LogHttp: Display: 	verb=[POST] url=[https://datarouter.ol.epicgames.com/datarouter/api/v1/public/data?SessionID=%7B8FDF52C8-41AB-0625-D14B-D6AC362869CD%7D&AppID=UEEditor.Rocket.Release&AppVersion=4.19.1-3989454%2B%2B%2BUE4%2BRelease-4.19&UserID=2b8560fe495d6d5110e231ad8bbbd15d%7C0b80dd6d65fe41a3b19ef43653ebd2a4%7C1d3f1c36-a3f6-4dac-b938-2a082149bab2&AppEnvironment=datacollector-binary&UploadType=eteventstream] status=Processing
[2018.07.17-20.27.04:436][371]LogModuleManager: Shutting down and abandoning module SSL (40)
[2018.07.17-20.27.04:439][371]LogModuleManager: Shutting down and abandoning module AnimationModifiers (36)
[2018.07.17-20.27.04:439][371]LogModuleManager: Shutting down and abandoning module PropertyEditor (35)
[2018.07.17-20.27.04:439][371]LogModuleManager: Shutting down and abandoning module AudioEditor (32)
[2018.07.17-20.27.04:439][371]LogModuleManager: Shutting down and abandoning module TextureCompressor (30)
[2018.07.17-20.27.04:439][371]LogModuleManager: Shutting down and abandoning module ShaderCore (28)
[2018.07.17-20.27.04:440][371]LogModuleManager: Shutting down and abandoning module Landscape (26)
[2018.07.17-20.27.04:440][371]LogModuleManager: Shutting down and abandoning module SlateRHIRenderer (24)
[2018.07.17-20.27.04:442][371]LogModuleManager: Shutting down and abandoning module OpenGLDrv (22)
[2018.07.17-20.27.04:442][371]LogModuleManager: Shutting down and abandoning module D3D11RHI (20)
[2018.07.17-20.27.04:442][371]LogModuleManager: Shutting down and abandoning module AnimGraphRuntime (18)
[2018.07.17-20.27.04:442][371]LogModuleManager: Shutting down and abandoning module Renderer (16)
[2018.07.17-20.27.04:442][371]LogModuleManager: Shutting down and abandoning module Engine (14)
[2018.07.17-20.27.04:442][371]LogModuleManager: Shutting down and abandoning module CoreUObject (12)
[2018.07.17-20.27.04:442][371]LogModuleManager: Shutting down and abandoning module NetworkFile (10)
[2018.07.17-20.27.04:442][371]LogModuleManager: Shutting down and abandoning module CookedIterativeFile (8)
[2018.07.17-20.27.04:442][371]LogModuleManager: Shutting down and abandoning module StreamingFile (6)
[2018.07.17-20.27.04:442][371]LogModuleManager: Shutting down and abandoning module SandboxFile (4)
[2018.07.17-20.27.04:442][371]LogModuleManager: Shutting down and abandoning module PakFile (2)
[2018.07.17-20.27.04:461][371]LogExit: Exiting.
[2018.07.17-20.27.04:464][371]Log file closed, 07/17/18 15:27:04
