Log file open, 07/19/18 16:21:35
LogWindows: Failed to load 'aqProf.dll' (GetLastError=126)
LogWindows: File 'aqProf.dll' does not exist
LogWindows: Failed to load 'VtuneApi.dll' (GetLastError=126)
LogWindows: File 'VtuneApi.dll' does not exist
LogWindows: Failed to load 'VtuneApi32e.dll' (GetLastError=126)
LogWindows: File 'VtuneApi32e.dll' does not exist
LogInit: Display: Running engine for game: Group_Project
LogPlatformFile: Not using cached read wrapper
LogInit: Display: RandInit(-1973328878) SRandInit(-1973328878).
LogInit: Read version file with build ID '3944462'
LogInit: Overriding engine version to CL 3989454, compatible CL 3944462
LogInit: Registered custom module enumerator with build ID '3944462'
LogTaskGraph: Started task graph with 5 named threads and 23 total threads with 3 sets of task threads.
LogStats: Stats thread started at 0.270435
LogD3D11RHI: Aftermath initialized
LogICUInternationalization: Display: ICU TimeZone Detection - Raw Offset: -6:00, Platform Override: ''
LogModuleManager: Display: Found up-to-date module file ../../../Engine/Plugins/Runtime/ApexDestruction/Binaries/Win64/UE4Editor-ApexDestruction.dll (API version 3944462).
LogModuleManager: Display: Found up-to-date module file ../../../Engine/Plugins/Runtime/ApexDestruction/Binaries/Win64/UE4Editor-ApexDestructionEditor.dll (API version 3944462).
LogModuleManager: Display: Found up-to-date module file ../../../Engine/Plugins/2D/Paper2D/Binaries/Win64/UE4Editor-Paper2D.dll (API version 3944462).
LogModuleManager: Display: Found up-to-date module file ../../../Engine/Plugins/2D/Paper2D/Binaries/Win64/UE4Editor-Paper2DEditor.dll (API version 3944462).
LogModuleManager: Display: Found up-to-date module file ../../../Engine/Plugins/2D/Paper2D/Binaries/Win64/UE4Editor-PaperSpriteSheetImporter.dll (API version 3944462).
LogModuleManager: Display: Found up-to-date module file ../../../Engine/Plugins/2D/Paper2D/Binaries/Win64/UE4Editor-PaperTiledImporter.dll (API version 3944462).
LogModuleManager: Display: Found up-to-date module file ../../../Engine/Plugins/2D/Paper2D/Binaries/Win64/UE4Editor-SmartSnapping.dll (API version 3944462).
LogModuleManager: Display: Found up-to-date module file ../../../Engine/Plugins/Blendables/LightPropagationVolume/Binaries/Win64/UE4Editor-LightPropagationVolumeRuntime.dll (API version 3944462).
LogModuleManager: Display: Found up-to-date module file ../../../Engine/Plugins/Blendables/LightPropagationVolume/Binaries/Win64/UE4Editor-LightPropagationVolumeEditor.dll (API version 3944462).
LogModuleManager: Display: Found up-to-date module file ../../../Engine/Plugins/Developer/CLionSourceCodeAccess/Binaries/Win64/UE4Editor-CLionSourceCodeAccess.dll (API version 3944462).
LogModuleManager: Display: Found up-to-date module file ../../../Engine/Plugins/Developer/GitSourceControl/Binaries/Win64/UE4Editor-GitSourceControl.dll (API version 3944462).
LogModuleManager: Display: Found up-to-date module file ../../../Engine/Plugins/Developer/PerforceSourceControl/Binaries/Win64/UE4Editor-PerforceSourceControl.dll (API version 3944462).
LogModuleManager: Display: Found up-to-date module file ../../../Engine/Plugins/Developer/SubversionSourceControl/Binaries/Win64/UE4Editor-SubversionSourceControl.dll (API version 3944462).
LogModuleManager: Display: Found up-to-date module file ../../../Engine/Plugins/Developer/UObjectPlugin/Binaries/Win64/UE4Editor-UObjectPlugin.dll (API version 3944462).
LogModuleManager: Display: Found up-to-date module file ../../../Engine/Plugins/Developer/VisualStudioCodeSourceCodeAccess/Binaries/Win64/UE4Editor-VisualStudioCodeSourceCodeAccess.dll (API version 3944462).
LogModuleManager: Display: Found up-to-date module file ../../../Engine/Plugins/Developer/VisualStudioSourceCodeAccess/Binaries/Win64/UE4Editor-VisualStudioSourceCodeAccess.dll (API version 3944462).
LogModuleManager: Display: Found up-to-date module file ../../../Engine/Plugins/Editor/AssetManagerEditor/Binaries/Win64/UE4Editor-AssetManagerEditor.dll (API version 3944462).
LogModuleManager: Display: Found up-to-date module file ../../../Engine/Plugins/Editor/CryptoKeys/Binaries/Win64/UE4Editor-CryptoKeys.dll (API version 3944462).
LogModuleManager: Display: Found up-to-date module file ../../../Engine/Plugins/Editor/CryptoKeys/Binaries/Win64/UE4Editor-CryptoKeysOpenSSL.dll (API version 3944462).
LogModuleManager: Display: Found up-to-date module file ../../../Engine/Plugins/Editor/DataValidation/Binaries/Win64/UE4Editor-DataValidation.dll (API version 3944462).
LogModuleManager: Display: Found up-to-date module file ../../../Engine/Plugins/Editor/FacialAnimation/Binaries/Win64/UE4Editor-FacialAnimation.dll (API version 3944462).
LogModuleManager: Display: Found up-to-date module file ../../../Engine/Plugins/Editor/FacialAnimation/Binaries/Win64/UE4Editor-FacialAnimationEditor.dll (API version 3944462).
LogModuleManager: Display: Found up-to-date module file ../../../Engine/Plugins/Editor/GameplayTagsEditor/Binaries/Win64/UE4Editor-GameplayTagsEditor.dll (API version 3944462).
LogModuleManager: Display: Found up-to-date module file ../../../Engine/Plugins/Editor/MobileLauncherProfileWizard/Binaries/Win64/UE4Editor-MobileLauncherProfileWizard.dll (API version 3944462).
LogModuleManager: Display: Found up-to-date module file ../../../Engine/Plugins/Editor/PluginBrowser/Binaries/Win64/UE4Editor-PluginBrowser.dll (API version 3944462).
LogModuleManager: Display: Found up-to-date module file ../../../Engine/Plugins/Editor/SpeedTreeImporter/Binaries/Win64/UE4Editor-SpeedTreeImporter.dll (API version 3944462).
LogModuleManager: Display: Found up-to-date module file ../../../Engine/Plugins/Enterprise/DatasmithContent/Binaries/Win64/UE4Editor-DatasmithContent.dll (API version 3944462).
LogModuleManager: Display: Found up-to-date module file ../../../Engine/Plugins/Experimental/AlembicImporter/Binaries/Win64/UE4Editor-AlembicImporter.dll (API version 3944462).
LogModuleManager: Display: Found up-to-date module file ../../../Engine/Plugins/Experimental/AlembicImporter/Binaries/Win64/UE4Editor-AlembicLibrary.dll (API version 3944462).
LogModuleManager: Display: Found up-to-date module file ../../../Engine/Plugins/Experimental/CharacterAI/Binaries/Win64/UE4Editor-CharacterAI.dll (API version 3944462).
LogModuleManager: Display: Found up-to-date module file ../../../Engine/Plugins/Experimental/HTML5Networking/Binaries/Win64/UE4Editor-HTML5Networking.dll (API version 3944462).
LogModuleManager: Display: Found up-to-date module file ../../../Engine/Plugins/Media/AndroidMedia/Binaries/Win64/UE4Editor-AndroidMediaEditor.dll (API version 3944462).
LogModuleManager: Display: Found up-to-date module file ../../../Engine/Plugins/Media/AndroidMedia/Binaries/Win64/UE4Editor-AndroidMediaFactory.dll (API version 3944462).
LogModuleManager: Display: Found up-to-date module file ../../../Engine/Plugins/Media/AvfMedia/Binaries/Win64/UE4Editor-AvfMediaEditor.dll (API version 3944462).
LogModuleManager: Display: Found up-to-date module file ../../../Engine/Plugins/Media/AvfMedia/Binaries/Win64/UE4Editor-AvfMediaFactory.dll (API version 3944462).
LogModuleManager: Display: Found up-to-date module file ../../../Engine/Plugins/Media/AvfMedia/Binaries/Win64/UE4Editor-AvfMediaFactory.dll (API version 3944462).
LogModuleManager: Display: Found up-to-date module file ../../../Engine/Plugins/Media/ImgMedia/Binaries/Win64/UE4Editor-ImgMedia.dll (API version 3944462).
LogModuleManager: Display: Found up-to-date module file ../../../Engine/Plugins/Media/ImgMedia/Binaries/Win64/UE4Editor-ImgMediaEditor.dll (API version 3944462).
LogModuleManager: Display: Found up-to-date module file ../../../Engine/Plugins/Media/ImgMedia/Binaries/Win64/UE4Editor-ImgMediaFactory.dll (API version 3944462).
LogModuleManager: Display: Found up-to-date module file ../../../Engine/Plugins/Media/ImgMedia/Binaries/Win64/UE4Editor-ImgMediaFactory.dll (API version 3944462).
LogModuleManager: Display: Found up-to-date module file ../../../Engine/Plugins/Media/ImgMedia/Binaries/Win64/UE4Editor-OpenExrWrapper.dll (API version 3944462).
LogModuleManager: Display: Found up-to-date module file ../../../Engine/Plugins/Media/LinearTimecode/Binaries/Win64/UE4Editor-LinearTimecode.dll (API version 3944462).
LogModuleManager: Display: Found up-to-date module file ../../../Engine/Plugins/Media/MediaCompositing/Binaries/Win64/UE4Editor-MediaCompositing.dll (API version 3944462).
LogModuleManager: Display: Found up-to-date module file ../../../Engine/Plugins/Media/MediaCompositing/Binaries/Win64/UE4Editor-MediaCompositingEditor.dll (API version 3944462).
LogModuleManager: Display: Found up-to-date module file ../../../Engine/Plugins/Media/MediaPlayerEditor/Binaries/Win64/UE4Editor-MediaPlayerEditor.dll (API version 3944462).
LogModuleManager: Display: Found up-to-date module file ../../../Engine/Plugins/Media/WmfMedia/Binaries/Win64/UE4Editor-WmfMedia.dll (API version 3944462).
LogModuleManager: Display: Found up-to-date module file ../../../Engine/Plugins/Media/WmfMedia/Binaries/Win64/UE4Editor-WmfMediaEditor.dll (API version 3944462).
LogModuleManager: Display: Found up-to-date module file ../../../Engine/Plugins/Media/WmfMedia/Binaries/Win64/UE4Editor-WmfMediaFactory.dll (API version 3944462).
LogModuleManager: Display: Found up-to-date module file ../../../Engine/Plugins/Media/WmfMedia/Binaries/Win64/UE4Editor-WmfMediaFactory.dll (API version 3944462).
LogModuleManager: Display: Found up-to-date module file ../../../Engine/Plugins/Messaging/TcpMessaging/Binaries/Win64/UE4Editor-TcpMessaging.dll (API version 3944462).
LogModuleManager: Display: Found up-to-date module file ../../../Engine/Plugins/Messaging/UdpMessaging/Binaries/Win64/UE4Editor-UdpMessaging.dll (API version 3944462).
LogModuleManager: Display: Found up-to-date module file ../../../Engine/Plugins/MovieScene/ActorSequence/Binaries/Win64/UE4Editor-ActorSequence.dll (API version 3944462).
LogModuleManager: Display: Found up-to-date module file ../../../Engine/Plugins/MovieScene/LevelSequenceEditor/Binaries/Win64/UE4Editor-LevelSequenceEditor.dll (API version 3944462).
LogModuleManager: Display: Found up-to-date module file ../../../Engine/Plugins/MovieScene/MatineeToLevelSequence/Binaries/Win64/UE4Editor-MatineeToLevelSequence.dll (API version 3944462).
LogModuleManager: Display: Found up-to-date module file ../../../Engine/Plugins/NetcodeUnitTest/NetcodeUnitTest/Binaries/Win64/UE4Editor-NetcodeUnitTest.dll (API version 3944462).
LogModuleManager: Display: Found up-to-date module file ../../../Engine/Plugins/NetcodeUnitTest/NUTUnrealEngine4/Binaries/Win64/UE4Editor-NUTUnrealEngine4.dll (API version 3944462).
LogModuleManager: Display: Found up-to-date module file ../../../Engine/Plugins/Online/OnlineSubsystem/Binaries/Win64/UE4Editor-OnlineSubsystem.dll (API version 3944462).
LogModuleManager: Display: Found up-to-date module file ../../../Engine/Plugins/Runtime/AndroidPermission/Binaries/Win64/UE4Editor-AndroidPermission.dll (API version 3944462).
LogModuleManager: Display: Found up-to-date module file ../../../Engine/Plugins/Online/OnlineSubsystemNull/Binaries/Win64/UE4Editor-OnlineSubsystemNull.dll (API version 3944462).
LogModuleManager: Display: Found up-to-date module file ../../../Engine/Plugins/Online/OnlineSubsystemUtils/Binaries/Win64/UE4Editor-OnlineSubsystemUtils.dll (API version 3944462).
LogModuleManager: Display: Found up-to-date module file ../../../Engine/Plugins/Online/OnlineSubsystemUtils/Binaries/Win64/UE4Editor-OnlineBlueprintSupport.dll (API version 3944462).
LogModuleManager: Display: Found up-to-date module file ../../../Engine/Plugins/Runtime/AndroidDeviceProfileSelector/Binaries/Win64/UE4Editor-AndroidDeviceProfileSelector.dll (API version 3944462).
LogModuleManager: Display: Found up-to-date module file ../../../Engine/Plugins/Runtime/AppleARKit/Binaries/Win64/UE4Editor-AppleARKit.dll (API version 3944462).
LogModuleManager: Display: Found up-to-date module file ../../../Engine/Plugins/Runtime/ProceduralMeshComponent/Binaries/Win64/UE4Editor-ProceduralMeshComponent.dll (API version 3944462).
LogModuleManager: Display: Found up-to-date module file ../../../Engine/Plugins/Runtime/ProceduralMeshComponent/Binaries/Win64/UE4Editor-ProceduralMeshComponentEditor.dll (API version 3944462).
LogModuleManager: Display: Found up-to-date module file ../../../Engine/Plugins/Animation/LiveLink/Binaries/Win64/UE4Editor-LiveLink.dll (API version 3944462).
LogModuleManager: Display: Found up-to-date module file ../../../Engine/Plugins/Animation/LiveLink/Binaries/Win64/UE4Editor-LiveLinkEditor.dll (API version 3944462).
LogModuleManager: Display: Found up-to-date module file ../../../Engine/Plugins/Runtime/ArchVisCharacter/Binaries/Win64/UE4Editor-ArchVisCharacter.dll (API version 3944462).
LogModuleManager: Display: Found up-to-date module file ../../../Engine/Plugins/Runtime/AudioCapture/Binaries/Win64/UE4Editor-AudioCapture.dll (API version 3944462).
LogModuleManager: Display: Found up-to-date module file ../../../Engine/Plugins/Runtime/AudioCapture/Binaries/Win64/UE4Editor-AudioCaptureEditor.dll (API version 3944462).
LogModuleManager: Display: Found up-to-date module file ../../../Engine/Plugins/Runtime/CableComponent/Binaries/Win64/UE4Editor-CableComponent.dll (API version 3944462).
LogModuleManager: Display: Found up-to-date module file ../../../Engine/Plugins/Runtime/CustomMeshComponent/Binaries/Win64/UE4Editor-CustomMeshComponent.dll (API version 3944462).
LogModuleManager: Display: Found up-to-date module file ../../../Engine/Plugins/Runtime/ExampleDeviceProfileSelector/Binaries/Win64/UE4Editor-ExampleDeviceProfileSelector.dll (API version 3944462).
LogModuleManager: Display: Found up-to-date module file ../../../Engine/Plugins/Runtime/ImmediatePhysics/Binaries/Win64/UE4Editor-ImmediatePhysics.dll (API version 3944462).
LogModuleManager: Display: Found up-to-date module file ../../../Engine/Plugins/Runtime/ImmediatePhysics/Binaries/Win64/UE4Editor-ImmediatePhysicsEditor.dll (API version 3944462).
LogModuleManager: Display: Found up-to-date module file ../../../Engine/Plugins/Runtime/LocationServicesBPLibrary/Binaries/Win64/UE4Editor-LocationServicesBPLibrary.dll (API version 3944462).
LogModuleManager: Display: Found up-to-date module file ../../../Engine/Plugins/Runtime/MobilePatchingUtils/Binaries/Win64/UE4Editor-MobilePatchingUtils.dll (API version 3944462).
LogModuleManager: Display: Found up-to-date module file ../../../Engine/Plugins/Runtime/Oculus/OculusVR/Binaries/Win64/UE4Editor-OculusHMD.dll (API version 3944462).
LogModuleManager: Display: Found up-to-date module file ../../../Engine/Plugins/Runtime/Oculus/OculusVR/Binaries/Win64/UE4Editor-OculusInput.dll (API version 3944462).
LogModuleManager: Display: Found up-to-date module file ../../../Engine/Plugins/Runtime/Oculus/OculusVR/Binaries/Win64/UE4Editor-OculusEditor.dll (API version 3944462).
LogModuleManager: Display: Found up-to-date module file ../../../Engine/Plugins/Runtime/PhysXVehicles/Binaries/Win64/UE4Editor-PhysXVehicles.dll (API version 3944462).
LogModuleManager: Display: Found up-to-date module file ../../../Engine/Plugins/Runtime/PhysXVehicles/Binaries/Win64/UE4Editor-PhysXVehiclesEditor.dll (API version 3944462).
LogModuleManager: Display: Found up-to-date module file ../../../Engine/Plugins/Runtime/RuntimePhysXCooking/Binaries/Win64/UE4Editor-RuntimePhysXCooking.dll (API version 3944462).
LogModuleManager: Display: Found up-to-date module file ../../../Engine/Plugins/Runtime/Steam/SteamVR/Binaries/Win64/UE4Editor-SteamVR.dll (API version 3944462).
LogModuleManager: Display: Found up-to-date module file ../../../Engine/Plugins/Runtime/Steam/SteamVR/Binaries/Win64/UE4Editor-SteamVRController.dll (API version 3944462).
LogModuleManager: Display: Found up-to-date module file ../../../Engine/Plugins/Runtime/WindowsMoviePlayer/Binaries/Win64/UE4Editor-WindowsMoviePlayer.dll (API version 3944462).
LogPluginManager: Mounting plugin Paper2D
LogPluginManager: Mounting plugin LiveLink
LogPluginManager: Mounting plugin LightPropagationVolume
LogPluginManager: Mounting plugin CLionSourceCodeAccess
LogPluginManager: Mounting plugin CodeLiteSourceCodeAccess
LogPluginManager: Mounting plugin GitSourceControl
LogPluginManager: Mounting plugin KDevelopSourceCodeAccess
LogPluginManager: Mounting plugin NullSourceCodeAccess
LogPluginManager: Mounting plugin PerforceSourceControl
LogPluginManager: Mounting plugin SubversionSourceControl
LogPluginManager: Mounting plugin UObjectPlugin
LogPluginManager: Mounting plugin VisualStudioCodeSourceCodeAccess
LogPluginManager: Mounting plugin VisualStudioSourceCodeAccess
LogPluginManager: Mounting plugin XCodeSourceCodeAccess
LogPluginManager: Mounting plugin AssetManagerEditor
LogPluginManager: Mounting plugin CryptoKeys
LogPluginManager: Mounting plugin DataValidation
LogPluginManager: Mounting plugin FacialAnimation
LogPluginManager: Mounting plugin GameplayTagsEditor
LogPluginManager: Mounting plugin MobileLauncherProfileWizard
LogPluginManager: Mounting plugin PluginBrowser
LogPluginManager: Mounting plugin SpeedTreeImporter
LogPluginManager: Mounting plugin DatasmithContent
LogPluginManager: Mounting plugin AlembicImporter
LogPluginManager: Mounting plugin CharacterAI
LogPluginManager: Mounting plugin HTML5Networking
LogPluginManager: Mounting plugin AndroidMedia
LogPluginManager: Mounting plugin AvfMedia
LogPluginManager: Mounting plugin ImgMedia
LogPluginManager: Mounting plugin LinearTimecode
LogPluginManager: Mounting plugin MediaCompositing
LogPluginManager: Mounting plugin MediaPlayerEditor
LogPluginManager: Mounting plugin WmfMedia
LogPluginManager: Mounting plugin TcpMessaging
LogPluginManager: Mounting plugin UdpMessaging
LogPluginManager: Mounting plugin ActorSequence
LogPluginManager: Mounting plugin LevelSequenceEditor
LogPluginManager: Mounting plugin MatineeToLevelSequence
LogPluginManager: Mounting plugin NetcodeUnitTest
LogPluginManager: Mounting plugin NUTUnrealEngine4
LogPluginManager: Mounting plugin OnlineSubsystemGooglePlay
LogPluginManager: Mounting plugin OnlineSubsystemIOS
LogPluginManager: Mounting plugin OnlineSubsystem
LogPluginManager: Mounting plugin OnlineSubsystemNull
LogPluginManager: Mounting plugin OnlineSubsystemUtils
LogPluginManager: Mounting plugin AndroidDeviceProfileSelector
LogPluginManager: Mounting plugin AndroidMoviePlayer
LogPluginManager: Mounting plugin AndroidPermission
LogPluginManager: Mounting plugin ApexDestruction
LogPluginManager: Mounting plugin AppleARKit
LogPluginManager: Mounting plugin AppleMoviePlayer
LogPluginManager: Mounting plugin ArchVisCharacter
LogPluginManager: Mounting plugin AudioCapture
LogPluginManager: Mounting plugin CableComponent
LogPluginManager: Mounting plugin CustomMeshComponent
LogPluginManager: Mounting plugin ExampleDeviceProfileSelector
LogPluginManager: Mounting plugin GoogleCloudMessaging
LogPluginManager: Mounting plugin ImmediatePhysics
LogPluginManager: Mounting plugin IOSDeviceProfileSelector
LogPluginManager: Mounting plugin LinuxDeviceProfileSelector
LogPluginManager: Mounting plugin LocationServicesBPLibrary
LogPluginManager: Mounting plugin MobilePatchingUtils
LogPluginManager: Mounting plugin OculusVR
LogPluginManager: Plugin shader directory ../../../Engine/Plugins/Runtime/Oculus/OculusVR/Shaders found
LogPluginManager: Mapping shader source directory ../../../Engine/Plugins/Runtime/Oculus/OculusVR/Shaders to virtual directory /Plugin/OculusVR
LogPluginManager: Mounting plugin PhysXVehicles
LogPluginManager: Mounting plugin ProceduralMeshComponent
LogPluginManager: Mounting plugin RuntimePhysXCooking
LogPluginManager: Mounting plugin SteamVR
LogPluginManager: Mounting plugin WindowsMoviePlayer
LogStreaming: Display: Took  1.194s to configure plugins.
LogInit: Using libcurl 7.47.1
LogInit:  - built for x86_64-pc-win32
LogInit:  - supports SSL with OpenSSL/1.0.2g
LogInit:  - supports HTTP deflate (compression) using libz 1.2.8
LogInit:  - other features:
LogInit:      CURL_VERSION_SSL
LogInit:      CURL_VERSION_LIBZ
LogInit:      CURL_VERSION_IPV6
LogInit:      CURL_VERSION_ASYNCHDNS
LogInit:      CURL_VERSION_LARGEFILE
LogInit:      CURL_VERSION_IDN
LogInit:  CurlRequestOptions (configurable via config and command line):
LogInit:  - bVerifyPeer = false  - Libcurl will NOT verify peer certificate
LogInit:  - bUseHttpProxy = false  - Libcurl will NOT use HTTP proxy
LogInit:  - bDontReuseConnections = false  - Libcurl will reuse connections
LogInit:  - CertBundlePath = nullptr  - Libcurl will use whatever was configured at build time.
LogInit:  - MaxHostConnections = 16  - Libcurl will limit the number of connections to a host
LogInit:  - LocalHostAddr = Default
LogInit: WinSock: version 1.1 (2.2), MaxSocks=32767, MaxUdp=65467
LogInit: WinSock: I am Camp-2FLF142 (129.59.56.129:0)
LogInit: Build: ++UE4+Release-4.19-CL-3989454
LogInit: Engine Version: 4.19.1-3989454+++UE4+Release-4.19
LogInit: Compatible Engine Version: 4.19.0-3944462+++UE4+Release-4.19
LogInit: Net CL: 3944462
LogDevObjectVersion: Number of dev versions registered: 18
LogDevObjectVersion:   Dev-Blueprints (B0D832E4-1F89-4F0D-ACCF-7EB736FD4AA2): 10
LogDevObjectVersion:   Dev-Build (E1C64328-A22C-4D53-A36C-8E866417BD8C): 0
LogDevObjectVersion:   Dev-Core (375EC13C-06E4-48FB-B500-84F0262A717E): 2
LogDevObjectVersion:   Dev-Editor (E4B068ED-F494-42E9-A231-DA0B2E46BB41): 23
LogDevObjectVersion:   Dev-Framework (CFFC743F-43B0-4480-9391-14DF171D2073): 33
LogDevObjectVersion:   Dev-Mobile (B02B49B5-BB20-44E9-A304-32B752E40360): 2
LogDevObjectVersion:   Dev-Networking (A4E4105C-59A1-49B5-A7C5-40C4547EDFEE): 0
LogDevObjectVersion:   Dev-Online (39C831C9-5AE6-47DC-9A44-9C173E1C8E7C): 0
LogDevObjectVersion:   Dev-Physics (78F01B33-EBEA-4F98-B9B4-84EACCB95AA2): 0
LogDevObjectVersion:   Dev-Platform (6631380F-2D4D-43E0-8009-CF276956A95A): 0
LogDevObjectVersion:   Dev-Rendering (12F88B9F-8875-4AFC-A67C-D90C383ABD29): 25
LogDevObjectVersion:   Dev-Sequencer (7B5AE74C-D270-4C10-A958-57980B212A5A): 6
LogDevObjectVersion:   Dev-VR (D7296918-1DD6-4BDD-9DE2-64A83CC13884): 1
LogDevObjectVersion:   Dev-LoadTimes (C2A15278-BFE7-4AFE-6C17-90FF531DF755): 1
LogDevObjectVersion:   Private-Geometry (6EACA3D4-40EC-4CC1-B786-8BED09428FC5): 2
LogDevObjectVersion:   Dev-AnimPhys (29E575DD-E0A3-4627-9D10-D276232CDCEA): 16
LogDevObjectVersion:   Dev-ReflectionCapture (6B266CEC-1EC7-4B8F-A30B-E4D90942FC07): 1
LogDevObjectVersion:   Dev-Automation (0DF73D61-A23F-47EA-B727-89E90C41499A): 1
LogInit: Compiled (64-bit): Apr  6 2018 12:26:04
LogInit: Compiled with Visual C++: 19.00.24215.01
LogInit: Build Configuration: Development
LogInit: Branch Name: ++UE4+Release-4.19
LogInit: Command Line:  
LogInit: Base Directory: C:/Program Files/Epic Games/UE_4.19/Engine/Binaries/Win64/
LogInit: Installed Engine Build: 1
LogStreaming: Display: Took  0.004s to delete old logs.
LogInit: Presizing for max 8388607 objects, including 0 objects not considered by GC, pre-allocating 0 bytes for permanent pool.
LogInit: Object subsystem initialized
[2018.07.19-21.21.36:780][  0]LogInit: Selected Device Profile: [Windows]
[2018.07.19-21.21.36:780][  0]LogInit: Applying CVar settings loaded from the selected device profile: [Windows]
[2018.07.19-21.21.36:801][  0]LogInit: Computer: CAMP-2FLF142
[2018.07.19-21.21.36:801][  0]LogInit: User: iDStudent
[2018.07.19-21.21.36:801][  0]LogInit: CPU Page size=4096, Cores=4
[2018.07.19-21.21.36:801][  0]LogInit: High frequency timer resolution =2.742189 MHz
[2018.07.19-21.21.36:802][  0]LogMemory: Memory total: Physical=15.9GB (16GB approx)
[2018.07.19-21.21.36:802][  0]LogMemory: Platform Memory Stats for Windows
[2018.07.19-21.21.36:802][  0]LogMemory: Process Physical Memory: 274.74 MB used, 274.74 MB peak
[2018.07.19-21.21.36:802][  0]LogMemory: Process Virtual Memory: 264.87 MB used, 264.87 MB peak
[2018.07.19-21.21.36:802][  0]LogMemory: Physical Memory: 7793.43 MB used,  8456.74 MB free, 16250.17 MB total
[2018.07.19-21.21.36:802][  0]LogMemory: Virtual Memory: 693.31 MB used,  8456.74 MB free, 134217728.00 MB total
[2018.07.19-21.21.36:821][  0]LogInit: Using OS detected language (en-US).
[2018.07.19-21.21.36:821][  0]LogInit: Using OS detected locale (en-US).
[2018.07.19-21.21.36:824][  0]LogTextLocalizationManager: No specific localization for 'en-US' exists, so the 'en' localization will be used.
[2018.07.19-21.21.37:368][  0]LogStreaming: Display: Took  0.546s to EndInitTextLocalization.
[2018.07.19-21.21.37:368][  0]LogInit: Setting process to per monitor DPI aware
[2018.07.19-21.21.37:395][  0]LogSlate: New Slate User Created.  User Index 0, Is Virtual User: 0
[2018.07.19-21.21.37:395][  0]LogSlate: Slate User Registered.  User Index 0, Is Virtual User: 0
[2018.07.19-21.21.37:654][  0]LogD3D11RHI: D3D11 adapters:
[2018.07.19-21.21.37:719][  0]LogD3D11RHI:    0. 'NVIDIA GeForce GTX 1050 Ti' (Feature Level 11_0)
[2018.07.19-21.21.37:719][  0]LogD3D11RHI:       4018/0/8125 MB DedicatedVideo/DedicatedSystem/SharedSystem, Outputs:1, VendorId:0x10de
[2018.07.19-21.21.37:730][  0]LogD3D11RHI:    1. 'Intel(R) HD Graphics 630' (Feature Level 11_0)
[2018.07.19-21.21.37:730][  0]LogD3D11RHI:       128/0/8125 MB DedicatedVideo/DedicatedSystem/SharedSystem, Outputs:0, VendorId:0x8086
[2018.07.19-21.21.37:732][  0]LogD3D11RHI:    2. 'Microsoft Basic Render Driver' (Feature Level 11_0)
[2018.07.19-21.21.37:732][  0]LogD3D11RHI:       0/0/8125 MB DedicatedVideo/DedicatedSystem/SharedSystem, Outputs:0, VendorId:0x1414
[2018.07.19-21.21.37:732][  0]LogD3D11RHI: Chosen D3D11 Adapter: 0
[2018.07.19-21.21.37:739][  0]LogD3D11RHI: Creating new Direct3DDevice
[2018.07.19-21.21.37:739][  0]LogD3D11RHI:     GPU DeviceId: 0x1c8c (for the marketing name, search the web for "GPU Device Id")
[2018.07.19-21.21.37:739][  0]LogWindows: EnumDisplayDevices:
[2018.07.19-21.21.37:740][  0]LogWindows:    0. 'Intel(R) HD Graphics 630' (P:1 D:1)
[2018.07.19-21.21.37:740][  0]LogWindows:    1. 'Intel(R) HD Graphics 630' (P:0 D:0)
[2018.07.19-21.21.37:740][  0]LogWindows:    2. 'Intel(R) HD Graphics 630' (P:0 D:0)
[2018.07.19-21.21.37:740][  0]LogWindows:    3. 'NVIDIA GeForce GTX 1050 Ti' (P:0 D:0)
[2018.07.19-21.21.37:740][  0]LogWindows: DebugString: GetVideoDriverDetailsInvalid PrimaryIsNotTheChoosenAdapter GetVideoDriverDetailsInvalid PrimaryIsNotTheChoosenAdapter GetVideoDriverDetailsInvalid PrimaryIsNotTheChoosenAdapter GetVideoDriverDetailsInvalid PrimaryIsNotTheChoosenAdapter FoundDriverCount:0 
[2018.07.19-21.21.37:740][  0]LogD3D11RHI:     Adapter Name: NVIDIA GeForce GTX 1050 Ti
[2018.07.19-21.21.37:740][  0]LogD3D11RHI:   Driver Version: Unknown (internal:Unknown, unified:Unknown)
[2018.07.19-21.21.37:740][  0]LogD3D11RHI:      Driver Date: Unknown
[2018.07.19-21.21.37:740][  0]LogRHI: Texture pool is 2812 MB (70% of 4018 MB)
[2018.07.19-21.21.37:789][  0]LogD3D11RHI: [Aftermath] Aftermath enabled and primed
[2018.07.19-21.21.37:790][  0]LogD3D11RHI: [Aftermath] Aftermath enabled and primed
[2018.07.19-21.21.37:790][  0]LogD3D11RHI: Async texture creation enabled
[2018.07.19-21.21.37:824][  0]LogD3D11RHI: GPU Timing Frequency: 1000.000000 (Debug: 2 2)
[2018.07.19-21.21.37:825][  0]LogShaderCompilers: Guid format shader working directory is -37 characters bigger than the processId version (../../../../../../Users/iD Student/Desktop/Steven S/ID-Tech-Group-Project/Group_Project/Intermediate/Shaders/WorkingDirectory/10692/).
[2018.07.19-21.21.37:825][  0]LogShaderCompilers: Cleaned the shader compiler working directory 'C:/Users/iD Student/AppData/Local/Temp/UnrealShaderWorkingDir/840973B64018911926C3C18187BACB9A/'.
[2018.07.19-21.21.38:073][  0]LogTemp: Display: Loaded TP AllDesktopTargetPlatform
[2018.07.19-21.21.38:088][  0]LogTemp: Display: Loaded TP MacClientTargetPlatform
[2018.07.19-21.21.38:107][  0]LogTemp: Display: Loaded TP MacNoEditorTargetPlatform
[2018.07.19-21.21.38:132][  0]LogTemp: Display: Loaded TP MacServerTargetPlatform
[2018.07.19-21.21.38:149][  0]LogTemp: Display: Loaded TP MacTargetPlatform
[2018.07.19-21.21.38:164][  0]LogTemp: Display: Loaded TP WindowsClientTargetPlatform
[2018.07.19-21.21.38:179][  0]LogTemp: Display: Loaded TP WindowsNoEditorTargetPlatform
[2018.07.19-21.21.38:195][  0]LogTemp: Display: Loaded TP WindowsServerTargetPlatform
[2018.07.19-21.21.38:202][  0]LogTemp: Display: Loaded TP WindowsTargetPlatform
[2018.07.19-21.21.38:214][  0]LogTemp: Display: Loaded TP Android_ASTCTargetPlatform
[2018.07.19-21.21.38:228][  0]LogTemp: Display: Loaded TP Android_ATCTargetPlatform
[2018.07.19-21.21.38:241][  0]LogTemp: Display: Loaded TP Android_DXTTargetPlatform
[2018.07.19-21.21.38:253][  0]LogTemp: Display: Loaded TP Android_ETC1aTargetPlatform
[2018.07.19-21.21.38:265][  0]LogTemp: Display: Loaded TP Android_ETC1TargetPlatform
[2018.07.19-21.21.38:278][  0]LogTemp: Display: Loaded TP Android_ETC2TargetPlatform
[2018.07.19-21.21.38:303][  0]LogTemp: Display: Loaded TP Android_MultiTargetPlatform
[2018.07.19-21.21.38:303][  0]LogTemp: Display: Loaded TP Android_PVRTCTargetPlatform
[2018.07.19-21.21.38:316][  0]LogTemp: Display: Loaded TP AndroidTargetPlatform
[2018.07.19-21.21.38:317][  0]LogTemp: Display: Loaded TP HTML5TargetPlatform
[2018.07.19-21.21.38:355][  0]LogTemp: Display: Loaded TP IOSTargetPlatform
[2018.07.19-21.21.38:367][  0]LogTemp: Display: Loaded TP TVOSTargetPlatform
[2018.07.19-21.21.38:380][  0]LogTemp: Display: Loaded TP LinuxClientTargetPlatform
[2018.07.19-21.21.38:392][  0]LogTemp: Display: Loaded TP LinuxNoEditorTargetPlatform
[2018.07.19-21.21.38:405][  0]LogTemp: Display: Loaded TP LinuxServerTargetPlatform
[2018.07.19-21.21.38:417][  0]LogTemp: Display: Loaded TP LinuxTargetPlatform
[2018.07.19-21.21.38:417][  0]LogTargetPlatformManager: Display: Building Assets For Windows
[2018.07.19-21.21.38:540][  0]LogXGEController: Cannot use XGE Controller as Incredibuild is not installed on this machine.
[2018.07.19-21.21.38:541][  0]LogShaderCompilers: Cannot use XGE Shader Compiler as Incredibuild is not installed on this machine.
[2018.07.19-21.21.38:541][  0]LogShaderCompilers: Display: Using Local Shader Compiler.
[2018.07.19-21.21.39:267][  0]LogDerivedDataCache: Display: Max Cache Size: 512 MB
[2018.07.19-21.21.39:357][  0]LogDerivedDataCache: Loaded boot cache 0.09s 74MB C:/Users/iD Student/AppData/Local/UnrealEngine/4.19/DerivedDataCache/Boot.ddc.
[2018.07.19-21.21.39:357][  0]LogDerivedDataCache: Display: Loaded Boot cache: C:/Users/iD Student/AppData/Local/UnrealEngine/4.19/DerivedDataCache/Boot.ddc
[2018.07.19-21.21.39:357][  0]LogDerivedDataCache: FDerivedDataBackendGraph:  Pak pak cache file ../../../../../../Users/iD Student/Desktop/Steven S/ID-Tech-Group-Project/Group_Project/DerivedDataCache/DDC.ddp not found, will not use a pak cache.
[2018.07.19-21.21.39:357][  0]LogDerivedDataCache: Unable to find inner node Pak for hierarchical cache Hierarchy.
[2018.07.19-21.21.39:357][  0]LogDerivedDataCache: FDerivedDataBackendGraph:  CompressedPak pak cache file ../../../../../../Users/iD Student/Desktop/Steven S/ID-Tech-Group-Project/Group_Project/DerivedDataCache/Compressed.ddp not found, will not use a pak cache.
[2018.07.19-21.21.39:357][  0]LogDerivedDataCache: Unable to find inner node CompressedPak for hierarchical cache Hierarchy.
[2018.07.19-21.21.39:373][  0]LogDerivedDataCache: Display: Pak cache opened for reading ../../../Engine/DerivedDataCache/Compressed.ddp.
[2018.07.19-21.21.39:385][  0]LogDerivedDataCache: Using Local data cache path C:/Users/iD Student/AppData/Local/UnrealEngine/Common/DerivedDataCache: Writable
[2018.07.19-21.21.39:397][  0]LogMaterial: Verifying Global Shaders for PCD3D_SM5
[2018.07.19-21.21.39:398][  0]LogSlate: Using Freetype 2.6.0
[2018.07.19-21.21.39:398][  0]LogSlate: SlateFontCache - WITH_FREETYPE: 1, WITH_HARFBUZZ: 1
[2018.07.19-21.21.39:398][  0]LogSlate: SlateFontCache - WITH_FREETYPE: 1, WITH_HARFBUZZ: 1
[2018.07.19-21.21.39:563][  0]LogAssetRegistry: FAssetRegistry took 0.0276 seconds to start up
[2018.07.19-21.21.39:934][  0]LogInit: Selected Device Profile: [Windows]
[2018.07.19-21.21.40:097][  0]LogSimplygon: Simplygon DLL not present - disabling.
[2018.07.19-21.21.40:101][  0]LogMeshReduction: Using SimplygonSwarm for distributed automatic mesh merging
[2018.07.19-21.21.40:102][  0]LogMeshReduction: Using QuadricMeshReduction for automatic static mesh reduction
[2018.07.19-21.21.40:102][  0]LogMeshReduction: No automatic skeletal mesh reduction module available
[2018.07.19-21.21.40:102][  0]LogMeshReduction: No automatic mesh merging module available
[2018.07.19-21.21.40:102][  0]LogMeshMerging: No automatic mesh merging module available
[2018.07.19-21.21.40:143][  0]LogNetVersion: Group_Project , NetCL: 3944462, EngineNetVer: 2, GameNetVer: 0 (Checksum: 541774694)
[2018.07.19-21.21.40:741][  0]LogPackageLocalizationCache: Processed 9 localized package path(s) for 2 prioritized culture(s) in 0.103815 seconds
[2018.07.19-21.21.40:748][  0]LogUObjectArray: 36728 objects as part of root set at end of initial load.
[2018.07.19-21.21.40:748][  0]LogUObjectAllocator: 7314304 out of 0 bytes used by permanent object pool.
[2018.07.19-21.21.40:748][  0]LogUObjectArray: CloseDisregardForGC: 0/0 objects in disregard for GC pool
[2018.07.19-21.21.42:694][  0]LogTcpMessaging: Initializing TcpMessaging bridge
[2018.07.19-21.21.42:725][  0]LogUdpMessaging: Initializing bridge on interface 0.0.0.0:0 to multicast group 230.0.0.1:6666.
[2018.07.19-21.21.43:131][  0]SourceControl: Source control is disabled
[2018.07.19-21.21.43:131][  0]SourceControl: Source control is disabled
[2018.07.19-21.21.43:149][  0]SourceControl: Source control is disabled
[2018.07.19-21.21.43:170][  0]SourceControl: Source control is disabled
[2018.07.19-21.21.43:679][  0]LogAndroidPermission: UAndroidPermissionCallbackProxy::GetInstance
[2018.07.19-21.21.43:841][  0]LogOcInput: OculusInput pre-init called
[2018.07.19-21.21.43:955][  0]LogEngine: Initializing Engine...
[2018.07.19-21.21.43:956][  0]LogHMD: Failed to initialize OpenVR with code 110
[2018.07.19-21.21.43:957][  0]LogStats: UGameplayTagsManager::ConstructGameplayTagTree: Construct from data asset -  0.000 s
[2018.07.19-21.21.43:957][  0]LogStats: UGameplayTagsManager::ConstructGameplayTagTree: GameplayTagTreeChangedEvent.Broadcast -  0.000 s
[2018.07.19-21.21.44:232][  0]LogAIModule: Creating AISystem for world Untitled
[2018.07.19-21.21.44:308][  0]LogInit: XAudio2 using 'Speakers (2- USB Audio Device)' : 2 channels at 48 kHz using 16 bits per sample (channel mask 0x3)
[2018.07.19-21.21.44:320][  0]LogInit: FAudioDevice initialized.
[2018.07.19-21.21.44:389][  0]LogDerivedDataCache: Saved boot cache 0.07s 74MB C:/Users/iD Student/AppData/Local/UnrealEngine/4.19/DerivedDataCache/Boot.ddc.
[2018.07.19-21.21.44:406][  0]LogInit: Texture streaming: Enabled
[2018.07.19-21.21.44:425][  0]LogEngineSessionManager: EngineSessionManager initialized
[2018.07.19-21.21.44:443][  0]LogInit: Transaction tracking system initialized
[2018.07.19-21.21.44:478][  0]BlueprintLog: New page: Editor Load
[2018.07.19-21.21.44:563][  0]LocalizationService: Localization service is disabled
[2018.07.19-21.21.44:671][  0]LogConsoleResponse: Display: 
[2018.07.19-21.21.44:848][  0]LogCook: Display: Max memory allowance for cook 16384mb min free memory 0mb
[2018.07.19-21.21.44:849][  0]LogCook: Display: Mobile HDR setting 1
[2018.07.19-21.21.44:849][  0]LogGameplayTags: Display: UGameplayTagsManager::DoneAddingNativeTags. DelegateIsBound: 0
[2018.07.19-21.21.44:849][  0]LogStats: UGameplayTagsManager::ConstructGameplayTagTree: Construct from data asset -  0.000 s
[2018.07.19-21.21.44:849][  0]LogStats: UGameplayTagsManager::ConstructGameplayTagTree: GameplayTagTreeChangedEvent.Broadcast -  0.000 s
[2018.07.19-21.21.45:242][  0]LogFileCache: Scanning file cache for directory 'C:/Users/iD Student/Desktop/Steven S/ID-Tech-Group-Project/Group_Project/Content/' took 0.06s
[2018.07.19-21.21.45:242][  0]SourceControl: Source control is disabled
[2018.07.19-21.21.45:333][  0]LogWindowsTextInputMethodSystem: Display: IME system now deactivated.
[2018.07.19-21.21.45:337][  0]LogSlate: Took 0.000521 seconds to synchronously load lazily loaded font '../../../Engine/Content/Slate/Fonts/Roboto-Regular.ttf' (155K)
[2018.07.19-21.21.53:297][  0]LogSlate: Window 'Restore Packages' being destroyed
[2018.07.19-21.21.53:298][  0]LogWindowsTextInputMethodSystem: Display: IME system now deactivated.
[2018.07.19-21.21.53:303][  0]LogWindowsTextInputMethodSystem: Display: IME system now deactivated.
[2018.07.19-21.21.54:370][  0]LogSlate: Window 'Unable to Check Out From Source Control!' being destroyed
[2018.07.19-21.21.54:371][  0]LogWindowsTextInputMethodSystem: Display: IME system now deactivated.
[2018.07.19-21.21.54:374][  0]LogWindowsTextInputMethodSystem: Display: IME system now deactivated.
[2018.07.19-21.21.54:403][  0]Cmd: MAP LOAD FILE="../../../../../../Users/iD Student/Desktop/Steven S/ID-Tech-Group-Project/Group_Project/Content/FirstPersonBP/Maps/FirstPersonExampleMap.umap" TEMPLATE=0 SHOWPROGRESS=1 FEATURELEVEL=3
[2018.07.19-21.21.54:404][  0]LightingResults: New page: Lighting Build
[2018.07.19-21.21.54:409][  0]MapCheck: New page: Map Check
[2018.07.19-21.21.54:409][  0]LightingResults: New page: Lighting Build
[2018.07.19-21.21.54:775][  0]LogBlueprint: Warning: [Compiler FirstPersonCharacter] InputAction Event references unknown Action 'Fire' for  InputAction Fire
[2018.07.19-21.21.54:788][  0]LogBlueprint: Warning: [Compiler FirstPersonCharacter] [0020.83] Compile of FirstPersonCharacter successful, but with 1 Warning(s) [in 29 ms] (/Game/FirstPersonBP/Blueprints/FirstPersonCharacter.FirstPersonCharacter)
[2018.07.19-21.21.55:193][  0]LogSkeletalMesh: Skeletal Mesh found in DDC [3.655109ms] /Game/FirstPerson/FPWeapon/Mesh/SK_FPGun.SK_FPGun
[2018.07.19-21.21.55:361][  0]LogSkeletalMesh: Skeletal Mesh found in DDC [5.687427ms] /Game/FirstPerson/Character/Mesh/SK_Mannequin_Arms.SK_Mannequin_Arms
[2018.07.19-21.21.55:559][  0]LogAIModule: Creating AISystem for world FirstPersonExampleMap
[2018.07.19-21.21.55:583][  0]LogEditorServer: Finished looking for orphan Actors (0.000 secs)
[2018.07.19-21.21.55:603][  0]Cmd: MAP CHECKDEP NOCLEARLOG
[2018.07.19-21.21.55:749][  0]MapCheck: Map check complete: 0 Error(s), 0 Warning(s), took 145.654ms to complete.
[2018.07.19-21.21.55:749][  0]LogFileHelpers: Loading map 'FirstPersonExampleMap' took 1.346
[2018.07.19-21.21.55:847][  0]LogStats: Warning: MetaData mismatch. Did you assign a stat to two groups? New //STATGROUP_Threads//SplashScreenThread///Thread_1fa0_0///####STATCAT_Advanced#### old //STATGROUP_Threads//SplashScreenThread///Thread_1ba0_0///####STATCAT_Advanced####
[2018.07.19-21.21.55:847][  0]LogCollectionManager: Loaded 0 collections in 0.001892 seconds
[2018.07.19-21.21.55:888][  0]LogFileCache: Scanning file cache for directory 'C:/Users/iD Student/Desktop/Steven S/ID-Tech-Group-Project/Group_Project/Saved/Collections/' took 0.01s
[2018.07.19-21.21.55:888][  0]LogFileCache: Scanning file cache for directory 'C:/Users/iD Student/Desktop/Steven S/ID-Tech-Group-Project/Group_Project/Content/Developers/iDStudent/Collections/' took 0.01s
[2018.07.19-21.21.55:888][  0]LogFileCache: Scanning file cache for directory 'C:/Users/iD Student/Desktop/Steven S/ID-Tech-Group-Project/Group_Project/Content/Collections/' took 0.01s
[2018.07.19-21.21.55:888][  0]LogCollectionManager: Rebuilt the GUID cache for 0 collections in 0.000000 seconds
[2018.07.19-21.21.55:898][  0]LogContentBrowser: Native class hierarchy populated in 0.0099 seconds. Added 2463 classes and 566 folders.
[2018.07.19-21.21.55:905][  0]LogContentBrowser: Native class hierarchy updated for 'WidgetCarousel' in 0.0002 seconds. Added 0 classes and 0 folders.
[2018.07.19-21.21.55:950][  0]LogContentBrowser: Native class hierarchy updated for 'AddContentDialog' in 0.0002 seconds. Added 0 classes and 0 folders.
[2018.07.19-21.21.55:955][  0]LogContentBrowser: Native class hierarchy updated for 'SceneOutliner' in 0.0004 seconds. Added 1 classes and 2 folders.
[2018.07.19-21.21.56:061][  0]LogSlate: Took 0.000283 seconds to synchronously load lazily loaded font '../../../Engine/Content/Slate/Fonts/Roboto-Bold.ttf' (160K)
[2018.07.19-21.21.56:066][  0]LogSlate: Took 0.000194 seconds to synchronously load lazily loaded font '../../../Engine/Content/Editor/Slate/Fonts/FontAwesome.ttf' (139K)
[2018.07.19-21.21.56:220][  0]LogRenderer: Reallocating scene render targets to support 764x444 Format 10 NumSamples 1 (Frame:1).
[2018.07.19-21.21.56:361][  0]LogSlate: Took 0.000206 seconds to synchronously load lazily loaded font '../../../Engine/Content/Slate/Fonts/Roboto-Light.ttf' (167K)
[2018.07.19-21.21.56:524][  0]LogContentBrowser: Native class hierarchy updated for 'HierarchicalLODOutliner' in 0.0002 seconds. Added 0 classes and 0 folders.
[2018.07.19-21.21.56:524][  0]LogLoad: (Engine Initialization) Total time: 22.56 seconds
[2018.07.19-21.21.56:524][  0]LogLoad: (Engine Initialization) Total Blueprint compile time: 0.00 seconds
[2018.07.19-21.21.56:889][  0]LogContentStreaming: Texture pool size now 1000 MB
[2018.07.19-21.21.58:556][  5]LogAssetRegistry: Asset discovery search completed in 19.0147 seconds
[2018.07.19-21.21.58:564][  5]LogCollectionManager: Rebuilt the object cache for 0 collections in 0.000000 seconds (found 0 objects)
[2018.07.19-21.21.58:564][  5]LogCollectionManager: Fixed up redirectors for 0 collections in 0.000071 seconds (updated 0 objects)
[2018.07.19-21.22.00:858][ 12]LogSlate: Window 'Message Log' being destroyed
[2018.07.19-21.22.00:860][ 12]LogSlate: Window 'Message Log' being destroyed
[2018.07.19-21.22.08:860][214]LogSlate: FSceneViewport::OnFocusLost() reason 0
[2018.07.19-21.22.15:408][525]LogSlate: Took 0.000315 seconds to synchronously load lazily loaded font '../../../Engine/Content/Slate/Fonts/Roboto-Light.ttf' (167K)
[2018.07.19-21.22.16:343][525]LogAIModule: Creating AISystem for world Level_1
[2018.07.19-21.22.16:485][525]Cmd: MAP LOAD FILE="../../../../../../Users/iD Student/Desktop/Steven S/ID-Tech-Group-Project/Group_Project/Content/Levels/Level_1.umap" TEMPLATE=0 SHOWPROGRESS=1 FEATURELEVEL=3
[2018.07.19-21.22.16:485][525]LightingResults: New page: Lighting Build
[2018.07.19-21.22.16:486][525]LoadErrors: New page: Loading map: Level_1.umap
[2018.07.19-21.22.16:488][525]MapCheck: New page: Map Check
[2018.07.19-21.22.16:488][525]LightingResults: New page: Lighting Build
[2018.07.19-21.22.16:574][525]LogStreaming: Display: ULevelStreaming::RequestLevel(/Game/Levels/StevensMap) is flushing async loading
[2018.07.19-21.22.16:719][525]LogLinker: Warning: Can't find file '/Game/lambert1'
[2018.07.19-21.22.16:719][525]LogLinker: Warning: Can't find file for asset '/Game/lambert1' while loading ../../../../../../Users/iD Student/Desktop/Steven S/ID-Tech-Group-Project/Group_Project/Content/WindMill.uasset.
[2018.07.19-21.22.16:719][525]LoadErrors: Error: /Game/WindMill : Can't find file for asset. /Game/lambert1
[2018.07.19-21.22.16:719][525]LogLinker: Warning: Can't find file '/Game/lambert1'
[2018.07.19-21.22.16:719][525]LogLinker: Warning: Can't find file for asset '/Game/lambert1' while loading ../../../../../../Users/iD Student/Desktop/Steven S/ID-Tech-Group-Project/Group_Project/Content/WindMill.uasset.
[2018.07.19-21.22.16:771][525]LogLinker: Warning: Can't find file '/Game/lambert1'
[2018.07.19-21.22.16:771][525]LoadErrors: Failed to load /Game/lambert1.lambert1 Referenced by WindMill
[2018.07.19-21.22.16:771][525]LogLinker: Warning: Can't find file for asset '/Game/lambert1' while loading NULL.
[2018.07.19-21.22.16:771][525]LogLinker: Warning: Can't find file '/Game/lambert1'
[2018.07.19-21.22.16:771][525]LogLinker: Warning: Can't find file for asset '/Game/lambert1' while loading NULL.
[2018.07.19-21.22.17:179][525]LogEditorServer: Finished looking for orphan Actors (0.000 secs)
[2018.07.19-21.22.17:263][525]Cmd: MAP CHECKDEP NOCLEARLOG
[2018.07.19-21.22.17:394][525]MapCheck: Map check complete: 0 Error(s), 0 Warning(s), took 130.329ms to complete.
[2018.07.19-21.22.17:401][525]LogFileHelpers: Loading map 'Level_1' took 0.916
[2018.07.19-21.22.28:717][555]LogRenderer: Reallocating scene render targets to support 956x580 Format 10 NumSamples 1 (Frame:6).
[2018.07.19-21.22.32:313][669]LogSlate: Window 'Message Log' being destroyed
[2018.07.19-21.22.32:328][669]LogSlate: Window 'Message Log' being destroyed
[2018.07.19-21.26.16:252][782]LogSlate: FSceneViewport::OnFocusLost() reason 2
[2018.07.19-21.26.16:422][783]LogRenderer: Reallocating scene render targets to support 956x588 Format 10 NumSamples 1 (Frame:1682).
[2018.07.19-21.26.18:340][832]LogSlate: Window 'Group_Project - Unreal Editor' being destroyed
[2018.07.19-21.26.18:341][832]LogWindowsTextInputMethodSystem: Display: IME system now deactivated.
[2018.07.19-21.26.18:704][833]Cmd: QUIT_EDITOR
[2018.07.19-21.26.18:739][833]LogSlate: Slate User Destroyed.  User Index 0, Is Virtual User: 0
[2018.07.19-21.26.18:740][833]LogExit: Preparing to exit.
[2018.07.19-21.26.18:879][833]LogDirectoryWatcher: A directory notification for 'C:/Users/iD Student/Desktop/Steven S/ID-Tech-Group-Project/Group_Project/Content/' was aborted.
[2018.07.19-21.26.18:944][833]LogExit: Editor shut down
[2018.07.19-21.26.18:952][833]LogExit: Transaction tracking system shut down
[2018.07.19-21.26.19:216][833]LogDirectoryWatcher: A directory notification for '../../../Engine/Content/' was aborted.
[2018.07.19-21.26.19:217][833]LogDirectoryWatcher: A directory notification for '../../../../../../Users/iD Student/Desktop/Steven S/ID-Tech-Group-Project/Group_Project/Content/' was aborted.
[2018.07.19-21.26.19:217][833]LogDirectoryWatcher: A directory notification for '../../Plugins/2D/Paper2D/Content/' was aborted.
[2018.07.19-21.26.19:217][833]LogDirectoryWatcher: A directory notification for '../../Plugins/Enterprise/DatasmithContent/Content/' was aborted.
[2018.07.19-21.26.19:217][833]LogDirectoryWatcher: A directory notification for '../../Plugins/Media/MediaCompositing/Content/' was aborted.
[2018.07.19-21.26.19:217][833]LogDirectoryWatcher: A directory notification for '../../Plugins/Runtime/AppleARKit/Content/' was aborted.
[2018.07.19-21.26.19:217][833]LogDirectoryWatcher: A directory notification for '../../Plugins/Runtime/Oculus/OculusVR/Content/' was aborted.
[2018.07.19-21.26.19:217][833]LogDirectoryWatcher: A directory notification for '../../Plugins/Runtime/Steam/SteamVR/Content/' was aborted.
[2018.07.19-21.26.19:348][833]LogExit: Object subsystem successfully closed.
[2018.07.19-21.26.19:381][833]LogShaderCompilers: Display: Shaders left to compile 0
[2018.07.19-21.26.19:386][833]LogD3D11RHI: Shutdown
[2018.07.19-21.26.19:386][833]LogD3D11RHI: CleanupD3DDevice
[2018.07.19-21.26.19:389][833]LogD3D11RHI: ~FD3D11DynamicRHI
[2018.07.19-21.26.19:406][833]LogModuleManager: Shutting down and abandoning module HierarchicalLODOutliner (580)
[2018.07.19-21.26.19:406][833]LogModuleManager: Shutting down and abandoning module SceneOutliner (578)
[2018.07.19-21.26.19:406][833]LogModuleManager: Shutting down and abandoning module AddContentDialog (576)
[2018.07.19-21.26.19:406][833]LogDirectoryWatcher: A directory notification for 'C:/Program Files/Epic Games/UE_4.19/FeaturePacks/' was aborted.
[2018.07.19-21.26.19:407][833]LogModuleManager: Shutting down and abandoning module WidgetCarousel (575)
[2018.07.19-21.26.19:407][833]LogModuleManager: Shutting down and abandoning module EditorWidgets (572)
[2018.07.19-21.26.19:407][833]LogModuleManager: Shutting down and abandoning module CollectionManager (570)
[2018.07.19-21.26.19:407][833]LogDirectoryWatcher: A directory notification for 'C:/Users/iD Student/Desktop/Steven S/ID-Tech-Group-Project/Group_Project/Content/Collections/' was aborted.
[2018.07.19-21.26.19:407][833]LogDirectoryWatcher: A directory notification for 'C:/Users/iD Student/Desktop/Steven S/ID-Tech-Group-Project/Group_Project/Content/Developers/iDStudent/Collections/' was aborted.
[2018.07.19-21.26.19:408][833]LogDirectoryWatcher: A directory notification for 'C:/Users/iD Student/Desktop/Steven S/ID-Tech-Group-Project/Group_Project/Saved/Collections/' was aborted.
[2018.07.19-21.26.19:408][833]LogModuleManager: Shutting down and abandoning module WorldBrowser (568)
[2018.07.19-21.26.19:408][833]LogModuleManager: Shutting down and abandoning module StatsViewer (566)
[2018.07.19-21.26.19:408][833]LogModuleManager: Shutting down and abandoning module FoliageEdit (564)
[2018.07.19-21.26.19:408][833]LogModuleManager: Shutting down and abandoning module LandscapeEditor (562)
[2018.07.19-21.26.19:408][833]LogModuleManager: Shutting down and abandoning module MeshPaintMode (560)
[2018.07.19-21.26.19:408][833]LogModuleManager: Shutting down and abandoning module SceneDepthPickerMode (558)
[2018.07.19-21.26.19:408][833]LogModuleManager: Shutting down and abandoning module ActorPickerMode (556)
[2018.07.19-21.26.19:408][833]LogModuleManager: Shutting down and abandoning module GeometryMode (554)
[2018.07.19-21.26.19:408][833]LogModuleManager: Shutting down and abandoning module TextureAlignMode (552)
[2018.07.19-21.26.19:408][833]LogModuleManager: Shutting down and abandoning module BspMode (550)
[2018.07.19-21.26.19:408][833]LogModuleManager: Shutting down and abandoning module PIEPreviewDeviceProfileSelector (548)
[2018.07.19-21.26.19:409][833]LogModuleManager: Shutting down and abandoning module HardwareSurvey (546)
[2018.07.19-21.26.19:409][833]LogModuleManager: Shutting down and abandoning module SequenceRecorderSections (544)
[2018.07.19-21.26.19:409][833]LogModuleManager: Shutting down and abandoning module AutomationWorker (542)
[2018.07.19-21.26.19:409][833]LogModuleManager: Shutting down and abandoning module AudioCaptureEditor (540)
[2018.07.19-21.26.19:409][833]LogModuleManager: Shutting down and abandoning module SequenceRecorder (539)
[2018.07.19-21.26.19:409][833]LogModuleManager: Shutting down and abandoning module MatineeToLevelSequence (536)
[2018.07.19-21.26.19:409][833]LogModuleManager: Shutting down and abandoning module LevelSequenceEditor (534)
[2018.07.19-21.26.19:409][833]LogModuleManager: Shutting down and abandoning module PlacementMode (533)
[2018.07.19-21.26.19:409][833]LogModuleManager: Shutting down and abandoning module MaterialEditor (532)
[2018.07.19-21.26.19:409][833]LogModuleManager: Shutting down and abandoning module WmfMediaFactory (528)
[2018.07.19-21.26.19:409][833]LogModuleManager: Shutting down and abandoning module WmfMediaEditor (526)
[2018.07.19-21.26.19:409][833]LogModuleManager: Shutting down and abandoning module MediaPlayerEditor (524)
[2018.07.19-21.26.19:409][833]LogModuleManager: Shutting down and abandoning module OpenExrWrapper (522)
[2018.07.19-21.26.19:409][833]LogModuleManager: Shutting down and abandoning module ImgMediaFactory (520)
[2018.07.19-21.26.19:409][833]LogModuleManager: Shutting down and abandoning module ImgMediaEditor (518)
[2018.07.19-21.26.19:409][833]LogModuleManager: Shutting down and abandoning module AvfMediaFactory (516)
[2018.07.19-21.26.19:410][833]LogModuleManager: Shutting down and abandoning module AvfMediaEditor (514)
[2018.07.19-21.26.19:410][833]LogModuleManager: Shutting down and abandoning module AndroidMediaFactory (512)
[2018.07.19-21.26.19:410][833]LogModuleManager: Shutting down and abandoning module AndroidMediaEditor (510)
[2018.07.19-21.26.19:410][833]LogModuleManager: Shutting down and abandoning module CharacterAI (508)
[2018.07.19-21.26.19:410][833]LogModuleManager: Shutting down and abandoning module SmartSnapping (506)
[2018.07.19-21.26.19:410][833]LogModuleManager: Shutting down and abandoning module SessionServices (504)
[2018.07.19-21.26.19:410][833]LogModuleManager: Shutting down and abandoning module ViewportSnapping (502)
[2018.07.19-21.26.19:410][833]LogModuleManager: Shutting down and abandoning module ViewportInteraction (500)
[2018.07.19-21.26.19:410][833]LogModuleManager: Shutting down and abandoning module ClothPainter (498)
[2018.07.19-21.26.19:410][833]LogModuleManager: Shutting down and abandoning module SkeletalMeshEditor (497)
[2018.07.19-21.26.19:410][833]LogModuleManager: Shutting down and abandoning module LogVisualizer (494)
[2018.07.19-21.26.19:410][833]LogModuleManager: Shutting down and abandoning module IntroTutorials (492)
[2018.07.19-21.26.19:410][833]LogModuleManager: Shutting down and abandoning module GameProjectGeneration (491)
[2018.07.19-21.26.19:410][833]LogModuleManager: Shutting down and abandoning module IOSPlatformEditor (488)
[2018.07.19-21.26.19:410][833]LogModuleManager: Shutting down and abandoning module HTML5PlatformEditor (486)
[2018.07.19-21.26.19:410][833]LogModuleManager: Shutting down and abandoning module AndroidPlatformEditor (484)
[2018.07.19-21.26.19:410][833]LogModuleManager: Shutting down and abandoning module AndroidDeviceDetection (483)
[2018.07.19-21.26.19:724][833]LogModuleManager: Shutting down and abandoning module WindowsPlatformEditor (480)
[2018.07.19-21.26.19:724][833]LogModuleManager: Shutting down and abandoning module IOSRuntimeSettings (478)
[2018.07.19-21.26.19:724][833]LogModuleManager: Shutting down and abandoning module AndroidRuntimeSettings (476)
[2018.07.19-21.26.19:724][833]LogModuleManager: Shutting down and abandoning module InputBindingEditor (474)
[2018.07.19-21.26.19:724][833]LogModuleManager: Shutting down and abandoning module MergeActors (472)
[2018.07.19-21.26.19:724][833]LogModuleManager: Shutting down and abandoning module LocalizationDashboard (470)
[2018.07.19-21.26.19:724][833]LogModuleManager: Shutting down and abandoning module LocalizationService (469)
[2018.07.19-21.26.19:724][833]LogModuleManager: Shutting down and abandoning module HardwareTargeting (466)
[2018.07.19-21.26.19:724][833]LogModuleManager: Shutting down and abandoning module DeviceProfileEditor (464)
[2018.07.19-21.26.19:724][833]LogModuleManager: Shutting down and abandoning module UndoHistory (462)
[2018.07.19-21.26.19:724][833]LogModuleManager: Shutting down and abandoning module XmlParser (460)
[2018.07.19-21.26.19:724][833]LogModuleManager: Shutting down and abandoning module Blutility (458)
[2018.07.19-21.26.19:725][833]LogModuleManager: Shutting down and abandoning module ProjectSettingsViewer (456)
[2018.07.19-21.26.19:725][833]LogModuleManager: Shutting down and abandoning module ProjectTargetPlatformEditor (455)
[2018.07.19-21.26.19:725][833]LogModuleManager: Shutting down and abandoning module EditorSettingsViewer (452)
[2018.07.19-21.26.19:725][833]LogModuleManager: Shutting down and abandoning module SettingsEditor (450)
[2018.07.19-21.26.19:725][833]LogModuleManager: Shutting down and abandoning module ProjectLauncher (448)
[2018.07.19-21.26.19:725][833]LogModuleManager: Shutting down and abandoning module SessionFrontend (446)
[2018.07.19-21.26.19:725][833]LogModuleManager: Shutting down and abandoning module ProfilerClient (444)
[2018.07.19-21.26.19:725][833]LogModuleManager: Shutting down and abandoning module DeviceManager (442)
[2018.07.19-21.26.19:725][833]LogModuleManager: Shutting down and abandoning module TargetDeviceServices (441)
[2018.07.19-21.26.19:789][833]LogModuleManager: Shutting down and abandoning module AutomationController (438)
[2018.07.19-21.26.19:789][833]LogModuleManager: Shutting down and abandoning module AutomationWindow (436)
[2018.07.19-21.26.19:789][833]LogModuleManager: Shutting down and abandoning module Layers (434)
[2018.07.19-21.26.19:789][833]LogModuleManager: Shutting down and abandoning module ComponentVisualizers (432)
[2018.07.19-21.26.19:789][833]LogModuleManager: Shutting down and abandoning module DetailCustomizations (430)
[2018.07.19-21.26.19:789][833]LogModuleManager: Shutting down and abandoning module PackagesDialog (428)
[2018.07.19-21.26.19:789][833]LogModuleManager: Shutting down and abandoning module Persona (426)
[2018.07.19-21.26.19:789][833]LogModuleManager: Shutting down and abandoning module AdvancedPreviewScene (425)
[2018.07.19-21.26.19:789][833]LogModuleManager: Shutting down and abandoning module AnimGraph (423)
[2018.07.19-21.26.19:789][833]LogModuleManager: Shutting down and abandoning module Kismet (420)
[2018.07.19-21.26.19:791][833]LogModuleManager: Shutting down and abandoning module GraphEditor (418)
[2018.07.19-21.26.19:791][833]LogModuleManager: Shutting down and abandoning module ClassViewer (416)
[2018.07.19-21.26.19:791][833]LogModuleManager: Shutting down and abandoning module Toolbox (414)
[2018.07.19-21.26.19:791][833]LogModuleManager: Shutting down and abandoning module ModuleUI (412)
[2018.07.19-21.26.19:791][833]LogModuleManager: Shutting down and abandoning module MovieSceneTools (410)
[2018.07.19-21.26.19:791][833]LogModuleManager: Shutting down and abandoning module OutputLog (408)
[2018.07.19-21.26.19:791][833]LogModuleManager: Shutting down and abandoning module GammaUI (406)
[2018.07.19-21.26.19:791][833]LogModuleManager: Shutting down and abandoning module Documentation (404)
[2018.07.19-21.26.19:791][833]LogModuleManager: Shutting down and abandoning module MovieSceneTracks (402)
[2018.07.19-21.26.19:791][833]LogModuleManager: Shutting down and abandoning module MovieScene (400)
[2018.07.19-21.26.19:791][833]LogModuleManager: Shutting down and abandoning module StreamingPauseRendering (398)
[2018.07.19-21.26.19:791][833]LogModuleManager: Shutting down and abandoning module LauncherPlatform (396)
[2018.07.19-21.26.19:791][833]LogModuleManager: Shutting down and abandoning module AnalyticsET (394)
[2018.07.19-21.26.19:791][833]LogModuleManager: Shutting down and abandoning module PortalServices (392)
[2018.07.19-21.26.19:791][833]LogModuleManager: Shutting down and abandoning module PortalRpc (390)
[2018.07.19-21.26.19:791][833]LogModuleManager: Shutting down and abandoning module MessagingRpc (388)
[2018.07.19-21.26.19:792][833]LogModuleManager: Shutting down and abandoning module AIModule (386)
[2018.07.19-21.26.19:792][833]LogModuleManager: Shutting down and abandoning module GameplayDebugger (385)
[2018.07.19-21.26.19:792][833]LogModuleManager: Shutting down and abandoning module AITestSuite (383)
[2018.07.19-21.26.19:792][833]LogModuleManager: Shutting down and abandoning module DesktopPlatform (380)
[2018.07.19-21.26.19:792][833]LogModuleManager: Shutting down and abandoning module ProfilerService (378)
[2018.07.19-21.26.19:972][833]LogModuleManager: Shutting down and abandoning module TaskGraph (376)
[2018.07.19-21.26.19:972][833]LogModuleManager: Shutting down and abandoning module SteamVRController (374)
[2018.07.19-21.26.19:972][833]LogModuleManager: Shutting down and abandoning module ProceduralMeshComponentEditor (372)
[2018.07.19-21.26.19:972][833]LogModuleManager: Shutting down and abandoning module ProceduralMeshComponent (370)
[2018.07.19-21.26.19:972][833]LogModuleManager: Shutting down and abandoning module OculusInput (368)
[2018.07.19-21.26.19:972][833]LogModuleManager: Shutting down and abandoning module MobilePatchingUtils (366)
[2018.07.19-21.26.19:972][833]LogModuleManager: Shutting down and abandoning module CustomMeshComponent (364)
[2018.07.19-21.26.19:972][833]LogModuleManager: Shutting down and abandoning module CableComponent (362)
[2018.07.19-21.26.19:972][833]LogModuleManager: Shutting down and abandoning module AudioCapture (360)
[2018.07.19-21.26.19:972][833]LogModuleManager: Shutting down and abandoning module ArchVisCharacter (358)
[2018.07.19-21.26.19:972][833]LogModuleManager: Shutting down and abandoning module AndroidPermission (356)
[2018.07.19-21.26.19:972][833]LogModuleManager: Shutting down and abandoning module NUTUnrealEngine4 (352)
[2018.07.19-21.26.19:972][833]LogModuleManager: Shutting down and abandoning module NetcodeUnitTest (350)
[2018.07.19-21.26.19:972][833]LogModuleManager: Shutting down and abandoning module MediaCompositingEditor (348)
[2018.07.19-21.26.19:972][833]LogModuleManager: Shutting down and abandoning module MediaCompositing (346)
[2018.07.19-21.26.19:973][833]LogModuleManager: Shutting down and abandoning module LinearTimecode (344)
[2018.07.19-21.26.19:973][833]LogModuleManager: Shutting down and abandoning module ImgMedia (342)
[2018.07.19-21.26.19:979][833]LogModuleManager: Shutting down and abandoning module HTML5Networking (340)
[2018.07.19-21.26.19:979][833]LogModuleManager: Shutting down and abandoning module AlembicImporter (338)
[2018.07.19-21.26.19:979][833]LogModuleManager: Shutting down and abandoning module AlembicLibrary (337)
[2018.07.19-21.26.19:979][833]LogModuleManager: Shutting down and abandoning module GeometryCache (336)
[2018.07.19-21.26.19:979][833]LogModuleManager: Shutting down and abandoning module GeometryCacheEd (335)
[2018.07.19-21.26.19:979][833]LogModuleManager: Shutting down and abandoning module DatasmithContent (330)
[2018.07.19-21.26.19:979][833]LogModuleManager: Shutting down and abandoning module SpeedTreeImporter (328)
[2018.07.19-21.26.19:979][833]LogModuleManager: Shutting down and abandoning module PluginBrowser (326)
[2018.07.19-21.26.19:979][833]LogModuleManager: Shutting down and abandoning module MobileLauncherProfileWizard (324)
[2018.07.19-21.26.19:979][833]LogModuleManager: Shutting down and abandoning module CryptoKeysOpenSSL (322)
[2018.07.19-21.26.19:979][833]LogModuleManager: Shutting down and abandoning module CryptoKeys (320)
[2018.07.19-21.26.19:979][833]LogModuleManager: Shutting down and abandoning module VisualStudioSourceCodeAccess (318)
[2018.07.19-21.26.19:980][833]LogModuleManager: Shutting down and abandoning module VisualStudioCodeSourceCodeAccess (316)
[2018.07.19-21.26.19:980][833]LogModuleManager: Shutting down and abandoning module UObjectPlugin (314)
[2018.07.19-21.26.19:980][833]LogModuleManager: Shutting down and abandoning module SubversionSourceControl (312)
[2018.07.19-21.26.19:980][833]LogModuleManager: Shutting down and abandoning module PerforceSourceControl (310)
[2018.07.19-21.26.19:980][833]LogModuleManager: Shutting down and abandoning module GitSourceControl (308)
[2018.07.19-21.26.19:980][833]LogModuleManager: Shutting down and abandoning module SourceControl (307)
[2018.07.19-21.26.19:980][833]LogModuleManager: Shutting down and abandoning module CLionSourceCodeAccess (304)
[2018.07.19-21.26.19:980][833]LogModuleManager: Shutting down and abandoning module LightPropagationVolumeEditor (302)
[2018.07.19-21.26.19:980][833]LogModuleManager: Shutting down and abandoning module PaperTiledImporter (300)
[2018.07.19-21.26.19:980][833]LogModuleManager: Shutting down and abandoning module PaperSpriteSheetImporter (298)
[2018.07.19-21.26.19:980][833]LogModuleManager: Shutting down and abandoning module Paper2DEditor (296)
[2018.07.19-21.26.19:980][833]LogModuleManager: Shutting down and abandoning module MeshPaint (295)
[2018.07.19-21.26.19:980][833]LogModuleManager: Shutting down and abandoning module RuntimePhysXCooking (292)
[2018.07.19-21.26.19:980][833]LogModuleManager: Shutting down and abandoning module PhysXVehiclesEditor (290)
[2018.07.19-21.26.19:980][833]LogModuleManager: Shutting down and abandoning module PhysXVehicles (288)
[2018.07.19-21.26.19:980][833]LogModuleManager: Shutting down and abandoning module OculusEditor (286)
[2018.07.19-21.26.19:980][833]LogModuleManager: Shutting down and abandoning module LocationServicesBPLibrary (284)
[2018.07.19-21.26.19:980][833]LogModuleManager: Shutting down and abandoning module ImmediatePhysicsEditor (282)
[2018.07.19-21.26.19:980][833]LogModuleManager: Shutting down and abandoning module ImmediatePhysics (280)
[2018.07.19-21.26.19:980][833]LogModuleManager: Shutting down and abandoning module ApexDestructionEditor (278)
[2018.07.19-21.26.19:980][833]LogModuleManager: Shutting down and abandoning module ApexDestruction (276)
[2018.07.19-21.26.19:980][833]LogModuleManager: Shutting down and abandoning module ActorSequence (274)
[2018.07.19-21.26.19:980][833]LogModuleManager: Shutting down and abandoning module UdpMessaging (272)
[2018.07.19-21.26.20:081][833]LogModuleManager: Shutting down and abandoning module TcpMessaging (270)
[2018.07.19-21.26.20:181][833]LogModuleManager: Shutting down and abandoning module GameplayTagsEditor (268)
[2018.07.19-21.26.20:181][833]LogModuleManager: Shutting down and abandoning module FacialAnimationEditor (266)
[2018.07.19-21.26.20:181][833]LogModuleManager: Shutting down and abandoning module FacialAnimation (264)
[2018.07.19-21.26.20:181][833]LogModuleManager: Shutting down and abandoning module DataValidation (262)
[2018.07.19-21.26.20:181][833]LogModuleManager: Shutting down and abandoning module AssetManagerEditor (260)
[2018.07.19-21.26.20:181][833]LogModuleManager: Shutting down and abandoning module LevelEditor (259)
[2018.07.19-21.26.20:183][833]LogModuleManager: Shutting down and abandoning module PixelInspectorModule (258)
[2018.07.19-21.26.20:183][833]LogModuleManager: Shutting down and abandoning module CommonMenuExtensions (256)
[2018.07.19-21.26.20:183][833]LogModuleManager: Shutting down and abandoning module MainFrame (254)
[2018.07.19-21.26.20:183][833]LogModuleManager: Shutting down and abandoning module HotReload (253)
[2018.07.19-21.26.20:184][833]LogModuleManager: Shutting down and abandoning module ContentBrowser (249)
[2018.07.19-21.26.20:186][833]LogModuleManager: Shutting down and abandoning module TreeMap (247)
[2018.07.19-21.26.20:186][833]LogModuleManager: Shutting down and abandoning module LightPropagationVolumeRuntime (244)
[2018.07.19-21.26.20:186][833]LogModuleManager: Shutting down and abandoning module LiveLinkEditor (242)
[2018.07.19-21.26.20:186][833]LogModuleManager: Shutting down and abandoning module LiveLink (240)
[2018.07.19-21.26.20:429][833]LogModuleManager: Shutting down and abandoning module Paper2D (238)
[2018.07.19-21.26.20:429][833]LogModuleManager: Shutting down and abandoning module WindowsMoviePlayer (236)
[2018.07.19-21.26.20:429][833]LogModuleManager: Shutting down and abandoning module WmfMedia (234)
[2018.07.19-21.26.20:431][833]LogModuleManager: Shutting down and abandoning module Media (233)
[2018.07.19-21.26.20:437][833]LogModuleManager: Shutting down and abandoning module PacketHandler (230)
[2018.07.19-21.26.20:437][833]LogModuleManager: Shutting down and abandoning module ClothingSystemEditor (228)
[2018.07.19-21.26.20:437][833]LogModuleManager: Shutting down and abandoning module ClothingSystemRuntime (226)
[2018.07.19-21.26.20:437][833]LogModuleManager: Shutting down and abandoning module MediaAssets (224)
[2018.07.19-21.26.20:437][833]LogModuleManager: Shutting down and abandoning module Overlay (222)
[2018.07.19-21.26.20:437][833]LogModuleManager: Shutting down and abandoning module OverlayEditor (221)
[2018.07.19-21.26.20:437][833]LogModuleManager: Shutting down and abandoning module VREditor (218)
[2018.07.19-21.26.20:437][833]LogModuleManager: Shutting down and abandoning module StringTableEditor (216)
[2018.07.19-21.26.20:437][833]LogModuleManager: Shutting down and abandoning module GameplayTasksEditor (214)
[2018.07.19-21.26.20:437][833]LogModuleManager: Shutting down and abandoning module BehaviorTreeEditor (212)
[2018.07.19-21.26.20:437][833]LogModuleManager: Shutting down and abandoning module FunctionalTesting (210)
[2018.07.19-21.26.20:437][833]LogModuleManager: Shutting down and abandoning module CollisionAnalyzer (208)
[2018.07.19-21.26.20:437][833]LogModuleManager: Shutting down and abandoning module WorkspaceMenuStructure (207)
[2018.07.19-21.26.20:437][833]LogModuleManager: Shutting down and abandoning module UMG (204)
[2018.07.19-21.26.20:437][833]LogModuleManager: Shutting down and abandoning module UMGEditor (203)
[2018.07.19-21.26.20:437][833]LogModuleManager: Shutting down and abandoning module Sequencer (202)
[2018.07.19-21.26.20:437][833]LogModuleManager: Shutting down and abandoning module MessageLog (199)
[2018.07.19-21.26.20:437][833]LogModuleManager: Shutting down and abandoning module SlateReflector (194)
[2018.07.19-21.26.20:437][833]LogModuleManager: Shutting down and abandoning module Slate (192)
[2018.07.19-21.26.20:437][833]LogModuleManager: Shutting down and abandoning module EditorStyle (190)
[2018.07.19-21.26.20:439][833]LogModuleManager: Shutting down and abandoning module MRMesh (188)
[2018.07.19-21.26.20:439][833]LogModuleManager: Shutting down and abandoning module SourceCodeAccess (186)
[2018.07.19-21.26.20:439][833]LogModuleManager: Shutting down and abandoning module HeadMountedDisplay (184)
[2018.07.19-21.26.20:439][833]LogModuleManager: Shutting down and abandoning module XAudio2 (182)
[2018.07.19-21.26.20:439][833]LogModuleManager: Shutting down and abandoning module Networking (180)
[2018.07.19-21.26.20:439][833]LogModuleManager: Shutting down and abandoning module Core (178)
[2018.07.19-21.26.20:439][833]LogModuleManager: Shutting down and abandoning module LevelSequence (176)
[2018.07.19-21.26.20:439][833]LogModuleManager: Shutting down and abandoning module KismetCompiler (174)
[2018.07.19-21.26.20:439][833]LogModuleManager: Shutting down and abandoning module MeshUtilities (172)
[2018.07.19-21.26.20:439][833]LogModuleManager: Shutting down and abandoning module MeshMergeUtilities (171)
[2018.07.19-21.26.20:439][833]LogModuleManager: Shutting down and abandoning module MeshReductionInterface (170)
[2018.07.19-21.26.20:439][833]LogModuleManager: Shutting down and abandoning module SimplygonSwarm (169)
[2018.07.19-21.26.20:439][833]LogModuleManager: Shutting down and abandoning module SimplygonMeshReduction (167)
[2018.07.19-21.26.20:439][833]LogModuleManager: Shutting down and abandoning module QuadricMeshReduction (165)
[2018.07.19-21.26.20:439][833]LogModuleManager: Shutting down and abandoning module MaterialBaking (161)
[2018.07.19-21.26.20:439][833]LogModuleManager: Shutting down and abandoning module DirectoryWatcher (157)
[2018.07.19-21.26.20:441][833]LogModuleManager: Shutting down and abandoning module DerivedDataCache (154)
[2018.07.19-21.26.20:462][833]LogDerivedDataCache: Shutdown
[2018.07.19-21.26.20:462][833]LogModuleManager: Shutting down and abandoning module XGEController (152)
[2018.07.19-21.26.20:462][833]LogModuleManager: Shutting down and abandoning module TargetPlatform (150)
[2018.07.19-21.26.20:462][833]LogModuleManager: Shutting down and abandoning module VulkanShaderFormat (149)
[2018.07.19-21.26.20:462][833]LogModuleManager: Shutting down and abandoning module ShaderFormatVectorVM (147)
[2018.07.19-21.26.20:462][833]LogModuleManager: Shutting down and abandoning module ShaderFormatOpenGL (145)
[2018.07.19-21.26.20:463][833]LogModuleManager: Shutting down and abandoning module ShaderFormatD3D (143)
[2018.07.19-21.26.20:463][833]LogModuleManager: Shutting down and abandoning module MetalShaderFormat (141)
[2018.07.19-21.26.20:463][833]LogModuleManager: Shutting down and abandoning module TextureFormatUncompressed (139)
[2018.07.19-21.26.20:463][833]LogModuleManager: Shutting down and abandoning module TextureFormatPVR (137)
[2018.07.19-21.26.20:463][833]LogModuleManager: Shutting down and abandoning module TextureFormatDXT (135)
[2018.07.19-21.26.20:463][833]LogModuleManager: Shutting down and abandoning module TextureFormatIntelISPCTexComp (133)
[2018.07.19-21.26.20:463][833]LogModuleManager: Shutting down and abandoning module TextureFormatASTC (131)
[2018.07.19-21.26.20:463][833]LogModuleManager: Shutting down and abandoning module ImageWrapper (130)
[2018.07.19-21.26.20:463][833]LogModuleManager: Shutting down and abandoning module TextureFormatAndroid (127)
[2018.07.19-21.26.20:463][833]LogModuleManager: Shutting down and abandoning module AudioFormatOpus (125)
[2018.07.19-21.26.20:463][833]LogModuleManager: Shutting down and abandoning module AudioFormatOgg (123)
[2018.07.19-21.26.20:463][833]LogModuleManager: Shutting down and abandoning module AudioFormatADPCM (121)
[2018.07.19-21.26.20:463][833]LogModuleManager: Shutting down and abandoning module LinuxTargetPlatform (119)
[2018.07.19-21.26.20:463][833]LogModuleManager: Shutting down and abandoning module LinuxServerTargetPlatform (117)
[2018.07.19-21.26.20:463][833]LogModuleManager: Shutting down and abandoning module LinuxNoEditorTargetPlatform (115)
[2018.07.19-21.26.20:463][833]LogModuleManager: Shutting down and abandoning module LinuxClientTargetPlatform (113)
[2018.07.19-21.26.20:463][833]LogModuleManager: Shutting down and abandoning module TVOSTargetPlatform (111)
[2018.07.19-21.26.20:463][833]LogModuleManager: Shutting down and abandoning module Messaging (109)
[2018.07.19-21.26.20:463][833]LogModuleManager: Shutting down and abandoning module IOSTargetPlatform (107)
[2018.07.19-21.26.20:463][833]LogModuleManager: Shutting down and abandoning module HTML5TargetPlatform (105)
[2018.07.19-21.26.20:463][833]LogModuleManager: Shutting down and abandoning module AndroidTargetPlatform (103)
[2018.07.19-21.26.20:463][833]LogModuleManager: Shutting down and abandoning module Android_PVRTCTargetPlatform (101)
[2018.07.19-21.26.20:463][833]LogModuleManager: Shutting down and abandoning module Android_MultiTargetPlatform (99)
[2018.07.19-21.26.20:463][833]LogModuleManager: Shutting down and abandoning module Android_ETC2TargetPlatform (97)
[2018.07.19-21.26.20:463][833]LogModuleManager: Shutting down and abandoning module Android_ETC1TargetPlatform (95)
[2018.07.19-21.26.20:463][833]LogModuleManager: Shutting down and abandoning module Android_ETC1aTargetPlatform (93)
[2018.07.19-21.26.20:463][833]LogModuleManager: Shutting down and abandoning module Android_DXTTargetPlatform (91)
[2018.07.19-21.26.20:463][833]LogModuleManager: Shutting down and abandoning module Android_ATCTargetPlatform (89)
[2018.07.19-21.26.20:463][833]LogModuleManager: Shutting down and abandoning module Android_ASTCTargetPlatform (87)
[2018.07.19-21.26.20:463][833]LogModuleManager: Shutting down and abandoning module WindowsTargetPlatform (85)
[2018.07.19-21.26.20:463][833]LogModuleManager: Shutting down and abandoning module WindowsServerTargetPlatform (83)
[2018.07.19-21.26.20:463][833]LogModuleManager: Shutting down and abandoning module WindowsNoEditorTargetPlatform (81)
[2018.07.19-21.26.20:463][833]LogModuleManager: Shutting down and abandoning module WindowsClientTargetPlatform (79)
[2018.07.19-21.26.20:463][833]LogModuleManager: Shutting down and abandoning module MacTargetPlatform (77)
[2018.07.19-21.26.20:463][833]LogModuleManager: Shutting down and abandoning module MacServerTargetPlatform (75)
[2018.07.19-21.26.20:463][833]LogModuleManager: Shutting down and abandoning module MacNoEditorTargetPlatform (73)
[2018.07.19-21.26.20:463][833]LogModuleManager: Shutting down and abandoning module MacClientTargetPlatform (71)
[2018.07.19-21.26.20:463][833]LogModuleManager: Shutting down and abandoning module AllDesktopTargetPlatform (69)
[2018.07.19-21.26.20:463][833]LogModuleManager: Shutting down and abandoning module InputCore (66)
[2018.07.19-21.26.20:463][833]LogModuleManager: Shutting down and abandoning module Settings (64)
[2018.07.19-21.26.20:464][833]LogModuleManager: Shutting down and abandoning module PhysXCooking (62)
[2018.07.19-21.26.20:464][833]LogModuleManager: Shutting down and abandoning module SteamVR (60)
[2018.07.19-21.26.20:464][833]LogModuleManager: Shutting down and abandoning module OculusHMD (58)
[2018.07.19-21.26.20:464][833]LogModuleManager: Shutting down and abandoning module ExampleDeviceProfileSelector (56)
[2018.07.19-21.26.20:464][833]LogModuleManager: Shutting down and abandoning module AppleARKit (54)
[2018.07.19-21.26.20:464][833]LogModuleManager: Shutting down and abandoning module AugmentedReality (51)
[2018.07.19-21.26.20:464][833]LogModuleManager: Shutting down and abandoning module OnlineBlueprintSupport (48)
[2018.07.19-21.26.20:464][833]LogModuleManager: Shutting down and abandoning module OnlineSubsystem (44)
[2018.07.19-21.26.20:464][833]LogModuleManager: Shutting down and abandoning module XMPP (43)
[2018.07.19-21.26.20:464][833]LogModuleManager: Shutting down and abandoning module HTTP (41)
[2018.07.19-21.26.20:464][833]LogHttp: Display: Http module shutting down, but needs to wait on 1 outstanding Http requests:
[2018.07.19-21.26.20:464][833]LogHttp: Display: 	verb=[POST] url=[https://datarouter.ol.epicgames.com/datarouter/api/v1/public/data?SessionID=%7B9B6CB49E-44AE-940C-BA86-768E7BFDA31F%7D&AppID=UEEditor.Rocket.Release&AppVersion=4.19.1-3989454%2B%2B%2BUE4%2BRelease-4.19&UserID=2b8560fe495d6d5110e231ad8bbbd15d%7Cfb76fceae5d74c748c320168896a7fe4%7C1d3f1c36-a3f6-4dac-b938-2a082149bab2&AppEnvironment=datacollector-binary&UploadType=eteventstream] status=Processing
[2018.07.19-21.26.20:466][833]LogModuleManager: Shutting down and abandoning module SSL (40)
[2018.07.19-21.26.20:467][833]LogModuleManager: Shutting down and abandoning module AnimationModifiers (36)
[2018.07.19-21.26.20:467][833]LogModuleManager: Shutting down and abandoning module PropertyEditor (35)
[2018.07.19-21.26.20:467][833]LogModuleManager: Shutting down and abandoning module AudioEditor (32)
[2018.07.19-21.26.20:467][833]LogModuleManager: Shutting down and abandoning module TextureCompressor (30)
[2018.07.19-21.26.20:467][833]LogModuleManager: Shutting down and abandoning module ShaderCore (28)
[2018.07.19-21.26.20:467][833]LogModuleManager: Shutting down and abandoning module Landscape (26)
[2018.07.19-21.26.20:467][833]LogModuleManager: Shutting down and abandoning module SlateRHIRenderer (24)
[2018.07.19-21.26.20:468][833]LogModuleManager: Shutting down and abandoning module OpenGLDrv (22)
[2018.07.19-21.26.20:468][833]LogModuleManager: Shutting down and abandoning module D3D11RHI (20)
[2018.07.19-21.26.20:468][833]LogModuleManager: Shutting down and abandoning module AnimGraphRuntime (18)
[2018.07.19-21.26.20:468][833]LogModuleManager: Shutting down and abandoning module Renderer (16)
[2018.07.19-21.26.20:468][833]LogModuleManager: Shutting down and abandoning module Engine (14)
[2018.07.19-21.26.20:468][833]LogModuleManager: Shutting down and abandoning module CoreUObject (12)
[2018.07.19-21.26.20:468][833]LogModuleManager: Shutting down and abandoning module NetworkFile (10)
[2018.07.19-21.26.20:468][833]LogModuleManager: Shutting down and abandoning module CookedIterativeFile (8)
[2018.07.19-21.26.20:468][833]LogModuleManager: Shutting down and abandoning module StreamingFile (6)
[2018.07.19-21.26.20:468][833]LogModuleManager: Shutting down and abandoning module SandboxFile (4)
[2018.07.19-21.26.20:468][833]LogModuleManager: Shutting down and abandoning module PakFile (2)
[2018.07.19-21.26.20:476][833]LogExit: Exiting.
[2018.07.19-21.26.20:494][833]Log file closed, 07/19/18 16:26:20
