Log file open, 07/19/18 09:14:26
LogWindows: Failed to load 'aqProf.dll' (GetLastError=126)
LogWindows: File 'aqProf.dll' does not exist
LogWindows: Failed to load 'VtuneApi.dll' (GetLastError=126)
LogWindows: File 'VtuneApi.dll' does not exist
LogWindows: Failed to load 'VtuneApi32e.dll' (GetLastError=126)
LogWindows: File 'VtuneApi32e.dll' does not exist
LogInit: Display: Running engine for game: Group_Project
LogPlatformFile: Not using cached read wrapper
LogInit: Display: RandInit(44784477) SRandInit(44784477).
LogInit: Read version file with build ID '3944462'
LogInit: Overriding engine version to CL 3989454, compatible CL 3944462
LogInit: Registered custom module enumerator with build ID '3944462'
LogTaskGraph: Started task graph with 5 named threads and 23 total threads with 3 sets of task threads.
LogStats: Stats thread started at 0.276110
LogD3D11RHI: Aftermath initialized
LogICUInternationalization: Display: ICU TimeZone Detection - Raw Offset: -6:00, Platform Override: ''
LogModuleManager: Display: Found up-to-date module file ../../../Engine/Plugins/Runtime/ApexDestruction/Binaries/Win64/UE4Editor-ApexDestruction.dll (API version 3944462).
LogModuleManager: Display: Found up-to-date module file ../../../Engine/Plugins/Runtime/ApexDestruction/Binaries/Win64/UE4Editor-ApexDestructionEditor.dll (API version 3944462).
LogModuleManager: Display: Found up-to-date module file ../../../Engine/Plugins/2D/Paper2D/Binaries/Win64/UE4Editor-Paper2D.dll (API version 3944462).
LogModuleManager: Display: Found up-to-date module file ../../../Engine/Plugins/2D/Paper2D/Binaries/Win64/UE4Editor-Paper2DEditor.dll (API version 3944462).
LogModuleManager: Display: Found up-to-date module file ../../../Engine/Plugins/2D/Paper2D/Binaries/Win64/UE4Editor-PaperSpriteSheetImporter.dll (API version 3944462).
LogModuleManager: Display: Found up-to-date module file ../../../Engine/Plugins/2D/Paper2D/Binaries/Win64/UE4Editor-PaperTiledImporter.dll (API version 3944462).
LogModuleManager: Display: Found up-to-date module file ../../../Engine/Plugins/2D/Paper2D/Binaries/Win64/UE4Editor-SmartSnapping.dll (API version 3944462).
LogModuleManager: Display: Found up-to-date module file ../../../Engine/Plugins/Blendables/LightPropagationVolume/Binaries/Win64/UE4Editor-LightPropagationVolumeRuntime.dll (API version 3944462).
LogModuleManager: Display: Found up-to-date module file ../../../Engine/Plugins/Blendables/LightPropagationVolume/Binaries/Win64/UE4Editor-LightPropagationVolumeEditor.dll (API version 3944462).
LogModuleManager: Display: Found up-to-date module file ../../../Engine/Plugins/Developer/CLionSourceCodeAccess/Binaries/Win64/UE4Editor-CLionSourceCodeAccess.dll (API version 3944462).
LogModuleManager: Display: Found up-to-date module file ../../../Engine/Plugins/Developer/GitSourceControl/Binaries/Win64/UE4Editor-GitSourceControl.dll (API version 3944462).
LogModuleManager: Display: Found up-to-date module file ../../../Engine/Plugins/Developer/PerforceSourceControl/Binaries/Win64/UE4Editor-PerforceSourceControl.dll (API version 3944462).
LogModuleManager: Display: Found up-to-date module file ../../../Engine/Plugins/Developer/SubversionSourceControl/Binaries/Win64/UE4Editor-SubversionSourceControl.dll (API version 3944462).
LogModuleManager: Display: Found up-to-date module file ../../../Engine/Plugins/Developer/UObjectPlugin/Binaries/Win64/UE4Editor-UObjectPlugin.dll (API version 3944462).
LogModuleManager: Display: Found up-to-date module file ../../../Engine/Plugins/Developer/VisualStudioCodeSourceCodeAccess/Binaries/Win64/UE4Editor-VisualStudioCodeSourceCodeAccess.dll (API version 3944462).
LogModuleManager: Display: Found up-to-date module file ../../../Engine/Plugins/Developer/VisualStudioSourceCodeAccess/Binaries/Win64/UE4Editor-VisualStudioSourceCodeAccess.dll (API version 3944462).
LogModuleManager: Display: Found up-to-date module file ../../../Engine/Plugins/Editor/AssetManagerEditor/Binaries/Win64/UE4Editor-AssetManagerEditor.dll (API version 3944462).
LogModuleManager: Display: Found up-to-date module file ../../../Engine/Plugins/Editor/CryptoKeys/Binaries/Win64/UE4Editor-CryptoKeys.dll (API version 3944462).
LogModuleManager: Display: Found up-to-date module file ../../../Engine/Plugins/Editor/CryptoKeys/Binaries/Win64/UE4Editor-CryptoKeysOpenSSL.dll (API version 3944462).
LogModuleManager: Display: Found up-to-date module file ../../../Engine/Plugins/Editor/DataValidation/Binaries/Win64/UE4Editor-DataValidation.dll (API version 3944462).
LogModuleManager: Display: Found up-to-date module file ../../../Engine/Plugins/Editor/FacialAnimation/Binaries/Win64/UE4Editor-FacialAnimation.dll (API version 3944462).
LogModuleManager: Display: Found up-to-date module file ../../../Engine/Plugins/Editor/FacialAnimation/Binaries/Win64/UE4Editor-FacialAnimationEditor.dll (API version 3944462).
LogModuleManager: Display: Found up-to-date module file ../../../Engine/Plugins/Editor/GameplayTagsEditor/Binaries/Win64/UE4Editor-GameplayTagsEditor.dll (API version 3944462).
LogModuleManager: Display: Found up-to-date module file ../../../Engine/Plugins/Editor/MobileLauncherProfileWizard/Binaries/Win64/UE4Editor-MobileLauncherProfileWizard.dll (API version 3944462).
LogModuleManager: Display: Found up-to-date module file ../../../Engine/Plugins/Editor/PluginBrowser/Binaries/Win64/UE4Editor-PluginBrowser.dll (API version 3944462).
LogModuleManager: Display: Found up-to-date module file ../../../Engine/Plugins/Editor/SpeedTreeImporter/Binaries/Win64/UE4Editor-SpeedTreeImporter.dll (API version 3944462).
LogModuleManager: Display: Found up-to-date module file ../../../Engine/Plugins/Enterprise/DatasmithContent/Binaries/Win64/UE4Editor-DatasmithContent.dll (API version 3944462).
LogModuleManager: Display: Found up-to-date module file ../../../Engine/Plugins/Experimental/AlembicImporter/Binaries/Win64/UE4Editor-AlembicImporter.dll (API version 3944462).
LogModuleManager: Display: Found up-to-date module file ../../../Engine/Plugins/Experimental/AlembicImporter/Binaries/Win64/UE4Editor-AlembicLibrary.dll (API version 3944462).
LogModuleManager: Display: Found up-to-date module file ../../../Engine/Plugins/Experimental/CharacterAI/Binaries/Win64/UE4Editor-CharacterAI.dll (API version 3944462).
LogModuleManager: Display: Found up-to-date module file ../../../Engine/Plugins/Experimental/HTML5Networking/Binaries/Win64/UE4Editor-HTML5Networking.dll (API version 3944462).
LogModuleManager: Display: Found up-to-date module file ../../../Engine/Plugins/Media/AndroidMedia/Binaries/Win64/UE4Editor-AndroidMediaEditor.dll (API version 3944462).
LogModuleManager: Display: Found up-to-date module file ../../../Engine/Plugins/Media/AndroidMedia/Binaries/Win64/UE4Editor-AndroidMediaFactory.dll (API version 3944462).
LogModuleManager: Display: Found up-to-date module file ../../../Engine/Plugins/Media/AvfMedia/Binaries/Win64/UE4Editor-AvfMediaEditor.dll (API version 3944462).
LogModuleManager: Display: Found up-to-date module file ../../../Engine/Plugins/Media/AvfMedia/Binaries/Win64/UE4Editor-AvfMediaFactory.dll (API version 3944462).
LogModuleManager: Display: Found up-to-date module file ../../../Engine/Plugins/Media/AvfMedia/Binaries/Win64/UE4Editor-AvfMediaFactory.dll (API version 3944462).
LogModuleManager: Display: Found up-to-date module file ../../../Engine/Plugins/Media/ImgMedia/Binaries/Win64/UE4Editor-ImgMedia.dll (API version 3944462).
LogModuleManager: Display: Found up-to-date module file ../../../Engine/Plugins/Media/ImgMedia/Binaries/Win64/UE4Editor-ImgMediaEditor.dll (API version 3944462).
LogModuleManager: Display: Found up-to-date module file ../../../Engine/Plugins/Media/ImgMedia/Binaries/Win64/UE4Editor-ImgMediaFactory.dll (API version 3944462).
LogModuleManager: Display: Found up-to-date module file ../../../Engine/Plugins/Media/ImgMedia/Binaries/Win64/UE4Editor-ImgMediaFactory.dll (API version 3944462).
LogModuleManager: Display: Found up-to-date module file ../../../Engine/Plugins/Media/ImgMedia/Binaries/Win64/UE4Editor-OpenExrWrapper.dll (API version 3944462).
LogModuleManager: Display: Found up-to-date module file ../../../Engine/Plugins/Media/LinearTimecode/Binaries/Win64/UE4Editor-LinearTimecode.dll (API version 3944462).
LogModuleManager: Display: Found up-to-date module file ../../../Engine/Plugins/Media/MediaCompositing/Binaries/Win64/UE4Editor-MediaCompositing.dll (API version 3944462).
LogModuleManager: Display: Found up-to-date module file ../../../Engine/Plugins/Media/MediaCompositing/Binaries/Win64/UE4Editor-MediaCompositingEditor.dll (API version 3944462).
LogModuleManager: Display: Found up-to-date module file ../../../Engine/Plugins/Media/MediaPlayerEditor/Binaries/Win64/UE4Editor-MediaPlayerEditor.dll (API version 3944462).
LogModuleManager: Display: Found up-to-date module file ../../../Engine/Plugins/Media/WmfMedia/Binaries/Win64/UE4Editor-WmfMedia.dll (API version 3944462).
LogModuleManager: Display: Found up-to-date module file ../../../Engine/Plugins/Media/WmfMedia/Binaries/Win64/UE4Editor-WmfMediaEditor.dll (API version 3944462).
LogModuleManager: Display: Found up-to-date module file ../../../Engine/Plugins/Media/WmfMedia/Binaries/Win64/UE4Editor-WmfMediaFactory.dll (API version 3944462).
LogModuleManager: Display: Found up-to-date module file ../../../Engine/Plugins/Media/WmfMedia/Binaries/Win64/UE4Editor-WmfMediaFactory.dll (API version 3944462).
LogModuleManager: Display: Found up-to-date module file ../../../Engine/Plugins/Messaging/TcpMessaging/Binaries/Win64/UE4Editor-TcpMessaging.dll (API version 3944462).
LogModuleManager: Display: Found up-to-date module file ../../../Engine/Plugins/Messaging/UdpMessaging/Binaries/Win64/UE4Editor-UdpMessaging.dll (API version 3944462).
LogModuleManager: Display: Found up-to-date module file ../../../Engine/Plugins/MovieScene/ActorSequence/Binaries/Win64/UE4Editor-ActorSequence.dll (API version 3944462).
LogModuleManager: Display: Found up-to-date module file ../../../Engine/Plugins/MovieScene/LevelSequenceEditor/Binaries/Win64/UE4Editor-LevelSequenceEditor.dll (API version 3944462).
LogModuleManager: Display: Found up-to-date module file ../../../Engine/Plugins/MovieScene/MatineeToLevelSequence/Binaries/Win64/UE4Editor-MatineeToLevelSequence.dll (API version 3944462).
LogModuleManager: Display: Found up-to-date module file ../../../Engine/Plugins/NetcodeUnitTest/NetcodeUnitTest/Binaries/Win64/UE4Editor-NetcodeUnitTest.dll (API version 3944462).
LogModuleManager: Display: Found up-to-date module file ../../../Engine/Plugins/NetcodeUnitTest/NUTUnrealEngine4/Binaries/Win64/UE4Editor-NUTUnrealEngine4.dll (API version 3944462).
LogModuleManager: Display: Found up-to-date module file ../../../Engine/Plugins/Online/OnlineSubsystem/Binaries/Win64/UE4Editor-OnlineSubsystem.dll (API version 3944462).
LogModuleManager: Display: Found up-to-date module file ../../../Engine/Plugins/Runtime/AndroidPermission/Binaries/Win64/UE4Editor-AndroidPermission.dll (API version 3944462).
LogModuleManager: Display: Found up-to-date module file ../../../Engine/Plugins/Online/OnlineSubsystemNull/Binaries/Win64/UE4Editor-OnlineSubsystemNull.dll (API version 3944462).
LogModuleManager: Display: Found up-to-date module file ../../../Engine/Plugins/Online/OnlineSubsystemUtils/Binaries/Win64/UE4Editor-OnlineSubsystemUtils.dll (API version 3944462).
LogModuleManager: Display: Found up-to-date module file ../../../Engine/Plugins/Online/OnlineSubsystemUtils/Binaries/Win64/UE4Editor-OnlineBlueprintSupport.dll (API version 3944462).
LogModuleManager: Display: Found up-to-date module file ../../../Engine/Plugins/Runtime/AndroidDeviceProfileSelector/Binaries/Win64/UE4Editor-AndroidDeviceProfileSelector.dll (API version 3944462).
LogModuleManager: Display: Found up-to-date module file ../../../Engine/Plugins/Runtime/AppleARKit/Binaries/Win64/UE4Editor-AppleARKit.dll (API version 3944462).
LogModuleManager: Display: Found up-to-date module file ../../../Engine/Plugins/Runtime/ProceduralMeshComponent/Binaries/Win64/UE4Editor-ProceduralMeshComponent.dll (API version 3944462).
LogModuleManager: Display: Found up-to-date module file ../../../Engine/Plugins/Runtime/ProceduralMeshComponent/Binaries/Win64/UE4Editor-ProceduralMeshComponentEditor.dll (API version 3944462).
LogModuleManager: Display: Found up-to-date module file ../../../Engine/Plugins/Animation/LiveLink/Binaries/Win64/UE4Editor-LiveLink.dll (API version 3944462).
LogModuleManager: Display: Found up-to-date module file ../../../Engine/Plugins/Animation/LiveLink/Binaries/Win64/UE4Editor-LiveLinkEditor.dll (API version 3944462).
LogModuleManager: Display: Found up-to-date module file ../../../Engine/Plugins/Runtime/ArchVisCharacter/Binaries/Win64/UE4Editor-ArchVisCharacter.dll (API version 3944462).
LogModuleManager: Display: Found up-to-date module file ../../../Engine/Plugins/Runtime/AudioCapture/Binaries/Win64/UE4Editor-AudioCapture.dll (API version 3944462).
LogModuleManager: Display: Found up-to-date module file ../../../Engine/Plugins/Runtime/AudioCapture/Binaries/Win64/UE4Editor-AudioCaptureEditor.dll (API version 3944462).
LogModuleManager: Display: Found up-to-date module file ../../../Engine/Plugins/Runtime/CableComponent/Binaries/Win64/UE4Editor-CableComponent.dll (API version 3944462).
LogModuleManager: Display: Found up-to-date module file ../../../Engine/Plugins/Runtime/CustomMeshComponent/Binaries/Win64/UE4Editor-CustomMeshComponent.dll (API version 3944462).
LogModuleManager: Display: Found up-to-date module file ../../../Engine/Plugins/Runtime/ExampleDeviceProfileSelector/Binaries/Win64/UE4Editor-ExampleDeviceProfileSelector.dll (API version 3944462).
LogModuleManager: Display: Found up-to-date module file ../../../Engine/Plugins/Runtime/ImmediatePhysics/Binaries/Win64/UE4Editor-ImmediatePhysics.dll (API version 3944462).
LogModuleManager: Display: Found up-to-date module file ../../../Engine/Plugins/Runtime/ImmediatePhysics/Binaries/Win64/UE4Editor-ImmediatePhysicsEditor.dll (API version 3944462).
LogModuleManager: Display: Found up-to-date module file ../../../Engine/Plugins/Runtime/LocationServicesBPLibrary/Binaries/Win64/UE4Editor-LocationServicesBPLibrary.dll (API version 3944462).
LogModuleManager: Display: Found up-to-date module file ../../../Engine/Plugins/Runtime/MobilePatchingUtils/Binaries/Win64/UE4Editor-MobilePatchingUtils.dll (API version 3944462).
LogModuleManager: Display: Found up-to-date module file ../../../Engine/Plugins/Runtime/Oculus/OculusVR/Binaries/Win64/UE4Editor-OculusHMD.dll (API version 3944462).
LogModuleManager: Display: Found up-to-date module file ../../../Engine/Plugins/Runtime/Oculus/OculusVR/Binaries/Win64/UE4Editor-OculusInput.dll (API version 3944462).
LogModuleManager: Display: Found up-to-date module file ../../../Engine/Plugins/Runtime/Oculus/OculusVR/Binaries/Win64/UE4Editor-OculusEditor.dll (API version 3944462).
LogModuleManager: Display: Found up-to-date module file ../../../Engine/Plugins/Runtime/PhysXVehicles/Binaries/Win64/UE4Editor-PhysXVehicles.dll (API version 3944462).
LogModuleManager: Display: Found up-to-date module file ../../../Engine/Plugins/Runtime/PhysXVehicles/Binaries/Win64/UE4Editor-PhysXVehiclesEditor.dll (API version 3944462).
LogModuleManager: Display: Found up-to-date module file ../../../Engine/Plugins/Runtime/RuntimePhysXCooking/Binaries/Win64/UE4Editor-RuntimePhysXCooking.dll (API version 3944462).
LogModuleManager: Display: Found up-to-date module file ../../../Engine/Plugins/Runtime/Steam/SteamVR/Binaries/Win64/UE4Editor-SteamVR.dll (API version 3944462).
LogModuleManager: Display: Found up-to-date module file ../../../Engine/Plugins/Runtime/Steam/SteamVR/Binaries/Win64/UE4Editor-SteamVRController.dll (API version 3944462).
LogModuleManager: Display: Found up-to-date module file ../../../Engine/Plugins/Runtime/WindowsMoviePlayer/Binaries/Win64/UE4Editor-WindowsMoviePlayer.dll (API version 3944462).
LogPluginManager: Mounting plugin Paper2D
LogPluginManager: Mounting plugin LiveLink
LogPluginManager: Mounting plugin LightPropagationVolume
LogPluginManager: Mounting plugin CLionSourceCodeAccess
LogPluginManager: Mounting plugin CodeLiteSourceCodeAccess
LogPluginManager: Mounting plugin GitSourceControl
LogPluginManager: Mounting plugin KDevelopSourceCodeAccess
LogPluginManager: Mounting plugin NullSourceCodeAccess
LogPluginManager: Mounting plugin PerforceSourceControl
LogPluginManager: Mounting plugin SubversionSourceControl
LogPluginManager: Mounting plugin UObjectPlugin
LogPluginManager: Mounting plugin VisualStudioCodeSourceCodeAccess
LogPluginManager: Mounting plugin VisualStudioSourceCodeAccess
LogPluginManager: Mounting plugin XCodeSourceCodeAccess
LogPluginManager: Mounting plugin AssetManagerEditor
LogPluginManager: Mounting plugin CryptoKeys
LogPluginManager: Mounting plugin DataValidation
LogPluginManager: Mounting plugin FacialAnimation
LogPluginManager: Mounting plugin GameplayTagsEditor
LogPluginManager: Mounting plugin MobileLauncherProfileWizard
LogPluginManager: Mounting plugin PluginBrowser
LogPluginManager: Mounting plugin SpeedTreeImporter
LogPluginManager: Mounting plugin DatasmithContent
LogPluginManager: Mounting plugin AlembicImporter
LogPluginManager: Mounting plugin CharacterAI
LogPluginManager: Mounting plugin HTML5Networking
LogPluginManager: Mounting plugin AndroidMedia
LogPluginManager: Mounting plugin AvfMedia
LogPluginManager: Mounting plugin ImgMedia
LogPluginManager: Mounting plugin LinearTimecode
LogPluginManager: Mounting plugin MediaCompositing
LogPluginManager: Mounting plugin MediaPlayerEditor
LogPluginManager: Mounting plugin WmfMedia
LogPluginManager: Mounting plugin TcpMessaging
LogPluginManager: Mounting plugin UdpMessaging
LogPluginManager: Mounting plugin ActorSequence
LogPluginManager: Mounting plugin LevelSequenceEditor
LogPluginManager: Mounting plugin MatineeToLevelSequence
LogPluginManager: Mounting plugin NetcodeUnitTest
LogPluginManager: Mounting plugin NUTUnrealEngine4
LogPluginManager: Mounting plugin OnlineSubsystemGooglePlay
LogPluginManager: Mounting plugin OnlineSubsystemIOS
LogPluginManager: Mounting plugin OnlineSubsystem
LogPluginManager: Mounting plugin OnlineSubsystemNull
LogPluginManager: Mounting plugin OnlineSubsystemUtils
LogPluginManager: Mounting plugin AndroidDeviceProfileSelector
LogPluginManager: Mounting plugin AndroidMoviePlayer
LogPluginManager: Mounting plugin AndroidPermission
LogPluginManager: Mounting plugin ApexDestruction
LogPluginManager: Mounting plugin AppleARKit
LogPluginManager: Mounting plugin AppleMoviePlayer
LogPluginManager: Mounting plugin ArchVisCharacter
LogPluginManager: Mounting plugin AudioCapture
LogPluginManager: Mounting plugin CableComponent
LogPluginManager: Mounting plugin CustomMeshComponent
LogPluginManager: Mounting plugin ExampleDeviceProfileSelector
LogPluginManager: Mounting plugin GoogleCloudMessaging
LogPluginManager: Mounting plugin ImmediatePhysics
LogPluginManager: Mounting plugin IOSDeviceProfileSelector
LogPluginManager: Mounting plugin LinuxDeviceProfileSelector
LogPluginManager: Mounting plugin LocationServicesBPLibrary
LogPluginManager: Mounting plugin MobilePatchingUtils
LogPluginManager: Mounting plugin OculusVR
LogPluginManager: Plugin shader directory ../../../Engine/Plugins/Runtime/Oculus/OculusVR/Shaders found
LogPluginManager: Mapping shader source directory ../../../Engine/Plugins/Runtime/Oculus/OculusVR/Shaders to virtual directory /Plugin/OculusVR
LogPluginManager: Mounting plugin PhysXVehicles
LogPluginManager: Mounting plugin ProceduralMeshComponent
LogPluginManager: Mounting plugin RuntimePhysXCooking
LogPluginManager: Mounting plugin SteamVR
LogPluginManager: Mounting plugin WindowsMoviePlayer
LogStreaming: Display: Took  0.994s to configure plugins.
LogInit: Using libcurl 7.47.1
LogInit:  - built for x86_64-pc-win32
LogInit:  - supports SSL with OpenSSL/1.0.2g
LogInit:  - supports HTTP deflate (compression) using libz 1.2.8
LogInit:  - other features:
LogInit:      CURL_VERSION_SSL
LogInit:      CURL_VERSION_LIBZ
LogInit:      CURL_VERSION_IPV6
LogInit:      CURL_VERSION_ASYNCHDNS
LogInit:      CURL_VERSION_LARGEFILE
LogInit:      CURL_VERSION_IDN
LogInit:  CurlRequestOptions (configurable via config and command line):
LogInit:  - bVerifyPeer = false  - Libcurl will NOT verify peer certificate
LogInit:  - bUseHttpProxy = false  - Libcurl will NOT use HTTP proxy
LogInit:  - bDontReuseConnections = false  - Libcurl will reuse connections
LogInit:  - CertBundlePath = nullptr  - Libcurl will use whatever was configured at build time.
LogInit:  - MaxHostConnections = 16  - Libcurl will limit the number of connections to a host
LogInit:  - LocalHostAddr = Default
LogInit: WinSock: version 1.1 (2.2), MaxSocks=32767, MaxUdp=65467
LogInit: WinSock: I am Camp-FTL9142 (129.59.56.28:0)
LogInit: Build: ++UE4+Release-4.19-CL-3989454
LogInit: Engine Version: 4.19.1-3989454+++UE4+Release-4.19
LogInit: Compatible Engine Version: 4.19.0-3944462+++UE4+Release-4.19
LogInit: Net CL: 3944462
LogDevObjectVersion: Number of dev versions registered: 18
LogDevObjectVersion:   Dev-Blueprints (B0D832E4-1F89-4F0D-ACCF-7EB736FD4AA2): 10
LogDevObjectVersion:   Dev-Build (E1C64328-A22C-4D53-A36C-8E866417BD8C): 0
LogDevObjectVersion:   Dev-Core (375EC13C-06E4-48FB-B500-84F0262A717E): 2
LogDevObjectVersion:   Dev-Editor (E4B068ED-F494-42E9-A231-DA0B2E46BB41): 23
LogDevObjectVersion:   Dev-Framework (CFFC743F-43B0-4480-9391-14DF171D2073): 33
LogDevObjectVersion:   Dev-Mobile (B02B49B5-BB20-44E9-A304-32B752E40360): 2
LogDevObjectVersion:   Dev-Networking (A4E4105C-59A1-49B5-A7C5-40C4547EDFEE): 0
LogDevObjectVersion:   Dev-Online (39C831C9-5AE6-47DC-9A44-9C173E1C8E7C): 0
LogDevObjectVersion:   Dev-Physics (78F01B33-EBEA-4F98-B9B4-84EACCB95AA2): 0
LogDevObjectVersion:   Dev-Platform (6631380F-2D4D-43E0-8009-CF276956A95A): 0
LogDevObjectVersion:   Dev-Rendering (12F88B9F-8875-4AFC-A67C-D90C383ABD29): 25
LogDevObjectVersion:   Dev-Sequencer (7B5AE74C-D270-4C10-A958-57980B212A5A): 6
LogDevObjectVersion:   Dev-VR (D7296918-1DD6-4BDD-9DE2-64A83CC13884): 1
LogDevObjectVersion:   Dev-LoadTimes (C2A15278-BFE7-4AFE-6C17-90FF531DF755): 1
LogDevObjectVersion:   Private-Geometry (6EACA3D4-40EC-4CC1-B786-8BED09428FC5): 2
LogDevObjectVersion:   Dev-AnimPhys (29E575DD-E0A3-4627-9D10-D276232CDCEA): 16
LogDevObjectVersion:   Dev-ReflectionCapture (6B266CEC-1EC7-4B8F-A30B-E4D90942FC07): 1
LogDevObjectVersion:   Dev-Automation (0DF73D61-A23F-47EA-B727-89E90C41499A): 1
LogInit: Compiled (64-bit): Apr  6 2018 12:26:04
LogInit: Compiled with Visual C++: 19.00.24215.01
LogInit: Build Configuration: Development
LogInit: Branch Name: ++UE4+Release-4.19
LogInit: Command Line:  
LogInit: Base Directory: C:/Program Files/Epic Games/UE_4.19/Engine/Binaries/Win64/
LogInit: Installed Engine Build: 1
LogStreaming: Display: Took  0.003s to delete old logs.
LogInit: Presizing for max 8388607 objects, including 0 objects not considered by GC, pre-allocating 0 bytes for permanent pool.
LogInit: Object subsystem initialized
[2018.07.19-14.14.28:031][  0]LogInit: Selected Device Profile: [Windows]
[2018.07.19-14.14.28:031][  0]LogInit: Applying CVar settings loaded from the selected device profile: [Windows]
[2018.07.19-14.14.28:046][  0]LogInit: Computer: CAMP-FTL9142
[2018.07.19-14.14.28:046][  0]LogInit: User: iDStudent
[2018.07.19-14.14.28:046][  0]LogInit: CPU Page size=4096, Cores=4
[2018.07.19-14.14.28:046][  0]LogInit: High frequency timer resolution =2.742186 MHz
[2018.07.19-14.14.28:047][  0]LogMemory: Memory total: Physical=15.9GB (16GB approx)
[2018.07.19-14.14.28:047][  0]LogMemory: Platform Memory Stats for Windows
[2018.07.19-14.14.28:047][  0]LogMemory: Process Physical Memory: 274.25 MB used, 274.25 MB peak
[2018.07.19-14.14.28:047][  0]LogMemory: Process Virtual Memory: 264.72 MB used, 264.72 MB peak
[2018.07.19-14.14.28:047][  0]LogMemory: Physical Memory: 4511.29 MB used,  11738.88 MB free, 16250.17 MB total
[2018.07.19-14.14.28:047][  0]LogMemory: Virtual Memory: 4789.40 MB used,  11738.88 MB free, 134217728.00 MB total
[2018.07.19-14.14.28:785][  0]LogInit: Using OS detected language (en-US).
[2018.07.19-14.14.28:785][  0]LogInit: Using OS detected locale (en-US).
[2018.07.19-14.14.28:787][  0]LogTextLocalizationManager: No specific localization for 'en-US' exists, so the 'en' localization will be used.
[2018.07.19-14.14.29:199][  0]LogStreaming: Display: Took  0.414s to EndInitTextLocalization.
[2018.07.19-14.14.29:199][  0]LogInit: Setting process to per monitor DPI aware
[2018.07.19-14.14.29:228][  0]LogSlate: New Slate User Created.  User Index 0, Is Virtual User: 0
[2018.07.19-14.14.29:228][  0]LogSlate: Slate User Registered.  User Index 0, Is Virtual User: 0
[2018.07.19-14.14.29:409][  0]LogD3D11RHI: D3D11 adapters:
[2018.07.19-14.14.29:464][  0]LogD3D11RHI:    0. 'NVIDIA GeForce GTX 1050 Ti' (Feature Level 11_0)
[2018.07.19-14.14.29:464][  0]LogD3D11RHI:       4018/0/8125 MB DedicatedVideo/DedicatedSystem/SharedSystem, Outputs:1, VendorId:0x10de
[2018.07.19-14.14.29:475][  0]LogD3D11RHI:    1. 'Intel(R) HD Graphics 630' (Feature Level 11_0)
[2018.07.19-14.14.29:475][  0]LogD3D11RHI:       128/0/8125 MB DedicatedVideo/DedicatedSystem/SharedSystem, Outputs:0, VendorId:0x8086
[2018.07.19-14.14.29:477][  0]LogD3D11RHI:    2. 'Microsoft Basic Render Driver' (Feature Level 11_0)
[2018.07.19-14.14.29:477][  0]LogD3D11RHI:       0/0/8125 MB DedicatedVideo/DedicatedSystem/SharedSystem, Outputs:0, VendorId:0x1414
[2018.07.19-14.14.29:477][  0]LogD3D11RHI: Chosen D3D11 Adapter: 0
[2018.07.19-14.14.29:491][  0]LogD3D11RHI: Creating new Direct3DDevice
[2018.07.19-14.14.29:491][  0]LogD3D11RHI:     GPU DeviceId: 0x1c8c (for the marketing name, search the web for "GPU Device Id")
[2018.07.19-14.14.29:491][  0]LogWindows: EnumDisplayDevices:
[2018.07.19-14.14.29:491][  0]LogWindows:    0. 'Intel(R) HD Graphics 630' (P:1 D:1)
[2018.07.19-14.14.29:491][  0]LogWindows:    1. 'Intel(R) HD Graphics 630' (P:0 D:0)
[2018.07.19-14.14.29:491][  0]LogWindows:    2. 'Intel(R) HD Graphics 630' (P:0 D:0)
[2018.07.19-14.14.29:491][  0]LogWindows:    3. 'NVIDIA GeForce GTX 1050 Ti' (P:0 D:0)
[2018.07.19-14.14.29:492][  0]LogWindows: DebugString: GetVideoDriverDetailsInvalid PrimaryIsNotTheChoosenAdapter GetVideoDriverDetailsInvalid PrimaryIsNotTheChoosenAdapter GetVideoDriverDetailsInvalid PrimaryIsNotTheChoosenAdapter GetVideoDriverDetailsInvalid PrimaryIsNotTheChoosenAdapter FoundDriverCount:0 
[2018.07.19-14.14.29:492][  0]LogD3D11RHI:     Adapter Name: NVIDIA GeForce GTX 1050 Ti
[2018.07.19-14.14.29:492][  0]LogD3D11RHI:   Driver Version: Unknown (internal:Unknown, unified:Unknown)
[2018.07.19-14.14.29:492][  0]LogD3D11RHI:      Driver Date: Unknown
[2018.07.19-14.14.29:492][  0]LogRHI: Texture pool is 2812 MB (70% of 4018 MB)
[2018.07.19-14.14.29:524][  0]LogD3D11RHI: [Aftermath] Aftermath enabled and primed
[2018.07.19-14.14.29:524][  0]LogD3D11RHI: [Aftermath] Aftermath enabled and primed
[2018.07.19-14.14.29:524][  0]LogD3D11RHI: Async texture creation enabled
[2018.07.19-14.14.29:542][  0]LogD3D11RHI: GPU Timing Frequency: 1000.000000 (Debug: 2 2)
[2018.07.19-14.14.29:543][  0]LogShaderCompilers: Guid format shader working directory is -37 characters bigger than the processId version (../../../../../../Users/iD Student/Desktop/Preston F/ID-Tech-Group-Project/Group_Project/Intermediate/Shaders/WorkingDirectory/9804/).
[2018.07.19-14.14.29:543][  0]LogShaderCompilers: Cleaned the shader compiler working directory 'C:/Users/iD Student/AppData/Local/Temp/UnrealShaderWorkingDir/9BA859054477163875240ABFD986F99B/'.
[2018.07.19-14.14.29:757][  0]LogTemp: Display: Loaded TP AllDesktopTargetPlatform
[2018.07.19-14.14.29:770][  0]LogTemp: Display: Loaded TP MacClientTargetPlatform
[2018.07.19-14.14.29:783][  0]LogTemp: Display: Loaded TP MacNoEditorTargetPlatform
[2018.07.19-14.14.29:795][  0]LogTemp: Display: Loaded TP MacServerTargetPlatform
[2018.07.19-14.14.29:808][  0]LogTemp: Display: Loaded TP MacTargetPlatform
[2018.07.19-14.14.29:821][  0]LogTemp: Display: Loaded TP WindowsClientTargetPlatform
[2018.07.19-14.14.29:834][  0]LogTemp: Display: Loaded TP WindowsNoEditorTargetPlatform
[2018.07.19-14.14.29:849][  0]LogTemp: Display: Loaded TP WindowsServerTargetPlatform
[2018.07.19-14.14.29:855][  0]LogTemp: Display: Loaded TP WindowsTargetPlatform
[2018.07.19-14.14.29:868][  0]LogTemp: Display: Loaded TP Android_ASTCTargetPlatform
[2018.07.19-14.14.29:879][  0]LogTemp: Display: Loaded TP Android_ATCTargetPlatform
[2018.07.19-14.14.29:890][  0]LogTemp: Display: Loaded TP Android_DXTTargetPlatform
[2018.07.19-14.14.29:901][  0]LogTemp: Display: Loaded TP Android_ETC1aTargetPlatform
[2018.07.19-14.14.29:912][  0]LogTemp: Display: Loaded TP Android_ETC1TargetPlatform
[2018.07.19-14.14.29:923][  0]LogTemp: Display: Loaded TP Android_ETC2TargetPlatform
[2018.07.19-14.14.29:945][  0]LogTemp: Display: Loaded TP Android_MultiTargetPlatform
[2018.07.19-14.14.29:945][  0]LogTemp: Display: Loaded TP Android_PVRTCTargetPlatform
[2018.07.19-14.14.29:956][  0]LogTemp: Display: Loaded TP AndroidTargetPlatform
[2018.07.19-14.14.29:957][  0]LogTemp: Display: Loaded TP HTML5TargetPlatform
[2018.07.19-14.14.29:993][  0]LogTemp: Display: Loaded TP IOSTargetPlatform
[2018.07.19-14.14.30:004][  0]LogTemp: Display: Loaded TP TVOSTargetPlatform
[2018.07.19-14.14.30:015][  0]LogTemp: Display: Loaded TP LinuxClientTargetPlatform
[2018.07.19-14.14.30:026][  0]LogTemp: Display: Loaded TP LinuxNoEditorTargetPlatform
[2018.07.19-14.14.30:037][  0]LogTemp: Display: Loaded TP LinuxServerTargetPlatform
[2018.07.19-14.14.30:048][  0]LogTemp: Display: Loaded TP LinuxTargetPlatform
[2018.07.19-14.14.30:048][  0]LogTargetPlatformManager: Display: Building Assets For Windows
[2018.07.19-14.14.30:150][  0]LogXGEController: Cleaning working directory: C:/Users/iD Student/AppData/Local/Temp/UnrealXGEWorkingDir/
[2018.07.19-14.14.30:151][  0]LogXGEController: Cannot use XGE Controller as Incredibuild is not installed on this machine.
[2018.07.19-14.14.30:151][  0]LogShaderCompilers: Cannot use XGE Shader Compiler as Incredibuild is not installed on this machine.
[2018.07.19-14.14.30:151][  0]LogShaderCompilers: Display: Using Local Shader Compiler.
[2018.07.19-14.14.30:766][  0]LogDerivedDataCache: Display: Max Cache Size: 512 MB
[2018.07.19-14.14.30:838][  0]LogDerivedDataCache: Loaded boot cache 0.07s 74MB C:/Users/iD Student/AppData/Local/UnrealEngine/4.19/DerivedDataCache/Boot.ddc.
[2018.07.19-14.14.30:838][  0]LogDerivedDataCache: Display: Loaded Boot cache: C:/Users/iD Student/AppData/Local/UnrealEngine/4.19/DerivedDataCache/Boot.ddc
[2018.07.19-14.14.30:838][  0]LogDerivedDataCache: FDerivedDataBackendGraph:  Pak pak cache file ../../../../../../Users/iD Student/Desktop/Preston F/ID-Tech-Group-Project/Group_Project/DerivedDataCache/DDC.ddp not found, will not use a pak cache.
[2018.07.19-14.14.30:838][  0]LogDerivedDataCache: Unable to find inner node Pak for hierarchical cache Hierarchy.
[2018.07.19-14.14.30:838][  0]LogDerivedDataCache: FDerivedDataBackendGraph:  CompressedPak pak cache file ../../../../../../Users/iD Student/Desktop/Preston F/ID-Tech-Group-Project/Group_Project/DerivedDataCache/Compressed.ddp not found, will not use a pak cache.
[2018.07.19-14.14.30:838][  0]LogDerivedDataCache: Unable to find inner node CompressedPak for hierarchical cache Hierarchy.
[2018.07.19-14.14.30:852][  0]LogDerivedDataCache: Display: Pak cache opened for reading ../../../Engine/DerivedDataCache/Compressed.ddp.
[2018.07.19-14.14.30:864][  0]LogDerivedDataCache: Using Local data cache path C:/Users/iD Student/AppData/Local/UnrealEngine/Common/DerivedDataCache: Writable
[2018.07.19-14.14.30:874][  0]LogMaterial: Verifying Global Shaders for PCD3D_SM5
[2018.07.19-14.14.30:874][  0]LogSlate: Using Freetype 2.6.0
[2018.07.19-14.14.30:875][  0]LogSlate: SlateFontCache - WITH_FREETYPE: 1, WITH_HARFBUZZ: 1
[2018.07.19-14.14.30:875][  0]LogSlate: SlateFontCache - WITH_FREETYPE: 1, WITH_HARFBUZZ: 1
[2018.07.19-14.14.30:984][  0]LogAssetRegistry: FAssetRegistry took 0.0257 seconds to start up
[2018.07.19-14.14.31:309][  0]LogInit: Selected Device Profile: [Windows]
[2018.07.19-14.14.31:456][  0]LogSimplygon: Simplygon DLL not present - disabling.
[2018.07.19-14.14.31:459][  0]LogMeshReduction: Using SimplygonSwarm for distributed automatic mesh merging
[2018.07.19-14.14.31:459][  0]LogMeshReduction: Using QuadricMeshReduction for automatic static mesh reduction
[2018.07.19-14.14.31:459][  0]LogMeshReduction: No automatic skeletal mesh reduction module available
[2018.07.19-14.14.31:459][  0]LogMeshReduction: No automatic mesh merging module available
[2018.07.19-14.14.31:459][  0]LogMeshMerging: No automatic mesh merging module available
[2018.07.19-14.14.31:489][  0]LogNetVersion: Group_Project , NetCL: 3944462, EngineNetVer: 2, GameNetVer: 0 (Checksum: 541774694)
[2018.07.19-14.14.31:938][  0]LogPackageLocalizationCache: Processed 9 localized package path(s) for 2 prioritized culture(s) in 0.077567 seconds
[2018.07.19-14.14.31:943][  0]LogUObjectArray: 36728 objects as part of root set at end of initial load.
[2018.07.19-14.14.31:943][  0]LogUObjectAllocator: 7314304 out of 0 bytes used by permanent object pool.
[2018.07.19-14.14.31:943][  0]LogUObjectArray: CloseDisregardForGC: 0/0 objects in disregard for GC pool
[2018.07.19-14.14.33:502][  0]LogTcpMessaging: Initializing TcpMessaging bridge
[2018.07.19-14.14.33:530][  0]LogUdpMessaging: Initializing bridge on interface 0.0.0.0:0 to multicast group 230.0.0.1:6666.
[2018.07.19-14.14.33:927][  0]SourceControl: Source control is disabled
[2018.07.19-14.14.33:927][  0]SourceControl: Source control is disabled
[2018.07.19-14.14.33:943][  0]SourceControl: Source control is disabled
[2018.07.19-14.14.33:960][  0]SourceControl: Source control is disabled
[2018.07.19-14.14.34:436][  0]LogAndroidPermission: UAndroidPermissionCallbackProxy::GetInstance
[2018.07.19-14.14.34:567][  0]LogOcInput: OculusInput pre-init called
[2018.07.19-14.14.34:675][  0]LogEngine: Initializing Engine...
[2018.07.19-14.14.34:676][  0]LogHMD: Failed to initialize OpenVR with code 110
[2018.07.19-14.14.34:678][  0]LogStats: UGameplayTagsManager::ConstructGameplayTagTree: Construct from data asset -  0.000 s
[2018.07.19-14.14.34:678][  0]LogStats: UGameplayTagsManager::ConstructGameplayTagTree: GameplayTagTreeChangedEvent.Broadcast -  0.000 s
[2018.07.19-14.14.34:936][  0]LogAIModule: Creating AISystem for world Untitled
[2018.07.19-14.14.34:940][  0]LogInit: XAudio2 using 'Speakers / Headphones (Realtek Audio)' : 2 channels at 48 kHz using 32 bits per sample (channel mask 0x3)
[2018.07.19-14.14.36:293][  0]LogInit: FAudioDevice initialized.
[2018.07.19-14.14.36:354][  0]LogDerivedDataCache: Saved boot cache 0.06s 74MB C:/Users/iD Student/AppData/Local/UnrealEngine/4.19/DerivedDataCache/Boot.ddc.
[2018.07.19-14.14.36:370][  0]LogInit: Texture streaming: Enabled
[2018.07.19-14.14.36:386][  0]LogEngineSessionManager: EngineSessionManager initialized
[2018.07.19-14.14.36:398][  0]LogInit: Transaction tracking system initialized
[2018.07.19-14.14.36:436][  0]BlueprintLog: New page: Editor Load
[2018.07.19-14.14.36:509][  0]LocalizationService: Localization service is disabled
[2018.07.19-14.14.36:607][  0]LogConsoleResponse: Display: 
[2018.07.19-14.14.36:777][  0]LogCook: Display: Max memory allowance for cook 16384mb min free memory 0mb
[2018.07.19-14.14.36:777][  0]LogCook: Display: Mobile HDR setting 1
[2018.07.19-14.14.36:777][  0]LogGameplayTags: Display: UGameplayTagsManager::DoneAddingNativeTags. DelegateIsBound: 0
[2018.07.19-14.14.36:777][  0]LogStats: UGameplayTagsManager::ConstructGameplayTagTree: Construct from data asset -  0.000 s
[2018.07.19-14.14.36:777][  0]LogStats: UGameplayTagsManager::ConstructGameplayTagTree: GameplayTagTreeChangedEvent.Broadcast -  0.000 s
[2018.07.19-14.14.37:133][  0]LogFileCache: Scanning file cache for directory 'C:/Users/iD Student/Desktop/Preston F/ID-Tech-Group-Project/Group_Project/Content/' took 0.05s
[2018.07.19-14.14.37:133][  0]SourceControl: Source control is disabled
[2018.07.19-14.14.37:133][  0]Cmd: MAP LOAD FILE="../../../../../../Users/iD Student/Desktop/Preston F/ID-Tech-Group-Project/Group_Project/Content/FirstPersonBP/Maps/FirstPersonExampleMap.umap" TEMPLATE=0 SHOWPROGRESS=1 FEATURELEVEL=3
[2018.07.19-14.14.37:133][  0]LightingResults: New page: Lighting Build
[2018.07.19-14.14.37:136][  0]MapCheck: New page: Map Check
[2018.07.19-14.14.37:136][  0]LightingResults: New page: Lighting Build
[2018.07.19-14.14.37:298][  0]LogBlueprint: Warning: [Compiler FirstPersonCharacter] InputAction Event references unknown Action 'Fire' for  InputAction Fire
[2018.07.19-14.14.37:305][  0]LogBlueprint: Warning: [Compiler FirstPersonCharacter] [0011.72] Compile of FirstPersonCharacter successful, but with 1 Warning(s) [in 13 ms] (/Game/FirstPersonBP/Blueprints/FirstPersonCharacter.FirstPersonCharacter)
[2018.07.19-14.14.37:560][  0]LogSkeletalMesh: Skeletal Mesh found in DDC [3.327637ms] /Game/FirstPerson/FPWeapon/Mesh/SK_FPGun.SK_FPGun
[2018.07.19-14.14.37:575][  0]LogSkeletalMesh: Skeletal Mesh found in DDC [5.504003ms] /Game/FirstPerson/Character/Mesh/SK_Mannequin_Arms.SK_Mannequin_Arms
[2018.07.19-14.14.37:690][  0]LogAIModule: Creating AISystem for world FirstPersonExampleMap
[2018.07.19-14.14.37:710][  0]LogEditorServer: Finished looking for orphan Actors (0.000 secs)
[2018.07.19-14.14.37:728][  0]Cmd: MAP CHECKDEP NOCLEARLOG
[2018.07.19-14.14.37:782][  0]MapCheck: Map check complete: 0 Error(s), 0 Warning(s), took 53.53ms to complete.
[2018.07.19-14.14.37:782][  0]LogFileHelpers: Loading map 'FirstPersonExampleMap' took 0.649
[2018.07.19-14.14.37:860][  0]LogCollectionManager: Loaded 0 collections in 0.001870 seconds
[2018.07.19-14.14.37:909][  0]LogFileCache: Scanning file cache for directory 'C:/Users/iD Student/Desktop/Preston F/ID-Tech-Group-Project/Group_Project/Saved/Collections/' took 0.01s
[2018.07.19-14.14.37:909][  0]LogFileCache: Scanning file cache for directory 'C:/Users/iD Student/Desktop/Preston F/ID-Tech-Group-Project/Group_Project/Content/Developers/iDStudent/Collections/' took 0.01s
[2018.07.19-14.14.37:909][  0]LogFileCache: Scanning file cache for directory 'C:/Users/iD Student/Desktop/Preston F/ID-Tech-Group-Project/Group_Project/Content/Collections/' took 0.01s
[2018.07.19-14.14.37:909][  0]LogCollectionManager: Rebuilt the GUID cache for 0 collections in 0.000000 seconds
[2018.07.19-14.14.37:928][  0]LogContentBrowser: Native class hierarchy populated in 0.0185 seconds. Added 2461 classes and 563 folders.
[2018.07.19-14.14.37:940][  0]LogContentBrowser: Native class hierarchy updated for 'WidgetCarousel' in 0.0002 seconds. Added 0 classes and 0 folders.
[2018.07.19-14.14.37:978][  0]LogContentBrowser: Native class hierarchy updated for 'AddContentDialog' in 0.0002 seconds. Added 0 classes and 0 folders.
[2018.07.19-14.14.38:029][  0]LogContentBrowser: Native class hierarchy updated for 'SceneOutliner' in 0.0002 seconds. Added 1 classes and 2 folders.
[2018.07.19-14.14.38:103][  0]LogSlate: Took 0.000306 seconds to synchronously load lazily loaded font '../../../Engine/Content/Slate/Fonts/Roboto-Regular.ttf' (155K)
[2018.07.19-14.14.38:105][  0]LogSlate: Took 0.000283 seconds to synchronously load lazily loaded font '../../../Engine/Content/Slate/Fonts/Roboto-Bold.ttf' (160K)
[2018.07.19-14.14.38:107][  0]LogSlate: Took 0.000253 seconds to synchronously load lazily loaded font '../../../Engine/Content/Editor/Slate/Fonts/FontAwesome.ttf' (139K)
[2018.07.19-14.14.38:140][  0]LogSlate: Took 0.000182 seconds to synchronously load lazily loaded font '../../../Engine/Content/Slate/Fonts/Roboto-Light.ttf' (167K)
[2018.07.19-14.14.38:229][  0]LogRenderer: Reallocating scene render targets to support 828x712 Format 10 NumSamples 1 (Frame:1).
[2018.07.19-14.14.38:481][  0]LogContentBrowser: Native class hierarchy updated for 'HierarchicalLODOutliner' in 0.0003 seconds. Added 0 classes and 0 folders.
[2018.07.19-14.14.38:481][  0]LogLoad: (Engine Initialization) Total time: 12.90 seconds
[2018.07.19-14.14.38:481][  0]LogLoad: (Engine Initialization) Total Blueprint compile time: 0.00 seconds
[2018.07.19-14.14.38:865][  0]LogContentStreaming: Texture pool size now 1000 MB
[2018.07.19-14.14.39:848][  3]LogSlate: Took 0.000362 seconds to synchronously load lazily loaded font '../../../Engine/Content/Slate/Fonts/Roboto-Light.ttf' (167K)
[2018.07.19-14.14.40:528][  6]LogAssetRegistry: Asset discovery search completed in 9.5664 seconds
[2018.07.19-14.14.40:537][  6]LogCollectionManager: Rebuilt the object cache for 0 collections in 0.000001 seconds (found 0 objects)
[2018.07.19-14.14.40:537][  6]LogCollectionManager: Fixed up redirectors for 0 collections in 0.000058 seconds (updated 0 objects)
[2018.07.19-14.14.42:601][137]LogSlate: FSceneViewport::OnFocusLost() reason 0
[2018.07.19-14.20.41:175][ 81]LogSlate: FSceneViewport::OnFocusLost() reason 2
[2018.07.19-14.20.44:937][358]LogEditorViewport: Clicking on Actor (LMB): FritzPlayer_C (FritzPlayer)
[2018.07.19-14.20.45:087][359]LogEditorViewport: Clicking on Component (LMB): CameraComponent (Camera)
[2018.07.19-14.20.49:789][691]LogEditorViewport: Clicking on Component (LMB): CameraComponent (Camera)
[2018.07.19-14.20.49:877][695]LogEditorViewport: Clicking on Actor (double click): FritzPlayer_C (FritzPlayer)
[2018.07.19-14.20.52:921][920]Cmd: TRANSACTION UNDO
[2018.07.19-14.20.52:921][920]LogEditorTransaction: Undo Clicking on Actors (double-click)
[2018.07.19-14.20.53:338][940]Cmd: TRANSACTION UNDO
[2018.07.19-14.20.53:338][940]LogEditorTransaction: Undo Move Components
[2018.07.19-14.20.53:821][966]Cmd: TRANSACTION UNDO
[2018.07.19-14.20.53:821][966]LogEditorTransaction: Undo Move Components
[2018.07.19-14.20.54:310][988]Cmd: TRANSACTION UNDO
[2018.07.19-14.20.54:310][988]LogEditorTransaction: Undo Clicking on Components
[2018.07.19-14.20.55:180][ 47]Cmd: TRANSACTION UNDO
[2018.07.19-14.20.55:181][ 47]LogEditorTransaction: Undo Clicking on Actors
[2018.07.19-14.20.57:800][246]LogEditorViewport: Clicking on Actor (LMB): FritzPlayer_C (FritzPlayer)
[2018.07.19-14.21.00:228][412]LogEditorViewport: Clicking on Actor (context menu): TextRenderActor (TemplateLabel)
[2018.07.19-14.21.00:300][412]LogSlate: FSceneViewport::OnFocusLost() reason 2
[2018.07.19-14.21.02:065][534]LogEditorViewport: Clicking on Actor (LMB): StaticMeshActor (Floor)
[2018.07.19-14.21.04:716][739]LogEditorViewport: Clicking on Actor (context menu): FritzPlayer_C (FritzPlayer)
[2018.07.19-14.21.04:804][739]LogSlate: FSceneViewport::OnFocusLost() reason 2
[2018.07.19-14.21.13:643][308]LogEditorViewport: Clicking on Actor (LMB): StaticMeshActor (Floor)
[2018.07.19-14.21.20:513][804]LogSlate: FSceneViewport::OnFocusLost() reason 0
[2018.07.19-14.21.23:835][ 32]LogContentBrowser: Native class hierarchy updated for 'BlueprintGraph' in 0.0006 seconds. Added 116 classes and 0 folders.
[2018.07.19-14.21.24:608][ 32]LogSlate: Took 0.000226 seconds to synchronously load lazily loaded font '../../../Engine/Content/Slate/Fonts/Roboto-BoldCondensed.ttf' (158K)
[2018.07.19-14.21.24:838][ 33]LogSlate: Took 0.001625 seconds to synchronously load lazily loaded font '../../../Engine/Content/Slate/Fonts/Roboto-Italic.ttf' (157K)
[2018.07.19-14.21.52:586][ 75]LogSlate: Window 'FritzPlayer' being destroyed
[2018.07.19-14.21.54:648][225]LogSlate: FSceneViewport::OnFocusLost() reason 0
[2018.07.19-14.21.57:284][411]LogSlate: Took 0.000301 seconds to synchronously load lazily loaded font '../../../Engine/Content/Slate/Fonts/Roboto-BoldCondensedItalic.ttf' (160K)
[2018.07.19-14.22.59:154][140]BlueprintLog: New page: Compile FritzPlayer
[2018.07.19-14.23.00:331][182]LogSavePackage: Save=63.27ms
[2018.07.19-14.23.00:331][182]LogSavePackage: Moving '../../../../../../Users/iD Student/Desktop/Preston F/ID-Tech-Group-Project/Group_Project/Saved/FritzPlayerD987EB6E4737E3A106011195522ABC09.tmp' to '../../../../../../Users/iD Student/Desktop/Preston F/ID-Tech-Group-Project/Group_Project/Content/FritzPlayer/FritzPlayer.uasset'
[2018.07.19-14.23.00:335][182]LogSavePackage: Display: Finished SavePackage ../../../../../../Users/iD Student/Desktop/Preston F/ID-Tech-Group-Project/Group_Project/Content/FritzPlayer/FritzPlayer.uasset
[2018.07.19-14.23.02:979][374]LogTemp: Repeating last play command: Selected Viewport
[2018.07.19-14.23.03:027][374]LogBlueprintUserMessages: Early PlayInEditor Detection: Level '/Game/FirstPersonBP/Maps/FirstPersonExampleMap.FirstPersonExampleMap:PersistentLevel' has LevelScriptBlueprint '/Game/FirstPersonBP/Maps/FirstPersonExampleMap.FirstPersonExampleMap:PersistentLevel.FirstPersonExampleMap' with GeneratedClass '/Game/FirstPersonBP/Maps/FirstPersonExampleMap.FirstPersonExampleMap_C' with ClassGeneratedBy '/Game/FirstPersonBP/Maps/FirstPersonExampleMap.FirstPersonExampleMap:PersistentLevel.FirstPersonExampleMap'
[2018.07.19-14.23.03:028][374]LogPlayLevel: PlayLevel: No blueprints needed recompiling
[2018.07.19-14.23.03:028][374]PIE: New page: PIE session: FirstPersonExampleMap (Jul 19, 2018, 4:23:03 AM)
[2018.07.19-14.23.03:028][374]LogPlayLevel: Creating play world package: /Game/FirstPersonBP/Maps/UEDPIE_0_FirstPersonExampleMap
[2018.07.19-14.23.03:056][374]LogPlayLevel: PIE: StaticDuplicateObject took: (0.028484s)
[2018.07.19-14.23.03:057][374]LogAIModule: Creating AISystem for world FirstPersonExampleMap
[2018.07.19-14.23.03:057][374]LogPlayLevel: PIE: World Init took: (0.000755s)
[2018.07.19-14.23.03:057][374]LogPlayLevel: PIE: Created PIE world by copying editor world from /Game/FirstPersonBP/Maps/FirstPersonExampleMap.FirstPersonExampleMap to /Game/FirstPersonBP/Maps/UEDPIE_0_FirstPersonExampleMap.FirstPersonExampleMap (0.029447s)
[2018.07.19-14.23.03:086][374]LogInit: XAudio2 using 'Speakers / Headphones (Realtek Audio)' : 2 channels at 48 kHz using 32 bits per sample (channel mask 0x3)
[2018.07.19-14.23.03:156][374]LogInit: FAudioDevice initialized.
[2018.07.19-14.23.03:201][374]LogLoad: Game class is 'FirstPersonGameMode_C'
[2018.07.19-14.23.03:208][374]LogWorld: Bringing World /Game/FirstPersonBP/Maps/UEDPIE_0_FirstPersonExampleMap.FirstPersonExampleMap up for play (max tick rate 0) at 2018.07.19-09.23.03
[2018.07.19-14.23.03:209][374]LogWorld: Bringing up level for play took: 0.004821
[2018.07.19-14.23.03:217][374]LogContentBrowser: Native class hierarchy updated for 'MovieSceneCapture' in 0.0006 seconds. Added 11 classes and 0 folders.
[2018.07.19-14.23.03:218][374]PIE: Play in editor start time for /Game/FirstPersonBP/Maps/UEDPIE_0_FirstPersonExampleMap 0.808
[2018.07.19-14.23.03:219][374]LogBlueprintUserMessages: Late PlayInEditor Detection: Level '/Game/FirstPersonBP/Maps/FirstPersonExampleMap.FirstPersonExampleMap:PersistentLevel' has LevelScriptBlueprint '/Game/FirstPersonBP/Maps/FirstPersonExampleMap.FirstPersonExampleMap:PersistentLevel.FirstPersonExampleMap' with GeneratedClass '/Game/FirstPersonBP/Maps/FirstPersonExampleMap.FirstPersonExampleMap_C' with ClassGeneratedBy '/Game/FirstPersonBP/Maps/FirstPersonExampleMap.FirstPersonExampleMap:PersistentLevel.FirstPersonExampleMap'
[2018.07.19-14.23.16:897][374]LogBlueprintUserMessages: Early EndPlayMap Detection: Level '/Game/FirstPersonBP/Maps/FirstPersonExampleMap.FirstPersonExampleMap:PersistentLevel' has LevelScriptBlueprint '/Game/FirstPersonBP/Maps/FirstPersonExampleMap.FirstPersonExampleMap:PersistentLevel.FirstPersonExampleMap' with GeneratedClass '/Game/FirstPersonBP/Maps/FirstPersonExampleMap.FirstPersonExampleMap_C' with ClassGeneratedBy '/Game/FirstPersonBP/Maps/FirstPersonExampleMap.FirstPersonExampleMap:PersistentLevel.FirstPersonExampleMap'
[2018.07.19-14.23.16:950][374]LogBlueprintUserMessages: Late EndPlayMap Detection: Level '/Game/FirstPersonBP/Maps/FirstPersonExampleMap.FirstPersonExampleMap:PersistentLevel' has LevelScriptBlueprint '/Game/FirstPersonBP/Maps/FirstPersonExampleMap.FirstPersonExampleMap:PersistentLevel.FirstPersonExampleMap' with GeneratedClass '/Game/FirstPersonBP/Maps/FirstPersonExampleMap.FirstPersonExampleMap_C' with ClassGeneratedBy '/Game/FirstPersonBP/Maps/FirstPersonExampleMap.FirstPersonExampleMap:PersistentLevel.FirstPersonExampleMap'
[2018.07.19-14.23.18:126][451]LogSlate: FSceneViewport::OnFocusLost() reason 0
[2018.07.19-14.24.16:030][667]LogSlate: Window 'Save Content' being destroyed
[2018.07.19-14.24.16:351][667]LogSavePackage: Save=167.09ms
[2018.07.19-14.24.16:351][667]LogSavePackage: Moving '../../../../../../Users/iD Student/Desktop/Preston F/ID-Tech-Group-Project/Group_Project/Saved/FirstPersonExampleMapA7579EA2479448CEA3FE1CB94B297688.tmp' to '../../../../../../Users/iD Student/Desktop/Preston F/ID-Tech-Group-Project/Group_Project/Content/FirstPersonBP/Maps/FirstPersonExampleMap.umap'
[2018.07.19-14.24.16:357][667]LogSavePackage: Display: Finished SavePackage ../../../../../../Users/iD Student/Desktop/Preston F/ID-Tech-Group-Project/Group_Project/Content/FirstPersonBP/Maps/FirstPersonExampleMap.umap
[2018.07.19-14.24.16:389][667]LogFileHelpers: Saving map 'FirstPersonExampleMap' took 0.323
[2018.07.19-14.24.16:558][667]LogSlate: Window 'Group_Project - Unreal Editor' being destroyed
[2018.07.19-14.24.16:964][668]Cmd: QUIT_EDITOR
[2018.07.19-14.24.17:295][668]LogWindowsTextInputMethodSystem: Display: IME system now deactivated.
[2018.07.19-14.24.17:310][668]LogSlate: Slate User Destroyed.  User Index 0, Is Virtual User: 0
[2018.07.19-14.24.17:311][668]LogExit: Preparing to exit.
[2018.07.19-14.24.17:921][668]LogDirectoryWatcher: A directory notification for 'C:/Users/iD Student/Desktop/Preston F/ID-Tech-Group-Project/Group_Project/Content/' was aborted.
[2018.07.19-14.24.17:987][668]LogExit: Editor shut down
[2018.07.19-14.24.17:991][668]LogExit: Transaction tracking system shut down
[2018.07.19-14.24.18:146][668]LogDirectoryWatcher: A directory notification for '../../../Engine/Content/' was aborted.
[2018.07.19-14.24.18:146][668]LogDirectoryWatcher: A directory notification for '../../../../../../Users/iD Student/Desktop/Preston F/ID-Tech-Group-Project/Group_Project/Content/' was aborted.
[2018.07.19-14.24.18:146][668]LogDirectoryWatcher: A directory notification for '../../Plugins/2D/Paper2D/Content/' was aborted.
[2018.07.19-14.24.18:146][668]LogDirectoryWatcher: A directory notification for '../../Plugins/Enterprise/DatasmithContent/Content/' was aborted.
[2018.07.19-14.24.18:146][668]LogDirectoryWatcher: A directory notification for '../../Plugins/Media/MediaCompositing/Content/' was aborted.
[2018.07.19-14.24.18:146][668]LogDirectoryWatcher: A directory notification for '../../Plugins/Runtime/AppleARKit/Content/' was aborted.
[2018.07.19-14.24.18:146][668]LogDirectoryWatcher: A directory notification for '../../Plugins/Runtime/Oculus/OculusVR/Content/' was aborted.
[2018.07.19-14.24.18:146][668]LogDirectoryWatcher: A directory notification for '../../Plugins/Runtime/Steam/SteamVR/Content/' was aborted.
[2018.07.19-14.24.18:252][668]LogExit: Object subsystem successfully closed.
[2018.07.19-14.24.18:273][668]LogShaderCompilers: Display: Shaders left to compile 0
[2018.07.19-14.24.18:277][668]LogD3D11RHI: Shutdown
[2018.07.19-14.24.18:277][668]LogD3D11RHI: CleanupD3DDevice
[2018.07.19-14.24.18:279][668]LogD3D11RHI: ~FD3D11DynamicRHI
[2018.07.19-14.24.18:294][668]LogModuleManager: Shutting down and abandoning module MovieSceneCapture (582)
[2018.07.19-14.24.18:294][668]LogModuleManager: Shutting down and abandoning module BlueprintGraph (580)
[2018.07.19-14.24.18:294][668]LogModuleManager: Shutting down and abandoning module HierarchicalLODOutliner (578)
[2018.07.19-14.24.18:294][668]LogModuleManager: Shutting down and abandoning module SceneOutliner (576)
[2018.07.19-14.24.18:294][668]LogModuleManager: Shutting down and abandoning module AddContentDialog (574)
[2018.07.19-14.24.18:294][668]LogDirectoryWatcher: A directory notification for 'C:/Program Files/Epic Games/UE_4.19/FeaturePacks/' was aborted.
[2018.07.19-14.24.18:296][668]LogModuleManager: Shutting down and abandoning module WidgetCarousel (573)
[2018.07.19-14.24.18:296][668]LogModuleManager: Shutting down and abandoning module EditorWidgets (570)
[2018.07.19-14.24.18:296][668]LogModuleManager: Shutting down and abandoning module CollectionManager (568)
[2018.07.19-14.24.18:296][668]LogDirectoryWatcher: A directory notification for 'C:/Users/iD Student/Desktop/Preston F/ID-Tech-Group-Project/Group_Project/Content/Collections/' was aborted.
[2018.07.19-14.24.18:296][668]LogDirectoryWatcher: A directory notification for 'C:/Users/iD Student/Desktop/Preston F/ID-Tech-Group-Project/Group_Project/Content/Developers/iDStudent/Collections/' was aborted.
[2018.07.19-14.24.18:296][668]LogDirectoryWatcher: A directory notification for 'C:/Users/iD Student/Desktop/Preston F/ID-Tech-Group-Project/Group_Project/Saved/Collections/' was aborted.
[2018.07.19-14.24.18:296][668]LogModuleManager: Shutting down and abandoning module StatsViewer (566)
[2018.07.19-14.24.18:296][668]LogModuleManager: Shutting down and abandoning module FoliageEdit (564)
[2018.07.19-14.24.18:296][668]LogModuleManager: Shutting down and abandoning module LandscapeEditor (562)
[2018.07.19-14.24.18:296][668]LogModuleManager: Shutting down and abandoning module MeshPaintMode (560)
[2018.07.19-14.24.18:296][668]LogModuleManager: Shutting down and abandoning module SceneDepthPickerMode (558)
[2018.07.19-14.24.18:296][668]LogModuleManager: Shutting down and abandoning module ActorPickerMode (556)
[2018.07.19-14.24.18:296][668]LogModuleManager: Shutting down and abandoning module GeometryMode (554)
[2018.07.19-14.24.18:296][668]LogModuleManager: Shutting down and abandoning module TextureAlignMode (552)
[2018.07.19-14.24.18:296][668]LogModuleManager: Shutting down and abandoning module BspMode (550)
[2018.07.19-14.24.18:296][668]LogModuleManager: Shutting down and abandoning module PIEPreviewDeviceProfileSelector (548)
[2018.07.19-14.24.18:296][668]LogModuleManager: Shutting down and abandoning module HardwareSurvey (546)
[2018.07.19-14.24.18:296][668]LogModuleManager: Shutting down and abandoning module SequenceRecorderSections (544)
[2018.07.19-14.24.18:296][668]LogModuleManager: Shutting down and abandoning module AutomationWorker (542)
[2018.07.19-14.24.18:296][668]LogModuleManager: Shutting down and abandoning module AudioCaptureEditor (540)
[2018.07.19-14.24.18:296][668]LogModuleManager: Shutting down and abandoning module SequenceRecorder (539)
[2018.07.19-14.24.18:297][668]LogModuleManager: Shutting down and abandoning module MatineeToLevelSequence (536)
[2018.07.19-14.24.18:297][668]LogModuleManager: Shutting down and abandoning module LevelSequenceEditor (534)
[2018.07.19-14.24.18:297][668]LogModuleManager: Shutting down and abandoning module PlacementMode (533)
[2018.07.19-14.24.18:297][668]LogModuleManager: Shutting down and abandoning module MaterialEditor (532)
[2018.07.19-14.24.18:297][668]LogModuleManager: Shutting down and abandoning module WmfMediaFactory (528)
[2018.07.19-14.24.18:297][668]LogModuleManager: Shutting down and abandoning module WmfMediaEditor (526)
[2018.07.19-14.24.18:297][668]LogModuleManager: Shutting down and abandoning module MediaPlayerEditor (524)
[2018.07.19-14.24.18:297][668]LogModuleManager: Shutting down and abandoning module OpenExrWrapper (522)
[2018.07.19-14.24.18:297][668]LogModuleManager: Shutting down and abandoning module ImgMediaFactory (520)
[2018.07.19-14.24.18:297][668]LogModuleManager: Shutting down and abandoning module ImgMediaEditor (518)
[2018.07.19-14.24.18:297][668]LogModuleManager: Shutting down and abandoning module AvfMediaFactory (516)
[2018.07.19-14.24.18:297][668]LogModuleManager: Shutting down and abandoning module AvfMediaEditor (514)
[2018.07.19-14.24.18:297][668]LogModuleManager: Shutting down and abandoning module AndroidMediaFactory (512)
[2018.07.19-14.24.18:297][668]LogModuleManager: Shutting down and abandoning module AndroidMediaEditor (510)
[2018.07.19-14.24.18:297][668]LogModuleManager: Shutting down and abandoning module CharacterAI (508)
[2018.07.19-14.24.18:297][668]LogModuleManager: Shutting down and abandoning module SmartSnapping (506)
[2018.07.19-14.24.18:297][668]LogModuleManager: Shutting down and abandoning module SessionServices (504)
[2018.07.19-14.24.18:297][668]LogModuleManager: Shutting down and abandoning module ViewportSnapping (502)
[2018.07.19-14.24.18:297][668]LogModuleManager: Shutting down and abandoning module ViewportInteraction (500)
[2018.07.19-14.24.18:297][668]LogModuleManager: Shutting down and abandoning module ClothPainter (498)
[2018.07.19-14.24.18:297][668]LogModuleManager: Shutting down and abandoning module SkeletalMeshEditor (497)
[2018.07.19-14.24.18:297][668]LogModuleManager: Shutting down and abandoning module LogVisualizer (494)
[2018.07.19-14.24.18:297][668]LogModuleManager: Shutting down and abandoning module IntroTutorials (492)
[2018.07.19-14.24.18:297][668]LogModuleManager: Shutting down and abandoning module GameProjectGeneration (491)
[2018.07.19-14.24.18:297][668]LogModuleManager: Shutting down and abandoning module IOSPlatformEditor (488)
[2018.07.19-14.24.18:297][668]LogModuleManager: Shutting down and abandoning module HTML5PlatformEditor (486)
[2018.07.19-14.24.18:297][668]LogModuleManager: Shutting down and abandoning module AndroidPlatformEditor (484)
[2018.07.19-14.24.18:297][668]LogModuleManager: Shutting down and abandoning module AndroidDeviceDetection (483)
[2018.07.19-14.24.18:893][668]LogModuleManager: Shutting down and abandoning module WindowsPlatformEditor (480)
[2018.07.19-14.24.18:893][668]LogModuleManager: Shutting down and abandoning module IOSRuntimeSettings (478)
[2018.07.19-14.24.18:893][668]LogModuleManager: Shutting down and abandoning module AndroidRuntimeSettings (476)
[2018.07.19-14.24.18:893][668]LogModuleManager: Shutting down and abandoning module InputBindingEditor (474)
[2018.07.19-14.24.18:893][668]LogModuleManager: Shutting down and abandoning module MergeActors (472)
[2018.07.19-14.24.18:893][668]LogModuleManager: Shutting down and abandoning module LocalizationDashboard (470)
[2018.07.19-14.24.18:893][668]LogModuleManager: Shutting down and abandoning module LocalizationService (469)
[2018.07.19-14.24.18:893][668]LogModuleManager: Shutting down and abandoning module HardwareTargeting (466)
[2018.07.19-14.24.18:893][668]LogModuleManager: Shutting down and abandoning module DeviceProfileEditor (464)
[2018.07.19-14.24.18:893][668]LogModuleManager: Shutting down and abandoning module UndoHistory (462)
[2018.07.19-14.24.18:893][668]LogModuleManager: Shutting down and abandoning module XmlParser (460)
[2018.07.19-14.24.18:893][668]LogModuleManager: Shutting down and abandoning module Blutility (458)
[2018.07.19-14.24.18:893][668]LogModuleManager: Shutting down and abandoning module ProjectSettingsViewer (456)
[2018.07.19-14.24.18:893][668]LogModuleManager: Shutting down and abandoning module ProjectTargetPlatformEditor (455)
[2018.07.19-14.24.18:893][668]LogModuleManager: Shutting down and abandoning module EditorSettingsViewer (452)
[2018.07.19-14.24.18:893][668]LogModuleManager: Shutting down and abandoning module SettingsEditor (450)
[2018.07.19-14.24.18:893][668]LogModuleManager: Shutting down and abandoning module ProjectLauncher (448)
[2018.07.19-14.24.18:893][668]LogModuleManager: Shutting down and abandoning module SessionFrontend (446)
[2018.07.19-14.24.18:893][668]LogModuleManager: Shutting down and abandoning module ProfilerClient (444)
[2018.07.19-14.24.18:893][668]LogModuleManager: Shutting down and abandoning module DeviceManager (442)
[2018.07.19-14.24.18:893][668]LogModuleManager: Shutting down and abandoning module TargetDeviceServices (441)
[2018.07.19-14.24.18:958][668]LogModuleManager: Shutting down and abandoning module AutomationController (438)
[2018.07.19-14.24.18:958][668]LogModuleManager: Shutting down and abandoning module AutomationWindow (436)
[2018.07.19-14.24.18:958][668]LogModuleManager: Shutting down and abandoning module Layers (434)
[2018.07.19-14.24.18:958][668]LogModuleManager: Shutting down and abandoning module ComponentVisualizers (432)
[2018.07.19-14.24.18:958][668]LogModuleManager: Shutting down and abandoning module DetailCustomizations (430)
[2018.07.19-14.24.18:958][668]LogModuleManager: Shutting down and abandoning module PackagesDialog (428)
[2018.07.19-14.24.18:959][668]LogModuleManager: Shutting down and abandoning module Persona (426)
[2018.07.19-14.24.18:959][668]LogModuleManager: Shutting down and abandoning module AdvancedPreviewScene (425)
[2018.07.19-14.24.18:959][668]LogModuleManager: Shutting down and abandoning module AnimGraph (423)
[2018.07.19-14.24.18:959][668]LogModuleManager: Shutting down and abandoning module Kismet (420)
[2018.07.19-14.24.18:974][668]LogModuleManager: Shutting down and abandoning module GraphEditor (418)
[2018.07.19-14.24.18:974][668]LogModuleManager: Shutting down and abandoning module ClassViewer (416)
[2018.07.19-14.24.18:974][668]LogModuleManager: Shutting down and abandoning module Toolbox (414)
[2018.07.19-14.24.18:974][668]LogModuleManager: Shutting down and abandoning module ModuleUI (412)
[2018.07.19-14.24.18:974][668]LogModuleManager: Shutting down and abandoning module MovieSceneTools (410)
[2018.07.19-14.24.18:975][668]LogModuleManager: Shutting down and abandoning module OutputLog (408)
[2018.07.19-14.24.18:975][668]LogModuleManager: Shutting down and abandoning module GammaUI (406)
[2018.07.19-14.24.18:975][668]LogModuleManager: Shutting down and abandoning module Documentation (404)
[2018.07.19-14.24.18:975][668]LogModuleManager: Shutting down and abandoning module MovieSceneTracks (402)
[2018.07.19-14.24.18:975][668]LogModuleManager: Shutting down and abandoning module MovieScene (400)
[2018.07.19-14.24.18:975][668]LogModuleManager: Shutting down and abandoning module StreamingPauseRendering (398)
[2018.07.19-14.24.18:975][668]LogModuleManager: Shutting down and abandoning module LauncherPlatform (396)
[2018.07.19-14.24.18:975][668]LogModuleManager: Shutting down and abandoning module AnalyticsET (394)
[2018.07.19-14.24.18:975][668]LogModuleManager: Shutting down and abandoning module PortalServices (392)
[2018.07.19-14.24.18:975][668]LogModuleManager: Shutting down and abandoning module PortalRpc (390)
[2018.07.19-14.24.18:975][668]LogModuleManager: Shutting down and abandoning module MessagingRpc (388)
[2018.07.19-14.24.18:975][668]LogModuleManager: Shutting down and abandoning module AIModule (386)
[2018.07.19-14.24.18:975][668]LogModuleManager: Shutting down and abandoning module GameplayDebugger (385)
[2018.07.19-14.24.18:976][668]LogModuleManager: Shutting down and abandoning module AITestSuite (383)
[2018.07.19-14.24.18:976][668]LogModuleManager: Shutting down and abandoning module DesktopPlatform (380)
[2018.07.19-14.24.18:976][668]LogModuleManager: Shutting down and abandoning module ProfilerService (378)
[2018.07.19-14.24.19:005][668]LogModuleManager: Shutting down and abandoning module TaskGraph (376)
[2018.07.19-14.24.19:005][668]LogModuleManager: Shutting down and abandoning module SteamVRController (374)
[2018.07.19-14.24.19:005][668]LogModuleManager: Shutting down and abandoning module ProceduralMeshComponentEditor (372)
[2018.07.19-14.24.19:005][668]LogModuleManager: Shutting down and abandoning module ProceduralMeshComponent (370)
[2018.07.19-14.24.19:005][668]LogModuleManager: Shutting down and abandoning module OculusInput (368)
[2018.07.19-14.24.19:005][668]LogModuleManager: Shutting down and abandoning module MobilePatchingUtils (366)
[2018.07.19-14.24.19:005][668]LogModuleManager: Shutting down and abandoning module CustomMeshComponent (364)
[2018.07.19-14.24.19:005][668]LogModuleManager: Shutting down and abandoning module CableComponent (362)
[2018.07.19-14.24.19:005][668]LogModuleManager: Shutting down and abandoning module AudioCapture (360)
[2018.07.19-14.24.19:005][668]LogModuleManager: Shutting down and abandoning module ArchVisCharacter (358)
[2018.07.19-14.24.19:005][668]LogModuleManager: Shutting down and abandoning module AndroidPermission (356)
[2018.07.19-14.24.19:005][668]LogModuleManager: Shutting down and abandoning module NUTUnrealEngine4 (352)
[2018.07.19-14.24.19:005][668]LogModuleManager: Shutting down and abandoning module NetcodeUnitTest (350)
[2018.07.19-14.24.19:005][668]LogModuleManager: Shutting down and abandoning module MediaCompositingEditor (348)
[2018.07.19-14.24.19:005][668]LogModuleManager: Shutting down and abandoning module MediaCompositing (346)
[2018.07.19-14.24.19:005][668]LogModuleManager: Shutting down and abandoning module LinearTimecode (344)
[2018.07.19-14.24.19:005][668]LogModuleManager: Shutting down and abandoning module ImgMedia (342)
[2018.07.19-14.24.19:010][668]LogModuleManager: Shutting down and abandoning module HTML5Networking (340)
[2018.07.19-14.24.19:010][668]LogModuleManager: Shutting down and abandoning module AlembicImporter (338)
[2018.07.19-14.24.19:010][668]LogModuleManager: Shutting down and abandoning module AlembicLibrary (337)
[2018.07.19-14.24.19:010][668]LogModuleManager: Shutting down and abandoning module GeometryCache (336)
[2018.07.19-14.24.19:010][668]LogModuleManager: Shutting down and abandoning module GeometryCacheEd (335)
[2018.07.19-14.24.19:010][668]LogModuleManager: Shutting down and abandoning module DatasmithContent (330)
[2018.07.19-14.24.19:010][668]LogModuleManager: Shutting down and abandoning module SpeedTreeImporter (328)
[2018.07.19-14.24.19:010][668]LogModuleManager: Shutting down and abandoning module PluginBrowser (326)
[2018.07.19-14.24.19:010][668]LogModuleManager: Shutting down and abandoning module MobileLauncherProfileWizard (324)
[2018.07.19-14.24.19:011][668]LogModuleManager: Shutting down and abandoning module CryptoKeysOpenSSL (322)
[2018.07.19-14.24.19:011][668]LogModuleManager: Shutting down and abandoning module CryptoKeys (320)
[2018.07.19-14.24.19:011][668]LogModuleManager: Shutting down and abandoning module VisualStudioSourceCodeAccess (318)
[2018.07.19-14.24.19:011][668]LogModuleManager: Shutting down and abandoning module VisualStudioCodeSourceCodeAccess (316)
[2018.07.19-14.24.19:011][668]LogModuleManager: Shutting down and abandoning module UObjectPlugin (314)
[2018.07.19-14.24.19:011][668]LogModuleManager: Shutting down and abandoning module SubversionSourceControl (312)
[2018.07.19-14.24.19:011][668]LogModuleManager: Shutting down and abandoning module PerforceSourceControl (310)
[2018.07.19-14.24.19:011][668]LogModuleManager: Shutting down and abandoning module GitSourceControl (308)
[2018.07.19-14.24.19:011][668]LogModuleManager: Shutting down and abandoning module SourceControl (307)
[2018.07.19-14.24.19:011][668]LogModuleManager: Shutting down and abandoning module CLionSourceCodeAccess (304)
[2018.07.19-14.24.19:011][668]LogModuleManager: Shutting down and abandoning module LightPropagationVolumeEditor (302)
[2018.07.19-14.24.19:011][668]LogModuleManager: Shutting down and abandoning module PaperTiledImporter (300)
[2018.07.19-14.24.19:011][668]LogModuleManager: Shutting down and abandoning module PaperSpriteSheetImporter (298)
[2018.07.19-14.24.19:011][668]LogModuleManager: Shutting down and abandoning module Paper2DEditor (296)
[2018.07.19-14.24.19:011][668]LogModuleManager: Shutting down and abandoning module MeshPaint (295)
[2018.07.19-14.24.19:011][668]LogModuleManager: Shutting down and abandoning module RuntimePhysXCooking (292)
[2018.07.19-14.24.19:011][668]LogModuleManager: Shutting down and abandoning module PhysXVehiclesEditor (290)
[2018.07.19-14.24.19:011][668]LogModuleManager: Shutting down and abandoning module PhysXVehicles (288)
[2018.07.19-14.24.19:011][668]LogModuleManager: Shutting down and abandoning module OculusEditor (286)
[2018.07.19-14.24.19:011][668]LogModuleManager: Shutting down and abandoning module LocationServicesBPLibrary (284)
[2018.07.19-14.24.19:011][668]LogModuleManager: Shutting down and abandoning module ImmediatePhysicsEditor (282)
[2018.07.19-14.24.19:011][668]LogModuleManager: Shutting down and abandoning module ImmediatePhysics (280)
[2018.07.19-14.24.19:011][668]LogModuleManager: Shutting down and abandoning module ApexDestructionEditor (278)
[2018.07.19-14.24.19:012][668]LogModuleManager: Shutting down and abandoning module ApexDestruction (276)
[2018.07.19-14.24.19:012][668]LogModuleManager: Shutting down and abandoning module ActorSequence (274)
[2018.07.19-14.24.19:012][668]LogModuleManager: Shutting down and abandoning module UdpMessaging (272)
[2018.07.19-14.24.19:113][668]LogModuleManager: Shutting down and abandoning module TcpMessaging (270)
[2018.07.19-14.24.19:214][668]LogModuleManager: Shutting down and abandoning module GameplayTagsEditor (268)
[2018.07.19-14.24.19:214][668]LogModuleManager: Shutting down and abandoning module FacialAnimationEditor (266)
[2018.07.19-14.24.19:214][668]LogModuleManager: Shutting down and abandoning module FacialAnimation (264)
[2018.07.19-14.24.19:214][668]LogModuleManager: Shutting down and abandoning module DataValidation (262)
[2018.07.19-14.24.19:214][668]LogModuleManager: Shutting down and abandoning module AssetManagerEditor (260)
[2018.07.19-14.24.19:214][668]LogModuleManager: Shutting down and abandoning module LevelEditor (259)
[2018.07.19-14.24.19:217][668]LogModuleManager: Shutting down and abandoning module PixelInspectorModule (258)
[2018.07.19-14.24.19:217][668]LogModuleManager: Shutting down and abandoning module CommonMenuExtensions (256)
[2018.07.19-14.24.19:217][668]LogModuleManager: Shutting down and abandoning module MainFrame (254)
[2018.07.19-14.24.19:217][668]LogModuleManager: Shutting down and abandoning module HotReload (253)
[2018.07.19-14.24.19:218][668]LogModuleManager: Shutting down and abandoning module ContentBrowser (249)
[2018.07.19-14.24.19:221][668]LogModuleManager: Shutting down and abandoning module TreeMap (247)
[2018.07.19-14.24.19:221][668]LogModuleManager: Shutting down and abandoning module LightPropagationVolumeRuntime (244)
[2018.07.19-14.24.19:221][668]LogModuleManager: Shutting down and abandoning module LiveLinkEditor (242)
[2018.07.19-14.24.19:222][668]LogModuleManager: Shutting down and abandoning module LiveLink (240)
[2018.07.19-14.24.19:510][668]LogModuleManager: Shutting down and abandoning module Paper2D (238)
[2018.07.19-14.24.19:510][668]LogModuleManager: Shutting down and abandoning module WindowsMoviePlayer (236)
[2018.07.19-14.24.19:510][668]LogModuleManager: Shutting down and abandoning module WmfMedia (234)
[2018.07.19-14.24.19:511][668]LogModuleManager: Shutting down and abandoning module Media (233)
[2018.07.19-14.24.19:517][668]LogModuleManager: Shutting down and abandoning module PacketHandler (230)
[2018.07.19-14.24.19:517][668]LogModuleManager: Shutting down and abandoning module ClothingSystemEditor (228)
[2018.07.19-14.24.19:517][668]LogModuleManager: Shutting down and abandoning module ClothingSystemRuntime (226)
[2018.07.19-14.24.19:517][668]LogModuleManager: Shutting down and abandoning module MediaAssets (224)
[2018.07.19-14.24.19:517][668]LogModuleManager: Shutting down and abandoning module Overlay (222)
[2018.07.19-14.24.19:517][668]LogModuleManager: Shutting down and abandoning module OverlayEditor (221)
[2018.07.19-14.24.19:517][668]LogModuleManager: Shutting down and abandoning module VREditor (218)
[2018.07.19-14.24.19:517][668]LogModuleManager: Shutting down and abandoning module StringTableEditor (216)
[2018.07.19-14.24.19:517][668]LogModuleManager: Shutting down and abandoning module GameplayTasksEditor (214)
[2018.07.19-14.24.19:517][668]LogModuleManager: Shutting down and abandoning module BehaviorTreeEditor (212)
[2018.07.19-14.24.19:518][668]LogModuleManager: Shutting down and abandoning module FunctionalTesting (210)
[2018.07.19-14.24.19:518][668]LogModuleManager: Shutting down and abandoning module CollisionAnalyzer (208)
[2018.07.19-14.24.19:518][668]LogModuleManager: Shutting down and abandoning module WorkspaceMenuStructure (207)
[2018.07.19-14.24.19:518][668]LogModuleManager: Shutting down and abandoning module UMG (204)
[2018.07.19-14.24.19:518][668]LogModuleManager: Shutting down and abandoning module UMGEditor (203)
[2018.07.19-14.24.19:518][668]LogModuleManager: Shutting down and abandoning module Sequencer (202)
[2018.07.19-14.24.19:518][668]LogModuleManager: Shutting down and abandoning module MessageLog (199)
[2018.07.19-14.24.19:518][668]LogModuleManager: Shutting down and abandoning module SlateReflector (194)
[2018.07.19-14.24.19:518][668]LogModuleManager: Shutting down and abandoning module Slate (192)
[2018.07.19-14.24.19:518][668]LogModuleManager: Shutting down and abandoning module EditorStyle (190)
[2018.07.19-14.24.19:520][668]LogModuleManager: Shutting down and abandoning module MRMesh (188)
[2018.07.19-14.24.19:520][668]LogModuleManager: Shutting down and abandoning module SourceCodeAccess (186)
[2018.07.19-14.24.19:520][668]LogModuleManager: Shutting down and abandoning module HeadMountedDisplay (184)
[2018.07.19-14.24.19:520][668]LogModuleManager: Shutting down and abandoning module XAudio2 (182)
[2018.07.19-14.24.19:520][668]LogModuleManager: Shutting down and abandoning module Networking (180)
[2018.07.19-14.24.19:520][668]LogModuleManager: Shutting down and abandoning module Core (178)
[2018.07.19-14.24.19:520][668]LogModuleManager: Shutting down and abandoning module LevelSequence (176)
[2018.07.19-14.24.19:520][668]LogModuleManager: Shutting down and abandoning module KismetCompiler (174)
[2018.07.19-14.24.19:520][668]LogModuleManager: Shutting down and abandoning module MeshUtilities (172)
[2018.07.19-14.24.19:520][668]LogModuleManager: Shutting down and abandoning module MeshMergeUtilities (171)
[2018.07.19-14.24.19:520][668]LogModuleManager: Shutting down and abandoning module MeshReductionInterface (170)
[2018.07.19-14.24.19:520][668]LogModuleManager: Shutting down and abandoning module SimplygonSwarm (169)
[2018.07.19-14.24.19:520][668]LogModuleManager: Shutting down and abandoning module SimplygonMeshReduction (167)
[2018.07.19-14.24.19:520][668]LogModuleManager: Shutting down and abandoning module QuadricMeshReduction (165)
[2018.07.19-14.24.19:520][668]LogModuleManager: Shutting down and abandoning module MaterialBaking (161)
[2018.07.19-14.24.19:520][668]LogModuleManager: Shutting down and abandoning module DirectoryWatcher (157)
[2018.07.19-14.24.19:521][668]LogModuleManager: Shutting down and abandoning module DerivedDataCache (154)
[2018.07.19-14.24.19:582][668]LogDerivedDataCache: Shutdown
[2018.07.19-14.24.19:582][668]LogModuleManager: Shutting down and abandoning module XGEController (152)
[2018.07.19-14.24.19:583][668]LogXGEController: Cleaning working directory: C:/Users/iD Student/AppData/Local/Temp/UnrealXGEWorkingDir/
[2018.07.19-14.24.19:583][668]LogModuleManager: Shutting down and abandoning module TargetPlatform (150)
[2018.07.19-14.24.19:583][668]LogModuleManager: Shutting down and abandoning module VulkanShaderFormat (149)
[2018.07.19-14.24.19:583][668]LogModuleManager: Shutting down and abandoning module ShaderFormatVectorVM (147)
[2018.07.19-14.24.19:583][668]LogModuleManager: Shutting down and abandoning module ShaderFormatOpenGL (145)
[2018.07.19-14.24.19:583][668]LogModuleManager: Shutting down and abandoning module ShaderFormatD3D (143)
[2018.07.19-14.24.19:583][668]LogModuleManager: Shutting down and abandoning module MetalShaderFormat (141)
[2018.07.19-14.24.19:583][668]LogModuleManager: Shutting down and abandoning module TextureFormatUncompressed (139)
[2018.07.19-14.24.19:583][668]LogModuleManager: Shutting down and abandoning module TextureFormatPVR (137)
[2018.07.19-14.24.19:583][668]LogModuleManager: Shutting down and abandoning module TextureFormatDXT (135)
[2018.07.19-14.24.19:583][668]LogModuleManager: Shutting down and abandoning module TextureFormatIntelISPCTexComp (133)
[2018.07.19-14.24.19:583][668]LogModuleManager: Shutting down and abandoning module TextureFormatASTC (131)
[2018.07.19-14.24.19:583][668]LogModuleManager: Shutting down and abandoning module ImageWrapper (130)
[2018.07.19-14.24.19:583][668]LogModuleManager: Shutting down and abandoning module TextureFormatAndroid (127)
[2018.07.19-14.24.19:583][668]LogModuleManager: Shutting down and abandoning module AudioFormatOpus (125)
[2018.07.19-14.24.19:583][668]LogModuleManager: Shutting down and abandoning module AudioFormatOgg (123)
[2018.07.19-14.24.19:583][668]LogModuleManager: Shutting down and abandoning module AudioFormatADPCM (121)
[2018.07.19-14.24.19:583][668]LogModuleManager: Shutting down and abandoning module LinuxTargetPlatform (119)
[2018.07.19-14.24.19:583][668]LogModuleManager: Shutting down and abandoning module LinuxServerTargetPlatform (117)
[2018.07.19-14.24.19:583][668]LogModuleManager: Shutting down and abandoning module LinuxNoEditorTargetPlatform (115)
[2018.07.19-14.24.19:583][668]LogModuleManager: Shutting down and abandoning module LinuxClientTargetPlatform (113)
[2018.07.19-14.24.19:583][668]LogModuleManager: Shutting down and abandoning module TVOSTargetPlatform (111)
[2018.07.19-14.24.19:583][668]LogModuleManager: Shutting down and abandoning module Messaging (109)
[2018.07.19-14.24.19:583][668]LogModuleManager: Shutting down and abandoning module IOSTargetPlatform (107)
[2018.07.19-14.24.19:583][668]LogModuleManager: Shutting down and abandoning module HTML5TargetPlatform (105)
[2018.07.19-14.24.19:583][668]LogModuleManager: Shutting down and abandoning module AndroidTargetPlatform (103)
[2018.07.19-14.24.19:583][668]LogModuleManager: Shutting down and abandoning module Android_PVRTCTargetPlatform (101)
[2018.07.19-14.24.19:583][668]LogModuleManager: Shutting down and abandoning module Android_MultiTargetPlatform (99)
[2018.07.19-14.24.19:583][668]LogModuleManager: Shutting down and abandoning module Android_ETC2TargetPlatform (97)
[2018.07.19-14.24.19:584][668]LogModuleManager: Shutting down and abandoning module Android_ETC1TargetPlatform (95)
[2018.07.19-14.24.19:584][668]LogModuleManager: Shutting down and abandoning module Android_ETC1aTargetPlatform (93)
[2018.07.19-14.24.19:584][668]LogModuleManager: Shutting down and abandoning module Android_DXTTargetPlatform (91)
[2018.07.19-14.24.19:584][668]LogModuleManager: Shutting down and abandoning module Android_ATCTargetPlatform (89)
[2018.07.19-14.24.19:584][668]LogModuleManager: Shutting down and abandoning module Android_ASTCTargetPlatform (87)
[2018.07.19-14.24.19:584][668]LogModuleManager: Shutting down and abandoning module WindowsTargetPlatform (85)
[2018.07.19-14.24.19:584][668]LogModuleManager: Shutting down and abandoning module WindowsServerTargetPlatform (83)
[2018.07.19-14.24.19:584][668]LogModuleManager: Shutting down and abandoning module WindowsNoEditorTargetPlatform (81)
[2018.07.19-14.24.19:584][668]LogModuleManager: Shutting down and abandoning module WindowsClientTargetPlatform (79)
[2018.07.19-14.24.19:584][668]LogModuleManager: Shutting down and abandoning module MacTargetPlatform (77)
[2018.07.19-14.24.19:584][668]LogModuleManager: Shutting down and abandoning module MacServerTargetPlatform (75)
[2018.07.19-14.24.19:584][668]LogModuleManager: Shutting down and abandoning module MacNoEditorTargetPlatform (73)
[2018.07.19-14.24.19:584][668]LogModuleManager: Shutting down and abandoning module MacClientTargetPlatform (71)
[2018.07.19-14.24.19:584][668]LogModuleManager: Shutting down and abandoning module AllDesktopTargetPlatform (69)
[2018.07.19-14.24.19:584][668]LogModuleManager: Shutting down and abandoning module InputCore (66)
[2018.07.19-14.24.19:584][668]LogModuleManager: Shutting down and abandoning module Settings (64)
[2018.07.19-14.24.19:584][668]LogModuleManager: Shutting down and abandoning module PhysXCooking (62)
[2018.07.19-14.24.19:584][668]LogModuleManager: Shutting down and abandoning module SteamVR (60)
[2018.07.19-14.24.19:584][668]LogModuleManager: Shutting down and abandoning module OculusHMD (58)
[2018.07.19-14.24.19:584][668]LogModuleManager: Shutting down and abandoning module ExampleDeviceProfileSelector (56)
[2018.07.19-14.24.19:584][668]LogModuleManager: Shutting down and abandoning module AppleARKit (54)
[2018.07.19-14.24.19:584][668]LogModuleManager: Shutting down and abandoning module AugmentedReality (51)
[2018.07.19-14.24.19:584][668]LogModuleManager: Shutting down and abandoning module OnlineBlueprintSupport (48)
[2018.07.19-14.24.19:584][668]LogModuleManager: Shutting down and abandoning module OnlineSubsystem (44)
[2018.07.19-14.24.19:584][668]LogModuleManager: Shutting down and abandoning module XMPP (43)
[2018.07.19-14.24.19:584][668]LogModuleManager: Shutting down and abandoning module HTTP (41)
[2018.07.19-14.24.19:584][668]LogHttp: Display: Http module shutting down, but needs to wait on 1 outstanding Http requests:
[2018.07.19-14.24.19:584][668]LogHttp: Display: 	verb=[POST] url=[https://datarouter.ol.epicgames.com/datarouter/api/v1/public/data?SessionID=%7BFB625D79-446A-0D51-AD67-739E72BC316A%7D&AppID=UEEditor.Rocket.Release&AppVersion=4.19.1-3989454%2B%2B%2BUE4%2BRelease-4.19&UserID=2b8560fe495d6d5110e231ad8bbbd15d%7C737fcaf77d744902a51af4672103a900%7C1d3f1c36-a3f6-4dac-b938-2a082149bab2&AppEnvironment=datacollector-binary&UploadType=eteventstream] status=Processing
[2018.07.19-14.24.19:601][668]LogModuleManager: Shutting down and abandoning module SSL (40)
[2018.07.19-14.24.19:602][668]LogModuleManager: Shutting down and abandoning module AnimationModifiers (36)
[2018.07.19-14.24.19:602][668]LogModuleManager: Shutting down and abandoning module PropertyEditor (35)
[2018.07.19-14.24.19:602][668]LogModuleManager: Shutting down and abandoning module AudioEditor (32)
[2018.07.19-14.24.19:602][668]LogModuleManager: Shutting down and abandoning module TextureCompressor (30)
[2018.07.19-14.24.19:602][668]LogModuleManager: Shutting down and abandoning module ShaderCore (28)
[2018.07.19-14.24.19:602][668]LogModuleManager: Shutting down and abandoning module Landscape (26)
[2018.07.19-14.24.19:602][668]LogModuleManager: Shutting down and abandoning module SlateRHIRenderer (24)
[2018.07.19-14.24.19:604][668]LogModuleManager: Shutting down and abandoning module OpenGLDrv (22)
[2018.07.19-14.24.19:604][668]LogModuleManager: Shutting down and abandoning module D3D11RHI (20)
[2018.07.19-14.24.19:604][668]LogModuleManager: Shutting down and abandoning module AnimGraphRuntime (18)
[2018.07.19-14.24.19:604][668]LogModuleManager: Shutting down and abandoning module Renderer (16)
[2018.07.19-14.24.19:604][668]LogModuleManager: Shutting down and abandoning module Engine (14)
[2018.07.19-14.24.19:604][668]LogModuleManager: Shutting down and abandoning module CoreUObject (12)
[2018.07.19-14.24.19:604][668]LogModuleManager: Shutting down and abandoning module NetworkFile (10)
[2018.07.19-14.24.19:604][668]LogModuleManager: Shutting down and abandoning module CookedIterativeFile (8)
[2018.07.19-14.24.19:604][668]LogModuleManager: Shutting down and abandoning module StreamingFile (6)
[2018.07.19-14.24.19:604][668]LogModuleManager: Shutting down and abandoning module SandboxFile (4)
[2018.07.19-14.24.19:604][668]LogModuleManager: Shutting down and abandoning module PakFile (2)
[2018.07.19-14.24.19:611][668]LogExit: Exiting.
[2018.07.19-14.24.19:627][668]Log file closed, 07/19/18 09:24:19
