Log file open, 07/17/18 15:41:36
LogWindows: Failed to load 'aqProf.dll' (GetLastError=126)
LogWindows: File 'aqProf.dll' does not exist
LogWindows: Failed to load 'VtuneApi.dll' (GetLastError=126)
LogWindows: File 'VtuneApi.dll' does not exist
LogWindows: Failed to load 'VtuneApi32e.dll' (GetLastError=126)
LogWindows: File 'VtuneApi32e.dll' does not exist
LogInit: Display: Running engine for game: Group_Project
LogPlatformFile: Not using cached read wrapper
LogInit: Display: RandInit(-1372322676) SRandInit(-1372322676).
LogInit: Read version file with build ID '3944462'
LogInit: Overriding engine version to CL 3989454, compatible CL 3944462
LogInit: Registered custom module enumerator with build ID '3944462'
LogTaskGraph: Started task graph with 5 named threads and 23 total threads with 3 sets of task threads.
LogStats: Stats thread started at 0.272177
LogD3D11RHI: Aftermath initialized
LogICUInternationalization: Display: ICU TimeZone Detection - Raw Offset: -6:00, Platform Override: ''
LogModuleManager: Display: Found up-to-date module file ../../../Engine/Plugins/2D/Paper2D/Binaries/Win64/UE4Editor-Paper2D.dll (API version 3944462).
LogModuleManager: Display: Found up-to-date module file ../../../Engine/Plugins/2D/Paper2D/Binaries/Win64/UE4Editor-Paper2DEditor.dll (API version 3944462).
LogModuleManager: Display: Found up-to-date module file ../../../Engine/Plugins/2D/Paper2D/Binaries/Win64/UE4Editor-PaperSpriteSheetImporter.dll (API version 3944462).
LogModuleManager: Display: Found up-to-date module file ../../../Engine/Plugins/2D/Paper2D/Binaries/Win64/UE4Editor-PaperTiledImporter.dll (API version 3944462).
LogModuleManager: Display: Found up-to-date module file ../../../Engine/Plugins/2D/Paper2D/Binaries/Win64/UE4Editor-SmartSnapping.dll (API version 3944462).
LogModuleManager: Display: Found up-to-date module file ../../../Engine/Plugins/Blendables/LightPropagationVolume/Binaries/Win64/UE4Editor-LightPropagationVolumeRuntime.dll (API version 3944462).
LogModuleManager: Display: Found up-to-date module file ../../../Engine/Plugins/Blendables/LightPropagationVolume/Binaries/Win64/UE4Editor-LightPropagationVolumeEditor.dll (API version 3944462).
LogModuleManager: Display: Found up-to-date module file ../../../Engine/Plugins/Developer/CLionSourceCodeAccess/Binaries/Win64/UE4Editor-CLionSourceCodeAccess.dll (API version 3944462).
LogModuleManager: Display: Found up-to-date module file ../../../Engine/Plugins/Developer/GitSourceControl/Binaries/Win64/UE4Editor-GitSourceControl.dll (API version 3944462).
LogModuleManager: Display: Found up-to-date module file ../../../Engine/Plugins/Developer/PerforceSourceControl/Binaries/Win64/UE4Editor-PerforceSourceControl.dll (API version 3944462).
LogModuleManager: Display: Found up-to-date module file ../../../Engine/Plugins/Developer/SubversionSourceControl/Binaries/Win64/UE4Editor-SubversionSourceControl.dll (API version 3944462).
LogModuleManager: Display: Found up-to-date module file ../../../Engine/Plugins/Developer/UObjectPlugin/Binaries/Win64/UE4Editor-UObjectPlugin.dll (API version 3944462).
LogModuleManager: Display: Found up-to-date module file ../../../Engine/Plugins/Developer/VisualStudioCodeSourceCodeAccess/Binaries/Win64/UE4Editor-VisualStudioCodeSourceCodeAccess.dll (API version 3944462).
LogModuleManager: Display: Found up-to-date module file ../../../Engine/Plugins/Developer/VisualStudioSourceCodeAccess/Binaries/Win64/UE4Editor-VisualStudioSourceCodeAccess.dll (API version 3944462).
LogModuleManager: Display: Found up-to-date module file ../../../Engine/Plugins/Editor/AssetManagerEditor/Binaries/Win64/UE4Editor-AssetManagerEditor.dll (API version 3944462).
LogModuleManager: Display: Found up-to-date module file ../../../Engine/Plugins/Editor/CryptoKeys/Binaries/Win64/UE4Editor-CryptoKeys.dll (API version 3944462).
LogModuleManager: Display: Found up-to-date module file ../../../Engine/Plugins/Editor/CryptoKeys/Binaries/Win64/UE4Editor-CryptoKeysOpenSSL.dll (API version 3944462).
LogModuleManager: Display: Found up-to-date module file ../../../Engine/Plugins/Editor/DataValidation/Binaries/Win64/UE4Editor-DataValidation.dll (API version 3944462).
LogModuleManager: Display: Found up-to-date module file ../../../Engine/Plugins/Editor/FacialAnimation/Binaries/Win64/UE4Editor-FacialAnimation.dll (API version 3944462).
LogModuleManager: Display: Found up-to-date module file ../../../Engine/Plugins/Editor/FacialAnimation/Binaries/Win64/UE4Editor-FacialAnimationEditor.dll (API version 3944462).
LogModuleManager: Display: Found up-to-date module file ../../../Engine/Plugins/Editor/GameplayTagsEditor/Binaries/Win64/UE4Editor-GameplayTagsEditor.dll (API version 3944462).
LogModuleManager: Display: Found up-to-date module file ../../../Engine/Plugins/Editor/MobileLauncherProfileWizard/Binaries/Win64/UE4Editor-MobileLauncherProfileWizard.dll (API version 3944462).
LogModuleManager: Display: Found up-to-date module file ../../../Engine/Plugins/Editor/PluginBrowser/Binaries/Win64/UE4Editor-PluginBrowser.dll (API version 3944462).
LogModuleManager: Display: Found up-to-date module file ../../../Engine/Plugins/Editor/SpeedTreeImporter/Binaries/Win64/UE4Editor-SpeedTreeImporter.dll (API version 3944462).
LogModuleManager: Display: Found up-to-date module file ../../../Engine/Plugins/Enterprise/DatasmithContent/Binaries/Win64/UE4Editor-DatasmithContent.dll (API version 3944462).
LogModuleManager: Display: Found up-to-date module file ../../../Engine/Plugins/Experimental/AlembicImporter/Binaries/Win64/UE4Editor-AlembicImporter.dll (API version 3944462).
LogModuleManager: Display: Found up-to-date module file ../../../Engine/Plugins/Experimental/AlembicImporter/Binaries/Win64/UE4Editor-AlembicLibrary.dll (API version 3944462).
LogModuleManager: Display: Found up-to-date module file ../../../Engine/Plugins/Experimental/CharacterAI/Binaries/Win64/UE4Editor-CharacterAI.dll (API version 3944462).
LogModuleManager: Display: Found up-to-date module file ../../../Engine/Plugins/Experimental/HTML5Networking/Binaries/Win64/UE4Editor-HTML5Networking.dll (API version 3944462).
LogModuleManager: Display: Found up-to-date module file ../../../Engine/Plugins/Media/AndroidMedia/Binaries/Win64/UE4Editor-AndroidMediaEditor.dll (API version 3944462).
LogModuleManager: Display: Found up-to-date module file ../../../Engine/Plugins/Media/AndroidMedia/Binaries/Win64/UE4Editor-AndroidMediaFactory.dll (API version 3944462).
LogModuleManager: Display: Found up-to-date module file ../../../Engine/Plugins/Media/AvfMedia/Binaries/Win64/UE4Editor-AvfMediaEditor.dll (API version 3944462).
LogModuleManager: Display: Found up-to-date module file ../../../Engine/Plugins/Media/AvfMedia/Binaries/Win64/UE4Editor-AvfMediaFactory.dll (API version 3944462).
LogModuleManager: Display: Found up-to-date module file ../../../Engine/Plugins/Media/AvfMedia/Binaries/Win64/UE4Editor-AvfMediaFactory.dll (API version 3944462).
LogModuleManager: Display: Found up-to-date module file ../../../Engine/Plugins/Media/ImgMedia/Binaries/Win64/UE4Editor-ImgMedia.dll (API version 3944462).
LogModuleManager: Display: Found up-to-date module file ../../../Engine/Plugins/Media/ImgMedia/Binaries/Win64/UE4Editor-ImgMediaEditor.dll (API version 3944462).
LogModuleManager: Display: Found up-to-date module file ../../../Engine/Plugins/Media/ImgMedia/Binaries/Win64/UE4Editor-ImgMediaFactory.dll (API version 3944462).
LogModuleManager: Display: Found up-to-date module file ../../../Engine/Plugins/Media/ImgMedia/Binaries/Win64/UE4Editor-ImgMediaFactory.dll (API version 3944462).
LogModuleManager: Display: Found up-to-date module file ../../../Engine/Plugins/Media/ImgMedia/Binaries/Win64/UE4Editor-OpenExrWrapper.dll (API version 3944462).
LogModuleManager: Display: Found up-to-date module file ../../../Engine/Plugins/Media/LinearTimecode/Binaries/Win64/UE4Editor-LinearTimecode.dll (API version 3944462).
LogModuleManager: Display: Found up-to-date module file ../../../Engine/Plugins/Media/MediaCompositing/Binaries/Win64/UE4Editor-MediaCompositing.dll (API version 3944462).
LogModuleManager: Display: Found up-to-date module file ../../../Engine/Plugins/Media/MediaCompositing/Binaries/Win64/UE4Editor-MediaCompositingEditor.dll (API version 3944462).
LogModuleManager: Display: Found up-to-date module file ../../../Engine/Plugins/Media/MediaPlayerEditor/Binaries/Win64/UE4Editor-MediaPlayerEditor.dll (API version 3944462).
LogModuleManager: Display: Found up-to-date module file ../../../Engine/Plugins/Media/WmfMedia/Binaries/Win64/UE4Editor-WmfMedia.dll (API version 3944462).
LogModuleManager: Display: Found up-to-date module file ../../../Engine/Plugins/Media/WmfMedia/Binaries/Win64/UE4Editor-WmfMediaEditor.dll (API version 3944462).
LogModuleManager: Display: Found up-to-date module file ../../../Engine/Plugins/Media/WmfMedia/Binaries/Win64/UE4Editor-WmfMediaFactory.dll (API version 3944462).
LogModuleManager: Display: Found up-to-date module file ../../../Engine/Plugins/Media/WmfMedia/Binaries/Win64/UE4Editor-WmfMediaFactory.dll (API version 3944462).
LogModuleManager: Display: Found up-to-date module file ../../../Engine/Plugins/Messaging/TcpMessaging/Binaries/Win64/UE4Editor-TcpMessaging.dll (API version 3944462).
LogModuleManager: Display: Found up-to-date module file ../../../Engine/Plugins/Messaging/UdpMessaging/Binaries/Win64/UE4Editor-UdpMessaging.dll (API version 3944462).
LogModuleManager: Display: Found up-to-date module file ../../../Engine/Plugins/MovieScene/ActorSequence/Binaries/Win64/UE4Editor-ActorSequence.dll (API version 3944462).
LogModuleManager: Display: Found up-to-date module file ../../../Engine/Plugins/MovieScene/LevelSequenceEditor/Binaries/Win64/UE4Editor-LevelSequenceEditor.dll (API version 3944462).
LogModuleManager: Display: Found up-to-date module file ../../../Engine/Plugins/MovieScene/MatineeToLevelSequence/Binaries/Win64/UE4Editor-MatineeToLevelSequence.dll (API version 3944462).
LogModuleManager: Display: Found up-to-date module file ../../../Engine/Plugins/NetcodeUnitTest/NetcodeUnitTest/Binaries/Win64/UE4Editor-NetcodeUnitTest.dll (API version 3944462).
LogModuleManager: Display: Found up-to-date module file ../../../Engine/Plugins/NetcodeUnitTest/NUTUnrealEngine4/Binaries/Win64/UE4Editor-NUTUnrealEngine4.dll (API version 3944462).
LogModuleManager: Display: Found up-to-date module file ../../../Engine/Plugins/Online/OnlineSubsystem/Binaries/Win64/UE4Editor-OnlineSubsystem.dll (API version 3944462).
LogModuleManager: Display: Found up-to-date module file ../../../Engine/Plugins/Runtime/AndroidPermission/Binaries/Win64/UE4Editor-AndroidPermission.dll (API version 3944462).
LogModuleManager: Display: Found up-to-date module file ../../../Engine/Plugins/Online/OnlineSubsystemNull/Binaries/Win64/UE4Editor-OnlineSubsystemNull.dll (API version 3944462).
LogModuleManager: Display: Found up-to-date module file ../../../Engine/Plugins/Online/OnlineSubsystemUtils/Binaries/Win64/UE4Editor-OnlineSubsystemUtils.dll (API version 3944462).
LogModuleManager: Display: Found up-to-date module file ../../../Engine/Plugins/Online/OnlineSubsystemUtils/Binaries/Win64/UE4Editor-OnlineBlueprintSupport.dll (API version 3944462).
LogModuleManager: Display: Found up-to-date module file ../../../Engine/Plugins/Runtime/AndroidDeviceProfileSelector/Binaries/Win64/UE4Editor-AndroidDeviceProfileSelector.dll (API version 3944462).
LogModuleManager: Display: Found up-to-date module file ../../../Engine/Plugins/Runtime/AppleARKit/Binaries/Win64/UE4Editor-AppleARKit.dll (API version 3944462).
LogModuleManager: Display: Found up-to-date module file ../../../Engine/Plugins/Runtime/ProceduralMeshComponent/Binaries/Win64/UE4Editor-ProceduralMeshComponent.dll (API version 3944462).
LogModuleManager: Display: Found up-to-date module file ../../../Engine/Plugins/Runtime/ProceduralMeshComponent/Binaries/Win64/UE4Editor-ProceduralMeshComponentEditor.dll (API version 3944462).
LogModuleManager: Display: Found up-to-date module file ../../../Engine/Plugins/Animation/LiveLink/Binaries/Win64/UE4Editor-LiveLink.dll (API version 3944462).
LogModuleManager: Display: Found up-to-date module file ../../../Engine/Plugins/Animation/LiveLink/Binaries/Win64/UE4Editor-LiveLinkEditor.dll (API version 3944462).
LogModuleManager: Display: Found up-to-date module file ../../../Engine/Plugins/Runtime/ArchVisCharacter/Binaries/Win64/UE4Editor-ArchVisCharacter.dll (API version 3944462).
LogModuleManager: Display: Found up-to-date module file ../../../Engine/Plugins/Runtime/AudioCapture/Binaries/Win64/UE4Editor-AudioCapture.dll (API version 3944462).
LogModuleManager: Display: Found up-to-date module file ../../../Engine/Plugins/Runtime/AudioCapture/Binaries/Win64/UE4Editor-AudioCaptureEditor.dll (API version 3944462).
LogModuleManager: Display: Found up-to-date module file ../../../Engine/Plugins/Runtime/CableComponent/Binaries/Win64/UE4Editor-CableComponent.dll (API version 3944462).
LogModuleManager: Display: Found up-to-date module file ../../../Engine/Plugins/Runtime/CustomMeshComponent/Binaries/Win64/UE4Editor-CustomMeshComponent.dll (API version 3944462).
LogModuleManager: Display: Found up-to-date module file ../../../Engine/Plugins/Runtime/ExampleDeviceProfileSelector/Binaries/Win64/UE4Editor-ExampleDeviceProfileSelector.dll (API version 3944462).
LogModuleManager: Display: Found up-to-date module file ../../../Engine/Plugins/Runtime/ImmediatePhysics/Binaries/Win64/UE4Editor-ImmediatePhysics.dll (API version 3944462).
LogModuleManager: Display: Found up-to-date module file ../../../Engine/Plugins/Runtime/ImmediatePhysics/Binaries/Win64/UE4Editor-ImmediatePhysicsEditor.dll (API version 3944462).
LogModuleManager: Display: Found up-to-date module file ../../../Engine/Plugins/Runtime/LocationServicesBPLibrary/Binaries/Win64/UE4Editor-LocationServicesBPLibrary.dll (API version 3944462).
LogModuleManager: Display: Found up-to-date module file ../../../Engine/Plugins/Runtime/MobilePatchingUtils/Binaries/Win64/UE4Editor-MobilePatchingUtils.dll (API version 3944462).
LogModuleManager: Display: Found up-to-date module file ../../../Engine/Plugins/Runtime/Oculus/OculusVR/Binaries/Win64/UE4Editor-OculusHMD.dll (API version 3944462).
LogModuleManager: Display: Found up-to-date module file ../../../Engine/Plugins/Runtime/Oculus/OculusVR/Binaries/Win64/UE4Editor-OculusInput.dll (API version 3944462).
LogModuleManager: Display: Found up-to-date module file ../../../Engine/Plugins/Runtime/Oculus/OculusVR/Binaries/Win64/UE4Editor-OculusEditor.dll (API version 3944462).
LogModuleManager: Display: Found up-to-date module file ../../../Engine/Plugins/Runtime/PhysXVehicles/Binaries/Win64/UE4Editor-PhysXVehicles.dll (API version 3944462).
LogModuleManager: Display: Found up-to-date module file ../../../Engine/Plugins/Runtime/PhysXVehicles/Binaries/Win64/UE4Editor-PhysXVehiclesEditor.dll (API version 3944462).
LogModuleManager: Display: Found up-to-date module file ../../../Engine/Plugins/Runtime/RuntimePhysXCooking/Binaries/Win64/UE4Editor-RuntimePhysXCooking.dll (API version 3944462).
LogModuleManager: Display: Found up-to-date module file ../../../Engine/Plugins/Runtime/Steam/SteamVR/Binaries/Win64/UE4Editor-SteamVR.dll (API version 3944462).
LogModuleManager: Display: Found up-to-date module file ../../../Engine/Plugins/Runtime/Steam/SteamVR/Binaries/Win64/UE4Editor-SteamVRController.dll (API version 3944462).
LogModuleManager: Display: Found up-to-date module file ../../../Engine/Plugins/Runtime/WindowsMoviePlayer/Binaries/Win64/UE4Editor-WindowsMoviePlayer.dll (API version 3944462).
LogPluginManager: Mounting plugin Paper2D
LogPluginManager: Mounting plugin LiveLink
LogPluginManager: Mounting plugin LightPropagationVolume
LogPluginManager: Mounting plugin CLionSourceCodeAccess
LogPluginManager: Mounting plugin CodeLiteSourceCodeAccess
LogPluginManager: Mounting plugin GitSourceControl
LogPluginManager: Mounting plugin KDevelopSourceCodeAccess
LogPluginManager: Mounting plugin NullSourceCodeAccess
LogPluginManager: Mounting plugin PerforceSourceControl
LogPluginManager: Mounting plugin SubversionSourceControl
LogPluginManager: Mounting plugin UObjectPlugin
LogPluginManager: Mounting plugin VisualStudioCodeSourceCodeAccess
LogPluginManager: Mounting plugin VisualStudioSourceCodeAccess
LogPluginManager: Mounting plugin XCodeSourceCodeAccess
LogPluginManager: Mounting plugin AssetManagerEditor
LogPluginManager: Mounting plugin CryptoKeys
LogPluginManager: Mounting plugin DataValidation
LogPluginManager: Mounting plugin FacialAnimation
LogPluginManager: Mounting plugin GameplayTagsEditor
LogPluginManager: Mounting plugin MobileLauncherProfileWizard
LogPluginManager: Mounting plugin PluginBrowser
LogPluginManager: Mounting plugin SpeedTreeImporter
LogPluginManager: Mounting plugin DatasmithContent
LogPluginManager: Mounting plugin AlembicImporter
LogPluginManager: Mounting plugin CharacterAI
LogPluginManager: Mounting plugin HTML5Networking
LogPluginManager: Mounting plugin AndroidMedia
LogPluginManager: Mounting plugin AvfMedia
LogPluginManager: Mounting plugin ImgMedia
LogPluginManager: Mounting plugin LinearTimecode
LogPluginManager: Mounting plugin MediaCompositing
LogPluginManager: Mounting plugin MediaPlayerEditor
LogPluginManager: Mounting plugin WmfMedia
LogPluginManager: Mounting plugin TcpMessaging
LogPluginManager: Mounting plugin UdpMessaging
LogPluginManager: Mounting plugin ActorSequence
LogPluginManager: Mounting plugin LevelSequenceEditor
LogPluginManager: Mounting plugin MatineeToLevelSequence
LogPluginManager: Mounting plugin NetcodeUnitTest
LogPluginManager: Mounting plugin NUTUnrealEngine4
LogPluginManager: Mounting plugin OnlineSubsystemGooglePlay
LogPluginManager: Mounting plugin OnlineSubsystemIOS
LogPluginManager: Mounting plugin OnlineSubsystem
LogPluginManager: Mounting plugin OnlineSubsystemNull
LogPluginManager: Mounting plugin OnlineSubsystemUtils
LogPluginManager: Mounting plugin AndroidDeviceProfileSelector
LogPluginManager: Mounting plugin AndroidMoviePlayer
LogPluginManager: Mounting plugin AndroidPermission
LogPluginManager: Mounting plugin AppleARKit
LogPluginManager: Mounting plugin AppleMoviePlayer
LogPluginManager: Mounting plugin ArchVisCharacter
LogPluginManager: Mounting plugin AudioCapture
LogPluginManager: Mounting plugin CableComponent
LogPluginManager: Mounting plugin CustomMeshComponent
LogPluginManager: Mounting plugin ExampleDeviceProfileSelector
LogPluginManager: Mounting plugin GoogleCloudMessaging
LogPluginManager: Mounting plugin ImmediatePhysics
LogPluginManager: Mounting plugin IOSDeviceProfileSelector
LogPluginManager: Mounting plugin LinuxDeviceProfileSelector
LogPluginManager: Mounting plugin LocationServicesBPLibrary
LogPluginManager: Mounting plugin MobilePatchingUtils
LogPluginManager: Mounting plugin OculusVR
LogPluginManager: Plugin shader directory ../../../Engine/Plugins/Runtime/Oculus/OculusVR/Shaders found
LogPluginManager: Mapping shader source directory ../../../Engine/Plugins/Runtime/Oculus/OculusVR/Shaders to virtual directory /Plugin/OculusVR
LogPluginManager: Mounting plugin PhysXVehicles
LogPluginManager: Mounting plugin ProceduralMeshComponent
LogPluginManager: Mounting plugin RuntimePhysXCooking
LogPluginManager: Mounting plugin SteamVR
LogPluginManager: Mounting plugin WindowsMoviePlayer
LogStreaming: Display: Took  0.981s to configure plugins.
LogInit: Using libcurl 7.47.1
LogInit:  - built for x86_64-pc-win32
LogInit:  - supports SSL with OpenSSL/1.0.2g
LogInit:  - supports HTTP deflate (compression) using libz 1.2.8
LogInit:  - other features:
LogInit:      CURL_VERSION_SSL
LogInit:      CURL_VERSION_LIBZ
LogInit:      CURL_VERSION_IPV6
LogInit:      CURL_VERSION_ASYNCHDNS
LogInit:      CURL_VERSION_LARGEFILE
LogInit:      CURL_VERSION_IDN
LogInit:  CurlRequestOptions (configurable via config and command line):
LogInit:  - bVerifyPeer = false  - Libcurl will NOT verify peer certificate
LogInit:  - bUseHttpProxy = false  - Libcurl will NOT use HTTP proxy
LogInit:  - bDontReuseConnections = false  - Libcurl will reuse connections
LogInit:  - CertBundlePath = nullptr  - Libcurl will use whatever was configured at build time.
LogInit:  - MaxHostConnections = 16  - Libcurl will limit the number of connections to a host
LogInit:  - LocalHostAddr = Default
LogInit: WinSock: version 1.1 (2.2), MaxSocks=32767, MaxUdp=65467
LogInit: WinSock: I am Camp-2FLF142 (129.59.56.129:0)
LogInit: Build: ++UE4+Release-4.19-CL-3989454
LogInit: Engine Version: 4.19.1-3989454+++UE4+Release-4.19
LogInit: Compatible Engine Version: 4.19.0-3944462+++UE4+Release-4.19
LogInit: Net CL: 3944462
LogDevObjectVersion: Number of dev versions registered: 18
LogDevObjectVersion:   Dev-Blueprints (B0D832E4-1F89-4F0D-ACCF-7EB736FD4AA2): 10
LogDevObjectVersion:   Dev-Build (E1C64328-A22C-4D53-A36C-8E866417BD8C): 0
LogDevObjectVersion:   Dev-Core (375EC13C-06E4-48FB-B500-84F0262A717E): 2
LogDevObjectVersion:   Dev-Editor (E4B068ED-F494-42E9-A231-DA0B2E46BB41): 23
LogDevObjectVersion:   Dev-Framework (CFFC743F-43B0-4480-9391-14DF171D2073): 33
LogDevObjectVersion:   Dev-Mobile (B02B49B5-BB20-44E9-A304-32B752E40360): 2
LogDevObjectVersion:   Dev-Networking (A4E4105C-59A1-49B5-A7C5-40C4547EDFEE): 0
LogDevObjectVersion:   Dev-Online (39C831C9-5AE6-47DC-9A44-9C173E1C8E7C): 0
LogDevObjectVersion:   Dev-Physics (78F01B33-EBEA-4F98-B9B4-84EACCB95AA2): 0
LogDevObjectVersion:   Dev-Platform (6631380F-2D4D-43E0-8009-CF276956A95A): 0
LogDevObjectVersion:   Dev-Rendering (12F88B9F-8875-4AFC-A67C-D90C383ABD29): 25
LogDevObjectVersion:   Dev-Sequencer (7B5AE74C-D270-4C10-A958-57980B212A5A): 6
LogDevObjectVersion:   Dev-VR (D7296918-1DD6-4BDD-9DE2-64A83CC13884): 1
LogDevObjectVersion:   Dev-LoadTimes (C2A15278-BFE7-4AFE-6C17-90FF531DF755): 1
LogDevObjectVersion:   Private-Geometry (6EACA3D4-40EC-4CC1-B786-8BED09428FC5): 2
LogDevObjectVersion:   Dev-AnimPhys (29E575DD-E0A3-4627-9D10-D276232CDCEA): 16
LogDevObjectVersion:   Dev-ReflectionCapture (6B266CEC-1EC7-4B8F-A30B-E4D90942FC07): 1
LogDevObjectVersion:   Dev-Automation (0DF73D61-A23F-47EA-B727-89E90C41499A): 1
LogInit: Compiled (64-bit): Apr  6 2018 12:26:04
LogInit: Compiled with Visual C++: 19.00.24215.01
LogInit: Build Configuration: Development
LogInit: Branch Name: ++UE4+Release-4.19
LogInit: Command Line:  
LogInit: Base Directory: C:/Program Files/Epic Games/UE_4.19/Engine/Binaries/Win64/
LogInit: Installed Engine Build: 1
LogStreaming: Display: Took  0.002s to delete old logs.
LogInit: Presizing for max 8388607 objects, including 0 objects not considered by GC, pre-allocating 0 bytes for permanent pool.
LogInit: Object subsystem initialized
[2018.07.17-20.41.37:495][  0]LogInit: Selected Device Profile: [Windows]
[2018.07.17-20.41.37:495][  0]LogInit: Applying CVar settings loaded from the selected device profile: [Windows]
[2018.07.17-20.41.37:510][  0]LogInit: Computer: CAMP-2FLF142
[2018.07.17-20.41.37:510][  0]LogInit: User: iDStudent
[2018.07.17-20.41.37:510][  0]LogInit: CPU Page size=4096, Cores=4
[2018.07.17-20.41.37:510][  0]LogInit: High frequency timer resolution =2.742189 MHz
[2018.07.17-20.41.37:511][  0]LogMemory: Memory total: Physical=15.9GB (16GB approx)
[2018.07.17-20.41.37:511][  0]LogMemory: Platform Memory Stats for Windows
[2018.07.17-20.41.37:511][  0]LogMemory: Process Physical Memory: 274.80 MB used, 274.80 MB peak
[2018.07.17-20.41.37:511][  0]LogMemory: Process Virtual Memory: 264.83 MB used, 264.83 MB peak
[2018.07.17-20.41.37:511][  0]LogMemory: Physical Memory: 5175.61 MB used,  11074.57 MB free, 16250.17 MB total
[2018.07.17-20.41.37:511][  0]LogMemory: Virtual Memory: 693.31 MB used,  11074.57 MB free, 134217728.00 MB total
[2018.07.17-20.41.38:235][  0]LogInit: Using OS detected language (en-US).
[2018.07.17-20.41.38:235][  0]LogInit: Using OS detected locale (en-US).
[2018.07.17-20.41.38:238][  0]LogTextLocalizationManager: No specific localization for 'en-US' exists, so the 'en' localization will be used.
[2018.07.17-20.41.38:684][  0]LogStreaming: Display: Took  0.450s to EndInitTextLocalization.
[2018.07.17-20.41.38:685][  0]LogInit: Setting process to per monitor DPI aware
[2018.07.17-20.41.38:719][  0]LogSlate: New Slate User Created.  User Index 0, Is Virtual User: 0
[2018.07.17-20.41.38:719][  0]LogSlate: Slate User Registered.  User Index 0, Is Virtual User: 0
[2018.07.17-20.41.38:930][  0]LogD3D11RHI: D3D11 adapters:
[2018.07.17-20.41.38:984][  0]LogD3D11RHI:    0. 'NVIDIA GeForce GTX 1050 Ti' (Feature Level 11_0)
[2018.07.17-20.41.38:985][  0]LogD3D11RHI:       4018/0/8125 MB DedicatedVideo/DedicatedSystem/SharedSystem, Outputs:1, VendorId:0x10de
[2018.07.17-20.41.38:996][  0]LogD3D11RHI:    1. 'Intel(R) HD Graphics 630' (Feature Level 11_0)
[2018.07.17-20.41.38:996][  0]LogD3D11RHI:       128/0/8125 MB DedicatedVideo/DedicatedSystem/SharedSystem, Outputs:0, VendorId:0x8086
[2018.07.17-20.41.38:998][  0]LogD3D11RHI:    2. 'Microsoft Basic Render Driver' (Feature Level 11_0)
[2018.07.17-20.41.38:998][  0]LogD3D11RHI:       0/0/8125 MB DedicatedVideo/DedicatedSystem/SharedSystem, Outputs:0, VendorId:0x1414
[2018.07.17-20.41.38:998][  0]LogD3D11RHI: Chosen D3D11 Adapter: 0
[2018.07.17-20.41.39:004][  0]LogD3D11RHI: Creating new Direct3DDevice
[2018.07.17-20.41.39:004][  0]LogD3D11RHI:     GPU DeviceId: 0x1c8c (for the marketing name, search the web for "GPU Device Id")
[2018.07.17-20.41.39:004][  0]LogWindows: EnumDisplayDevices:
[2018.07.17-20.41.39:004][  0]LogWindows:    0. 'Intel(R) HD Graphics 630' (P:1 D:1)
[2018.07.17-20.41.39:004][  0]LogWindows:    1. 'Intel(R) HD Graphics 630' (P:0 D:0)
[2018.07.17-20.41.39:004][  0]LogWindows:    2. 'Intel(R) HD Graphics 630' (P:0 D:0)
[2018.07.17-20.41.39:004][  0]LogWindows:    3. 'NVIDIA GeForce GTX 1050 Ti' (P:0 D:0)
[2018.07.17-20.41.39:004][  0]LogWindows: DebugString: GetVideoDriverDetailsInvalid PrimaryIsNotTheChoosenAdapter GetVideoDriverDetailsInvalid PrimaryIsNotTheChoosenAdapter GetVideoDriverDetailsInvalid PrimaryIsNotTheChoosenAdapter GetVideoDriverDetailsInvalid PrimaryIsNotTheChoosenAdapter FoundDriverCount:0 
[2018.07.17-20.41.39:004][  0]LogD3D11RHI:     Adapter Name: NVIDIA GeForce GTX 1050 Ti
[2018.07.17-20.41.39:005][  0]LogD3D11RHI:   Driver Version: Unknown (internal:Unknown, unified:Unknown)
[2018.07.17-20.41.39:005][  0]LogD3D11RHI:      Driver Date: Unknown
[2018.07.17-20.41.39:005][  0]LogRHI: Texture pool is 2812 MB (70% of 4018 MB)
[2018.07.17-20.41.39:037][  0]LogD3D11RHI: [Aftermath] Aftermath enabled and primed
[2018.07.17-20.41.39:037][  0]LogD3D11RHI: [Aftermath] Aftermath enabled and primed
[2018.07.17-20.41.39:037][  0]LogD3D11RHI: Async texture creation enabled
[2018.07.17-20.41.39:054][  0]LogD3D11RHI: GPU Timing Frequency: 1000.000000 (Debug: 2 2)
[2018.07.17-20.41.39:055][  0]LogShaderCompilers: Guid format shader working directory is -36 characters bigger than the processId version (../../../../../../Users/iD Student/Desktop/Steven S/ID-Tech-Group-Project/Group_Project/Intermediate/Shaders/WorkingDirectory/1064/).
[2018.07.17-20.41.39:055][  0]LogShaderCompilers: Cleaned the shader compiler working directory 'C:/Users/iD Student/AppData/Local/Temp/UnrealShaderWorkingDir/4F42BC804DDA4A45D9D7EDB2356CC715/'.
[2018.07.17-20.41.39:291][  0]LogTemp: Display: Loaded TP AllDesktopTargetPlatform
[2018.07.17-20.41.39:305][  0]LogTemp: Display: Loaded TP MacClientTargetPlatform
[2018.07.17-20.41.39:320][  0]LogTemp: Display: Loaded TP MacNoEditorTargetPlatform
[2018.07.17-20.41.39:337][  0]LogTemp: Display: Loaded TP MacServerTargetPlatform
[2018.07.17-20.41.39:351][  0]LogTemp: Display: Loaded TP MacTargetPlatform
[2018.07.17-20.41.39:365][  0]LogTemp: Display: Loaded TP WindowsClientTargetPlatform
[2018.07.17-20.41.39:379][  0]LogTemp: Display: Loaded TP WindowsNoEditorTargetPlatform
[2018.07.17-20.41.39:393][  0]LogTemp: Display: Loaded TP WindowsServerTargetPlatform
[2018.07.17-20.41.39:400][  0]LogTemp: Display: Loaded TP WindowsTargetPlatform
[2018.07.17-20.41.39:412][  0]LogTemp: Display: Loaded TP Android_ASTCTargetPlatform
[2018.07.17-20.41.39:424][  0]LogTemp: Display: Loaded TP Android_ATCTargetPlatform
[2018.07.17-20.41.39:436][  0]LogTemp: Display: Loaded TP Android_DXTTargetPlatform
[2018.07.17-20.41.39:449][  0]LogTemp: Display: Loaded TP Android_ETC1aTargetPlatform
[2018.07.17-20.41.39:460][  0]LogTemp: Display: Loaded TP Android_ETC1TargetPlatform
[2018.07.17-20.41.39:472][  0]LogTemp: Display: Loaded TP Android_ETC2TargetPlatform
[2018.07.17-20.41.39:495][  0]LogTemp: Display: Loaded TP Android_MultiTargetPlatform
[2018.07.17-20.41.39:495][  0]LogTemp: Display: Loaded TP Android_PVRTCTargetPlatform
[2018.07.17-20.41.39:508][  0]LogTemp: Display: Loaded TP AndroidTargetPlatform
[2018.07.17-20.41.39:509][  0]LogTemp: Display: Loaded TP HTML5TargetPlatform
[2018.07.17-20.41.39:546][  0]LogTemp: Display: Loaded TP IOSTargetPlatform
[2018.07.17-20.41.39:557][  0]LogTemp: Display: Loaded TP TVOSTargetPlatform
[2018.07.17-20.41.39:569][  0]LogTemp: Display: Loaded TP LinuxClientTargetPlatform
[2018.07.17-20.41.39:581][  0]LogTemp: Display: Loaded TP LinuxNoEditorTargetPlatform
[2018.07.17-20.41.39:593][  0]LogTemp: Display: Loaded TP LinuxServerTargetPlatform
[2018.07.17-20.41.39:606][  0]LogTemp: Display: Loaded TP LinuxTargetPlatform
[2018.07.17-20.41.39:606][  0]LogTargetPlatformManager: Display: Building Assets For Windows
[2018.07.17-20.41.39:714][  0]LogXGEController: Cleaning working directory: C:/Users/iD Student/AppData/Local/Temp/UnrealXGEWorkingDir/
[2018.07.17-20.41.39:714][  0]LogXGEController: Cannot use XGE Controller as Incredibuild is not installed on this machine.
[2018.07.17-20.41.39:714][  0]LogShaderCompilers: Cannot use XGE Shader Compiler as Incredibuild is not installed on this machine.
[2018.07.17-20.41.39:714][  0]LogShaderCompilers: Display: Using Local Shader Compiler.
[2018.07.17-20.41.40:422][  0]LogDerivedDataCache: Display: Max Cache Size: 512 MB
[2018.07.17-20.41.40:506][  0]LogDerivedDataCache: Loaded boot cache 0.08s 74MB C:/Users/iD Student/AppData/Local/UnrealEngine/4.19/DerivedDataCache/Boot.ddc.
[2018.07.17-20.41.40:506][  0]LogDerivedDataCache: Display: Loaded Boot cache: C:/Users/iD Student/AppData/Local/UnrealEngine/4.19/DerivedDataCache/Boot.ddc
[2018.07.17-20.41.40:506][  0]LogDerivedDataCache: FDerivedDataBackendGraph:  Pak pak cache file ../../../../../../Users/iD Student/Desktop/Steven S/ID-Tech-Group-Project/Group_Project/DerivedDataCache/DDC.ddp not found, will not use a pak cache.
[2018.07.17-20.41.40:506][  0]LogDerivedDataCache: Unable to find inner node Pak for hierarchical cache Hierarchy.
[2018.07.17-20.41.40:506][  0]LogDerivedDataCache: FDerivedDataBackendGraph:  CompressedPak pak cache file ../../../../../../Users/iD Student/Desktop/Steven S/ID-Tech-Group-Project/Group_Project/DerivedDataCache/Compressed.ddp not found, will not use a pak cache.
[2018.07.17-20.41.40:506][  0]LogDerivedDataCache: Unable to find inner node CompressedPak for hierarchical cache Hierarchy.
[2018.07.17-20.41.40:522][  0]LogDerivedDataCache: Display: Pak cache opened for reading ../../../Engine/DerivedDataCache/Compressed.ddp.
[2018.07.17-20.41.40:534][  0]LogDerivedDataCache: Using Local data cache path C:/Users/iD Student/AppData/Local/UnrealEngine/Common/DerivedDataCache: Writable
[2018.07.17-20.41.40:547][  0]LogMaterial: Verifying Global Shaders for PCD3D_SM5
[2018.07.17-20.41.40:547][  0]LogSlate: Using Freetype 2.6.0
[2018.07.17-20.41.40:548][  0]LogSlate: SlateFontCache - WITH_FREETYPE: 1, WITH_HARFBUZZ: 1
[2018.07.17-20.41.40:548][  0]LogSlate: SlateFontCache - WITH_FREETYPE: 1, WITH_HARFBUZZ: 1
[2018.07.17-20.41.40:670][  0]LogAssetRegistry: FAssetRegistry took 0.0262 seconds to start up
[2018.07.17-20.41.40:995][  0]LogInit: Selected Device Profile: [Windows]
[2018.07.17-20.41.41:157][  0]LogSimplygon: Simplygon DLL not present - disabling.
[2018.07.17-20.41.41:159][  0]LogMeshReduction: Using SimplygonSwarm for distributed automatic mesh merging
[2018.07.17-20.41.41:159][  0]LogMeshReduction: Using QuadricMeshReduction for automatic static mesh reduction
[2018.07.17-20.41.41:159][  0]LogMeshReduction: No automatic skeletal mesh reduction module available
[2018.07.17-20.41.41:159][  0]LogMeshReduction: No automatic mesh merging module available
[2018.07.17-20.41.41:159][  0]LogMeshMerging: No automatic mesh merging module available
[2018.07.17-20.41.41:191][  0]LogNetVersion: Group_Project , NetCL: 3944462, EngineNetVer: 2, GameNetVer: 0 (Checksum: 541774694)
[2018.07.17-20.41.41:680][  0]LogPackageLocalizationCache: Processed 9 localized package path(s) for 2 prioritized culture(s) in 0.089977 seconds
[2018.07.17-20.41.41:688][  0]LogUObjectArray: 36728 objects as part of root set at end of initial load.
[2018.07.17-20.41.41:688][  0]LogUObjectAllocator: 7314304 out of 0 bytes used by permanent object pool.
[2018.07.17-20.41.41:688][  0]LogUObjectArray: CloseDisregardForGC: 0/0 objects in disregard for GC pool
[2018.07.17-20.41.43:319][  0]LogTcpMessaging: Initializing TcpMessaging bridge
[2018.07.17-20.41.43:348][  0]LogUdpMessaging: Initializing bridge on interface 0.0.0.0:0 to multicast group 230.0.0.1:6666.
[2018.07.17-20.41.43:683][  0]SourceControl: Source control is disabled
[2018.07.17-20.41.43:683][  0]SourceControl: Source control is disabled
[2018.07.17-20.41.43:702][  0]SourceControl: Source control is disabled
[2018.07.17-20.41.43:726][  0]SourceControl: Source control is disabled
[2018.07.17-20.41.44:253][  0]LogAndroidPermission: UAndroidPermissionCallbackProxy::GetInstance
[2018.07.17-20.41.44:395][  0]LogOcInput: OculusInput pre-init called
[2018.07.17-20.41.44:502][  0]LogEngine: Initializing Engine...
[2018.07.17-20.41.44:503][  0]LogHMD: Failed to initialize OpenVR with code 110
[2018.07.17-20.41.44:504][  0]LogStats: UGameplayTagsManager::ConstructGameplayTagTree: Construct from data asset -  0.000 s
[2018.07.17-20.41.44:504][  0]LogStats: UGameplayTagsManager::ConstructGameplayTagTree: GameplayTagTreeChangedEvent.Broadcast -  0.000 s
[2018.07.17-20.41.44:763][  0]LogAIModule: Creating AISystem for world Untitled
[2018.07.17-20.41.44:769][  0]LogInit: XAudio2 using 'Speakers (USB Audio Device)' : 2 channels at 48 kHz using 16 bits per sample (channel mask 0x3)
[2018.07.17-20.41.44:779][  0]LogInit: FAudioDevice initialized.
[2018.07.17-20.41.44:849][  0]LogDerivedDataCache: Saved boot cache 0.07s 74MB C:/Users/iD Student/AppData/Local/UnrealEngine/4.19/DerivedDataCache/Boot.ddc.
[2018.07.17-20.41.44:868][  0]LogInit: Texture streaming: Enabled
[2018.07.17-20.41.44:886][  0]LogEngineSessionManager: EngineSessionManager initialized
[2018.07.17-20.41.44:899][  0]LogInit: Transaction tracking system initialized
[2018.07.17-20.41.44:921][  0]BlueprintLog: New page: Editor Load
[2018.07.17-20.41.44:997][  0]LocalizationService: Localization service is disabled
[2018.07.17-20.41.45:108][  0]LogConsoleResponse: Display: 
[2018.07.17-20.41.45:271][  0]LogCook: Display: Max memory allowance for cook 16384mb min free memory 0mb
[2018.07.17-20.41.45:272][  0]LogCook: Display: Mobile HDR setting 1
[2018.07.17-20.41.45:272][  0]LogGameplayTags: Display: UGameplayTagsManager::DoneAddingNativeTags. DelegateIsBound: 0
[2018.07.17-20.41.45:272][  0]LogStats: UGameplayTagsManager::ConstructGameplayTagTree: Construct from data asset -  0.000 s
[2018.07.17-20.41.45:272][  0]LogStats: UGameplayTagsManager::ConstructGameplayTagTree: GameplayTagTreeChangedEvent.Broadcast -  0.000 s
[2018.07.17-20.41.45:625][  0]LogFileCache: Scanning file cache for directory 'C:/Users/iD Student/Desktop/Steven S/ID-Tech-Group-Project/Group_Project/Content/' took 0.06s
[2018.07.17-20.41.45:625][  0]SourceControl: Source control is disabled
[2018.07.17-20.41.45:625][  0]Cmd: MAP LOAD FILE="../../../../../../Users/iD Student/Desktop/Steven S/ID-Tech-Group-Project/Group_Project/Content/FirstPersonBP/Maps/FirstPersonExampleMap.umap" TEMPLATE=0 SHOWPROGRESS=1 FEATURELEVEL=3
[2018.07.17-20.41.45:626][  0]LightingResults: New page: Lighting Build
[2018.07.17-20.41.45:629][  0]MapCheck: New page: Map Check
[2018.07.17-20.41.45:629][  0]LightingResults: New page: Lighting Build
[2018.07.17-20.41.46:036][  0]LogSkeletalMesh: Skeletal Mesh found in DDC [3.664955ms] /Game/FirstPerson/FPWeapon/Mesh/SK_FPGun.SK_FPGun
[2018.07.17-20.41.46:052][  0]LogSkeletalMesh: Skeletal Mesh found in DDC [6.580874ms] /Game/FirstPerson/Character/Mesh/SK_Mannequin_Arms.SK_Mannequin_Arms
[2018.07.17-20.41.46:115][  0]LogAIModule: Creating AISystem for world FirstPersonExampleMap
[2018.07.17-20.41.46:134][  0]LogEditorServer: Finished looking for orphan Actors (0.001 secs)
[2018.07.17-20.41.46:152][  0]Cmd: MAP CHECKDEP NOCLEARLOG
[2018.07.17-20.41.46:204][  0]MapCheck: Map check complete: 0 Error(s), 0 Warning(s), took 51.715ms to complete.
[2018.07.17-20.41.46:204][  0]LogFileHelpers: Loading map 'FirstPersonExampleMap' took 0.579
[2018.07.17-20.41.46:353][  0]LogCollectionManager: Loaded 0 collections in 0.001797 seconds
[2018.07.17-20.41.46:401][  0]LogFileCache: Scanning file cache for directory 'C:/Users/iD Student/Desktop/Steven S/ID-Tech-Group-Project/Group_Project/Saved/Collections/' took 0.01s
[2018.07.17-20.41.46:401][  0]LogFileCache: Scanning file cache for directory 'C:/Users/iD Student/Desktop/Steven S/ID-Tech-Group-Project/Group_Project/Content/Developers/iDStudent/Collections/' took 0.01s
[2018.07.17-20.41.46:401][  0]LogFileCache: Scanning file cache for directory 'C:/Users/iD Student/Desktop/Steven S/ID-Tech-Group-Project/Group_Project/Content/Collections/' took 0.01s
[2018.07.17-20.41.46:401][  0]LogCollectionManager: Rebuilt the GUID cache for 0 collections in 0.000001 seconds
[2018.07.17-20.41.46:419][  0]LogContentBrowser: Native class hierarchy populated in 0.0174 seconds. Added 2452 classes and 558 folders.
[2018.07.17-20.41.46:426][  0]LogContentBrowser: Native class hierarchy updated for 'WidgetCarousel' in 0.0002 seconds. Added 0 classes and 0 folders.
[2018.07.17-20.41.46:468][  0]LogContentBrowser: Native class hierarchy updated for 'AddContentDialog' in 0.0002 seconds. Added 0 classes and 0 folders.
[2018.07.17-20.41.46:472][  0]LogContentBrowser: Native class hierarchy updated for 'SceneOutliner' in 0.0002 seconds. Added 1 classes and 2 folders.
[2018.07.17-20.41.46:491][  0]LogSlate: Took 0.000286 seconds to synchronously load lazily loaded font '../../../Engine/Content/Slate/Fonts/Roboto-Regular.ttf' (155K)
[2018.07.17-20.41.46:495][  0]LogSlate: Took 0.001175 seconds to synchronously load lazily loaded font '../../../Engine/Content/Slate/Fonts/Roboto-Bold.ttf' (160K)
[2018.07.17-20.41.46:506][  0]LogSlate: Took 0.000190 seconds to synchronously load lazily loaded font '../../../Engine/Content/Editor/Slate/Fonts/FontAwesome.ttf' (139K)
[2018.07.17-20.41.46:629][  0]LogRenderer: Reallocating scene render targets to support 872x444 Format 10 NumSamples 1 (Frame:1).
[2018.07.17-20.41.46:847][  0]LogContentBrowser: Native class hierarchy updated for 'HierarchicalLODOutliner' in 0.0002 seconds. Added 0 classes and 0 folders.
[2018.07.17-20.41.46:847][  0]LogLoad: (Engine Initialization) Total time: 11.82 seconds
[2018.07.17-20.41.46:847][  0]LogLoad: (Engine Initialization) Total Blueprint compile time: 0.00 seconds
[2018.07.17-20.41.46:865][  0]LogWindowsTextInputMethodSystem: Display: IME system now deactivated.
[2018.07.17-20.41.46:887][  0]LogContentStreaming: Texture pool size now 1000 MB
[2018.07.17-20.41.46:916][  0]LogSlate: Took 0.000197 seconds to synchronously load lazily loaded font '../../../Engine/Content/Slate/Fonts/Roboto-Light.ttf' (167K)
[2018.07.17-20.41.47:193][  4]LogAssetRegistry: Asset discovery search completed in 6.5461 seconds
[2018.07.17-20.41.47:201][  4]LogCollectionManager: Rebuilt the object cache for 0 collections in 0.000001 seconds (found 0 objects)
[2018.07.17-20.41.47:202][  4]LogCollectionManager: Fixed up redirectors for 0 collections in 0.000233 seconds (updated 0 objects)
[2018.07.17-20.42.27:943][621]LogSlate: FSceneViewport::OnFocusLost() reason 0
[2018.07.17-20.42.33:413][892]LogSlate: Took 0.000255 seconds to synchronously load lazily loaded font '../../../Engine/Content/Slate/Fonts/Roboto-Light.ttf' (167K)
[2018.07.17-20.42.33:430][892]LogFactory: FactoryCreateFile: StaticMesh with FbxFactory (0 0 C:\Users\iD Student\Desktop\Steven S\ID-Tech-Group-Project\3D Models\TEST.fbx)
[2018.07.17-20.42.33:460][892]LogFbx: ItemName: GlobalSettings, ItemCount : 1
[2018.07.17-20.42.33:460][892]LogFbx: ItemName: AnimationStack, ItemCount : 1
[2018.07.17-20.42.33:460][892]LogFbx: ItemName: AnimationLayer, ItemCount : 1
[2018.07.17-20.42.33:460][892]LogFbx: ItemName: NodeAttribute, ItemCount : 12
[2018.07.17-20.42.33:460][892]LogFbx: ItemName: Model, ItemCount : 13
[2018.07.17-20.42.33:460][892]LogFbx: ItemName: Geometry, ItemCount : 1
[2018.07.17-20.42.33:460][892]LogFbx: ItemName: Material, ItemCount : 2
[2018.07.17-20.42.33:467][892]LogFbx: Loading FBX Scene from C:\Users\iD Student\Desktop\Steven S\ID-Tech-Group-Project\3D Models\TEST.fbx
[2018.07.17-20.42.33:483][892]LogFbx: FBX Scene Loaded Succesfully
[2018.07.17-20.42.34:773][892]LogSlate: Window 'FBX Import Options' being destroyed
[2018.07.17-20.42.34:868][892]LogFbx: Loading FBX Scene from C:\Users\iD Student\Desktop\Steven S\ID-Tech-Group-Project\3D Models\TEST.fbx
[2018.07.17-20.42.34:881][892]LogFbx: FBX Scene Loaded Succesfully
[2018.07.17-20.42.34:888][892]LogMaterial: Missing cached shader map for material lambert3, compiling. 
[2018.07.17-20.42.34:925][892]LogShaderCompilers: Display: Shaders left to compile 22
[2018.07.17-20.42.34:925][892]LogShaderCompilers: Display: Shaders left to compile 12
[2018.07.17-20.42.34:925][892]LogShaderCompilers: Display: Shaders left to compile 2
[2018.07.17-20.42.34:929][892]LogMaterial: Missing cached shader map for material lambert2, compiling. 
[2018.07.17-20.42.34:940][892]LogFbx: Warning: Triangulating static mesh pCube4
[2018.07.17-20.42.34:979][892]LogStaticMesh: Building static mesh TEST...
[2018.07.17-20.42.35:001][892]LogShaderCompilers: Display: Shaders left to compile 22
[2018.07.17-20.42.35:001][892]LogStaticMesh: Built static mesh [0.02s] /Game/FirstPersonBP/TEST.TEST
[2018.07.17-20.42.35:004][892]LogStaticMesh: Warning: TEST has degenerate tangent bases which will result in incorrect shading.  MikkTSpace relies on tangent bases and may result in mesh corruption, consider disabling this option.
[2018.07.17-20.42.35:004][892]LogStaticMesh: Warning: TEST has some nearly zero bi-normals which can create some issues. (Tolerance of 1E-4)
[2018.07.17-20.42.35:020][892]FBXImport: Warning: No smoothing group information was found in this FBX scene.  Please make sure to enable the 'Export Smoothing Groups' option in the FBX Exporter plug-in before exporting the file.  Even for tools that don't support smoothing groups, the FBX Exporter will generate appropriate smoothing data at export-time so that correct vertex normals can be inferred while importing. 
[2018.07.17-20.42.35:020][892]FBXImport: Warning: TEST has degenerate tangent bases which will result in incorrect shading.  MikkTSpace relies on tangent bases and may result in mesh corruption, consider disabling this option. 
[2018.07.17-20.42.35:020][892]FBXImport: Warning: TEST has some nearly zero bi-normals which can create some issues. (Tolerance of 1E-4) 
[2018.07.17-20.42.36:316][946]LogShaderCompilers: Display: Shaders left to compile 12
[2018.07.17-20.42.36:804][971]LogSlate: Window 'Message Log' being destroyed
[2018.07.17-20.42.36:809][971]LogSlate: Window 'Message Log' being destroyed
[2018.07.17-20.42.39:098][ 95]LogShaderCompilers: Display: Shaders left to compile 2
[2018.07.17-20.42.43:022][309]LogActorFactory: Actor Factory created TEST
[2018.07.17-20.42.44:555][400]LogActorFactory: Actor Factory created TEST
[2018.07.17-20.42.47:362][553]LogSlate: FSceneViewport::OnFocusLost() reason 0
[2018.07.17-20.42.47:454][557]LogTemp: Repeating last play command: Selected Viewport
[2018.07.17-20.42.47:486][557]LogBlueprintUserMessages: Early PlayInEditor Detection: Level '/Game/FirstPersonBP/Maps/FirstPersonExampleMap.FirstPersonExampleMap:PersistentLevel' has LevelScriptBlueprint '/Game/FirstPersonBP/Maps/FirstPersonExampleMap.FirstPersonExampleMap:PersistentLevel.FirstPersonExampleMap' with GeneratedClass '/Game/FirstPersonBP/Maps/FirstPersonExampleMap.FirstPersonExampleMap_C' with ClassGeneratedBy '/Game/FirstPersonBP/Maps/FirstPersonExampleMap.FirstPersonExampleMap:PersistentLevel.FirstPersonExampleMap'
[2018.07.17-20.42.47:486][557]LogPlayLevel: PlayLevel: No blueprints needed recompiling
[2018.07.17-20.42.47:487][557]PIE: New page: PIE session: FirstPersonExampleMap (Jul 17, 2018, 10:42:47 AM)
[2018.07.17-20.42.47:487][557]LogPlayLevel: Creating play world package: /Game/FirstPersonBP/Maps/UEDPIE_0_FirstPersonExampleMap
[2018.07.17-20.42.47:509][557]LogPlayLevel: PIE: StaticDuplicateObject took: (0.022220s)
[2018.07.17-20.42.47:511][557]LogAIModule: Creating AISystem for world FirstPersonExampleMap
[2018.07.17-20.42.47:512][557]LogPlayLevel: PIE: World Init took: (0.002021s)
[2018.07.17-20.42.47:512][557]LogPlayLevel: PIE: Created PIE world by copying editor world from /Game/FirstPersonBP/Maps/FirstPersonExampleMap.FirstPersonExampleMap to /Game/FirstPersonBP/Maps/UEDPIE_0_FirstPersonExampleMap.FirstPersonExampleMap (0.024620s)
[2018.07.17-20.42.47:554][557]LogInit: XAudio2 using 'Speakers (USB Audio Device)' : 2 channels at 48 kHz using 16 bits per sample (channel mask 0x3)
[2018.07.17-20.42.47:607][557]LogInit: FAudioDevice initialized.
[2018.07.17-20.42.47:670][557]LogLoad: Game class is 'FirstPersonGameMode_C'
[2018.07.17-20.42.47:673][557]LogWorld: Bringing World /Game/FirstPersonBP/Maps/UEDPIE_0_FirstPersonExampleMap.FirstPersonExampleMap up for play (max tick rate 60) at 2018.07.17-15.42.47
[2018.07.17-20.42.47:674][557]LogWorld: Bringing up level for play took: 0.002397
[2018.07.17-20.42.47:684][557]LogContentBrowser: Native class hierarchy updated for 'MovieSceneCapture' in 0.0004 seconds. Added 11 classes and 0 folders.
[2018.07.17-20.42.47:684][557]PIE: Play in editor start time for /Game/FirstPersonBP/Maps/UEDPIE_0_FirstPersonExampleMap 0.697
[2018.07.17-20.42.47:684][557]LogBlueprintUserMessages: Late PlayInEditor Detection: Level '/Game/FirstPersonBP/Maps/FirstPersonExampleMap.FirstPersonExampleMap:PersistentLevel' has LevelScriptBlueprint '/Game/FirstPersonBP/Maps/FirstPersonExampleMap.FirstPersonExampleMap:PersistentLevel.FirstPersonExampleMap' with GeneratedClass '/Game/FirstPersonBP/Maps/FirstPersonExampleMap.FirstPersonExampleMap_C' with ClassGeneratedBy '/Game/FirstPersonBP/Maps/FirstPersonExampleMap.FirstPersonExampleMap:PersistentLevel.FirstPersonExampleMap'
[2018.07.17-20.43.00:364][297]LogBlueprintUserMessages: Early EndPlayMap Detection: Level '/Game/FirstPersonBP/Maps/FirstPersonExampleMap.FirstPersonExampleMap:PersistentLevel' has LevelScriptBlueprint '/Game/FirstPersonBP/Maps/FirstPersonExampleMap.FirstPersonExampleMap:PersistentLevel.FirstPersonExampleMap' with GeneratedClass '/Game/FirstPersonBP/Maps/FirstPersonExampleMap.FirstPersonExampleMap_C' with ClassGeneratedBy '/Game/FirstPersonBP/Maps/FirstPersonExampleMap.FirstPersonExampleMap:PersistentLevel.FirstPersonExampleMap'
[2018.07.17-20.43.00:398][297]LogBlueprintUserMessages: Late EndPlayMap Detection: Level '/Game/FirstPersonBP/Maps/FirstPersonExampleMap.FirstPersonExampleMap:PersistentLevel' has LevelScriptBlueprint '/Game/FirstPersonBP/Maps/FirstPersonExampleMap.FirstPersonExampleMap:PersistentLevel.FirstPersonExampleMap' with GeneratedClass '/Game/FirstPersonBP/Maps/FirstPersonExampleMap.FirstPersonExampleMap_C' with ClassGeneratedBy '/Game/FirstPersonBP/Maps/FirstPersonExampleMap.FirstPersonExampleMap:PersistentLevel.FirstPersonExampleMap'
[2018.07.17-20.43.03:158][458]LogEditorViewport: Clicking on Actor (LMB): StaticMeshActor (TEST)
[2018.07.17-20.43.03:306][463]LogEditorViewport: Clicking on Component (LMB): StaticMeshComponent (StaticMeshComponent0)
[2018.07.17-20.43.03:543][474]LogEditorViewport: Clicking on Component (LMB): StaticMeshComponent (StaticMeshComponent0)
[2018.07.17-20.43.03:875][493]LogEditorViewport: Clicking on Actor (double click): StaticMeshActor (TEST)
[2018.07.17-20.43.04:132][506]LogEditorViewport: Clicking on Actor (LMB): StaticMeshActor (TEST)
[2018.07.17-20.43.04:634][535]LogEditorViewport: Clicking on Actor (LMB): StaticMeshActor (TEST)
[2018.07.17-20.43.05:286][573]LogEditorViewport: Clicking on Actor (LMB): StaticMeshActor (TEST)
[2018.07.17-20.43.05:736][599]LogEditorViewport: Clicking on Actor (context menu): StaticMeshActor (TEST)
[2018.07.17-20.43.05:767][599]LogSlate: FSceneViewport::OnFocusLost() reason 2
[2018.07.17-20.43.09:071][778]LogSlate: FSceneViewport::OnFocusLost() reason 5
[2018.07.17-20.43.09:716][779]LogRenderer: Reallocating scene render targets to support 1112x444 Format 10 NumSamples 1 (Frame:1).
[2018.07.17-20.43.12:751][935]LogSlate: FSceneViewport::OnFocusLost() reason 2
[2018.07.17-20.43.45:876][607]LogSlate: FSceneViewport::OnFocusLost() reason 0
[2018.07.17-20.43.45:999][611]Cmd: OBJ SAVEPACKAGE PACKAGE="/Game/FirstPersonBP/TEST" FILE="../../../../../../Users/iD Student/Desktop/Steven S/ID-Tech-Group-Project/Group_Project/Content/FirstPersonBP/TEST.uasset" SILENT=true
[2018.07.17-20.43.46:016][611]LogSavePackage: Save=14.53ms
[2018.07.17-20.43.46:016][611]LogSavePackage: Moving '../../../../../../Users/iD Student/Desktop/Steven S/ID-Tech-Group-Project/Group_Project/Saved/TESTBC2A13B94233CDDFC62BA6A29A836964.tmp' to '../../../../../../Users/iD Student/Desktop/Steven S/ID-Tech-Group-Project/Group_Project/Content/FirstPersonBP/TEST.uasset'
[2018.07.17-20.43.46:020][611]LogSavePackage: Display: Finished SavePackage ../../../../../../Users/iD Student/Desktop/Steven S/ID-Tech-Group-Project/Group_Project/Content/FirstPersonBP/TEST.uasset
[2018.07.17-20.43.51:805][931]LogSlate: FSceneViewport::OnFocusLost() reason 0
[2018.07.17-20.43.51:933][938]LogSlate: Window 'TEST' being destroyed
[2018.07.17-20.43.51:938][938]LogSlate: Window 'TEST' being destroyed
[2018.07.17-20.43.53:928][ 36]LogSlate: FSceneViewport::OnFocusLost() reason 0
[2018.07.17-20.43.54:006][ 41]LogTemp: Repeating last play command: Selected Viewport
[2018.07.17-20.43.54:035][ 41]LogBlueprintUserMessages: Early PlayInEditor Detection: Level '/Game/FirstPersonBP/Maps/FirstPersonExampleMap.FirstPersonExampleMap:PersistentLevel' has LevelScriptBlueprint '/Game/FirstPersonBP/Maps/FirstPersonExampleMap.FirstPersonExampleMap:PersistentLevel.FirstPersonExampleMap' with GeneratedClass '/Game/FirstPersonBP/Maps/FirstPersonExampleMap.FirstPersonExampleMap_C' with ClassGeneratedBy '/Game/FirstPersonBP/Maps/FirstPersonExampleMap.FirstPersonExampleMap:PersistentLevel.FirstPersonExampleMap'
[2018.07.17-20.43.54:035][ 41]LogPlayLevel: PlayLevel: No blueprints needed recompiling
[2018.07.17-20.43.54:035][ 41]PIE: New page: PIE session: FirstPersonExampleMap (Jul 17, 2018, 10:43:54 AM)
[2018.07.17-20.43.54:035][ 41]LogPlayLevel: Creating play world package: /Game/FirstPersonBP/Maps/UEDPIE_0_FirstPersonExampleMap
[2018.07.17-20.43.54:057][ 41]LogPlayLevel: PIE: StaticDuplicateObject took: (0.021457s)
[2018.07.17-20.43.54:058][ 41]LogAIModule: Creating AISystem for world FirstPersonExampleMap
[2018.07.17-20.43.54:058][ 41]LogPlayLevel: PIE: World Init took: (0.001013s)
[2018.07.17-20.43.54:058][ 41]LogPlayLevel: PIE: Created PIE world by copying editor world from /Game/FirstPersonBP/Maps/FirstPersonExampleMap.FirstPersonExampleMap to /Game/FirstPersonBP/Maps/UEDPIE_0_FirstPersonExampleMap.FirstPersonExampleMap (0.022911s)
[2018.07.17-20.43.54:076][ 41]LogInit: XAudio2 using 'Speakers (USB Audio Device)' : 2 channels at 48 kHz using 16 bits per sample (channel mask 0x3)
[2018.07.17-20.43.54:084][ 41]LogInit: FAudioDevice initialized.
[2018.07.17-20.43.54:122][ 41]LogLoad: Game class is 'FirstPersonGameMode_C'
[2018.07.17-20.43.54:125][ 41]LogWorld: Bringing World /Game/FirstPersonBP/Maps/UEDPIE_0_FirstPersonExampleMap.FirstPersonExampleMap up for play (max tick rate 60) at 2018.07.17-15.43.54
[2018.07.17-20.43.54:125][ 41]LogWorld: Bringing up level for play took: 0.002039
[2018.07.17-20.43.54:126][ 41]PIE: Play in editor start time for /Game/FirstPersonBP/Maps/UEDPIE_0_FirstPersonExampleMap -0.861
[2018.07.17-20.43.54:126][ 41]LogBlueprintUserMessages: Late PlayInEditor Detection: Level '/Game/FirstPersonBP/Maps/FirstPersonExampleMap.FirstPersonExampleMap:PersistentLevel' has LevelScriptBlueprint '/Game/FirstPersonBP/Maps/FirstPersonExampleMap.FirstPersonExampleMap:PersistentLevel.FirstPersonExampleMap' with GeneratedClass '/Game/FirstPersonBP/Maps/FirstPersonExampleMap.FirstPersonExampleMap_C' with ClassGeneratedBy '/Game/FirstPersonBP/Maps/FirstPersonExampleMap.FirstPersonExampleMap:PersistentLevel.FirstPersonExampleMap'
[2018.07.17-20.44.12:674][151]LogBlueprintUserMessages: Early EndPlayMap Detection: Level '/Game/FirstPersonBP/Maps/FirstPersonExampleMap.FirstPersonExampleMap:PersistentLevel' has LevelScriptBlueprint '/Game/FirstPersonBP/Maps/FirstPersonExampleMap.FirstPersonExampleMap:PersistentLevel.FirstPersonExampleMap' with GeneratedClass '/Game/FirstPersonBP/Maps/FirstPersonExampleMap.FirstPersonExampleMap_C' with ClassGeneratedBy '/Game/FirstPersonBP/Maps/FirstPersonExampleMap.FirstPersonExampleMap:PersistentLevel.FirstPersonExampleMap'
[2018.07.17-20.44.12:711][151]LogBlueprintUserMessages: Late EndPlayMap Detection: Level '/Game/FirstPersonBP/Maps/FirstPersonExampleMap.FirstPersonExampleMap:PersistentLevel' has LevelScriptBlueprint '/Game/FirstPersonBP/Maps/FirstPersonExampleMap.FirstPersonExampleMap:PersistentLevel.FirstPersonExampleMap' with GeneratedClass '/Game/FirstPersonBP/Maps/FirstPersonExampleMap.FirstPersonExampleMap_C' with ClassGeneratedBy '/Game/FirstPersonBP/Maps/FirstPersonExampleMap.FirstPersonExampleMap:PersistentLevel.FirstPersonExampleMap'
[2018.07.17-20.44.14:610][263]LogEditorViewport: Clicking on Actor (LMB): StaticMeshActor (TEST)
[2018.07.17-20.44.14:683][264]LogEditorViewport: Clicking on Component (LMB): StaticMeshComponent (StaticMeshComponent0)
[2018.07.17-20.44.14:956][278]LogEditorViewport: Clicking on Component (LMB): StaticMeshComponent (StaticMeshComponent0)
[2018.07.17-20.44.15:027][281]LogEditorViewport: Clicking on Actor (double click): StaticMeshActor (TEST)
[2018.07.17-20.44.15:586][312]LogEditorViewport: Clicking on Actor (context menu): StaticMeshActor (TEST)
[2018.07.17-20.44.15:621][312]LogSlate: FSceneViewport::OnFocusLost() reason 2
[2018.07.17-20.44.17:878][444]LogSlate: FSceneViewport::OnFocusLost() reason 5
[2018.07.17-20.44.26:454][888]LogSlate: FSceneViewport::OnFocusLost() reason 0
[2018.07.17-20.44.26:543][892]Cmd: OBJ SAVEPACKAGE PACKAGE="/Game/FirstPersonBP/TEST" FILE="../../../../../../Users/iD Student/Desktop/Steven S/ID-Tech-Group-Project/Group_Project/Content/FirstPersonBP/TEST.uasset" SILENT=true
[2018.07.17-20.44.26:568][892]LogSavePackage: Save=12.55ms
[2018.07.17-20.44.26:568][892]LogSavePackage: Moving '../../../../../../Users/iD Student/Desktop/Steven S/ID-Tech-Group-Project/Group_Project/Saved/TEST150CA88942863E51BF7E5CA8E964F93A.tmp' to '../../../../../../Users/iD Student/Desktop/Steven S/ID-Tech-Group-Project/Group_Project/Content/FirstPersonBP/TEST.uasset'
[2018.07.17-20.44.26:570][892]LogSavePackage: Display: Finished SavePackage ../../../../../../Users/iD Student/Desktop/Steven S/ID-Tech-Group-Project/Group_Project/Content/FirstPersonBP/TEST.uasset
[2018.07.17-20.44.30:667][120]LogSlate: FSceneViewport::OnFocusLost() reason 0
[2018.07.17-20.44.34:360][308]LogRenderer: Reallocating scene render targets to support 1144x708 Format 10 NumSamples 1 (Frame:887).
[2018.07.17-20.44.34:544][319]LogSlate: Window 'TEST' being destroyed
[2018.07.17-20.44.35:114][353]LogSlate: FSceneViewport::OnFocusLost() reason 0
[2018.07.17-20.44.36:784][451]LogTemp: Repeating last play command: Selected Viewport
[2018.07.17-20.44.36:817][451]LogBlueprintUserMessages: Early PlayInEditor Detection: Level '/Game/FirstPersonBP/Maps/FirstPersonExampleMap.FirstPersonExampleMap:PersistentLevel' has LevelScriptBlueprint '/Game/FirstPersonBP/Maps/FirstPersonExampleMap.FirstPersonExampleMap:PersistentLevel.FirstPersonExampleMap' with GeneratedClass '/Game/FirstPersonBP/Maps/FirstPersonExampleMap.FirstPersonExampleMap_C' with ClassGeneratedBy '/Game/FirstPersonBP/Maps/FirstPersonExampleMap.FirstPersonExampleMap:PersistentLevel.FirstPersonExampleMap'
[2018.07.17-20.44.36:817][451]LogPlayLevel: PlayLevel: No blueprints needed recompiling
[2018.07.17-20.44.36:817][451]PIE: New page: PIE session: FirstPersonExampleMap (Jul 17, 2018, 10:44:36 AM)
[2018.07.17-20.44.36:817][451]LogPlayLevel: Creating play world package: /Game/FirstPersonBP/Maps/UEDPIE_0_FirstPersonExampleMap
[2018.07.17-20.44.36:838][451]LogPlayLevel: PIE: StaticDuplicateObject took: (0.019898s)
[2018.07.17-20.44.36:839][451]LogAIModule: Creating AISystem for world FirstPersonExampleMap
[2018.07.17-20.44.36:839][451]LogPlayLevel: PIE: World Init took: (0.001104s)
[2018.07.17-20.44.36:839][451]LogPlayLevel: PIE: Created PIE world by copying editor world from /Game/FirstPersonBP/Maps/FirstPersonExampleMap.FirstPersonExampleMap to /Game/FirstPersonBP/Maps/UEDPIE_0_FirstPersonExampleMap.FirstPersonExampleMap (0.021248s)
[2018.07.17-20.44.36:856][451]LogInit: XAudio2 using 'Speakers (USB Audio Device)' : 2 channels at 48 kHz using 16 bits per sample (channel mask 0x3)
[2018.07.17-20.44.36:863][451]LogInit: FAudioDevice initialized.
[2018.07.17-20.44.36:896][451]LogLoad: Game class is 'FirstPersonGameMode_C'
[2018.07.17-20.44.36:898][451]LogWorld: Bringing World /Game/FirstPersonBP/Maps/UEDPIE_0_FirstPersonExampleMap.FirstPersonExampleMap up for play (max tick rate 60) at 2018.07.17-15.44.36
[2018.07.17-20.44.36:899][451]LogWorld: Bringing up level for play took: 0.002182
[2018.07.17-20.44.36:900][451]PIE: Play in editor start time for /Game/FirstPersonBP/Maps/UEDPIE_0_FirstPersonExampleMap -0.087
[2018.07.17-20.44.36:900][451]LogBlueprintUserMessages: Late PlayInEditor Detection: Level '/Game/FirstPersonBP/Maps/FirstPersonExampleMap.FirstPersonExampleMap:PersistentLevel' has LevelScriptBlueprint '/Game/FirstPersonBP/Maps/FirstPersonExampleMap.FirstPersonExampleMap:PersistentLevel.FirstPersonExampleMap' with GeneratedClass '/Game/FirstPersonBP/Maps/FirstPersonExampleMap.FirstPersonExampleMap_C' with ClassGeneratedBy '/Game/FirstPersonBP/Maps/FirstPersonExampleMap.FirstPersonExampleMap:PersistentLevel.FirstPersonExampleMap'
[2018.07.17-20.44.43:198][826]LogBlueprintUserMessages: Early EndPlayMap Detection: Level '/Game/FirstPersonBP/Maps/FirstPersonExampleMap.FirstPersonExampleMap:PersistentLevel' has LevelScriptBlueprint '/Game/FirstPersonBP/Maps/FirstPersonExampleMap.FirstPersonExampleMap:PersistentLevel.FirstPersonExampleMap' with GeneratedClass '/Game/FirstPersonBP/Maps/FirstPersonExampleMap.FirstPersonExampleMap_C' with ClassGeneratedBy '/Game/FirstPersonBP/Maps/FirstPersonExampleMap.FirstPersonExampleMap:PersistentLevel.FirstPersonExampleMap'
[2018.07.17-20.44.43:238][826]LogBlueprintUserMessages: Late EndPlayMap Detection: Level '/Game/FirstPersonBP/Maps/FirstPersonExampleMap.FirstPersonExampleMap:PersistentLevel' has LevelScriptBlueprint '/Game/FirstPersonBP/Maps/FirstPersonExampleMap.FirstPersonExampleMap:PersistentLevel.FirstPersonExampleMap' with GeneratedClass '/Game/FirstPersonBP/Maps/FirstPersonExampleMap.FirstPersonExampleMap_C' with ClassGeneratedBy '/Game/FirstPersonBP/Maps/FirstPersonExampleMap.FirstPersonExampleMap:PersistentLevel.FirstPersonExampleMap'
[2018.07.17-20.45.01:187][887]LogSlate: FSceneViewport::OnFocusLost() reason 0
[2018.07.17-20.45.01:453][893]LogSavePackage: Save=108.17ms
[2018.07.17-20.45.01:453][893]LogSavePackage: Moving '../../../../../../Users/iD Student/Desktop/Steven S/ID-Tech-Group-Project/Group_Project/Saved/FirstPersonExampleMap7D1DF62C4EC4C146F50F31BB917877C6.tmp' to '../../../../../../Users/iD Student/Desktop/Steven S/ID-Tech-Group-Project/Group_Project/Content/FirstPersonBP/Maps/FirstPersonExampleMap.umap'
[2018.07.17-20.45.01:458][893]LogSavePackage: Display: Finished SavePackage ../../../../../../Users/iD Student/Desktop/Steven S/ID-Tech-Group-Project/Group_Project/Content/FirstPersonBP/Maps/FirstPersonExampleMap.umap
[2018.07.17-20.45.02:918][893]LogSavePackage: Save=1362.20ms
[2018.07.17-20.45.02:918][893]LogSavePackage: Moving '../../../../../../Users/iD Student/Desktop/Steven S/ID-Tech-Group-Project/Group_Project/Saved/FirstPersonExampleMap_BuiltDataC80F368540777E616047E48AB090D524.tmp' to '../../../../../../Users/iD Student/Desktop/Steven S/ID-Tech-Group-Project/Group_Project/Content/FirstPersonBP/Maps/FirstPersonExampleMap_BuiltData.uasset'
[2018.07.17-20.45.02:921][893]LogSavePackage: Display: Finished SavePackage ../../../../../../Users/iD Student/Desktop/Steven S/ID-Tech-Group-Project/Group_Project/Content/FirstPersonBP/Maps/FirstPersonExampleMap_BuiltData.uasset
[2018.07.17-20.45.06:489][ 93]LogSlate: FSceneViewport::OnFocusLost() reason 0
[2018.07.17-20.45.10:065][101]LogSlate: Window 'Save Content' being destroyed
[2018.07.17-20.45.10:077][101]LogSlate: FSceneViewport::OnFocusLost() reason 2
[2018.07.17-20.45.10:132][101]Cmd: OBJ SAVEPACKAGE PACKAGE="/Game/FirstPersonBP/lambert2" FILE="../../../../../../Users/iD Student/Desktop/Steven S/ID-Tech-Group-Project/Group_Project/Content/FirstPersonBP/lambert2.uasset" SILENT=true
[2018.07.17-20.45.10:156][101]LogSavePackage: Save=19.60ms
[2018.07.17-20.45.10:156][101]LogSavePackage: Moving '../../../../../../Users/iD Student/Desktop/Steven S/ID-Tech-Group-Project/Group_Project/Saved/lambert2E14D13D14740165CA9EAC5851DE2A1FD.tmp' to '../../../../../../Users/iD Student/Desktop/Steven S/ID-Tech-Group-Project/Group_Project/Content/FirstPersonBP/lambert2.uasset'
[2018.07.17-20.45.10:160][101]LogSavePackage: Display: Finished SavePackage ../../../../../../Users/iD Student/Desktop/Steven S/ID-Tech-Group-Project/Group_Project/Content/FirstPersonBP/lambert2.uasset
[2018.07.17-20.45.10:206][101]Cmd: OBJ SAVEPACKAGE PACKAGE="/Game/FirstPersonBP/lambert3" FILE="../../../../../../Users/iD Student/Desktop/Steven S/ID-Tech-Group-Project/Group_Project/Content/FirstPersonBP/lambert3.uasset" SILENT=true
[2018.07.17-20.45.10:224][101]LogSavePackage: Save=15.73ms
[2018.07.17-20.45.10:224][101]LogSavePackage: Moving '../../../../../../Users/iD Student/Desktop/Steven S/ID-Tech-Group-Project/Group_Project/Saved/lambert36C87773A4A368E64C27C4FA158A364F3.tmp' to '../../../../../../Users/iD Student/Desktop/Steven S/ID-Tech-Group-Project/Group_Project/Content/FirstPersonBP/lambert3.uasset'
[2018.07.17-20.45.10:228][101]LogSavePackage: Display: Finished SavePackage ../../../../../../Users/iD Student/Desktop/Steven S/ID-Tech-Group-Project/Group_Project/Content/FirstPersonBP/lambert3.uasset
[2018.07.17-20.45.10:466][101]LogSlate: Window 'Group_Project - Unreal Editor' being destroyed
[2018.07.17-20.45.10:466][101]LogWindowsTextInputMethodSystem: Display: IME system now deactivated.
[2018.07.17-20.45.10:707][102]Cmd: QUIT_EDITOR
[2018.07.17-20.45.11:214][102]LogSlate: Slate User Destroyed.  User Index 0, Is Virtual User: 0
[2018.07.17-20.45.11:214][102]LogExit: Preparing to exit.
[2018.07.17-20.45.11:476][102]LogDirectoryWatcher: A directory notification for 'C:/Users/iD Student/Desktop/Steven S/ID-Tech-Group-Project/Group_Project/Content/' was aborted.
[2018.07.17-20.45.11:496][102]LogExit: Editor shut down
[2018.07.17-20.45.11:500][102]LogExit: Transaction tracking system shut down
[2018.07.17-20.45.11:658][102]LogDirectoryWatcher: A directory notification for '../../../Engine/Content/' was aborted.
[2018.07.17-20.45.11:658][102]LogDirectoryWatcher: A directory notification for '../../../../../../Users/iD Student/Desktop/Steven S/ID-Tech-Group-Project/Group_Project/Content/' was aborted.
[2018.07.17-20.45.11:658][102]LogDirectoryWatcher: A directory notification for '../../Plugins/2D/Paper2D/Content/' was aborted.
[2018.07.17-20.45.11:658][102]LogDirectoryWatcher: A directory notification for '../../Plugins/Enterprise/DatasmithContent/Content/' was aborted.
[2018.07.17-20.45.11:658][102]LogDirectoryWatcher: A directory notification for '../../Plugins/Media/MediaCompositing/Content/' was aborted.
[2018.07.17-20.45.11:658][102]LogDirectoryWatcher: A directory notification for '../../Plugins/Runtime/AppleARKit/Content/' was aborted.
[2018.07.17-20.45.11:659][102]LogDirectoryWatcher: A directory notification for '../../Plugins/Runtime/Oculus/OculusVR/Content/' was aborted.
[2018.07.17-20.45.11:659][102]LogDirectoryWatcher: A directory notification for '../../Plugins/Runtime/Steam/SteamVR/Content/' was aborted.
[2018.07.17-20.45.11:760][102]LogExit: Object subsystem successfully closed.
[2018.07.17-20.45.11:778][102]LogShaderCompilers: Display: Shaders left to compile 0
[2018.07.17-20.45.11:782][102]LogD3D11RHI: Shutdown
[2018.07.17-20.45.11:782][102]LogD3D11RHI: CleanupD3DDevice
[2018.07.17-20.45.11:785][102]LogD3D11RHI: ~FD3D11DynamicRHI
[2018.07.17-20.45.11:805][102]LogModuleManager: Shutting down and abandoning module StaticMeshEditor (578)
[2018.07.17-20.45.11:805][102]LogModuleManager: Shutting down and abandoning module MovieSceneCapture (576)
[2018.07.17-20.45.11:805][102]LogModuleManager: Shutting down and abandoning module HierarchicalLODOutliner (574)
[2018.07.17-20.45.11:805][102]LogModuleManager: Shutting down and abandoning module SceneOutliner (572)
[2018.07.17-20.45.11:805][102]LogModuleManager: Shutting down and abandoning module AddContentDialog (570)
[2018.07.17-20.45.11:805][102]LogDirectoryWatcher: A directory notification for 'C:/Program Files/Epic Games/UE_4.19/FeaturePacks/' was aborted.
[2018.07.17-20.45.11:831][102]LogModuleManager: Shutting down and abandoning module WidgetCarousel (569)
[2018.07.17-20.45.11:832][102]LogModuleManager: Shutting down and abandoning module EditorWidgets (566)
[2018.07.17-20.45.11:832][102]LogModuleManager: Shutting down and abandoning module CollectionManager (564)
[2018.07.17-20.45.11:832][102]LogDirectoryWatcher: A directory notification for 'C:/Users/iD Student/Desktop/Steven S/ID-Tech-Group-Project/Group_Project/Content/Collections/' was aborted.
[2018.07.17-20.45.11:833][102]LogDirectoryWatcher: A directory notification for 'C:/Users/iD Student/Desktop/Steven S/ID-Tech-Group-Project/Group_Project/Content/Developers/iDStudent/Collections/' was aborted.
[2018.07.17-20.45.11:833][102]LogDirectoryWatcher: A directory notification for 'C:/Users/iD Student/Desktop/Steven S/ID-Tech-Group-Project/Group_Project/Saved/Collections/' was aborted.
[2018.07.17-20.45.11:833][102]LogModuleManager: Shutting down and abandoning module StatsViewer (562)
[2018.07.17-20.45.11:834][102]LogModuleManager: Shutting down and abandoning module FoliageEdit (560)
[2018.07.17-20.45.11:834][102]LogModuleManager: Shutting down and abandoning module LandscapeEditor (558)
[2018.07.17-20.45.11:834][102]LogModuleManager: Shutting down and abandoning module MeshPaintMode (556)
[2018.07.17-20.45.11:835][102]LogModuleManager: Shutting down and abandoning module SceneDepthPickerMode (554)
[2018.07.17-20.45.11:835][102]LogModuleManager: Shutting down and abandoning module ActorPickerMode (552)
[2018.07.17-20.45.11:835][102]LogModuleManager: Shutting down and abandoning module GeometryMode (550)
[2018.07.17-20.45.11:835][102]LogModuleManager: Shutting down and abandoning module TextureAlignMode (548)
[2018.07.17-20.45.11:835][102]LogModuleManager: Shutting down and abandoning module BspMode (546)
[2018.07.17-20.45.11:835][102]LogModuleManager: Shutting down and abandoning module PIEPreviewDeviceProfileSelector (544)
[2018.07.17-20.45.11:835][102]LogModuleManager: Shutting down and abandoning module HardwareSurvey (542)
[2018.07.17-20.45.11:835][102]LogModuleManager: Shutting down and abandoning module SequenceRecorderSections (540)
[2018.07.17-20.45.11:836][102]LogModuleManager: Shutting down and abandoning module AutomationWorker (538)
[2018.07.17-20.45.11:836][102]LogModuleManager: Shutting down and abandoning module AudioCaptureEditor (536)
[2018.07.17-20.45.11:836][102]LogModuleManager: Shutting down and abandoning module SequenceRecorder (535)
[2018.07.17-20.45.11:836][102]LogModuleManager: Shutting down and abandoning module MatineeToLevelSequence (532)
[2018.07.17-20.45.11:836][102]LogModuleManager: Shutting down and abandoning module LevelSequenceEditor (530)
[2018.07.17-20.45.11:837][102]LogModuleManager: Shutting down and abandoning module PlacementMode (529)
[2018.07.17-20.45.11:837][102]LogModuleManager: Shutting down and abandoning module MaterialEditor (528)
[2018.07.17-20.45.11:838][102]LogModuleManager: Shutting down and abandoning module WmfMediaFactory (524)
[2018.07.17-20.45.11:838][102]LogModuleManager: Shutting down and abandoning module WmfMediaEditor (522)
[2018.07.17-20.45.11:838][102]LogModuleManager: Shutting down and abandoning module MediaPlayerEditor (520)
[2018.07.17-20.45.11:838][102]LogModuleManager: Shutting down and abandoning module OpenExrWrapper (518)
[2018.07.17-20.45.11:838][102]LogModuleManager: Shutting down and abandoning module ImgMediaFactory (516)
[2018.07.17-20.45.11:839][102]LogModuleManager: Shutting down and abandoning module ImgMediaEditor (514)
[2018.07.17-20.45.11:839][102]LogModuleManager: Shutting down and abandoning module AvfMediaFactory (512)
[2018.07.17-20.45.11:839][102]LogModuleManager: Shutting down and abandoning module AvfMediaEditor (510)
[2018.07.17-20.45.11:839][102]LogModuleManager: Shutting down and abandoning module AndroidMediaFactory (508)
[2018.07.17-20.45.11:839][102]LogModuleManager: Shutting down and abandoning module AndroidMediaEditor (506)
[2018.07.17-20.45.11:839][102]LogModuleManager: Shutting down and abandoning module CharacterAI (504)
[2018.07.17-20.45.11:839][102]LogModuleManager: Shutting down and abandoning module SmartSnapping (502)
[2018.07.17-20.45.11:839][102]LogModuleManager: Shutting down and abandoning module SessionServices (500)
[2018.07.17-20.45.11:839][102]LogModuleManager: Shutting down and abandoning module ViewportSnapping (498)
[2018.07.17-20.45.11:839][102]LogModuleManager: Shutting down and abandoning module ViewportInteraction (496)
[2018.07.17-20.45.11:839][102]LogModuleManager: Shutting down and abandoning module ClothPainter (494)
[2018.07.17-20.45.11:839][102]LogModuleManager: Shutting down and abandoning module SkeletalMeshEditor (493)
[2018.07.17-20.45.11:839][102]LogModuleManager: Shutting down and abandoning module LogVisualizer (490)
[2018.07.17-20.45.11:839][102]LogModuleManager: Shutting down and abandoning module IntroTutorials (488)
[2018.07.17-20.45.11:839][102]LogModuleManager: Shutting down and abandoning module GameProjectGeneration (487)
[2018.07.17-20.45.11:840][102]LogModuleManager: Shutting down and abandoning module IOSPlatformEditor (484)
[2018.07.17-20.45.11:840][102]LogModuleManager: Shutting down and abandoning module HTML5PlatformEditor (482)
[2018.07.17-20.45.11:840][102]LogModuleManager: Shutting down and abandoning module AndroidPlatformEditor (480)
[2018.07.17-20.45.11:840][102]LogModuleManager: Shutting down and abandoning module AndroidDeviceDetection (479)
[2018.07.17-20.45.12:133][102]LogModuleManager: Shutting down and abandoning module WindowsPlatformEditor (476)
[2018.07.17-20.45.12:133][102]LogModuleManager: Shutting down and abandoning module IOSRuntimeSettings (474)
[2018.07.17-20.45.12:133][102]LogModuleManager: Shutting down and abandoning module AndroidRuntimeSettings (472)
[2018.07.17-20.45.12:133][102]LogModuleManager: Shutting down and abandoning module InputBindingEditor (470)
[2018.07.17-20.45.12:133][102]LogModuleManager: Shutting down and abandoning module MergeActors (468)
[2018.07.17-20.45.12:133][102]LogModuleManager: Shutting down and abandoning module LocalizationDashboard (466)
[2018.07.17-20.45.12:133][102]LogModuleManager: Shutting down and abandoning module LocalizationService (465)
[2018.07.17-20.45.12:133][102]LogModuleManager: Shutting down and abandoning module HardwareTargeting (462)
[2018.07.17-20.45.12:134][102]LogModuleManager: Shutting down and abandoning module DeviceProfileEditor (460)
[2018.07.17-20.45.12:134][102]LogModuleManager: Shutting down and abandoning module UndoHistory (458)
[2018.07.17-20.45.12:134][102]LogModuleManager: Shutting down and abandoning module XmlParser (456)
[2018.07.17-20.45.12:134][102]LogModuleManager: Shutting down and abandoning module Blutility (454)
[2018.07.17-20.45.12:134][102]LogModuleManager: Shutting down and abandoning module ProjectSettingsViewer (452)
[2018.07.17-20.45.12:134][102]LogModuleManager: Shutting down and abandoning module ProjectTargetPlatformEditor (451)
[2018.07.17-20.45.12:134][102]LogModuleManager: Shutting down and abandoning module EditorSettingsViewer (448)
[2018.07.17-20.45.12:134][102]LogModuleManager: Shutting down and abandoning module SettingsEditor (446)
[2018.07.17-20.45.12:134][102]LogModuleManager: Shutting down and abandoning module ProjectLauncher (444)
[2018.07.17-20.45.12:134][102]LogModuleManager: Shutting down and abandoning module SessionFrontend (442)
[2018.07.17-20.45.12:134][102]LogModuleManager: Shutting down and abandoning module ProfilerClient (440)
[2018.07.17-20.45.12:134][102]LogModuleManager: Shutting down and abandoning module DeviceManager (438)
[2018.07.17-20.45.12:134][102]LogModuleManager: Shutting down and abandoning module TargetDeviceServices (437)
[2018.07.17-20.45.12:197][102]LogModuleManager: Shutting down and abandoning module AutomationController (434)
[2018.07.17-20.45.12:197][102]LogModuleManager: Shutting down and abandoning module AutomationWindow (432)
[2018.07.17-20.45.12:197][102]LogModuleManager: Shutting down and abandoning module Layers (430)
[2018.07.17-20.45.12:198][102]LogModuleManager: Shutting down and abandoning module ComponentVisualizers (428)
[2018.07.17-20.45.12:198][102]LogModuleManager: Shutting down and abandoning module DetailCustomizations (426)
[2018.07.17-20.45.12:198][102]LogModuleManager: Shutting down and abandoning module PackagesDialog (424)
[2018.07.17-20.45.12:199][102]LogModuleManager: Shutting down and abandoning module Persona (422)
[2018.07.17-20.45.12:199][102]LogModuleManager: Shutting down and abandoning module AdvancedPreviewScene (421)
[2018.07.17-20.45.12:199][102]LogModuleManager: Shutting down and abandoning module AnimGraph (419)
[2018.07.17-20.45.12:199][102]LogModuleManager: Shutting down and abandoning module Kismet (416)
[2018.07.17-20.45.12:201][102]LogModuleManager: Shutting down and abandoning module GraphEditor (414)
[2018.07.17-20.45.12:201][102]LogModuleManager: Shutting down and abandoning module ClassViewer (412)
[2018.07.17-20.45.12:201][102]LogModuleManager: Shutting down and abandoning module Toolbox (410)
[2018.07.17-20.45.12:201][102]LogModuleManager: Shutting down and abandoning module ModuleUI (408)
[2018.07.17-20.45.12:201][102]LogModuleManager: Shutting down and abandoning module MovieSceneTools (406)
[2018.07.17-20.45.12:202][102]LogModuleManager: Shutting down and abandoning module OutputLog (404)
[2018.07.17-20.45.12:202][102]LogModuleManager: Shutting down and abandoning module GammaUI (402)
[2018.07.17-20.45.12:202][102]LogModuleManager: Shutting down and abandoning module Documentation (400)
[2018.07.17-20.45.12:202][102]LogModuleManager: Shutting down and abandoning module MovieSceneTracks (398)
[2018.07.17-20.45.12:202][102]LogModuleManager: Shutting down and abandoning module MovieScene (396)
[2018.07.17-20.45.12:202][102]LogModuleManager: Shutting down and abandoning module StreamingPauseRendering (394)
[2018.07.17-20.45.12:202][102]LogModuleManager: Shutting down and abandoning module LauncherPlatform (392)
[2018.07.17-20.45.12:202][102]LogModuleManager: Shutting down and abandoning module AnalyticsET (390)
[2018.07.17-20.45.12:202][102]LogModuleManager: Shutting down and abandoning module PortalServices (388)
[2018.07.17-20.45.12:202][102]LogModuleManager: Shutting down and abandoning module PortalRpc (386)
[2018.07.17-20.45.12:202][102]LogModuleManager: Shutting down and abandoning module MessagingRpc (384)
[2018.07.17-20.45.12:202][102]LogModuleManager: Shutting down and abandoning module AIModule (382)
[2018.07.17-20.45.12:202][102]LogModuleManager: Shutting down and abandoning module GameplayDebugger (381)
[2018.07.17-20.45.12:202][102]LogModuleManager: Shutting down and abandoning module AITestSuite (379)
[2018.07.17-20.45.12:202][102]LogModuleManager: Shutting down and abandoning module DesktopPlatform (376)
[2018.07.17-20.45.12:202][102]LogModuleManager: Shutting down and abandoning module ProfilerService (374)
[2018.07.17-20.45.12:255][102]LogModuleManager: Shutting down and abandoning module TaskGraph (372)
[2018.07.17-20.45.12:255][102]LogModuleManager: Shutting down and abandoning module SteamVRController (370)
[2018.07.17-20.45.12:255][102]LogModuleManager: Shutting down and abandoning module ProceduralMeshComponentEditor (368)
[2018.07.17-20.45.12:255][102]LogModuleManager: Shutting down and abandoning module ProceduralMeshComponent (366)
[2018.07.17-20.45.12:255][102]LogModuleManager: Shutting down and abandoning module OculusInput (364)
[2018.07.17-20.45.12:255][102]LogModuleManager: Shutting down and abandoning module MobilePatchingUtils (362)
[2018.07.17-20.45.12:255][102]LogModuleManager: Shutting down and abandoning module CustomMeshComponent (360)
[2018.07.17-20.45.12:255][102]LogModuleManager: Shutting down and abandoning module CableComponent (358)
[2018.07.17-20.45.12:255][102]LogModuleManager: Shutting down and abandoning module AudioCapture (356)
[2018.07.17-20.45.12:255][102]LogModuleManager: Shutting down and abandoning module ArchVisCharacter (354)
[2018.07.17-20.45.12:255][102]LogModuleManager: Shutting down and abandoning module AndroidPermission (352)
[2018.07.17-20.45.12:255][102]LogModuleManager: Shutting down and abandoning module NUTUnrealEngine4 (348)
[2018.07.17-20.45.12:255][102]LogModuleManager: Shutting down and abandoning module NetcodeUnitTest (346)
[2018.07.17-20.45.12:255][102]LogModuleManager: Shutting down and abandoning module MediaCompositingEditor (344)
[2018.07.17-20.45.12:255][102]LogModuleManager: Shutting down and abandoning module MediaCompositing (342)
[2018.07.17-20.45.12:256][102]LogModuleManager: Shutting down and abandoning module LinearTimecode (340)
[2018.07.17-20.45.12:256][102]LogModuleManager: Shutting down and abandoning module ImgMedia (338)
[2018.07.17-20.45.12:264][102]LogModuleManager: Shutting down and abandoning module HTML5Networking (336)
[2018.07.17-20.45.12:264][102]LogModuleManager: Shutting down and abandoning module AlembicImporter (334)
[2018.07.17-20.45.12:264][102]LogModuleManager: Shutting down and abandoning module AlembicLibrary (333)
[2018.07.17-20.45.12:264][102]LogModuleManager: Shutting down and abandoning module GeometryCache (332)
[2018.07.17-20.45.12:264][102]LogModuleManager: Shutting down and abandoning module GeometryCacheEd (331)
[2018.07.17-20.45.12:264][102]LogModuleManager: Shutting down and abandoning module DatasmithContent (326)
[2018.07.17-20.45.12:264][102]LogModuleManager: Shutting down and abandoning module SpeedTreeImporter (324)
[2018.07.17-20.45.12:264][102]LogModuleManager: Shutting down and abandoning module PluginBrowser (322)
[2018.07.17-20.45.12:265][102]LogModuleManager: Shutting down and abandoning module MobileLauncherProfileWizard (320)
[2018.07.17-20.45.12:265][102]LogModuleManager: Shutting down and abandoning module CryptoKeysOpenSSL (318)
[2018.07.17-20.45.12:265][102]LogModuleManager: Shutting down and abandoning module CryptoKeys (316)
[2018.07.17-20.45.12:265][102]LogModuleManager: Shutting down and abandoning module VisualStudioSourceCodeAccess (314)
[2018.07.17-20.45.12:265][102]LogModuleManager: Shutting down and abandoning module VisualStudioCodeSourceCodeAccess (312)
[2018.07.17-20.45.12:265][102]LogModuleManager: Shutting down and abandoning module UObjectPlugin (310)
[2018.07.17-20.45.12:265][102]LogModuleManager: Shutting down and abandoning module SubversionSourceControl (308)
[2018.07.17-20.45.12:265][102]LogModuleManager: Shutting down and abandoning module PerforceSourceControl (306)
[2018.07.17-20.45.12:265][102]LogModuleManager: Shutting down and abandoning module GitSourceControl (304)
[2018.07.17-20.45.12:265][102]LogModuleManager: Shutting down and abandoning module SourceControl (303)
[2018.07.17-20.45.12:265][102]LogModuleManager: Shutting down and abandoning module CLionSourceCodeAccess (300)
[2018.07.17-20.45.12:265][102]LogModuleManager: Shutting down and abandoning module LightPropagationVolumeEditor (298)
[2018.07.17-20.45.12:266][102]LogModuleManager: Shutting down and abandoning module PaperTiledImporter (296)
[2018.07.17-20.45.12:266][102]LogModuleManager: Shutting down and abandoning module PaperSpriteSheetImporter (294)
[2018.07.17-20.45.12:266][102]LogModuleManager: Shutting down and abandoning module Paper2DEditor (292)
[2018.07.17-20.45.12:266][102]LogModuleManager: Shutting down and abandoning module MeshPaint (291)
[2018.07.17-20.45.12:266][102]LogModuleManager: Shutting down and abandoning module RuntimePhysXCooking (288)
[2018.07.17-20.45.12:266][102]LogModuleManager: Shutting down and abandoning module PhysXVehiclesEditor (286)
[2018.07.17-20.45.12:266][102]LogModuleManager: Shutting down and abandoning module PhysXVehicles (284)
[2018.07.17-20.45.12:266][102]LogModuleManager: Shutting down and abandoning module OculusEditor (282)
[2018.07.17-20.45.12:266][102]LogModuleManager: Shutting down and abandoning module LocationServicesBPLibrary (280)
[2018.07.17-20.45.12:266][102]LogModuleManager: Shutting down and abandoning module ImmediatePhysicsEditor (278)
[2018.07.17-20.45.12:266][102]LogModuleManager: Shutting down and abandoning module ImmediatePhysics (276)
[2018.07.17-20.45.12:266][102]LogModuleManager: Shutting down and abandoning module ActorSequence (274)
[2018.07.17-20.45.12:266][102]LogModuleManager: Shutting down and abandoning module UdpMessaging (272)
[2018.07.17-20.45.12:367][102]LogModuleManager: Shutting down and abandoning module TcpMessaging (270)
[2018.07.17-20.45.12:468][102]LogModuleManager: Shutting down and abandoning module GameplayTagsEditor (268)
[2018.07.17-20.45.12:468][102]LogModuleManager: Shutting down and abandoning module FacialAnimationEditor (266)
[2018.07.17-20.45.12:468][102]LogModuleManager: Shutting down and abandoning module FacialAnimation (264)
[2018.07.17-20.45.12:468][102]LogModuleManager: Shutting down and abandoning module DataValidation (262)
[2018.07.17-20.45.12:469][102]LogModuleManager: Shutting down and abandoning module AssetManagerEditor (260)
[2018.07.17-20.45.12:469][102]LogModuleManager: Shutting down and abandoning module LevelEditor (259)
[2018.07.17-20.45.12:471][102]LogModuleManager: Shutting down and abandoning module PixelInspectorModule (258)
[2018.07.17-20.45.12:471][102]LogModuleManager: Shutting down and abandoning module CommonMenuExtensions (256)
[2018.07.17-20.45.12:471][102]LogModuleManager: Shutting down and abandoning module MainFrame (254)
[2018.07.17-20.45.12:472][102]LogModuleManager: Shutting down and abandoning module HotReload (253)
[2018.07.17-20.45.12:473][102]LogModuleManager: Shutting down and abandoning module ContentBrowser (249)
[2018.07.17-20.45.12:475][102]LogModuleManager: Shutting down and abandoning module TreeMap (247)
[2018.07.17-20.45.12:475][102]LogModuleManager: Shutting down and abandoning module LightPropagationVolumeRuntime (244)
[2018.07.17-20.45.12:475][102]LogModuleManager: Shutting down and abandoning module LiveLinkEditor (242)
[2018.07.17-20.45.12:476][102]LogModuleManager: Shutting down and abandoning module LiveLink (240)
[2018.07.17-20.45.13:095][102]LogModuleManager: Shutting down and abandoning module Paper2D (238)
[2018.07.17-20.45.13:095][102]LogModuleManager: Shutting down and abandoning module WindowsMoviePlayer (236)
[2018.07.17-20.45.13:095][102]LogModuleManager: Shutting down and abandoning module WmfMedia (234)
[2018.07.17-20.45.13:098][102]LogModuleManager: Shutting down and abandoning module Media (233)
[2018.07.17-20.45.13:106][102]LogModuleManager: Shutting down and abandoning module PacketHandler (230)
[2018.07.17-20.45.13:106][102]LogModuleManager: Shutting down and abandoning module ClothingSystemEditor (228)
[2018.07.17-20.45.13:106][102]LogModuleManager: Shutting down and abandoning module ClothingSystemRuntime (226)
[2018.07.17-20.45.13:106][102]LogModuleManager: Shutting down and abandoning module MediaAssets (224)
[2018.07.17-20.45.13:106][102]LogModuleManager: Shutting down and abandoning module Overlay (222)
[2018.07.17-20.45.13:106][102]LogModuleManager: Shutting down and abandoning module OverlayEditor (221)
[2018.07.17-20.45.13:106][102]LogModuleManager: Shutting down and abandoning module VREditor (218)
[2018.07.17-20.45.13:106][102]LogModuleManager: Shutting down and abandoning module StringTableEditor (216)
[2018.07.17-20.45.13:106][102]LogModuleManager: Shutting down and abandoning module GameplayTasksEditor (214)
[2018.07.17-20.45.13:106][102]LogModuleManager: Shutting down and abandoning module BehaviorTreeEditor (212)
[2018.07.17-20.45.13:106][102]LogModuleManager: Shutting down and abandoning module FunctionalTesting (210)
[2018.07.17-20.45.13:106][102]LogModuleManager: Shutting down and abandoning module CollisionAnalyzer (208)
[2018.07.17-20.45.13:107][102]LogModuleManager: Shutting down and abandoning module WorkspaceMenuStructure (207)
[2018.07.17-20.45.13:107][102]LogModuleManager: Shutting down and abandoning module UMG (204)
[2018.07.17-20.45.13:107][102]LogModuleManager: Shutting down and abandoning module UMGEditor (203)
[2018.07.17-20.45.13:107][102]LogModuleManager: Shutting down and abandoning module Sequencer (202)
[2018.07.17-20.45.13:107][102]LogModuleManager: Shutting down and abandoning module MessageLog (199)
[2018.07.17-20.45.13:107][102]LogModuleManager: Shutting down and abandoning module SlateReflector (194)
[2018.07.17-20.45.13:107][102]LogModuleManager: Shutting down and abandoning module Slate (192)
[2018.07.17-20.45.13:107][102]LogModuleManager: Shutting down and abandoning module EditorStyle (190)
[2018.07.17-20.45.13:112][102]LogModuleManager: Shutting down and abandoning module MRMesh (188)
[2018.07.17-20.45.13:112][102]LogModuleManager: Shutting down and abandoning module SourceCodeAccess (186)
[2018.07.17-20.45.13:112][102]LogModuleManager: Shutting down and abandoning module HeadMountedDisplay (184)
[2018.07.17-20.45.13:112][102]LogModuleManager: Shutting down and abandoning module XAudio2 (182)
[2018.07.17-20.45.13:112][102]LogModuleManager: Shutting down and abandoning module Networking (180)
[2018.07.17-20.45.13:113][102]LogModuleManager: Shutting down and abandoning module Core (178)
[2018.07.17-20.45.13:113][102]LogModuleManager: Shutting down and abandoning module LevelSequence (176)
[2018.07.17-20.45.13:113][102]LogModuleManager: Shutting down and abandoning module KismetCompiler (174)
[2018.07.17-20.45.13:113][102]LogModuleManager: Shutting down and abandoning module MeshUtilities (172)
[2018.07.17-20.45.13:113][102]LogModuleManager: Shutting down and abandoning module MeshMergeUtilities (171)
[2018.07.17-20.45.13:113][102]LogModuleManager: Shutting down and abandoning module MeshReductionInterface (170)
[2018.07.17-20.45.13:113][102]LogModuleManager: Shutting down and abandoning module SimplygonSwarm (169)
[2018.07.17-20.45.13:113][102]LogModuleManager: Shutting down and abandoning module SimplygonMeshReduction (167)
[2018.07.17-20.45.13:113][102]LogModuleManager: Shutting down and abandoning module QuadricMeshReduction (165)
[2018.07.17-20.45.13:113][102]LogModuleManager: Shutting down and abandoning module MaterialBaking (161)
[2018.07.17-20.45.13:113][102]LogModuleManager: Shutting down and abandoning module DirectoryWatcher (157)
[2018.07.17-20.45.13:115][102]LogModuleManager: Shutting down and abandoning module DerivedDataCache (154)
[2018.07.17-20.45.13:117][102]LogDerivedDataCache: Shutdown
[2018.07.17-20.45.13:117][102]LogModuleManager: Shutting down and abandoning module XGEController (152)
[2018.07.17-20.45.13:117][102]LogXGEController: Cleaning working directory: C:/Users/iD Student/AppData/Local/Temp/UnrealXGEWorkingDir/
[2018.07.17-20.45.13:118][102]LogModuleManager: Shutting down and abandoning module TargetPlatform (150)
[2018.07.17-20.45.13:118][102]LogModuleManager: Shutting down and abandoning module VulkanShaderFormat (149)
[2018.07.17-20.45.13:118][102]LogModuleManager: Shutting down and abandoning module ShaderFormatVectorVM (147)
[2018.07.17-20.45.13:118][102]LogModuleManager: Shutting down and abandoning module ShaderFormatOpenGL (145)
[2018.07.17-20.45.13:118][102]LogModuleManager: Shutting down and abandoning module ShaderFormatD3D (143)
[2018.07.17-20.45.13:118][102]LogModuleManager: Shutting down and abandoning module MetalShaderFormat (141)
[2018.07.17-20.45.13:118][102]LogModuleManager: Shutting down and abandoning module TextureFormatUncompressed (139)
[2018.07.17-20.45.13:118][102]LogModuleManager: Shutting down and abandoning module TextureFormatPVR (137)
[2018.07.17-20.45.13:118][102]LogModuleManager: Shutting down and abandoning module TextureFormatDXT (135)
[2018.07.17-20.45.13:118][102]LogModuleManager: Shutting down and abandoning module TextureFormatIntelISPCTexComp (133)
[2018.07.17-20.45.13:119][102]LogModuleManager: Shutting down and abandoning module TextureFormatASTC (131)
[2018.07.17-20.45.13:119][102]LogModuleManager: Shutting down and abandoning module ImageWrapper (130)
[2018.07.17-20.45.13:119][102]LogModuleManager: Shutting down and abandoning module TextureFormatAndroid (127)
[2018.07.17-20.45.13:119][102]LogModuleManager: Shutting down and abandoning module AudioFormatOpus (125)
[2018.07.17-20.45.13:119][102]LogModuleManager: Shutting down and abandoning module AudioFormatOgg (123)
[2018.07.17-20.45.13:119][102]LogModuleManager: Shutting down and abandoning module AudioFormatADPCM (121)
[2018.07.17-20.45.13:119][102]LogModuleManager: Shutting down and abandoning module LinuxTargetPlatform (119)
[2018.07.17-20.45.13:119][102]LogModuleManager: Shutting down and abandoning module LinuxServerTargetPlatform (117)
[2018.07.17-20.45.13:119][102]LogModuleManager: Shutting down and abandoning module LinuxNoEditorTargetPlatform (115)
[2018.07.17-20.45.13:119][102]LogModuleManager: Shutting down and abandoning module LinuxClientTargetPlatform (113)
[2018.07.17-20.45.13:119][102]LogModuleManager: Shutting down and abandoning module TVOSTargetPlatform (111)
[2018.07.17-20.45.13:119][102]LogModuleManager: Shutting down and abandoning module Messaging (109)
[2018.07.17-20.45.13:119][102]LogModuleManager: Shutting down and abandoning module IOSTargetPlatform (107)
[2018.07.17-20.45.13:119][102]LogModuleManager: Shutting down and abandoning module HTML5TargetPlatform (105)
[2018.07.17-20.45.13:119][102]LogModuleManager: Shutting down and abandoning module AndroidTargetPlatform (103)
[2018.07.17-20.45.13:120][102]LogModuleManager: Shutting down and abandoning module Android_PVRTCTargetPlatform (101)
[2018.07.17-20.45.13:120][102]LogModuleManager: Shutting down and abandoning module Android_MultiTargetPlatform (99)
[2018.07.17-20.45.13:120][102]LogModuleManager: Shutting down and abandoning module Android_ETC2TargetPlatform (97)
[2018.07.17-20.45.13:120][102]LogModuleManager: Shutting down and abandoning module Android_ETC1TargetPlatform (95)
[2018.07.17-20.45.13:120][102]LogModuleManager: Shutting down and abandoning module Android_ETC1aTargetPlatform (93)
[2018.07.17-20.45.13:120][102]LogModuleManager: Shutting down and abandoning module Android_DXTTargetPlatform (91)
[2018.07.17-20.45.13:120][102]LogModuleManager: Shutting down and abandoning module Android_ATCTargetPlatform (89)
[2018.07.17-20.45.13:120][102]LogModuleManager: Shutting down and abandoning module Android_ASTCTargetPlatform (87)
[2018.07.17-20.45.13:120][102]LogModuleManager: Shutting down and abandoning module WindowsTargetPlatform (85)
[2018.07.17-20.45.13:120][102]LogModuleManager: Shutting down and abandoning module WindowsServerTargetPlatform (83)
[2018.07.17-20.45.13:120][102]LogModuleManager: Shutting down and abandoning module WindowsNoEditorTargetPlatform (81)
[2018.07.17-20.45.13:120][102]LogModuleManager: Shutting down and abandoning module WindowsClientTargetPlatform (79)
[2018.07.17-20.45.13:120][102]LogModuleManager: Shutting down and abandoning module MacTargetPlatform (77)
[2018.07.17-20.45.13:121][102]LogModuleManager: Shutting down and abandoning module MacServerTargetPlatform (75)
[2018.07.17-20.45.13:121][102]LogModuleManager: Shutting down and abandoning module MacNoEditorTargetPlatform (73)
[2018.07.17-20.45.13:121][102]LogModuleManager: Shutting down and abandoning module MacClientTargetPlatform (71)
[2018.07.17-20.45.13:121][102]LogModuleManager: Shutting down and abandoning module AllDesktopTargetPlatform (69)
[2018.07.17-20.45.13:121][102]LogModuleManager: Shutting down and abandoning module InputCore (66)
[2018.07.17-20.45.13:121][102]LogModuleManager: Shutting down and abandoning module Settings (64)
[2018.07.17-20.45.13:121][102]LogModuleManager: Shutting down and abandoning module PhysXCooking (62)
[2018.07.17-20.45.13:121][102]LogModuleManager: Shutting down and abandoning module SteamVR (60)
[2018.07.17-20.45.13:121][102]LogModuleManager: Shutting down and abandoning module OculusHMD (58)
[2018.07.17-20.45.13:121][102]LogModuleManager: Shutting down and abandoning module ExampleDeviceProfileSelector (56)
[2018.07.17-20.45.13:121][102]LogModuleManager: Shutting down and abandoning module AppleARKit (54)
[2018.07.17-20.45.13:121][102]LogModuleManager: Shutting down and abandoning module AugmentedReality (51)
[2018.07.17-20.45.13:121][102]LogModuleManager: Shutting down and abandoning module OnlineBlueprintSupport (48)
[2018.07.17-20.45.13:121][102]LogModuleManager: Shutting down and abandoning module OnlineSubsystem (44)
[2018.07.17-20.45.13:122][102]LogModuleManager: Shutting down and abandoning module XMPP (43)
[2018.07.17-20.45.13:122][102]LogModuleManager: Shutting down and abandoning module HTTP (41)
[2018.07.17-20.45.13:122][102]LogHttp: Display: Http module shutting down, but needs to wait on 1 outstanding Http requests:
[2018.07.17-20.45.13:122][102]LogHttp: Display: 	verb=[POST] url=[https://datarouter.ol.epicgames.com/datarouter/api/v1/public/data?SessionID=%7B5E41483A-462C-06D9-F6C9-65A290D0665E%7D&AppID=UEEditor.Rocket.Release&AppVersion=4.19.1-3989454%2B%2B%2BUE4%2BRelease-4.19&UserID=2b8560fe495d6d5110e231ad8bbbd15d%7Cfb76fceae5d74c748c320168896a7fe4%7C1d3f1c36-a3f6-4dac-b938-2a082149bab2&AppEnvironment=datacollector-binary&UploadType=eteventstream] status=Processing
[2018.07.17-20.45.13:135][102]LogModuleManager: Shutting down and abandoning module SSL (40)
[2018.07.17-20.45.13:138][102]LogModuleManager: Shutting down and abandoning module AnimationModifiers (36)
[2018.07.17-20.45.13:138][102]LogModuleManager: Shutting down and abandoning module PropertyEditor (35)
[2018.07.17-20.45.13:138][102]LogModuleManager: Shutting down and abandoning module AudioEditor (32)
[2018.07.17-20.45.13:138][102]LogModuleManager: Shutting down and abandoning module TextureCompressor (30)
[2018.07.17-20.45.13:138][102]LogModuleManager: Shutting down and abandoning module ShaderCore (28)
[2018.07.17-20.45.13:139][102]LogModuleManager: Shutting down and abandoning module Landscape (26)
[2018.07.17-20.45.13:139][102]LogModuleManager: Shutting down and abandoning module SlateRHIRenderer (24)
[2018.07.17-20.45.13:140][102]LogModuleManager: Shutting down and abandoning module OpenGLDrv (22)
[2018.07.17-20.45.13:141][102]LogModuleManager: Shutting down and abandoning module D3D11RHI (20)
[2018.07.17-20.45.13:141][102]LogModuleManager: Shutting down and abandoning module AnimGraphRuntime (18)
[2018.07.17-20.45.13:141][102]LogModuleManager: Shutting down and abandoning module Renderer (16)
[2018.07.17-20.45.13:141][102]LogModuleManager: Shutting down and abandoning module Engine (14)
[2018.07.17-20.45.13:141][102]LogModuleManager: Shutting down and abandoning module CoreUObject (12)
[2018.07.17-20.45.13:141][102]LogModuleManager: Shutting down and abandoning module NetworkFile (10)
[2018.07.17-20.45.13:141][102]LogModuleManager: Shutting down and abandoning module CookedIterativeFile (8)
[2018.07.17-20.45.13:141][102]LogModuleManager: Shutting down and abandoning module StreamingFile (6)
[2018.07.17-20.45.13:141][102]LogModuleManager: Shutting down and abandoning module SandboxFile (4)
[2018.07.17-20.45.13:141][102]LogModuleManager: Shutting down and abandoning module PakFile (2)
[2018.07.17-20.45.13:156][102]LogExit: Exiting.
[2018.07.17-20.45.13:182][102]Log file closed, 07/17/18 15:45:13
