Log file open, 07/19/18 09:26:32
LogWindows: Failed to load 'aqProf.dll' (GetLastError=126)
LogWindows: File 'aqProf.dll' does not exist
LogWindows: Failed to load 'VtuneApi.dll' (GetLastError=126)
LogWindows: File 'VtuneApi.dll' does not exist
LogWindows: Failed to load 'VtuneApi32e.dll' (GetLastError=126)
LogWindows: File 'VtuneApi32e.dll' does not exist
LogInit: Display: Running engine for game: Group_Project
LogPlatformFile: Not using cached read wrapper
LogInit: Display: RandInit(-1542377673) SRandInit(-1542377673).
LogInit: Read version file with build ID '3944462'
LogInit: Overriding engine version to CL 3989454, compatible CL 3944462
LogInit: Registered custom module enumerator with build ID '3944462'
LogTaskGraph: Started task graph with 5 named threads and 23 total threads with 3 sets of task threads.
LogStats: Stats thread started at 0.270060
LogD3D11RHI: Aftermath initialized
LogICUInternationalization: Display: ICU TimeZone Detection - Raw Offset: -6:00, Platform Override: ''
LogModuleManager: Display: Found up-to-date module file ../../../Engine/Plugins/Runtime/ApexDestruction/Binaries/Win64/UE4Editor-ApexDestruction.dll (API version 3944462).
LogModuleManager: Display: Found up-to-date module file ../../../Engine/Plugins/Runtime/ApexDestruction/Binaries/Win64/UE4Editor-ApexDestructionEditor.dll (API version 3944462).
LogModuleManager: Display: Found up-to-date module file ../../../Engine/Plugins/2D/Paper2D/Binaries/Win64/UE4Editor-Paper2D.dll (API version 3944462).
LogModuleManager: Display: Found up-to-date module file ../../../Engine/Plugins/2D/Paper2D/Binaries/Win64/UE4Editor-Paper2DEditor.dll (API version 3944462).
LogModuleManager: Display: Found up-to-date module file ../../../Engine/Plugins/2D/Paper2D/Binaries/Win64/UE4Editor-PaperSpriteSheetImporter.dll (API version 3944462).
LogModuleManager: Display: Found up-to-date module file ../../../Engine/Plugins/2D/Paper2D/Binaries/Win64/UE4Editor-PaperTiledImporter.dll (API version 3944462).
LogModuleManager: Display: Found up-to-date module file ../../../Engine/Plugins/2D/Paper2D/Binaries/Win64/UE4Editor-SmartSnapping.dll (API version 3944462).
LogModuleManager: Display: Found up-to-date module file ../../../Engine/Plugins/Blendables/LightPropagationVolume/Binaries/Win64/UE4Editor-LightPropagationVolumeRuntime.dll (API version 3944462).
LogModuleManager: Display: Found up-to-date module file ../../../Engine/Plugins/Blendables/LightPropagationVolume/Binaries/Win64/UE4Editor-LightPropagationVolumeEditor.dll (API version 3944462).
LogModuleManager: Display: Found up-to-date module file ../../../Engine/Plugins/Developer/CLionSourceCodeAccess/Binaries/Win64/UE4Editor-CLionSourceCodeAccess.dll (API version 3944462).
LogModuleManager: Display: Found up-to-date module file ../../../Engine/Plugins/Developer/GitSourceControl/Binaries/Win64/UE4Editor-GitSourceControl.dll (API version 3944462).
LogModuleManager: Display: Found up-to-date module file ../../../Engine/Plugins/Developer/PerforceSourceControl/Binaries/Win64/UE4Editor-PerforceSourceControl.dll (API version 3944462).
LogModuleManager: Display: Found up-to-date module file ../../../Engine/Plugins/Developer/SubversionSourceControl/Binaries/Win64/UE4Editor-SubversionSourceControl.dll (API version 3944462).
LogModuleManager: Display: Found up-to-date module file ../../../Engine/Plugins/Developer/UObjectPlugin/Binaries/Win64/UE4Editor-UObjectPlugin.dll (API version 3944462).
LogModuleManager: Display: Found up-to-date module file ../../../Engine/Plugins/Developer/VisualStudioCodeSourceCodeAccess/Binaries/Win64/UE4Editor-VisualStudioCodeSourceCodeAccess.dll (API version 3944462).
LogModuleManager: Display: Found up-to-date module file ../../../Engine/Plugins/Developer/VisualStudioSourceCodeAccess/Binaries/Win64/UE4Editor-VisualStudioSourceCodeAccess.dll (API version 3944462).
LogModuleManager: Display: Found up-to-date module file ../../../Engine/Plugins/Editor/AssetManagerEditor/Binaries/Win64/UE4Editor-AssetManagerEditor.dll (API version 3944462).
LogModuleManager: Display: Found up-to-date module file ../../../Engine/Plugins/Editor/CryptoKeys/Binaries/Win64/UE4Editor-CryptoKeys.dll (API version 3944462).
LogModuleManager: Display: Found up-to-date module file ../../../Engine/Plugins/Editor/CryptoKeys/Binaries/Win64/UE4Editor-CryptoKeysOpenSSL.dll (API version 3944462).
LogModuleManager: Display: Found up-to-date module file ../../../Engine/Plugins/Editor/DataValidation/Binaries/Win64/UE4Editor-DataValidation.dll (API version 3944462).
LogModuleManager: Display: Found up-to-date module file ../../../Engine/Plugins/Editor/FacialAnimation/Binaries/Win64/UE4Editor-FacialAnimation.dll (API version 3944462).
LogModuleManager: Display: Found up-to-date module file ../../../Engine/Plugins/Editor/FacialAnimation/Binaries/Win64/UE4Editor-FacialAnimationEditor.dll (API version 3944462).
LogModuleManager: Display: Found up-to-date module file ../../../Engine/Plugins/Editor/GameplayTagsEditor/Binaries/Win64/UE4Editor-GameplayTagsEditor.dll (API version 3944462).
LogModuleManager: Display: Found up-to-date module file ../../../Engine/Plugins/Editor/MobileLauncherProfileWizard/Binaries/Win64/UE4Editor-MobileLauncherProfileWizard.dll (API version 3944462).
LogModuleManager: Display: Found up-to-date module file ../../../Engine/Plugins/Editor/PluginBrowser/Binaries/Win64/UE4Editor-PluginBrowser.dll (API version 3944462).
LogModuleManager: Display: Found up-to-date module file ../../../Engine/Plugins/Editor/SpeedTreeImporter/Binaries/Win64/UE4Editor-SpeedTreeImporter.dll (API version 3944462).
LogModuleManager: Display: Found up-to-date module file ../../../Engine/Plugins/Enterprise/DatasmithContent/Binaries/Win64/UE4Editor-DatasmithContent.dll (API version 3944462).
LogModuleManager: Display: Found up-to-date module file ../../../Engine/Plugins/Experimental/AlembicImporter/Binaries/Win64/UE4Editor-AlembicImporter.dll (API version 3944462).
LogModuleManager: Display: Found up-to-date module file ../../../Engine/Plugins/Experimental/AlembicImporter/Binaries/Win64/UE4Editor-AlembicLibrary.dll (API version 3944462).
LogModuleManager: Display: Found up-to-date module file ../../../Engine/Plugins/Experimental/CharacterAI/Binaries/Win64/UE4Editor-CharacterAI.dll (API version 3944462).
LogModuleManager: Display: Found up-to-date module file ../../../Engine/Plugins/Experimental/HTML5Networking/Binaries/Win64/UE4Editor-HTML5Networking.dll (API version 3944462).
LogModuleManager: Display: Found up-to-date module file ../../../Engine/Plugins/Media/AndroidMedia/Binaries/Win64/UE4Editor-AndroidMediaEditor.dll (API version 3944462).
LogModuleManager: Display: Found up-to-date module file ../../../Engine/Plugins/Media/AndroidMedia/Binaries/Win64/UE4Editor-AndroidMediaFactory.dll (API version 3944462).
LogModuleManager: Display: Found up-to-date module file ../../../Engine/Plugins/Media/AvfMedia/Binaries/Win64/UE4Editor-AvfMediaEditor.dll (API version 3944462).
LogModuleManager: Display: Found up-to-date module file ../../../Engine/Plugins/Media/AvfMedia/Binaries/Win64/UE4Editor-AvfMediaFactory.dll (API version 3944462).
LogModuleManager: Display: Found up-to-date module file ../../../Engine/Plugins/Media/AvfMedia/Binaries/Win64/UE4Editor-AvfMediaFactory.dll (API version 3944462).
LogModuleManager: Display: Found up-to-date module file ../../../Engine/Plugins/Media/ImgMedia/Binaries/Win64/UE4Editor-ImgMedia.dll (API version 3944462).
LogModuleManager: Display: Found up-to-date module file ../../../Engine/Plugins/Media/ImgMedia/Binaries/Win64/UE4Editor-ImgMediaEditor.dll (API version 3944462).
LogModuleManager: Display: Found up-to-date module file ../../../Engine/Plugins/Media/ImgMedia/Binaries/Win64/UE4Editor-ImgMediaFactory.dll (API version 3944462).
LogModuleManager: Display: Found up-to-date module file ../../../Engine/Plugins/Media/ImgMedia/Binaries/Win64/UE4Editor-ImgMediaFactory.dll (API version 3944462).
LogModuleManager: Display: Found up-to-date module file ../../../Engine/Plugins/Media/ImgMedia/Binaries/Win64/UE4Editor-OpenExrWrapper.dll (API version 3944462).
LogModuleManager: Display: Found up-to-date module file ../../../Engine/Plugins/Media/LinearTimecode/Binaries/Win64/UE4Editor-LinearTimecode.dll (API version 3944462).
LogModuleManager: Display: Found up-to-date module file ../../../Engine/Plugins/Media/MediaCompositing/Binaries/Win64/UE4Editor-MediaCompositing.dll (API version 3944462).
LogModuleManager: Display: Found up-to-date module file ../../../Engine/Plugins/Media/MediaCompositing/Binaries/Win64/UE4Editor-MediaCompositingEditor.dll (API version 3944462).
LogModuleManager: Display: Found up-to-date module file ../../../Engine/Plugins/Media/MediaPlayerEditor/Binaries/Win64/UE4Editor-MediaPlayerEditor.dll (API version 3944462).
LogModuleManager: Display: Found up-to-date module file ../../../Engine/Plugins/Media/WmfMedia/Binaries/Win64/UE4Editor-WmfMedia.dll (API version 3944462).
LogModuleManager: Display: Found up-to-date module file ../../../Engine/Plugins/Media/WmfMedia/Binaries/Win64/UE4Editor-WmfMediaEditor.dll (API version 3944462).
LogModuleManager: Display: Found up-to-date module file ../../../Engine/Plugins/Media/WmfMedia/Binaries/Win64/UE4Editor-WmfMediaFactory.dll (API version 3944462).
LogModuleManager: Display: Found up-to-date module file ../../../Engine/Plugins/Media/WmfMedia/Binaries/Win64/UE4Editor-WmfMediaFactory.dll (API version 3944462).
LogModuleManager: Display: Found up-to-date module file ../../../Engine/Plugins/Messaging/TcpMessaging/Binaries/Win64/UE4Editor-TcpMessaging.dll (API version 3944462).
LogModuleManager: Display: Found up-to-date module file ../../../Engine/Plugins/Messaging/UdpMessaging/Binaries/Win64/UE4Editor-UdpMessaging.dll (API version 3944462).
LogModuleManager: Display: Found up-to-date module file ../../../Engine/Plugins/MovieScene/ActorSequence/Binaries/Win64/UE4Editor-ActorSequence.dll (API version 3944462).
LogModuleManager: Display: Found up-to-date module file ../../../Engine/Plugins/MovieScene/LevelSequenceEditor/Binaries/Win64/UE4Editor-LevelSequenceEditor.dll (API version 3944462).
LogModuleManager: Display: Found up-to-date module file ../../../Engine/Plugins/MovieScene/MatineeToLevelSequence/Binaries/Win64/UE4Editor-MatineeToLevelSequence.dll (API version 3944462).
LogModuleManager: Display: Found up-to-date module file ../../../Engine/Plugins/NetcodeUnitTest/NetcodeUnitTest/Binaries/Win64/UE4Editor-NetcodeUnitTest.dll (API version 3944462).
LogModuleManager: Display: Found up-to-date module file ../../../Engine/Plugins/NetcodeUnitTest/NUTUnrealEngine4/Binaries/Win64/UE4Editor-NUTUnrealEngine4.dll (API version 3944462).
LogModuleManager: Display: Found up-to-date module file ../../../Engine/Plugins/Online/OnlineSubsystem/Binaries/Win64/UE4Editor-OnlineSubsystem.dll (API version 3944462).
LogModuleManager: Display: Found up-to-date module file ../../../Engine/Plugins/Runtime/AndroidPermission/Binaries/Win64/UE4Editor-AndroidPermission.dll (API version 3944462).
LogModuleManager: Display: Found up-to-date module file ../../../Engine/Plugins/Online/OnlineSubsystemNull/Binaries/Win64/UE4Editor-OnlineSubsystemNull.dll (API version 3944462).
LogModuleManager: Display: Found up-to-date module file ../../../Engine/Plugins/Online/OnlineSubsystemUtils/Binaries/Win64/UE4Editor-OnlineSubsystemUtils.dll (API version 3944462).
LogModuleManager: Display: Found up-to-date module file ../../../Engine/Plugins/Online/OnlineSubsystemUtils/Binaries/Win64/UE4Editor-OnlineBlueprintSupport.dll (API version 3944462).
LogModuleManager: Display: Found up-to-date module file ../../../Engine/Plugins/Runtime/AndroidDeviceProfileSelector/Binaries/Win64/UE4Editor-AndroidDeviceProfileSelector.dll (API version 3944462).
LogModuleManager: Display: Found up-to-date module file ../../../Engine/Plugins/Runtime/AppleARKit/Binaries/Win64/UE4Editor-AppleARKit.dll (API version 3944462).
LogModuleManager: Display: Found up-to-date module file ../../../Engine/Plugins/Runtime/ProceduralMeshComponent/Binaries/Win64/UE4Editor-ProceduralMeshComponent.dll (API version 3944462).
LogModuleManager: Display: Found up-to-date module file ../../../Engine/Plugins/Runtime/ProceduralMeshComponent/Binaries/Win64/UE4Editor-ProceduralMeshComponentEditor.dll (API version 3944462).
LogModuleManager: Display: Found up-to-date module file ../../../Engine/Plugins/Animation/LiveLink/Binaries/Win64/UE4Editor-LiveLink.dll (API version 3944462).
LogModuleManager: Display: Found up-to-date module file ../../../Engine/Plugins/Animation/LiveLink/Binaries/Win64/UE4Editor-LiveLinkEditor.dll (API version 3944462).
LogModuleManager: Display: Found up-to-date module file ../../../Engine/Plugins/Runtime/ArchVisCharacter/Binaries/Win64/UE4Editor-ArchVisCharacter.dll (API version 3944462).
LogModuleManager: Display: Found up-to-date module file ../../../Engine/Plugins/Runtime/AudioCapture/Binaries/Win64/UE4Editor-AudioCapture.dll (API version 3944462).
LogModuleManager: Display: Found up-to-date module file ../../../Engine/Plugins/Runtime/AudioCapture/Binaries/Win64/UE4Editor-AudioCaptureEditor.dll (API version 3944462).
LogModuleManager: Display: Found up-to-date module file ../../../Engine/Plugins/Runtime/CableComponent/Binaries/Win64/UE4Editor-CableComponent.dll (API version 3944462).
LogModuleManager: Display: Found up-to-date module file ../../../Engine/Plugins/Runtime/CustomMeshComponent/Binaries/Win64/UE4Editor-CustomMeshComponent.dll (API version 3944462).
LogModuleManager: Display: Found up-to-date module file ../../../Engine/Plugins/Runtime/ExampleDeviceProfileSelector/Binaries/Win64/UE4Editor-ExampleDeviceProfileSelector.dll (API version 3944462).
LogModuleManager: Display: Found up-to-date module file ../../../Engine/Plugins/Runtime/ImmediatePhysics/Binaries/Win64/UE4Editor-ImmediatePhysics.dll (API version 3944462).
LogModuleManager: Display: Found up-to-date module file ../../../Engine/Plugins/Runtime/ImmediatePhysics/Binaries/Win64/UE4Editor-ImmediatePhysicsEditor.dll (API version 3944462).
LogModuleManager: Display: Found up-to-date module file ../../../Engine/Plugins/Runtime/LocationServicesBPLibrary/Binaries/Win64/UE4Editor-LocationServicesBPLibrary.dll (API version 3944462).
LogModuleManager: Display: Found up-to-date module file ../../../Engine/Plugins/Runtime/MobilePatchingUtils/Binaries/Win64/UE4Editor-MobilePatchingUtils.dll (API version 3944462).
LogModuleManager: Display: Found up-to-date module file ../../../Engine/Plugins/Runtime/Oculus/OculusVR/Binaries/Win64/UE4Editor-OculusHMD.dll (API version 3944462).
LogModuleManager: Display: Found up-to-date module file ../../../Engine/Plugins/Runtime/Oculus/OculusVR/Binaries/Win64/UE4Editor-OculusInput.dll (API version 3944462).
LogModuleManager: Display: Found up-to-date module file ../../../Engine/Plugins/Runtime/Oculus/OculusVR/Binaries/Win64/UE4Editor-OculusEditor.dll (API version 3944462).
LogModuleManager: Display: Found up-to-date module file ../../../Engine/Plugins/Runtime/PhysXVehicles/Binaries/Win64/UE4Editor-PhysXVehicles.dll (API version 3944462).
LogModuleManager: Display: Found up-to-date module file ../../../Engine/Plugins/Runtime/PhysXVehicles/Binaries/Win64/UE4Editor-PhysXVehiclesEditor.dll (API version 3944462).
LogModuleManager: Display: Found up-to-date module file ../../../Engine/Plugins/Runtime/RuntimePhysXCooking/Binaries/Win64/UE4Editor-RuntimePhysXCooking.dll (API version 3944462).
LogModuleManager: Display: Found up-to-date module file ../../../Engine/Plugins/Runtime/Steam/SteamVR/Binaries/Win64/UE4Editor-SteamVR.dll (API version 3944462).
LogModuleManager: Display: Found up-to-date module file ../../../Engine/Plugins/Runtime/Steam/SteamVR/Binaries/Win64/UE4Editor-SteamVRController.dll (API version 3944462).
LogModuleManager: Display: Found up-to-date module file ../../../Engine/Plugins/Runtime/WindowsMoviePlayer/Binaries/Win64/UE4Editor-WindowsMoviePlayer.dll (API version 3944462).
LogPluginManager: Mounting plugin Paper2D
LogPluginManager: Mounting plugin LiveLink
LogPluginManager: Mounting plugin LightPropagationVolume
LogPluginManager: Mounting plugin CLionSourceCodeAccess
LogPluginManager: Mounting plugin CodeLiteSourceCodeAccess
LogPluginManager: Mounting plugin GitSourceControl
LogPluginManager: Mounting plugin KDevelopSourceCodeAccess
LogPluginManager: Mounting plugin NullSourceCodeAccess
LogPluginManager: Mounting plugin PerforceSourceControl
LogPluginManager: Mounting plugin SubversionSourceControl
LogPluginManager: Mounting plugin UObjectPlugin
LogPluginManager: Mounting plugin VisualStudioCodeSourceCodeAccess
LogPluginManager: Mounting plugin VisualStudioSourceCodeAccess
LogPluginManager: Mounting plugin XCodeSourceCodeAccess
LogPluginManager: Mounting plugin AssetManagerEditor
LogPluginManager: Mounting plugin CryptoKeys
LogPluginManager: Mounting plugin DataValidation
LogPluginManager: Mounting plugin FacialAnimation
LogPluginManager: Mounting plugin GameplayTagsEditor
LogPluginManager: Mounting plugin MobileLauncherProfileWizard
LogPluginManager: Mounting plugin PluginBrowser
LogPluginManager: Mounting plugin SpeedTreeImporter
LogPluginManager: Mounting plugin DatasmithContent
LogPluginManager: Mounting plugin AlembicImporter
LogPluginManager: Mounting plugin CharacterAI
LogPluginManager: Mounting plugin HTML5Networking
LogPluginManager: Mounting plugin AndroidMedia
LogPluginManager: Mounting plugin AvfMedia
LogPluginManager: Mounting plugin ImgMedia
LogPluginManager: Mounting plugin LinearTimecode
LogPluginManager: Mounting plugin MediaCompositing
LogPluginManager: Mounting plugin MediaPlayerEditor
LogPluginManager: Mounting plugin WmfMedia
LogPluginManager: Mounting plugin TcpMessaging
LogPluginManager: Mounting plugin UdpMessaging
LogPluginManager: Mounting plugin ActorSequence
LogPluginManager: Mounting plugin LevelSequenceEditor
LogPluginManager: Mounting plugin MatineeToLevelSequence
LogPluginManager: Mounting plugin NetcodeUnitTest
LogPluginManager: Mounting plugin NUTUnrealEngine4
LogPluginManager: Mounting plugin OnlineSubsystemGooglePlay
LogPluginManager: Mounting plugin OnlineSubsystemIOS
LogPluginManager: Mounting plugin OnlineSubsystem
LogPluginManager: Mounting plugin OnlineSubsystemNull
LogPluginManager: Mounting plugin OnlineSubsystemUtils
LogPluginManager: Mounting plugin AndroidDeviceProfileSelector
LogPluginManager: Mounting plugin AndroidMoviePlayer
LogPluginManager: Mounting plugin AndroidPermission
LogPluginManager: Mounting plugin ApexDestruction
LogPluginManager: Mounting plugin AppleARKit
LogPluginManager: Mounting plugin AppleMoviePlayer
LogPluginManager: Mounting plugin ArchVisCharacter
LogPluginManager: Mounting plugin AudioCapture
LogPluginManager: Mounting plugin CableComponent
LogPluginManager: Mounting plugin CustomMeshComponent
LogPluginManager: Mounting plugin ExampleDeviceProfileSelector
LogPluginManager: Mounting plugin GoogleCloudMessaging
LogPluginManager: Mounting plugin ImmediatePhysics
LogPluginManager: Mounting plugin IOSDeviceProfileSelector
LogPluginManager: Mounting plugin LinuxDeviceProfileSelector
LogPluginManager: Mounting plugin LocationServicesBPLibrary
LogPluginManager: Mounting plugin MobilePatchingUtils
LogPluginManager: Mounting plugin OculusVR
LogPluginManager: Plugin shader directory ../../../Engine/Plugins/Runtime/Oculus/OculusVR/Shaders found
LogPluginManager: Mapping shader source directory ../../../Engine/Plugins/Runtime/Oculus/OculusVR/Shaders to virtual directory /Plugin/OculusVR
LogPluginManager: Mounting plugin PhysXVehicles
LogPluginManager: Mounting plugin ProceduralMeshComponent
LogPluginManager: Mounting plugin RuntimePhysXCooking
LogPluginManager: Mounting plugin SteamVR
LogPluginManager: Mounting plugin WindowsMoviePlayer
LogStreaming: Display: Took  1.074s to configure plugins.
LogInit: Using libcurl 7.47.1
LogInit:  - built for x86_64-pc-win32
LogInit:  - supports SSL with OpenSSL/1.0.2g
LogInit:  - supports HTTP deflate (compression) using libz 1.2.8
LogInit:  - other features:
LogInit:      CURL_VERSION_SSL
LogInit:      CURL_VERSION_LIBZ
LogInit:      CURL_VERSION_IPV6
LogInit:      CURL_VERSION_ASYNCHDNS
LogInit:      CURL_VERSION_LARGEFILE
LogInit:      CURL_VERSION_IDN
LogInit:  CurlRequestOptions (configurable via config and command line):
LogInit:  - bVerifyPeer = false  - Libcurl will NOT verify peer certificate
LogInit:  - bUseHttpProxy = false  - Libcurl will NOT use HTTP proxy
LogInit:  - bDontReuseConnections = false  - Libcurl will reuse connections
LogInit:  - CertBundlePath = nullptr  - Libcurl will use whatever was configured at build time.
LogInit:  - MaxHostConnections = 16  - Libcurl will limit the number of connections to a host
LogInit:  - LocalHostAddr = Default
LogInit: WinSock: version 1.1 (2.2), MaxSocks=32767, MaxUdp=65467
LogInit: WinSock: I am Camp-2FLF142 (129.59.56.129:0)
LogInit: Build: ++UE4+Release-4.19-CL-3989454
LogInit: Engine Version: 4.19.1-3989454+++UE4+Release-4.19
LogInit: Compatible Engine Version: 4.19.0-3944462+++UE4+Release-4.19
LogInit: Net CL: 3944462
LogDevObjectVersion: Number of dev versions registered: 18
LogDevObjectVersion:   Dev-Blueprints (B0D832E4-1F89-4F0D-ACCF-7EB736FD4AA2): 10
LogDevObjectVersion:   Dev-Build (E1C64328-A22C-4D53-A36C-8E866417BD8C): 0
LogDevObjectVersion:   Dev-Core (375EC13C-06E4-48FB-B500-84F0262A717E): 2
LogDevObjectVersion:   Dev-Editor (E4B068ED-F494-42E9-A231-DA0B2E46BB41): 23
LogDevObjectVersion:   Dev-Framework (CFFC743F-43B0-4480-9391-14DF171D2073): 33
LogDevObjectVersion:   Dev-Mobile (B02B49B5-BB20-44E9-A304-32B752E40360): 2
LogDevObjectVersion:   Dev-Networking (A4E4105C-59A1-49B5-A7C5-40C4547EDFEE): 0
LogDevObjectVersion:   Dev-Online (39C831C9-5AE6-47DC-9A44-9C173E1C8E7C): 0
LogDevObjectVersion:   Dev-Physics (78F01B33-EBEA-4F98-B9B4-84EACCB95AA2): 0
LogDevObjectVersion:   Dev-Platform (6631380F-2D4D-43E0-8009-CF276956A95A): 0
LogDevObjectVersion:   Dev-Rendering (12F88B9F-8875-4AFC-A67C-D90C383ABD29): 25
LogDevObjectVersion:   Dev-Sequencer (7B5AE74C-D270-4C10-A958-57980B212A5A): 6
LogDevObjectVersion:   Dev-VR (D7296918-1DD6-4BDD-9DE2-64A83CC13884): 1
LogDevObjectVersion:   Dev-LoadTimes (C2A15278-BFE7-4AFE-6C17-90FF531DF755): 1
LogDevObjectVersion:   Private-Geometry (6EACA3D4-40EC-4CC1-B786-8BED09428FC5): 2
LogDevObjectVersion:   Dev-AnimPhys (29E575DD-E0A3-4627-9D10-D276232CDCEA): 16
LogDevObjectVersion:   Dev-ReflectionCapture (6B266CEC-1EC7-4B8F-A30B-E4D90942FC07): 1
LogDevObjectVersion:   Dev-Automation (0DF73D61-A23F-47EA-B727-89E90C41499A): 1
LogInit: Compiled (64-bit): Apr  6 2018 12:26:04
LogInit: Compiled with Visual C++: 19.00.24215.01
LogInit: Build Configuration: Development
LogInit: Branch Name: ++UE4+Release-4.19
LogInit: Command Line:  
LogInit: Base Directory: C:/Program Files/Epic Games/UE_4.19/Engine/Binaries/Win64/
LogInit: Installed Engine Build: 1
LogStreaming: Display: Took  0.003s to delete old logs.
LogInit: Presizing for max 8388607 objects, including 0 objects not considered by GC, pre-allocating 0 bytes for permanent pool.
LogInit: Object subsystem initialized
[2018.07.19-14.26.33:568][  0]LogInit: Selected Device Profile: [Windows]
[2018.07.19-14.26.33:568][  0]LogInit: Applying CVar settings loaded from the selected device profile: [Windows]
[2018.07.19-14.26.33:582][  0]LogInit: Computer: CAMP-2FLF142
[2018.07.19-14.26.33:582][  0]LogInit: User: iDStudent
[2018.07.19-14.26.33:582][  0]LogInit: CPU Page size=4096, Cores=4
[2018.07.19-14.26.33:582][  0]LogInit: High frequency timer resolution =2.742189 MHz
[2018.07.19-14.26.33:582][  0]LogMemory: Memory total: Physical=15.9GB (16GB approx)
[2018.07.19-14.26.33:582][  0]LogMemory: Platform Memory Stats for Windows
[2018.07.19-14.26.33:583][  0]LogMemory: Process Physical Memory: 274.80 MB used, 274.80 MB peak
[2018.07.19-14.26.33:583][  0]LogMemory: Process Virtual Memory: 264.91 MB used, 264.91 MB peak
[2018.07.19-14.26.33:583][  0]LogMemory: Physical Memory: 4791.68 MB used,  11458.49 MB free, 16250.17 MB total
[2018.07.19-14.26.33:583][  0]LogMemory: Virtual Memory: 693.31 MB used,  11458.49 MB free, 134217728.00 MB total
[2018.07.19-14.26.34:310][  0]LogInit: Using OS detected language (en-US).
[2018.07.19-14.26.34:310][  0]LogInit: Using OS detected locale (en-US).
[2018.07.19-14.26.34:313][  0]LogTextLocalizationManager: No specific localization for 'en-US' exists, so the 'en' localization will be used.
[2018.07.19-14.26.34:762][  0]LogStreaming: Display: Took  0.452s to EndInitTextLocalization.
[2018.07.19-14.26.34:762][  0]LogInit: Setting process to per monitor DPI aware
[2018.07.19-14.26.34:803][  0]LogSlate: New Slate User Created.  User Index 0, Is Virtual User: 0
[2018.07.19-14.26.34:803][  0]LogSlate: Slate User Registered.  User Index 0, Is Virtual User: 0
[2018.07.19-14.26.35:024][  0]LogD3D11RHI: D3D11 adapters:
[2018.07.19-14.26.35:083][  0]LogD3D11RHI:    0. 'NVIDIA GeForce GTX 1050 Ti' (Feature Level 11_0)
[2018.07.19-14.26.35:083][  0]LogD3D11RHI:       4018/0/8125 MB DedicatedVideo/DedicatedSystem/SharedSystem, Outputs:1, VendorId:0x10de
[2018.07.19-14.26.35:094][  0]LogD3D11RHI:    1. 'Intel(R) HD Graphics 630' (Feature Level 11_0)
[2018.07.19-14.26.35:094][  0]LogD3D11RHI:       128/0/8125 MB DedicatedVideo/DedicatedSystem/SharedSystem, Outputs:0, VendorId:0x8086
[2018.07.19-14.26.35:096][  0]LogD3D11RHI:    2. 'Microsoft Basic Render Driver' (Feature Level 11_0)
[2018.07.19-14.26.35:096][  0]LogD3D11RHI:       0/0/8125 MB DedicatedVideo/DedicatedSystem/SharedSystem, Outputs:0, VendorId:0x1414
[2018.07.19-14.26.35:096][  0]LogD3D11RHI: Chosen D3D11 Adapter: 0
[2018.07.19-14.26.35:103][  0]LogD3D11RHI: Creating new Direct3DDevice
[2018.07.19-14.26.35:103][  0]LogD3D11RHI:     GPU DeviceId: 0x1c8c (for the marketing name, search the web for "GPU Device Id")
[2018.07.19-14.26.35:103][  0]LogWindows: EnumDisplayDevices:
[2018.07.19-14.26.35:103][  0]LogWindows:    0. 'Intel(R) HD Graphics 630' (P:1 D:1)
[2018.07.19-14.26.35:103][  0]LogWindows:    1. 'Intel(R) HD Graphics 630' (P:0 D:0)
[2018.07.19-14.26.35:104][  0]LogWindows:    2. 'Intel(R) HD Graphics 630' (P:0 D:0)
[2018.07.19-14.26.35:104][  0]LogWindows:    3. 'NVIDIA GeForce GTX 1050 Ti' (P:0 D:0)
[2018.07.19-14.26.35:104][  0]LogWindows: DebugString: GetVideoDriverDetailsInvalid PrimaryIsNotTheChoosenAdapter GetVideoDriverDetailsInvalid PrimaryIsNotTheChoosenAdapter GetVideoDriverDetailsInvalid PrimaryIsNotTheChoosenAdapter GetVideoDriverDetailsInvalid PrimaryIsNotTheChoosenAdapter FoundDriverCount:0 
[2018.07.19-14.26.35:104][  0]LogD3D11RHI:     Adapter Name: NVIDIA GeForce GTX 1050 Ti
[2018.07.19-14.26.35:104][  0]LogD3D11RHI:   Driver Version: Unknown (internal:Unknown, unified:Unknown)
[2018.07.19-14.26.35:104][  0]LogD3D11RHI:      Driver Date: Unknown
[2018.07.19-14.26.35:104][  0]LogRHI: Texture pool is 2812 MB (70% of 4018 MB)
[2018.07.19-14.26.35:135][  0]LogD3D11RHI: [Aftermath] Aftermath enabled and primed
[2018.07.19-14.26.35:135][  0]LogD3D11RHI: [Aftermath] Aftermath enabled and primed
[2018.07.19-14.26.35:135][  0]LogD3D11RHI: Async texture creation enabled
[2018.07.19-14.26.35:152][  0]LogD3D11RHI: GPU Timing Frequency: 1000.000000 (Debug: 2 2)
[2018.07.19-14.26.35:153][  0]LogShaderCompilers: Guid format shader working directory is -36 characters bigger than the processId version (../../../../../../Users/iD Student/Desktop/Steven S/ID-Tech-Group-Project/Group_Project/Intermediate/Shaders/WorkingDirectory/6256/).
[2018.07.19-14.26.35:153][  0]LogShaderCompilers: Cleaned the shader compiler working directory 'C:/Users/iD Student/AppData/Local/Temp/UnrealShaderWorkingDir/55513AE048BDD60DC38517AA47ED4539/'.
[2018.07.19-14.26.35:377][  0]LogTemp: Display: Loaded TP AllDesktopTargetPlatform
[2018.07.19-14.26.35:391][  0]LogTemp: Display: Loaded TP MacClientTargetPlatform
[2018.07.19-14.26.35:405][  0]LogTemp: Display: Loaded TP MacNoEditorTargetPlatform
[2018.07.19-14.26.35:420][  0]LogTemp: Display: Loaded TP MacServerTargetPlatform
[2018.07.19-14.26.35:433][  0]LogTemp: Display: Loaded TP MacTargetPlatform
[2018.07.19-14.26.35:447][  0]LogTemp: Display: Loaded TP WindowsClientTargetPlatform
[2018.07.19-14.26.35:461][  0]LogTemp: Display: Loaded TP WindowsNoEditorTargetPlatform
[2018.07.19-14.26.35:475][  0]LogTemp: Display: Loaded TP WindowsServerTargetPlatform
[2018.07.19-14.26.35:482][  0]LogTemp: Display: Loaded TP WindowsTargetPlatform
[2018.07.19-14.26.35:494][  0]LogTemp: Display: Loaded TP Android_ASTCTargetPlatform
[2018.07.19-14.26.35:506][  0]LogTemp: Display: Loaded TP Android_ATCTargetPlatform
[2018.07.19-14.26.35:518][  0]LogTemp: Display: Loaded TP Android_DXTTargetPlatform
[2018.07.19-14.26.35:531][  0]LogTemp: Display: Loaded TP Android_ETC1aTargetPlatform
[2018.07.19-14.26.35:543][  0]LogTemp: Display: Loaded TP Android_ETC1TargetPlatform
[2018.07.19-14.26.35:555][  0]LogTemp: Display: Loaded TP Android_ETC2TargetPlatform
[2018.07.19-14.26.35:579][  0]LogTemp: Display: Loaded TP Android_MultiTargetPlatform
[2018.07.19-14.26.35:579][  0]LogTemp: Display: Loaded TP Android_PVRTCTargetPlatform
[2018.07.19-14.26.35:591][  0]LogTemp: Display: Loaded TP AndroidTargetPlatform
[2018.07.19-14.26.35:592][  0]LogTemp: Display: Loaded TP HTML5TargetPlatform
[2018.07.19-14.26.35:629][  0]LogTemp: Display: Loaded TP IOSTargetPlatform
[2018.07.19-14.26.35:641][  0]LogTemp: Display: Loaded TP TVOSTargetPlatform
[2018.07.19-14.26.35:668][  0]LogTemp: Display: Loaded TP LinuxClientTargetPlatform
[2018.07.19-14.26.35:683][  0]LogTemp: Display: Loaded TP LinuxNoEditorTargetPlatform
[2018.07.19-14.26.35:695][  0]LogTemp: Display: Loaded TP LinuxServerTargetPlatform
[2018.07.19-14.26.35:708][  0]LogTemp: Display: Loaded TP LinuxTargetPlatform
[2018.07.19-14.26.35:708][  0]LogTargetPlatformManager: Display: Building Assets For Windows
[2018.07.19-14.26.35:817][  0]LogXGEController: Cleaning working directory: C:/Users/iD Student/AppData/Local/Temp/UnrealXGEWorkingDir/
[2018.07.19-14.26.35:817][  0]LogXGEController: Cannot use XGE Controller as Incredibuild is not installed on this machine.
[2018.07.19-14.26.35:817][  0]LogShaderCompilers: Cannot use XGE Shader Compiler as Incredibuild is not installed on this machine.
[2018.07.19-14.26.35:817][  0]LogShaderCompilers: Display: Using Local Shader Compiler.
[2018.07.19-14.26.36:525][  0]LogDerivedDataCache: Display: Max Cache Size: 512 MB
[2018.07.19-14.26.36:607][  0]LogDerivedDataCache: Loaded boot cache 0.08s 74MB C:/Users/iD Student/AppData/Local/UnrealEngine/4.19/DerivedDataCache/Boot.ddc.
[2018.07.19-14.26.36:607][  0]LogDerivedDataCache: Display: Loaded Boot cache: C:/Users/iD Student/AppData/Local/UnrealEngine/4.19/DerivedDataCache/Boot.ddc
[2018.07.19-14.26.36:607][  0]LogDerivedDataCache: FDerivedDataBackendGraph:  Pak pak cache file ../../../../../../Users/iD Student/Desktop/Steven S/ID-Tech-Group-Project/Group_Project/DerivedDataCache/DDC.ddp not found, will not use a pak cache.
[2018.07.19-14.26.36:607][  0]LogDerivedDataCache: Unable to find inner node Pak for hierarchical cache Hierarchy.
[2018.07.19-14.26.36:608][  0]LogDerivedDataCache: FDerivedDataBackendGraph:  CompressedPak pak cache file ../../../../../../Users/iD Student/Desktop/Steven S/ID-Tech-Group-Project/Group_Project/DerivedDataCache/Compressed.ddp not found, will not use a pak cache.
[2018.07.19-14.26.36:608][  0]LogDerivedDataCache: Unable to find inner node CompressedPak for hierarchical cache Hierarchy.
[2018.07.19-14.26.36:624][  0]LogDerivedDataCache: Display: Pak cache opened for reading ../../../Engine/DerivedDataCache/Compressed.ddp.
[2018.07.19-14.26.36:635][  0]LogDerivedDataCache: Using Local data cache path C:/Users/iD Student/AppData/Local/UnrealEngine/Common/DerivedDataCache: Writable
[2018.07.19-14.26.36:647][  0]LogMaterial: Verifying Global Shaders for PCD3D_SM5
[2018.07.19-14.26.36:648][  0]LogSlate: Using Freetype 2.6.0
[2018.07.19-14.26.36:648][  0]LogSlate: SlateFontCache - WITH_FREETYPE: 1, WITH_HARFBUZZ: 1
[2018.07.19-14.26.36:648][  0]LogSlate: SlateFontCache - WITH_FREETYPE: 1, WITH_HARFBUZZ: 1
[2018.07.19-14.26.36:771][  0]LogAssetRegistry: FAssetRegistry took 0.0258 seconds to start up
[2018.07.19-14.26.37:124][  0]LogInit: Selected Device Profile: [Windows]
[2018.07.19-14.26.37:278][  0]LogSimplygon: Simplygon DLL not present - disabling.
[2018.07.19-14.26.37:281][  0]LogMeshReduction: Using SimplygonSwarm for distributed automatic mesh merging
[2018.07.19-14.26.37:281][  0]LogMeshReduction: Using QuadricMeshReduction for automatic static mesh reduction
[2018.07.19-14.26.37:281][  0]LogMeshReduction: No automatic skeletal mesh reduction module available
[2018.07.19-14.26.37:281][  0]LogMeshReduction: No automatic mesh merging module available
[2018.07.19-14.26.37:281][  0]LogMeshMerging: No automatic mesh merging module available
[2018.07.19-14.26.37:316][  0]LogNetVersion: Group_Project , NetCL: 3944462, EngineNetVer: 2, GameNetVer: 0 (Checksum: 541774694)
[2018.07.19-14.26.37:809][  0]LogPackageLocalizationCache: Processed 9 localized package path(s) for 2 prioritized culture(s) in 0.096548 seconds
[2018.07.19-14.26.37:819][  0]LogUObjectArray: 36728 objects as part of root set at end of initial load.
[2018.07.19-14.26.37:819][  0]LogUObjectAllocator: 7314304 out of 0 bytes used by permanent object pool.
[2018.07.19-14.26.37:819][  0]LogUObjectArray: CloseDisregardForGC: 0/0 objects in disregard for GC pool
[2018.07.19-14.26.39:535][  0]LogTcpMessaging: Initializing TcpMessaging bridge
[2018.07.19-14.26.39:565][  0]LogUdpMessaging: Initializing bridge on interface 0.0.0.0:0 to multicast group 230.0.0.1:6666.
[2018.07.19-14.26.39:974][  0]SourceControl: Source control is disabled
[2018.07.19-14.26.39:975][  0]SourceControl: Source control is disabled
[2018.07.19-14.26.39:993][  0]SourceControl: Source control is disabled
[2018.07.19-14.26.40:012][  0]SourceControl: Source control is disabled
[2018.07.19-14.26.40:492][  0]LogAndroidPermission: UAndroidPermissionCallbackProxy::GetInstance
[2018.07.19-14.26.40:638][  0]LogOcInput: OculusInput pre-init called
[2018.07.19-14.26.40:748][  0]LogEngine: Initializing Engine...
[2018.07.19-14.26.40:750][  0]LogHMD: Failed to initialize OpenVR with code 110
[2018.07.19-14.26.40:751][  0]LogStats: UGameplayTagsManager::ConstructGameplayTagTree: Construct from data asset -  0.000 s
[2018.07.19-14.26.40:751][  0]LogStats: UGameplayTagsManager::ConstructGameplayTagTree: GameplayTagTreeChangedEvent.Broadcast -  0.000 s
[2018.07.19-14.26.41:008][  0]LogAIModule: Creating AISystem for world Untitled
[2018.07.19-14.26.41:022][  0]LogInit: XAudio2 using 'Speakers (USB Audio Device)' : 2 channels at 48 kHz using 16 bits per sample (channel mask 0x3)
[2018.07.19-14.26.41:032][  0]LogInit: FAudioDevice initialized.
[2018.07.19-14.26.41:096][  0]LogDerivedDataCache: Saved boot cache 0.06s 74MB C:/Users/iD Student/AppData/Local/UnrealEngine/4.19/DerivedDataCache/Boot.ddc.
[2018.07.19-14.26.41:111][  0]LogInit: Texture streaming: Enabled
[2018.07.19-14.26.41:128][  0]LogEngineSessionManager: EngineSessionManager initialized
[2018.07.19-14.26.41:142][  0]LogInit: Transaction tracking system initialized
[2018.07.19-14.26.41:171][  0]BlueprintLog: New page: Editor Load
[2018.07.19-14.26.41:261][  0]LocalizationService: Localization service is disabled
[2018.07.19-14.26.41:376][  0]LogConsoleResponse: Display: 
[2018.07.19-14.26.41:546][  0]LogCook: Display: Max memory allowance for cook 16384mb min free memory 0mb
[2018.07.19-14.26.41:547][  0]LogCook: Display: Mobile HDR setting 1
[2018.07.19-14.26.41:547][  0]LogGameplayTags: Display: UGameplayTagsManager::DoneAddingNativeTags. DelegateIsBound: 0
[2018.07.19-14.26.41:547][  0]LogStats: UGameplayTagsManager::ConstructGameplayTagTree: Construct from data asset -  0.000 s
[2018.07.19-14.26.41:547][  0]LogStats: UGameplayTagsManager::ConstructGameplayTagTree: GameplayTagTreeChangedEvent.Broadcast -  0.000 s
[2018.07.19-14.26.41:602][  0]LogFileCache: Scanning file cache for directory 'C:/Users/iD Student/Desktop/Steven S/ID-Tech-Group-Project/Group_Project/Content/' took 0.06s
[2018.07.19-14.26.41:935][  0]SourceControl: Source control is disabled
[2018.07.19-14.26.41:936][  0]Cmd: MAP LOAD FILE="../../../../../../Users/iD Student/Desktop/Steven S/ID-Tech-Group-Project/Group_Project/Content/FirstPersonBP/Maps/FirstPersonExampleMap.umap" TEMPLATE=0 SHOWPROGRESS=1 FEATURELEVEL=3
[2018.07.19-14.26.41:936][  0]LightingResults: New page: Lighting Build
[2018.07.19-14.26.41:939][  0]MapCheck: New page: Map Check
[2018.07.19-14.26.41:939][  0]LightingResults: New page: Lighting Build
[2018.07.19-14.26.42:111][  0]LogBlueprint: Warning: [Compiler FirstPersonCharacter] InputAction Event references unknown Action 'Fire' for  InputAction Fire
[2018.07.19-14.26.42:117][  0]LogBlueprint: Warning: [Compiler FirstPersonCharacter] [0011.08] Compile of FirstPersonCharacter successful, but with 1 Warning(s) [in 14 ms] (/Game/FirstPersonBP/Blueprints/FirstPersonCharacter.FirstPersonCharacter)
[2018.07.19-14.26.42:461][  0]LogSkeletalMesh: Skeletal Mesh found in DDC [3.352431ms] /Game/FirstPerson/FPWeapon/Mesh/SK_FPGun.SK_FPGun
[2018.07.19-14.26.42:478][  0]LogSkeletalMesh: Skeletal Mesh found in DDC [6.392703ms] /Game/FirstPerson/Character/Mesh/SK_Mannequin_Arms.SK_Mannequin_Arms
[2018.07.19-14.26.42:511][  0]LogAIModule: Creating AISystem for world FirstPersonExampleMap
[2018.07.19-14.26.42:537][  0]LogEditorServer: Finished looking for orphan Actors (0.000 secs)
[2018.07.19-14.26.42:558][  0]Cmd: MAP CHECKDEP NOCLEARLOG
[2018.07.19-14.26.42:613][  0]MapCheck: Map check complete: 0 Error(s), 0 Warning(s), took 55.179ms to complete.
[2018.07.19-14.26.42:613][  0]LogFileHelpers: Loading map 'FirstPersonExampleMap' took 0.678
[2018.07.19-14.26.42:787][  0]LogCollectionManager: Loaded 0 collections in 0.002486 seconds
[2018.07.19-14.26.42:828][  0]LogFileCache: Scanning file cache for directory 'C:/Users/iD Student/Desktop/Steven S/ID-Tech-Group-Project/Group_Project/Saved/Collections/' took 0.01s
[2018.07.19-14.26.42:828][  0]LogFileCache: Scanning file cache for directory 'C:/Users/iD Student/Desktop/Steven S/ID-Tech-Group-Project/Group_Project/Content/Developers/iDStudent/Collections/' took 0.01s
[2018.07.19-14.26.42:828][  0]LogFileCache: Scanning file cache for directory 'C:/Users/iD Student/Desktop/Steven S/ID-Tech-Group-Project/Group_Project/Content/Collections/' took 0.01s
[2018.07.19-14.26.42:828][  0]LogCollectionManager: Rebuilt the GUID cache for 0 collections in 0.000000 seconds
[2018.07.19-14.26.42:838][  0]LogContentBrowser: Native class hierarchy populated in 0.0098 seconds. Added 2463 classes and 566 folders.
[2018.07.19-14.26.42:847][  0]LogContentBrowser: Native class hierarchy updated for 'WidgetCarousel' in 0.0002 seconds. Added 0 classes and 0 folders.
[2018.07.19-14.26.42:890][  0]LogContentBrowser: Native class hierarchy updated for 'AddContentDialog' in 0.0002 seconds. Added 0 classes and 0 folders.
[2018.07.19-14.26.42:895][  0]LogContentBrowser: Native class hierarchy updated for 'SceneOutliner' in 0.0003 seconds. Added 1 classes and 2 folders.
[2018.07.19-14.26.42:987][  0]LogSlate: Took 0.000273 seconds to synchronously load lazily loaded font '../../../Engine/Content/Slate/Fonts/Roboto-Regular.ttf' (155K)
[2018.07.19-14.26.42:989][  0]LogSlate: Took 0.000238 seconds to synchronously load lazily loaded font '../../../Engine/Content/Slate/Fonts/Roboto-Bold.ttf' (160K)
[2018.07.19-14.26.42:996][  0]LogSlate: Took 0.000251 seconds to synchronously load lazily loaded font '../../../Engine/Content/Editor/Slate/Fonts/FontAwesome.ttf' (139K)
[2018.07.19-14.26.43:104][  0]LogRenderer: Reallocating scene render targets to support 1072x444 Format 10 NumSamples 1 (Frame:1).
[2018.07.19-14.26.43:193][  0]LogSlate: Took 0.000350 seconds to synchronously load lazily loaded font '../../../Engine/Content/Slate/Fonts/Roboto-Light.ttf' (167K)
[2018.07.19-14.26.43:311][  0]LogContentBrowser: Native class hierarchy updated for 'HierarchicalLODOutliner' in 0.0002 seconds. Added 0 classes and 0 folders.
[2018.07.19-14.26.43:311][  0]LogLoad: (Engine Initialization) Total time: 12.27 seconds
[2018.07.19-14.26.43:311][  0]LogLoad: (Engine Initialization) Total Blueprint compile time: 0.00 seconds
[2018.07.19-14.26.43:329][  0]LogWindowsTextInputMethodSystem: Display: IME system now deactivated.
[2018.07.19-14.26.43:358][  0]LogContentStreaming: Texture pool size now 1000 MB
[2018.07.19-14.26.43:628][  5]LogAssetRegistry: Asset discovery search completed in 6.8782 seconds
[2018.07.19-14.26.43:639][  5]LogCollectionManager: Rebuilt the object cache for 0 collections in 0.000001 seconds (found 0 objects)
[2018.07.19-14.26.43:639][  5]LogCollectionManager: Fixed up redirectors for 0 collections in 0.000096 seconds (updated 0 objects)
[2018.07.19-14.26.45:820][130]LogSlate: FSceneViewport::OnFocusLost() reason 0
[2018.07.19-14.26.53:191][539]LogSlate: Took 0.000205 seconds to synchronously load lazily loaded font '../../../Engine/Content/Slate/Fonts/Roboto-Light.ttf' (167K)
[2018.07.19-14.26.53:214][539]LogLinker: Warning: Can't find file '/Game/yeetybox_Blueprint'
[2018.07.19-14.26.53:214][539]LogLinker: Warning: Can't find file for asset '/Game/yeetybox_Blueprint' while loading ../../../../../../Users/iD Student/Desktop/Steven S/ID-Tech-Group-Project/Group_Project/Content/Levels/Level_1.umap.
[2018.07.19-14.26.53:214][539]LoadErrors: Error: /Game/Levels/Level_1 : Can't find file for asset. /Game/yeetybox_Blueprint
[2018.07.19-14.26.53:215][539]LogLinker: Warning: Can't find file '/Game/yeetybox_Blueprint'
[2018.07.19-14.26.53:215][539]LogLinker: Warning: Can't find file for asset '/Game/yeetybox_Blueprint' while loading ../../../../../../Users/iD Student/Desktop/Steven S/ID-Tech-Group-Project/Group_Project/Content/Levels/Level_1.umap.
[2018.07.19-14.26.53:215][539]LogLinker: Warning: Can't find file '/Game/yeetybox_Blueprint'
[2018.07.19-14.26.53:215][539]LogLinker: Warning: Can't find file for asset '/Game/yeetybox_Blueprint' while loading ../../../../../../Users/iD Student/Desktop/Steven S/ID-Tech-Group-Project/Group_Project/Content/Levels/Level_1.umap.
[2018.07.19-14.26.53:536][539]LogLinker: Warning: Can't find file '/Game/yeetybox_Blueprint'
[2018.07.19-14.26.53:537][539]LogLinker: Warning: Can't find file for asset '/Game/yeetybox_Blueprint' while loading ../../../../../../Users/iD Student/Desktop/Steven S/ID-Tech-Group-Project/Group_Project/Content/Levels/Level_1.umap.
[2018.07.19-14.26.53:540][539]LogLinker: Warning: Can't find file '/Game/yeetybox_Blueprint'
[2018.07.19-14.26.53:540][539]LogLinker: Warning: Can't find file for asset '/Game/yeetybox_Blueprint' while loading ../../../../../../Users/iD Student/Desktop/Steven S/ID-Tech-Group-Project/Group_Project/Content/Levels/Level_1.umap.
[2018.07.19-14.26.53:542][539]LogLinker: Warning: Can't find file '/Game/yeetybox_Blueprint'
[2018.07.19-14.26.53:542][539]LogLinker: Warning: Can't find file for asset '/Game/yeetybox_Blueprint' while loading NULL.
[2018.07.19-14.26.53:542][539]LogLinker: Warning: Can't find file '/Game/yeetybox_Blueprint'
[2018.07.19-14.26.53:542][539]LogLinker: Warning: Can't find file for asset '/Game/yeetybox_Blueprint' while loading NULL.
[2018.07.19-14.26.53:542][539]LogLinker: Warning: Can't find file '/Game/yeetybox_Blueprint'
[2018.07.19-14.26.53:542][539]LogLinker: Warning: Can't find file for asset '/Game/yeetybox_Blueprint' while loading NULL.
[2018.07.19-14.26.53:542][539]LogLinker: Warning: Can't find file '/Game/yeetybox_Blueprint'
[2018.07.19-14.26.53:542][539]LogLinker: Warning: Can't find file for asset '/Game/yeetybox_Blueprint' while loading NULL.
[2018.07.19-14.26.53:809][539]LogTexture: Display: Building textures: Texture2D_0 (BGRA8, 512X512)
[2018.07.19-14.26.54:036][539]LogAIModule: Creating AISystem for world Level_1
[2018.07.19-14.26.54:146][539]Cmd: MAP LOAD FILE="../../../../../../Users/iD Student/Desktop/Steven S/ID-Tech-Group-Project/Group_Project/Content/Levels/Level_1.umap" TEMPLATE=0 SHOWPROGRESS=1 FEATURELEVEL=3
[2018.07.19-14.26.54:146][539]LightingResults: New page: Lighting Build
[2018.07.19-14.26.54:147][539]LoadErrors: New page: Loading map: Level_1.umap
[2018.07.19-14.26.54:149][539]MapCheck: New page: Map Check
[2018.07.19-14.26.54:149][539]LightingResults: New page: Lighting Build
[2018.07.19-14.26.54:257][539]LogStreaming: Display: ULevelStreaming::RequestLevel(/Game/Levels/StevensMap) is flushing async loading
[2018.07.19-14.26.54:289][539]LoadErrors: Warning: CreateExport: Failed to load Outer for resource 'Sprite': yeetybox_Blueprint_C /Game/Levels/Level_1.Level_1:PersistentLevel.yeetybox_Blueprint
[2018.07.19-14.26.54:289][539]LoadErrors: Warning: CreateExport: Failed to load Outer for resource 'Sprite': yeetybox_Blueprint_C /Game/Levels/Level_1.Level_1:PersistentLevel.yeetybox_Blueprint2
[2018.07.19-14.26.54:289][539]LoadErrors: Warning: CreateExport: Failed to load Outer for resource 'CollisionComp': yeetybox_Blueprint_C /Game/Levels/Level_1.Level_1:PersistentLevel.yeetybox_Blueprint
[2018.07.19-14.26.54:289][539]LoadErrors: Warning: CreateExport: Failed to load Outer for resource 'CollisionComp': yeetybox_Blueprint_C /Game/Levels/Level_1.Level_1:PersistentLevel.yeetybox_Blueprint2
[2018.07.19-14.26.54:476][539]LogEditorServer: Finished looking for orphan Actors (0.000 secs)
[2018.07.19-14.26.54:547][539]Cmd: MAP CHECKDEP NOCLEARLOG
[2018.07.19-14.26.54:651][539]MapCheck: Map check complete: 0 Error(s), 0 Warning(s), took 103.602ms to complete.
[2018.07.19-14.26.54:651][539]LogFileHelpers: Loading map 'Level_1' took 0.505
[2018.07.19-14.26.58:602][735]LogSlate: Window 'Message Log' being destroyed
[2018.07.19-14.26.58:611][735]LogSlate: Window 'Message Log' being destroyed
[2018.07.19-14.27.11:312][483]LogSlate: FSceneViewport::OnFocusLost() reason 0
[2018.07.19-14.27.16:672][798]LogSlate: FSceneViewport::OnFocusLost() reason 0
[2018.07.19-14.27.17:759][851]LogTexture: Display: Building textures: Texture2D_2 (G8, 128X128)
[2018.07.19-14.28.02:513][335]LogSlate: FSceneViewport::OnFocusLost() reason 2
[2018.07.19-14.28.36:965][369]LogSlate: FSceneViewport::OnFocusLost() reason 0
[2018.07.19-14.28.37:111][374]LogSpawn: Warning: UWorld::DestroyActor: World has no context! World: StevensMap, Actor: /Game/Levels/StevensMap.StevensMap:PersistentLevel.REINST_StevensMap_C_0
[2018.07.19-14.28.37:225][374]LogSavePackage: Save=119.63ms
[2018.07.19-14.28.37:226][374]LogSavePackage: Moving '../../../../../../Users/iD Student/Desktop/Steven S/ID-Tech-Group-Project/Group_Project/Saved/StevensMapBD0085174E543960687DDA88B529EEEF.tmp' to '../../../../../../Users/iD Student/Desktop/Steven S/ID-Tech-Group-Project/Group_Project/Content/Levels/StevensMap.umap'
[2018.07.19-14.28.37:229][374]LogSavePackage: Display: Finished SavePackage ../../../../../../Users/iD Student/Desktop/Steven S/ID-Tech-Group-Project/Group_Project/Content/Levels/StevensMap.umap
[2018.07.19-14.28.37:336][374]LogSavePackage: Save=88.08ms
[2018.07.19-14.28.37:336][374]LogSavePackage: Moving '../../../../../../Users/iD Student/Desktop/Steven S/ID-Tech-Group-Project/Group_Project/Saved/StevensMap_BuiltDataF2393BBD4C39DEFA666A6E9C12F9CFBE.tmp' to '../../../../../../Users/iD Student/Desktop/Steven S/ID-Tech-Group-Project/Group_Project/Content/Levels/StevensMap_BuiltData.uasset'
[2018.07.19-14.28.37:338][374]LogSavePackage: Display: Finished SavePackage ../../../../../../Users/iD Student/Desktop/Steven S/ID-Tech-Group-Project/Group_Project/Content/Levels/StevensMap_BuiltData.uasset
[2018.07.19-14.28.38:284][424]LogSlate: FSceneViewport::OnFocusLost() reason 0
[2018.07.19-14.28.43:845][429]LogSlate: Window 'Save Content' being destroyed
[2018.07.19-14.28.43:938][429]LogSlate: Window 'Group_Project - Unreal Editor' being destroyed
[2018.07.19-14.28.44:236][430]Cmd: QUIT_EDITOR
[2018.07.19-14.28.44:252][430]LogWindowsTextInputMethodSystem: Display: IME system now deactivated.
[2018.07.19-14.28.44:266][430]LogSlate: Slate User Destroyed.  User Index 0, Is Virtual User: 0
[2018.07.19-14.28.44:267][430]LogExit: Preparing to exit.
[2018.07.19-14.28.44:673][430]LogDirectoryWatcher: A directory notification for 'C:/Users/iD Student/Desktop/Steven S/ID-Tech-Group-Project/Group_Project/Content/' was aborted.
[2018.07.19-14.28.44:718][430]LogExit: Editor shut down
[2018.07.19-14.28.44:722][430]LogExit: Transaction tracking system shut down
[2018.07.19-14.28.44:943][430]LogDirectoryWatcher: A directory notification for '../../../Engine/Content/' was aborted.
[2018.07.19-14.28.44:944][430]LogDirectoryWatcher: A directory notification for '../../../../../../Users/iD Student/Desktop/Steven S/ID-Tech-Group-Project/Group_Project/Content/' was aborted.
[2018.07.19-14.28.44:944][430]LogDirectoryWatcher: A directory notification for '../../Plugins/2D/Paper2D/Content/' was aborted.
[2018.07.19-14.28.44:944][430]LogDirectoryWatcher: A directory notification for '../../Plugins/Enterprise/DatasmithContent/Content/' was aborted.
[2018.07.19-14.28.44:944][430]LogDirectoryWatcher: A directory notification for '../../Plugins/Media/MediaCompositing/Content/' was aborted.
[2018.07.19-14.28.44:944][430]LogDirectoryWatcher: A directory notification for '../../Plugins/Runtime/AppleARKit/Content/' was aborted.
[2018.07.19-14.28.44:944][430]LogDirectoryWatcher: A directory notification for '../../Plugins/Runtime/Oculus/OculusVR/Content/' was aborted.
[2018.07.19-14.28.44:944][430]LogDirectoryWatcher: A directory notification for '../../Plugins/Runtime/Steam/SteamVR/Content/' was aborted.
[2018.07.19-14.28.45:008][430]LogExit: Object subsystem successfully closed.
[2018.07.19-14.28.45:036][430]LogShaderCompilers: Display: Shaders left to compile 0
[2018.07.19-14.28.45:042][430]LogD3D11RHI: Shutdown
[2018.07.19-14.28.45:042][430]LogD3D11RHI: CleanupD3DDevice
[2018.07.19-14.28.45:044][430]LogD3D11RHI: ~FD3D11DynamicRHI
[2018.07.19-14.28.45:059][430]LogModuleManager: Shutting down and abandoning module HierarchicalLODOutliner (580)
[2018.07.19-14.28.45:059][430]LogModuleManager: Shutting down and abandoning module SceneOutliner (578)
[2018.07.19-14.28.45:059][430]LogModuleManager: Shutting down and abandoning module AddContentDialog (576)
[2018.07.19-14.28.45:059][430]LogDirectoryWatcher: A directory notification for 'C:/Program Files/Epic Games/UE_4.19/FeaturePacks/' was aborted.
[2018.07.19-14.28.45:059][430]LogModuleManager: Shutting down and abandoning module WidgetCarousel (575)
[2018.07.19-14.28.45:060][430]LogModuleManager: Shutting down and abandoning module EditorWidgets (572)
[2018.07.19-14.28.45:060][430]LogModuleManager: Shutting down and abandoning module CollectionManager (570)
[2018.07.19-14.28.45:060][430]LogDirectoryWatcher: A directory notification for 'C:/Users/iD Student/Desktop/Steven S/ID-Tech-Group-Project/Group_Project/Content/Collections/' was aborted.
[2018.07.19-14.28.45:060][430]LogDirectoryWatcher: A directory notification for 'C:/Users/iD Student/Desktop/Steven S/ID-Tech-Group-Project/Group_Project/Content/Developers/iDStudent/Collections/' was aborted.
[2018.07.19-14.28.45:060][430]LogDirectoryWatcher: A directory notification for 'C:/Users/iD Student/Desktop/Steven S/ID-Tech-Group-Project/Group_Project/Saved/Collections/' was aborted.
[2018.07.19-14.28.45:060][430]LogModuleManager: Shutting down and abandoning module WorldBrowser (568)
[2018.07.19-14.28.45:060][430]LogModuleManager: Shutting down and abandoning module StatsViewer (566)
[2018.07.19-14.28.45:060][430]LogModuleManager: Shutting down and abandoning module FoliageEdit (564)
[2018.07.19-14.28.45:060][430]LogModuleManager: Shutting down and abandoning module LandscapeEditor (562)
[2018.07.19-14.28.45:060][430]LogModuleManager: Shutting down and abandoning module MeshPaintMode (560)
[2018.07.19-14.28.45:060][430]LogModuleManager: Shutting down and abandoning module SceneDepthPickerMode (558)
[2018.07.19-14.28.45:060][430]LogModuleManager: Shutting down and abandoning module ActorPickerMode (556)
[2018.07.19-14.28.45:060][430]LogModuleManager: Shutting down and abandoning module GeometryMode (554)
[2018.07.19-14.28.45:060][430]LogModuleManager: Shutting down and abandoning module TextureAlignMode (552)
[2018.07.19-14.28.45:060][430]LogModuleManager: Shutting down and abandoning module BspMode (550)
[2018.07.19-14.28.45:060][430]LogModuleManager: Shutting down and abandoning module PIEPreviewDeviceProfileSelector (548)
[2018.07.19-14.28.45:060][430]LogModuleManager: Shutting down and abandoning module HardwareSurvey (546)
[2018.07.19-14.28.45:060][430]LogModuleManager: Shutting down and abandoning module SequenceRecorderSections (544)
[2018.07.19-14.28.45:060][430]LogModuleManager: Shutting down and abandoning module AutomationWorker (542)
[2018.07.19-14.28.45:060][430]LogModuleManager: Shutting down and abandoning module AudioCaptureEditor (540)
[2018.07.19-14.28.45:060][430]LogModuleManager: Shutting down and abandoning module SequenceRecorder (539)
[2018.07.19-14.28.45:060][430]LogModuleManager: Shutting down and abandoning module MatineeToLevelSequence (536)
[2018.07.19-14.28.45:060][430]LogModuleManager: Shutting down and abandoning module LevelSequenceEditor (534)
[2018.07.19-14.28.45:060][430]LogModuleManager: Shutting down and abandoning module PlacementMode (533)
[2018.07.19-14.28.45:060][430]LogModuleManager: Shutting down and abandoning module MaterialEditor (532)
[2018.07.19-14.28.45:060][430]LogModuleManager: Shutting down and abandoning module WmfMediaFactory (528)
[2018.07.19-14.28.45:060][430]LogModuleManager: Shutting down and abandoning module WmfMediaEditor (526)
[2018.07.19-14.28.45:060][430]LogModuleManager: Shutting down and abandoning module MediaPlayerEditor (524)
[2018.07.19-14.28.45:060][430]LogModuleManager: Shutting down and abandoning module OpenExrWrapper (522)
[2018.07.19-14.28.45:060][430]LogModuleManager: Shutting down and abandoning module ImgMediaFactory (520)
[2018.07.19-14.28.45:061][430]LogModuleManager: Shutting down and abandoning module ImgMediaEditor (518)
[2018.07.19-14.28.45:061][430]LogModuleManager: Shutting down and abandoning module AvfMediaFactory (516)
[2018.07.19-14.28.45:061][430]LogModuleManager: Shutting down and abandoning module AvfMediaEditor (514)
[2018.07.19-14.28.45:061][430]LogModuleManager: Shutting down and abandoning module AndroidMediaFactory (512)
[2018.07.19-14.28.45:061][430]LogModuleManager: Shutting down and abandoning module AndroidMediaEditor (510)
[2018.07.19-14.28.45:061][430]LogModuleManager: Shutting down and abandoning module CharacterAI (508)
[2018.07.19-14.28.45:061][430]LogModuleManager: Shutting down and abandoning module SmartSnapping (506)
[2018.07.19-14.28.45:061][430]LogModuleManager: Shutting down and abandoning module SessionServices (504)
[2018.07.19-14.28.45:061][430]LogModuleManager: Shutting down and abandoning module ViewportSnapping (502)
[2018.07.19-14.28.45:061][430]LogModuleManager: Shutting down and abandoning module ViewportInteraction (500)
[2018.07.19-14.28.45:061][430]LogModuleManager: Shutting down and abandoning module ClothPainter (498)
[2018.07.19-14.28.45:061][430]LogModuleManager: Shutting down and abandoning module SkeletalMeshEditor (497)
[2018.07.19-14.28.45:061][430]LogModuleManager: Shutting down and abandoning module LogVisualizer (494)
[2018.07.19-14.28.45:061][430]LogModuleManager: Shutting down and abandoning module IntroTutorials (492)
[2018.07.19-14.28.45:061][430]LogModuleManager: Shutting down and abandoning module GameProjectGeneration (491)
[2018.07.19-14.28.45:061][430]LogModuleManager: Shutting down and abandoning module IOSPlatformEditor (488)
[2018.07.19-14.28.45:061][430]LogModuleManager: Shutting down and abandoning module HTML5PlatformEditor (486)
[2018.07.19-14.28.45:061][430]LogModuleManager: Shutting down and abandoning module AndroidPlatformEditor (484)
[2018.07.19-14.28.45:061][430]LogModuleManager: Shutting down and abandoning module AndroidDeviceDetection (483)
[2018.07.19-14.28.45:375][430]LogModuleManager: Shutting down and abandoning module WindowsPlatformEditor (480)
[2018.07.19-14.28.45:375][430]LogModuleManager: Shutting down and abandoning module IOSRuntimeSettings (478)
[2018.07.19-14.28.45:375][430]LogModuleManager: Shutting down and abandoning module AndroidRuntimeSettings (476)
[2018.07.19-14.28.45:375][430]LogModuleManager: Shutting down and abandoning module InputBindingEditor (474)
[2018.07.19-14.28.45:375][430]LogModuleManager: Shutting down and abandoning module MergeActors (472)
[2018.07.19-14.28.45:376][430]LogModuleManager: Shutting down and abandoning module LocalizationDashboard (470)
[2018.07.19-14.28.45:376][430]LogModuleManager: Shutting down and abandoning module LocalizationService (469)
[2018.07.19-14.28.45:376][430]LogModuleManager: Shutting down and abandoning module HardwareTargeting (466)
[2018.07.19-14.28.45:376][430]LogModuleManager: Shutting down and abandoning module DeviceProfileEditor (464)
[2018.07.19-14.28.45:376][430]LogModuleManager: Shutting down and abandoning module UndoHistory (462)
[2018.07.19-14.28.45:376][430]LogModuleManager: Shutting down and abandoning module XmlParser (460)
[2018.07.19-14.28.45:376][430]LogModuleManager: Shutting down and abandoning module Blutility (458)
[2018.07.19-14.28.45:376][430]LogModuleManager: Shutting down and abandoning module ProjectSettingsViewer (456)
[2018.07.19-14.28.45:376][430]LogModuleManager: Shutting down and abandoning module ProjectTargetPlatformEditor (455)
[2018.07.19-14.28.45:377][430]LogModuleManager: Shutting down and abandoning module EditorSettingsViewer (452)
[2018.07.19-14.28.45:377][430]LogModuleManager: Shutting down and abandoning module SettingsEditor (450)
[2018.07.19-14.28.45:377][430]LogModuleManager: Shutting down and abandoning module ProjectLauncher (448)
[2018.07.19-14.28.45:377][430]LogModuleManager: Shutting down and abandoning module SessionFrontend (446)
[2018.07.19-14.28.45:377][430]LogModuleManager: Shutting down and abandoning module ProfilerClient (444)
[2018.07.19-14.28.45:377][430]LogModuleManager: Shutting down and abandoning module DeviceManager (442)
[2018.07.19-14.28.45:377][430]LogModuleManager: Shutting down and abandoning module TargetDeviceServices (441)
[2018.07.19-14.28.45:441][430]LogModuleManager: Shutting down and abandoning module AutomationController (438)
[2018.07.19-14.28.45:441][430]LogModuleManager: Shutting down and abandoning module AutomationWindow (436)
[2018.07.19-14.28.45:441][430]LogModuleManager: Shutting down and abandoning module Layers (434)
[2018.07.19-14.28.45:441][430]LogModuleManager: Shutting down and abandoning module ComponentVisualizers (432)
[2018.07.19-14.28.45:441][430]LogModuleManager: Shutting down and abandoning module DetailCustomizations (430)
[2018.07.19-14.28.45:441][430]LogModuleManager: Shutting down and abandoning module PackagesDialog (428)
[2018.07.19-14.28.45:442][430]LogModuleManager: Shutting down and abandoning module Persona (426)
[2018.07.19-14.28.45:442][430]LogModuleManager: Shutting down and abandoning module AdvancedPreviewScene (425)
[2018.07.19-14.28.45:442][430]LogModuleManager: Shutting down and abandoning module AnimGraph (423)
[2018.07.19-14.28.45:442][430]LogModuleManager: Shutting down and abandoning module Kismet (420)
[2018.07.19-14.28.45:443][430]LogModuleManager: Shutting down and abandoning module GraphEditor (418)
[2018.07.19-14.28.45:443][430]LogModuleManager: Shutting down and abandoning module ClassViewer (416)
[2018.07.19-14.28.45:443][430]LogModuleManager: Shutting down and abandoning module Toolbox (414)
[2018.07.19-14.28.45:443][430]LogModuleManager: Shutting down and abandoning module ModuleUI (412)
[2018.07.19-14.28.45:443][430]LogModuleManager: Shutting down and abandoning module MovieSceneTools (410)
[2018.07.19-14.28.45:444][430]LogModuleManager: Shutting down and abandoning module OutputLog (408)
[2018.07.19-14.28.45:444][430]LogModuleManager: Shutting down and abandoning module GammaUI (406)
[2018.07.19-14.28.45:444][430]LogModuleManager: Shutting down and abandoning module Documentation (404)
[2018.07.19-14.28.45:444][430]LogModuleManager: Shutting down and abandoning module MovieSceneTracks (402)
[2018.07.19-14.28.45:444][430]LogModuleManager: Shutting down and abandoning module MovieScene (400)
[2018.07.19-14.28.45:444][430]LogModuleManager: Shutting down and abandoning module StreamingPauseRendering (398)
[2018.07.19-14.28.45:444][430]LogModuleManager: Shutting down and abandoning module LauncherPlatform (396)
[2018.07.19-14.28.45:444][430]LogModuleManager: Shutting down and abandoning module AnalyticsET (394)
[2018.07.19-14.28.45:444][430]LogModuleManager: Shutting down and abandoning module PortalServices (392)
[2018.07.19-14.28.45:444][430]LogModuleManager: Shutting down and abandoning module PortalRpc (390)
[2018.07.19-14.28.45:444][430]LogModuleManager: Shutting down and abandoning module MessagingRpc (388)
[2018.07.19-14.28.45:444][430]LogModuleManager: Shutting down and abandoning module AIModule (386)
[2018.07.19-14.28.45:444][430]LogModuleManager: Shutting down and abandoning module GameplayDebugger (385)
[2018.07.19-14.28.45:444][430]LogModuleManager: Shutting down and abandoning module AITestSuite (383)
[2018.07.19-14.28.45:444][430]LogModuleManager: Shutting down and abandoning module DesktopPlatform (380)
[2018.07.19-14.28.45:444][430]LogModuleManager: Shutting down and abandoning module ProfilerService (378)
[2018.07.19-14.28.45:610][430]LogModuleManager: Shutting down and abandoning module TaskGraph (376)
[2018.07.19-14.28.45:610][430]LogModuleManager: Shutting down and abandoning module SteamVRController (374)
[2018.07.19-14.28.45:610][430]LogModuleManager: Shutting down and abandoning module ProceduralMeshComponentEditor (372)
[2018.07.19-14.28.45:611][430]LogModuleManager: Shutting down and abandoning module ProceduralMeshComponent (370)
[2018.07.19-14.28.45:611][430]LogModuleManager: Shutting down and abandoning module OculusInput (368)
[2018.07.19-14.28.45:611][430]LogModuleManager: Shutting down and abandoning module MobilePatchingUtils (366)
[2018.07.19-14.28.45:611][430]LogModuleManager: Shutting down and abandoning module CustomMeshComponent (364)
[2018.07.19-14.28.45:611][430]LogModuleManager: Shutting down and abandoning module CableComponent (362)
[2018.07.19-14.28.45:611][430]LogModuleManager: Shutting down and abandoning module AudioCapture (360)
[2018.07.19-14.28.45:611][430]LogModuleManager: Shutting down and abandoning module ArchVisCharacter (358)
[2018.07.19-14.28.45:611][430]LogModuleManager: Shutting down and abandoning module AndroidPermission (356)
[2018.07.19-14.28.45:611][430]LogModuleManager: Shutting down and abandoning module NUTUnrealEngine4 (352)
[2018.07.19-14.28.45:611][430]LogModuleManager: Shutting down and abandoning module NetcodeUnitTest (350)
[2018.07.19-14.28.45:611][430]LogModuleManager: Shutting down and abandoning module MediaCompositingEditor (348)
[2018.07.19-14.28.45:611][430]LogModuleManager: Shutting down and abandoning module MediaCompositing (346)
[2018.07.19-14.28.45:611][430]LogModuleManager: Shutting down and abandoning module LinearTimecode (344)
[2018.07.19-14.28.45:611][430]LogModuleManager: Shutting down and abandoning module ImgMedia (342)
[2018.07.19-14.28.45:618][430]LogModuleManager: Shutting down and abandoning module HTML5Networking (340)
[2018.07.19-14.28.45:618][430]LogModuleManager: Shutting down and abandoning module AlembicImporter (338)
[2018.07.19-14.28.45:618][430]LogModuleManager: Shutting down and abandoning module AlembicLibrary (337)
[2018.07.19-14.28.45:618][430]LogModuleManager: Shutting down and abandoning module GeometryCache (336)
[2018.07.19-14.28.45:618][430]LogModuleManager: Shutting down and abandoning module GeometryCacheEd (335)
[2018.07.19-14.28.45:618][430]LogModuleManager: Shutting down and abandoning module DatasmithContent (330)
[2018.07.19-14.28.45:619][430]LogModuleManager: Shutting down and abandoning module SpeedTreeImporter (328)
[2018.07.19-14.28.45:619][430]LogModuleManager: Shutting down and abandoning module PluginBrowser (326)
[2018.07.19-14.28.45:619][430]LogModuleManager: Shutting down and abandoning module MobileLauncherProfileWizard (324)
[2018.07.19-14.28.45:619][430]LogModuleManager: Shutting down and abandoning module CryptoKeysOpenSSL (322)
[2018.07.19-14.28.45:619][430]LogModuleManager: Shutting down and abandoning module CryptoKeys (320)
[2018.07.19-14.28.45:619][430]LogModuleManager: Shutting down and abandoning module VisualStudioSourceCodeAccess (318)
[2018.07.19-14.28.45:619][430]LogModuleManager: Shutting down and abandoning module VisualStudioCodeSourceCodeAccess (316)
[2018.07.19-14.28.45:619][430]LogModuleManager: Shutting down and abandoning module UObjectPlugin (314)
[2018.07.19-14.28.45:619][430]LogModuleManager: Shutting down and abandoning module SubversionSourceControl (312)
[2018.07.19-14.28.45:619][430]LogModuleManager: Shutting down and abandoning module PerforceSourceControl (310)
[2018.07.19-14.28.45:619][430]LogModuleManager: Shutting down and abandoning module GitSourceControl (308)
[2018.07.19-14.28.45:619][430]LogModuleManager: Shutting down and abandoning module SourceControl (307)
[2018.07.19-14.28.45:619][430]LogModuleManager: Shutting down and abandoning module CLionSourceCodeAccess (304)
[2018.07.19-14.28.45:620][430]LogModuleManager: Shutting down and abandoning module LightPropagationVolumeEditor (302)
[2018.07.19-14.28.45:620][430]LogModuleManager: Shutting down and abandoning module PaperTiledImporter (300)
[2018.07.19-14.28.45:620][430]LogModuleManager: Shutting down and abandoning module PaperSpriteSheetImporter (298)
[2018.07.19-14.28.45:620][430]LogModuleManager: Shutting down and abandoning module Paper2DEditor (296)
[2018.07.19-14.28.45:620][430]LogModuleManager: Shutting down and abandoning module MeshPaint (295)
[2018.07.19-14.28.45:620][430]LogModuleManager: Shutting down and abandoning module RuntimePhysXCooking (292)
[2018.07.19-14.28.45:620][430]LogModuleManager: Shutting down and abandoning module PhysXVehiclesEditor (290)
[2018.07.19-14.28.45:620][430]LogModuleManager: Shutting down and abandoning module PhysXVehicles (288)
[2018.07.19-14.28.45:620][430]LogModuleManager: Shutting down and abandoning module OculusEditor (286)
[2018.07.19-14.28.45:620][430]LogModuleManager: Shutting down and abandoning module LocationServicesBPLibrary (284)
[2018.07.19-14.28.45:620][430]LogModuleManager: Shutting down and abandoning module ImmediatePhysicsEditor (282)
[2018.07.19-14.28.45:620][430]LogModuleManager: Shutting down and abandoning module ImmediatePhysics (280)
[2018.07.19-14.28.45:620][430]LogModuleManager: Shutting down and abandoning module ApexDestructionEditor (278)
[2018.07.19-14.28.45:620][430]LogModuleManager: Shutting down and abandoning module ApexDestruction (276)
[2018.07.19-14.28.45:620][430]LogModuleManager: Shutting down and abandoning module ActorSequence (274)
[2018.07.19-14.28.45:620][430]LogModuleManager: Shutting down and abandoning module UdpMessaging (272)
[2018.07.19-14.28.45:721][430]LogModuleManager: Shutting down and abandoning module TcpMessaging (270)
[2018.07.19-14.28.45:821][430]LogModuleManager: Shutting down and abandoning module GameplayTagsEditor (268)
[2018.07.19-14.28.45:821][430]LogModuleManager: Shutting down and abandoning module FacialAnimationEditor (266)
[2018.07.19-14.28.45:821][430]LogModuleManager: Shutting down and abandoning module FacialAnimation (264)
[2018.07.19-14.28.45:821][430]LogModuleManager: Shutting down and abandoning module DataValidation (262)
[2018.07.19-14.28.45:821][430]LogModuleManager: Shutting down and abandoning module AssetManagerEditor (260)
[2018.07.19-14.28.45:821][430]LogModuleManager: Shutting down and abandoning module LevelEditor (259)
[2018.07.19-14.28.45:822][430]LogModuleManager: Shutting down and abandoning module PixelInspectorModule (258)
[2018.07.19-14.28.45:823][430]LogModuleManager: Shutting down and abandoning module CommonMenuExtensions (256)
[2018.07.19-14.28.45:823][430]LogModuleManager: Shutting down and abandoning module MainFrame (254)
[2018.07.19-14.28.45:823][430]LogModuleManager: Shutting down and abandoning module HotReload (253)
[2018.07.19-14.28.45:823][430]LogModuleManager: Shutting down and abandoning module ContentBrowser (249)
[2018.07.19-14.28.45:825][430]LogModuleManager: Shutting down and abandoning module TreeMap (247)
[2018.07.19-14.28.45:825][430]LogModuleManager: Shutting down and abandoning module LightPropagationVolumeRuntime (244)
[2018.07.19-14.28.45:825][430]LogModuleManager: Shutting down and abandoning module LiveLinkEditor (242)
[2018.07.19-14.28.45:825][430]LogModuleManager: Shutting down and abandoning module LiveLink (240)
[2018.07.19-14.28.46:237][430]LogModuleManager: Shutting down and abandoning module Paper2D (238)
[2018.07.19-14.28.46:237][430]LogModuleManager: Shutting down and abandoning module WindowsMoviePlayer (236)
[2018.07.19-14.28.46:237][430]LogModuleManager: Shutting down and abandoning module WmfMedia (234)
[2018.07.19-14.28.46:242][430]LogModuleManager: Shutting down and abandoning module Media (233)
[2018.07.19-14.28.46:248][430]LogModuleManager: Shutting down and abandoning module PacketHandler (230)
[2018.07.19-14.28.46:248][430]LogModuleManager: Shutting down and abandoning module ClothingSystemEditor (228)
[2018.07.19-14.28.46:248][430]LogModuleManager: Shutting down and abandoning module ClothingSystemRuntime (226)
[2018.07.19-14.28.46:248][430]LogModuleManager: Shutting down and abandoning module MediaAssets (224)
[2018.07.19-14.28.46:248][430]LogModuleManager: Shutting down and abandoning module Overlay (222)
[2018.07.19-14.28.46:248][430]LogModuleManager: Shutting down and abandoning module OverlayEditor (221)
[2018.07.19-14.28.46:248][430]LogModuleManager: Shutting down and abandoning module VREditor (218)
[2018.07.19-14.28.46:248][430]LogModuleManager: Shutting down and abandoning module StringTableEditor (216)
[2018.07.19-14.28.46:249][430]LogModuleManager: Shutting down and abandoning module GameplayTasksEditor (214)
[2018.07.19-14.28.46:249][430]LogModuleManager: Shutting down and abandoning module BehaviorTreeEditor (212)
[2018.07.19-14.28.46:249][430]LogModuleManager: Shutting down and abandoning module FunctionalTesting (210)
[2018.07.19-14.28.46:249][430]LogModuleManager: Shutting down and abandoning module CollisionAnalyzer (208)
[2018.07.19-14.28.46:249][430]LogModuleManager: Shutting down and abandoning module WorkspaceMenuStructure (207)
[2018.07.19-14.28.46:249][430]LogModuleManager: Shutting down and abandoning module UMG (204)
[2018.07.19-14.28.46:249][430]LogModuleManager: Shutting down and abandoning module UMGEditor (203)
[2018.07.19-14.28.46:249][430]LogModuleManager: Shutting down and abandoning module Sequencer (202)
[2018.07.19-14.28.46:249][430]LogModuleManager: Shutting down and abandoning module MessageLog (199)
[2018.07.19-14.28.46:249][430]LogModuleManager: Shutting down and abandoning module SlateReflector (194)
[2018.07.19-14.28.46:249][430]LogModuleManager: Shutting down and abandoning module Slate (192)
[2018.07.19-14.28.46:249][430]LogModuleManager: Shutting down and abandoning module EditorStyle (190)
[2018.07.19-14.28.46:251][430]LogModuleManager: Shutting down and abandoning module MRMesh (188)
[2018.07.19-14.28.46:251][430]LogModuleManager: Shutting down and abandoning module SourceCodeAccess (186)
[2018.07.19-14.28.46:251][430]LogModuleManager: Shutting down and abandoning module HeadMountedDisplay (184)
[2018.07.19-14.28.46:251][430]LogModuleManager: Shutting down and abandoning module XAudio2 (182)
[2018.07.19-14.28.46:251][430]LogModuleManager: Shutting down and abandoning module Networking (180)
[2018.07.19-14.28.46:251][430]LogModuleManager: Shutting down and abandoning module Core (178)
[2018.07.19-14.28.46:251][430]LogModuleManager: Shutting down and abandoning module LevelSequence (176)
[2018.07.19-14.28.46:251][430]LogModuleManager: Shutting down and abandoning module KismetCompiler (174)
[2018.07.19-14.28.46:251][430]LogModuleManager: Shutting down and abandoning module MeshUtilities (172)
[2018.07.19-14.28.46:251][430]LogModuleManager: Shutting down and abandoning module MeshMergeUtilities (171)
[2018.07.19-14.28.46:251][430]LogModuleManager: Shutting down and abandoning module MeshReductionInterface (170)
[2018.07.19-14.28.46:251][430]LogModuleManager: Shutting down and abandoning module SimplygonSwarm (169)
[2018.07.19-14.28.46:251][430]LogModuleManager: Shutting down and abandoning module SimplygonMeshReduction (167)
[2018.07.19-14.28.46:251][430]LogModuleManager: Shutting down and abandoning module QuadricMeshReduction (165)
[2018.07.19-14.28.46:251][430]LogModuleManager: Shutting down and abandoning module MaterialBaking (161)
[2018.07.19-14.28.46:251][430]LogModuleManager: Shutting down and abandoning module DirectoryWatcher (157)
[2018.07.19-14.28.46:252][430]LogModuleManager: Shutting down and abandoning module DerivedDataCache (154)
[2018.07.19-14.28.46:296][430]LogDerivedDataCache: Shutdown
[2018.07.19-14.28.46:297][430]LogModuleManager: Shutting down and abandoning module XGEController (152)
[2018.07.19-14.28.46:297][430]LogXGEController: Cleaning working directory: C:/Users/iD Student/AppData/Local/Temp/UnrealXGEWorkingDir/
[2018.07.19-14.28.46:297][430]LogModuleManager: Shutting down and abandoning module TargetPlatform (150)
[2018.07.19-14.28.46:297][430]LogModuleManager: Shutting down and abandoning module VulkanShaderFormat (149)
[2018.07.19-14.28.46:297][430]LogModuleManager: Shutting down and abandoning module ShaderFormatVectorVM (147)
[2018.07.19-14.28.46:297][430]LogModuleManager: Shutting down and abandoning module ShaderFormatOpenGL (145)
[2018.07.19-14.28.46:297][430]LogModuleManager: Shutting down and abandoning module ShaderFormatD3D (143)
[2018.07.19-14.28.46:297][430]LogModuleManager: Shutting down and abandoning module MetalShaderFormat (141)
[2018.07.19-14.28.46:297][430]LogModuleManager: Shutting down and abandoning module TextureFormatUncompressed (139)
[2018.07.19-14.28.46:297][430]LogModuleManager: Shutting down and abandoning module TextureFormatPVR (137)
[2018.07.19-14.28.46:297][430]LogModuleManager: Shutting down and abandoning module TextureFormatDXT (135)
[2018.07.19-14.28.46:297][430]LogModuleManager: Shutting down and abandoning module TextureFormatIntelISPCTexComp (133)
[2018.07.19-14.28.46:297][430]LogModuleManager: Shutting down and abandoning module TextureFormatASTC (131)
[2018.07.19-14.28.46:297][430]LogModuleManager: Shutting down and abandoning module ImageWrapper (130)
[2018.07.19-14.28.46:297][430]LogModuleManager: Shutting down and abandoning module TextureFormatAndroid (127)
[2018.07.19-14.28.46:297][430]LogModuleManager: Shutting down and abandoning module AudioFormatOpus (125)
[2018.07.19-14.28.46:297][430]LogModuleManager: Shutting down and abandoning module AudioFormatOgg (123)
[2018.07.19-14.28.46:297][430]LogModuleManager: Shutting down and abandoning module AudioFormatADPCM (121)
[2018.07.19-14.28.46:297][430]LogModuleManager: Shutting down and abandoning module LinuxTargetPlatform (119)
[2018.07.19-14.28.46:297][430]LogModuleManager: Shutting down and abandoning module LinuxServerTargetPlatform (117)
[2018.07.19-14.28.46:297][430]LogModuleManager: Shutting down and abandoning module LinuxNoEditorTargetPlatform (115)
[2018.07.19-14.28.46:297][430]LogModuleManager: Shutting down and abandoning module LinuxClientTargetPlatform (113)
[2018.07.19-14.28.46:297][430]LogModuleManager: Shutting down and abandoning module TVOSTargetPlatform (111)
[2018.07.19-14.28.46:297][430]LogModuleManager: Shutting down and abandoning module Messaging (109)
[2018.07.19-14.28.46:297][430]LogModuleManager: Shutting down and abandoning module IOSTargetPlatform (107)
[2018.07.19-14.28.46:297][430]LogModuleManager: Shutting down and abandoning module HTML5TargetPlatform (105)
[2018.07.19-14.28.46:297][430]LogModuleManager: Shutting down and abandoning module AndroidTargetPlatform (103)
[2018.07.19-14.28.46:297][430]LogModuleManager: Shutting down and abandoning module Android_PVRTCTargetPlatform (101)
[2018.07.19-14.28.46:297][430]LogModuleManager: Shutting down and abandoning module Android_MultiTargetPlatform (99)
[2018.07.19-14.28.46:298][430]LogModuleManager: Shutting down and abandoning module Android_ETC2TargetPlatform (97)
[2018.07.19-14.28.46:298][430]LogModuleManager: Shutting down and abandoning module Android_ETC1TargetPlatform (95)
[2018.07.19-14.28.46:298][430]LogModuleManager: Shutting down and abandoning module Android_ETC1aTargetPlatform (93)
[2018.07.19-14.28.46:298][430]LogModuleManager: Shutting down and abandoning module Android_DXTTargetPlatform (91)
[2018.07.19-14.28.46:298][430]LogModuleManager: Shutting down and abandoning module Android_ATCTargetPlatform (89)
[2018.07.19-14.28.46:298][430]LogModuleManager: Shutting down and abandoning module Android_ASTCTargetPlatform (87)
[2018.07.19-14.28.46:298][430]LogModuleManager: Shutting down and abandoning module WindowsTargetPlatform (85)
[2018.07.19-14.28.46:298][430]LogModuleManager: Shutting down and abandoning module WindowsServerTargetPlatform (83)
[2018.07.19-14.28.46:298][430]LogModuleManager: Shutting down and abandoning module WindowsNoEditorTargetPlatform (81)
[2018.07.19-14.28.46:298][430]LogModuleManager: Shutting down and abandoning module WindowsClientTargetPlatform (79)
[2018.07.19-14.28.46:298][430]LogModuleManager: Shutting down and abandoning module MacTargetPlatform (77)
[2018.07.19-14.28.46:298][430]LogModuleManager: Shutting down and abandoning module MacServerTargetPlatform (75)
[2018.07.19-14.28.46:298][430]LogModuleManager: Shutting down and abandoning module MacNoEditorTargetPlatform (73)
[2018.07.19-14.28.46:298][430]LogModuleManager: Shutting down and abandoning module MacClientTargetPlatform (71)
[2018.07.19-14.28.46:298][430]LogModuleManager: Shutting down and abandoning module AllDesktopTargetPlatform (69)
[2018.07.19-14.28.46:298][430]LogModuleManager: Shutting down and abandoning module InputCore (66)
[2018.07.19-14.28.46:298][430]LogModuleManager: Shutting down and abandoning module Settings (64)
[2018.07.19-14.28.46:298][430]LogModuleManager: Shutting down and abandoning module PhysXCooking (62)
[2018.07.19-14.28.46:298][430]LogModuleManager: Shutting down and abandoning module SteamVR (60)
[2018.07.19-14.28.46:298][430]LogModuleManager: Shutting down and abandoning module OculusHMD (58)
[2018.07.19-14.28.46:298][430]LogModuleManager: Shutting down and abandoning module ExampleDeviceProfileSelector (56)
[2018.07.19-14.28.46:298][430]LogModuleManager: Shutting down and abandoning module AppleARKit (54)
[2018.07.19-14.28.46:298][430]LogModuleManager: Shutting down and abandoning module AugmentedReality (51)
[2018.07.19-14.28.46:298][430]LogModuleManager: Shutting down and abandoning module OnlineBlueprintSupport (48)
[2018.07.19-14.28.46:298][430]LogModuleManager: Shutting down and abandoning module OnlineSubsystem (44)
[2018.07.19-14.28.46:298][430]LogModuleManager: Shutting down and abandoning module XMPP (43)
[2018.07.19-14.28.46:298][430]LogModuleManager: Shutting down and abandoning module HTTP (41)
[2018.07.19-14.28.46:298][430]LogHttp: Display: Http module shutting down, but needs to wait on 1 outstanding Http requests:
[2018.07.19-14.28.46:298][430]LogHttp: Display: 	verb=[POST] url=[https://datarouter.ol.epicgames.com/datarouter/api/v1/public/data?SessionID=%7B0A6E00FD-47AB-9629-5AF8-4E90EBAD7A23%7D&AppID=UEEditor.Rocket.Release&AppVersion=4.19.1-3989454%2B%2B%2BUE4%2BRelease-4.19&UserID=2b8560fe495d6d5110e231ad8bbbd15d%7Cfb76fceae5d74c748c320168896a7fe4%7C1d3f1c36-a3f6-4dac-b938-2a082149bab2&AppEnvironment=datacollector-binary&UploadType=eteventstream] status=Processing
[2018.07.19-14.28.46:332][430]LogModuleManager: Shutting down and abandoning module SSL (40)
[2018.07.19-14.28.46:333][430]LogModuleManager: Shutting down and abandoning module AnimationModifiers (36)
[2018.07.19-14.28.46:333][430]LogModuleManager: Shutting down and abandoning module PropertyEditor (35)
[2018.07.19-14.28.46:333][430]LogModuleManager: Shutting down and abandoning module AudioEditor (32)
[2018.07.19-14.28.46:333][430]LogModuleManager: Shutting down and abandoning module TextureCompressor (30)
[2018.07.19-14.28.46:333][430]LogModuleManager: Shutting down and abandoning module ShaderCore (28)
[2018.07.19-14.28.46:333][430]LogModuleManager: Shutting down and abandoning module Landscape (26)
[2018.07.19-14.28.46:333][430]LogModuleManager: Shutting down and abandoning module SlateRHIRenderer (24)
[2018.07.19-14.28.46:334][430]LogModuleManager: Shutting down and abandoning module OpenGLDrv (22)
[2018.07.19-14.28.46:334][430]LogModuleManager: Shutting down and abandoning module D3D11RHI (20)
[2018.07.19-14.28.46:334][430]LogModuleManager: Shutting down and abandoning module AnimGraphRuntime (18)
[2018.07.19-14.28.46:334][430]LogModuleManager: Shutting down and abandoning module Renderer (16)
[2018.07.19-14.28.46:334][430]LogModuleManager: Shutting down and abandoning module Engine (14)
[2018.07.19-14.28.46:334][430]LogModuleManager: Shutting down and abandoning module CoreUObject (12)
[2018.07.19-14.28.46:334][430]LogModuleManager: Shutting down and abandoning module NetworkFile (10)
[2018.07.19-14.28.46:334][430]LogModuleManager: Shutting down and abandoning module CookedIterativeFile (8)
[2018.07.19-14.28.46:334][430]LogModuleManager: Shutting down and abandoning module StreamingFile (6)
[2018.07.19-14.28.46:334][430]LogModuleManager: Shutting down and abandoning module SandboxFile (4)
[2018.07.19-14.28.46:334][430]LogModuleManager: Shutting down and abandoning module PakFile (2)
[2018.07.19-14.28.46:341][430]LogExit: Exiting.
[2018.07.19-14.28.46:358][430]Log file closed, 07/19/18 09:28:46
